2022-07-14 10:57:08,535 - model_info:累加训练['EdNet', 'ASSIST2012', 'ASSIST2009NSB']
2022-07-14 10:57:08,536 - Model:MyModel(
  (kp_embd): Linear(in_features=16, out_features=16, bias=True)
  (q_embd): Linear(in_features=16, out_features=16, bias=True)
  (pos_embd_kp): Embedding(5, 16)
  (pos_embd_q): Embedding(5, 16)
  (tf_encoder_kp): TFEncoder(
    (encoder): TransformerEncoder(
      (layers): ModuleList(
        (0): TransformerEncoderLayer(
          (self_attn): MultiheadAttention(
            (out_proj): NonDynamicallyQuantizableLinear(in_features=16, out_features=16, bias=True)
          )
          (linear1): Linear(in_features=16, out_features=128, bias=True)
          (dropout): Dropout(p=0.1, inplace=False)
          (linear2): Linear(in_features=128, out_features=16, bias=True)
          (norm1): LayerNorm((16,), eps=1e-05, elementwise_affine=True)
          (norm2): LayerNorm((16,), eps=1e-05, elementwise_affine=True)
          (dropout1): Dropout(p=0.1, inplace=False)
          (dropout2): Dropout(p=0.1, inplace=False)
        )
        (1): TransformerEncoderLayer(
          (self_attn): MultiheadAttention(
            (out_proj): NonDynamicallyQuantizableLinear(in_features=16, out_features=16, bias=True)
          )
          (linear1): Linear(in_features=16, out_features=128, bias=True)
          (dropout): Dropout(p=0.1, inplace=False)
          (linear2): Linear(in_features=128, out_features=16, bias=True)
          (norm1): LayerNorm((16,), eps=1e-05, elementwise_affine=True)
          (norm2): LayerNorm((16,), eps=1e-05, elementwise_affine=True)
          (dropout1): Dropout(p=0.1, inplace=False)
          (dropout2): Dropout(p=0.1, inplace=False)
        )
        (2): TransformerEncoderLayer(
          (self_attn): MultiheadAttention(
            (out_proj): NonDynamicallyQuantizableLinear(in_features=16, out_features=16, bias=True)
          )
          (linear1): Linear(in_features=16, out_features=128, bias=True)
          (dropout): Dropout(p=0.1, inplace=False)
          (linear2): Linear(in_features=128, out_features=16, bias=True)
          (norm1): LayerNorm((16,), eps=1e-05, elementwise_affine=True)
          (norm2): LayerNorm((16,), eps=1e-05, elementwise_affine=True)
          (dropout1): Dropout(p=0.1, inplace=False)
          (dropout2): Dropout(p=0.1, inplace=False)
        )
        (3): TransformerEncoderLayer(
          (self_attn): MultiheadAttention(
            (out_proj): NonDynamicallyQuantizableLinear(in_features=16, out_features=16, bias=True)
          )
          (linear1): Linear(in_features=16, out_features=128, bias=True)
          (dropout): Dropout(p=0.1, inplace=False)
          (linear2): Linear(in_features=128, out_features=16, bias=True)
          (norm1): LayerNorm((16,), eps=1e-05, elementwise_affine=True)
          (norm2): LayerNorm((16,), eps=1e-05, elementwise_affine=True)
          (dropout1): Dropout(p=0.1, inplace=False)
          (dropout2): Dropout(p=0.1, inplace=False)
        )
      )
      (norm): LayerNorm((16,), eps=1e-05, elementwise_affine=True)
    )
  )
  (tf_encoder_q): TFEncoder(
    (encoder): TransformerEncoder(
      (layers): ModuleList(
        (0): TransformerEncoderLayer(
          (self_attn): MultiheadAttention(
            (out_proj): NonDynamicallyQuantizableLinear(in_features=16, out_features=16, bias=True)
          )
          (linear1): Linear(in_features=16, out_features=128, bias=True)
          (dropout): Dropout(p=0.1, inplace=False)
          (linear2): Linear(in_features=128, out_features=16, bias=True)
          (norm1): LayerNorm((16,), eps=1e-05, elementwise_affine=True)
          (norm2): LayerNorm((16,), eps=1e-05, elementwise_affine=True)
          (dropout1): Dropout(p=0.1, inplace=False)
          (dropout2): Dropout(p=0.1, inplace=False)
        )
        (1): TransformerEncoderLayer(
          (self_attn): MultiheadAttention(
            (out_proj): NonDynamicallyQuantizableLinear(in_features=16, out_features=16, bias=True)
          )
          (linear1): Linear(in_features=16, out_features=128, bias=True)
          (dropout): Dropout(p=0.1, inplace=False)
          (linear2): Linear(in_features=128, out_features=16, bias=True)
          (norm1): LayerNorm((16,), eps=1e-05, elementwise_affine=True)
          (norm2): LayerNorm((16,), eps=1e-05, elementwise_affine=True)
          (dropout1): Dropout(p=0.1, inplace=False)
          (dropout2): Dropout(p=0.1, inplace=False)
        )
        (2): TransformerEncoderLayer(
          (self_attn): MultiheadAttention(
            (out_proj): NonDynamicallyQuantizableLinear(in_features=16, out_features=16, bias=True)
          )
          (linear1): Linear(in_features=16, out_features=128, bias=True)
          (dropout): Dropout(p=0.1, inplace=False)
          (linear2): Linear(in_features=128, out_features=16, bias=True)
          (norm1): LayerNorm((16,), eps=1e-05, elementwise_affine=True)
          (norm2): LayerNorm((16,), eps=1e-05, elementwise_affine=True)
          (dropout1): Dropout(p=0.1, inplace=False)
          (dropout2): Dropout(p=0.1, inplace=False)
        )
        (3): TransformerEncoderLayer(
          (self_attn): MultiheadAttention(
            (out_proj): NonDynamicallyQuantizableLinear(in_features=16, out_features=16, bias=True)
          )
          (linear1): Linear(in_features=16, out_features=128, bias=True)
          (dropout): Dropout(p=0.1, inplace=False)
          (linear2): Linear(in_features=128, out_features=16, bias=True)
          (norm1): LayerNorm((16,), eps=1e-05, elementwise_affine=True)
          (norm2): LayerNorm((16,), eps=1e-05, elementwise_affine=True)
          (dropout1): Dropout(p=0.1, inplace=False)
          (dropout2): Dropout(p=0.1, inplace=False)
        )
      )
      (norm): LayerNorm((16,), eps=1e-05, elementwise_affine=True)
    )
  )
  (LayerMask_kp): LayerMask(
    (embeding): Sequential(
      (c_fc1): Linear(in_features=16, out_features=32, bias=True)
      (c_relu1): ReLU(inplace=True)
      (c_fc2): Linear(in_features=32, out_features=32, bias=True)
      (c_relu2): ReLU(inplace=True)
      (c_fc3): Linear(in_features=32, out_features=16, bias=True)
    )
  )
  (LayerMask_q): LayerMask(
    (embeding): Sequential(
      (c_fc1): Linear(in_features=16, out_features=32, bias=True)
      (c_relu1): ReLU(inplace=True)
      (c_fc2): Linear(in_features=32, out_features=32, bias=True)
      (c_relu2): ReLU(inplace=True)
      (c_fc3): Linear(in_features=32, out_features=16, bias=True)
    )
  )
  (class_classifier): Sequential(
    (c_fc1): Linear(in_features=46, out_features=92, bias=True)
    (c_relu1): ReLU(inplace=True)
    (c_fc3): Linear(in_features=92, out_features=46, bias=True)
    (c_relu3): ReLU(inplace=True)
    (c_fc4): Linear(in_features=46, out_features=10, bias=True)
    (c_relu4): ReLU(inplace=True)
    (c_fc5): Linear(in_features=10, out_features=1, bias=True)
    (c_sigmoid): Sigmoid()
  )
)
2022-07-14 10:57:08,537 - BATCH_SIZE:2048；LR:0.001；MEMORY_LEN：5；EPOCH_NUM：50；NHEAD：2
2022-07-14 10:57:08,537 - optimizer:Adam (
Parameter Group 0
    amsgrad: False
    betas: (0.9, 0.999)
    eps: 1e-08
    lr: 0.001
    maximize: False
    weight_decay: 0
)
2022-07-14 10:57:08,538 - loss_func:BCEWithLogitsLoss()
2022-07-14 10:57:08,538 - ITEM_COL:['stu_kp_now_acc', 'stu_kp_now_use_time', 'stu_kp_now_len', 'stu_q_now_acc', 'stu_q_now_time', 'stu_q_now_len', 'q_now_acc', 'q_now_use_time', 'q_now_len', 'kp_now_acc', 'kp_now_use_time', 'kp_now_len', 'last_kp_time_passed', 'last_q_time_passed']
2022-07-14 10:57:08,539 - ITEM_AN_COL:['stu_kp_now_acc_an', 'stu_kp_now_use_time_an', 'stu_kp_now_len_an', 'stu_q_now_acc_an', 'stu_q_now_time_an', 'stu_q_now_len_an', 'q_now_acc_an', 'q_now_use_time_an', 'q_now_len_an', 'kp_now_acc_an', 'kp_now_use_time_an', 'kp_now_len_an', 'last_kp_time_passed', 'last_q_time_passed', 'use_time', 'is_right']
2022-07-14 10:57:08,540 - ************************
2022-07-14 10:57:08,540 - new_DATA_NAME:EdNet
2022-07-14 10:57:12,444 - Checkpoint path:Checkpoints/add_trian/2022-07-14-10-57-08_EdNet.pth.tar
2022-07-14 11:08:42,965 - Train 0: auc:66.87562573758565,f1:46.10744537018847,recall:34.96789497362071,precision:67.66228774278156,acc:59.995939864242786
2022-07-14 11:09:33,658 - Vaild 0: auc:72.12667092730683,f1:52.9190336048183,recall:40.77198903184982,precision:75.37531682589199,acc:64.59689663158437
2022-07-14 11:09:33,672 - At 【0】 Epoceh Get Best Model!
2022-07-14 11:21:18,129 - Train 1: auc:71.86443631273758,f1:51.84215994889516,recall:39.35451077081276,precision:75.93826450660083,acc:64.21876697680004
2022-07-14 11:22:09,429 - Vaild 1: auc:72.2765898140452,f1:52.89644684086824,recall:40.350137101877245,precision:76.76565008025682,acc:64.9314222485268
2022-07-14 11:22:09,442 - At 【1】 Epoceh Get Best Model!
2022-07-14 11:33:54,914 - Train 2: auc:72.11825210187547,f1:52.495479481442885,recall:40.03049831441308,precision:76.23365785813631,acc:64.54472153759056
2022-07-14 11:34:45,585 - Vaild 2: auc:72.21816908862971,f1:54.33993007230388,recall:42.20628559375659,precision:76.26488804192473,acc:65.3868917423638
2022-07-14 11:46:31,246 - Train 3: auc:72.15130115286486,f1:53.07368701578057,recall:40.724597883814276,precision:76.1714822747738,acc:64.75716385221106
2022-07-14 11:47:24,434 - Vaild 3: auc:72.42428847628777,f1:54.52137593806241,recall:42.33284117274837,precision:76.56652360515022,acc:65.53614163299967
2022-07-14 11:47:24,447 - At 【3】 Epoceh Get Best Model!
2022-07-14 11:59:15,803 - Train 4: auc:72.23581686455279,f1:53.42228435961339,recall:41.0780745163797,precision:76.37276094678413,acc:64.94558846235225
2022-07-14 12:00:07,573 - Vaild 4: auc:72.61769156293066,f1:55.45165074576839,recall:43.619489559164734,precision:76.09235580903321,acc:65.79861557860065
2022-07-14 12:00:07,586 - At 【4】 Epoceh Get Best Model!
2022-07-14 12:11:51,598 - Train 5: auc:72.3603030839404,f1:53.574927286396665,recall:41.21829665161226,precision:76.51211973320319,acc:65.0410874301628
2022-07-14 12:12:42,426 - Vaild 5: auc:72.74105031017312,f1:54.79080490947311,recall:42.60704492723054,precision:76.73314339981006,acc:65.687964797612
2022-07-14 12:12:42,438 - At 【5】 Epoceh Get Best Model!
2022-07-14 12:24:24,250 - Train 6: auc:72.46833036198636,f1:53.68175171392217,recall:41.288407719228545,precision:76.70632163945814,acc:65.13172567206684
2022-07-14 12:25:15,341 - Vaild 6: auc:73.00457830300208,f1:51.73767014318543,recall:38.583632145117065,precision:78.50016092693917,acc:64.87223694706775
2022-07-14 12:25:15,355 - At 【6】 Epoceh Get Best Model!
2022-07-14 12:36:57,742 - Train 7: auc:72.48057469091594,f1:53.76221739278847,recall:41.40934931086663,precision:76.61830839747469,acc:65.14259082409319
2022-07-14 12:37:48,655 - Vaild 7: auc:72.93687212303031,f1:54.53302805590678,recall:42.07445686564016,precision:77.47354112049713,acc:65.76258974292993
2022-07-14 12:49:28,534 - Train 8: auc:72.52617767554102,f1:53.85038942495738,recall:41.4262928188739,precision:76.91907138207854,acc:65.25181419446334
2022-07-14 12:50:19,456 - Vaild 8: auc:73.09676618491581,f1:57.586634471056584,recall:46.53026787597553,precision:75.53501112823146,acc:66.55258485370938
2022-07-14 12:50:19,469 - At 【8】 Epoceh Get Best Model!
2022-07-14 13:01:57,121 - Train 9: auc:72.50371400958427,f1:54.00472236224232,recall:41.626109361580305,precision:76.86150128379398,acc:65.3004214535286
2022-07-14 13:02:48,060 - Vaild 9: auc:73.11213032394198,f1:56.34252636481586,recall:44.653026787597554,precision:76.32266786840918,acc:66.23092560664934
2022-07-14 13:02:48,073 - At 【9】 Epoceh Get Best Model!
2022-07-14 13:14:22,473 - Train 10: auc:72.58663919964232,f1:54.33561410804067,recall:41.988934136494564,precision:76.96764589335247,acc:65.46139725855059
2022-07-14 13:15:12,869 - Vaild 10: auc:73.0068896951763,f1:54.97398224670952,recall:42.617591225479856,precision:77.42120892805823,acc:65.93242582537762
2022-07-14 13:26:41,156 - Train 11: auc:72.62568834756698,f1:54.3352251458561,recall:41.97958599414572,precision:76.99751382399589,acc:65.46854538488371
2022-07-14 13:27:31,054 - Vaild 11: auc:72.90941011257544,f1:55.148849797023004,recall:42.98143851508121,precision:76.92525481313703,acc:65.8835336198245
2022-07-14 13:38:50,029 - Train 12: auc:72.6229397838105,f1:54.074694838707224,recall:41.658243600904434,precision:77.0355244392584,acc:65.37133086675321
2022-07-14 13:39:39,285 - Vaild 12: auc:73.04821144545113,f1:52.00964060395549,recall:38.68909512761021,precision:79.31891891891892,acc:65.15787035845706
2022-07-14 13:50:58,395 - Train 13: auc:72.67117931911086,f1:54.302800908402716,recall:41.91122770321985,precision:77.09768601614307,acc:65.47969646196339
2022-07-14 13:51:48,213 - Vaild 13: auc:73.18972912460785,f1:55.55967508173515,recall:43.461295085425014,precision:76.99205978514712,acc:66.07138262010757
2022-07-14 13:51:48,227 - At 【13】 Epoceh Get Best Model!
2022-07-14 14:03:14,069 - Train 14: auc:72.69964280064517,f1:54.697102060489215,recall:42.434139415857956,precision:76.92853586976094,acc:65.60035683446654
2022-07-14 14:04:05,137 - Vaild 14: auc:72.99285981102615,f1:53.90506416448185,recall:41.19911411094706,precision:77.94293695131684,acc:65.61591312627056
2022-07-14 14:15:45,922 - Train 15: auc:72.71863283423383,f1:54.579519742533044,recall:42.20978399948585,precision:77.2046251175515,acc:65.61951381303932
2022-07-14 14:16:37,142 - Vaild 15: auc:73.06292574974576,f1:55.00763617851688,recall:42.73360050622232,precision:77.17360251404628,acc:65.88610689380097
2022-07-14 14:28:06,036 - Train 16: auc:72.7579622536884,f1:54.482581386384076,recall:42.11396554041026,precision:77.137353523463,acc:65.5631865775343
2022-07-14 14:28:57,211 - Vaild 16: auc:73.04573202912528,f1:56.37909278076643,recall:44.76376291921535,precision:76.13452914798206,acc:66.1974730449551
2022-07-14 14:40:33,855 - Train 17: auc:72.7632904030004,f1:54.487499432823626,recall:42.096437773506196,precision:77.21597668013418,acc:65.58434503148035
2022-07-14 14:41:25,134 - Vaild 17: auc:73.17319424947783,f1:56.94825591006778,recall:45.412360261548194,precision:76.34074993351653,acc:66.49339955225034
2022-07-14 14:53:00,151 - Train 18: auc:72.81473440458916,f1:54.63979772821615,recall:42.297422834006206,precision:77.15302718659747,acc:65.6318085903323
2022-07-14 14:53:51,426 - Vaild 18: auc:73.19355021643472,f1:55.372851536067124,recall:43.15017928707024,precision:77.25641993957704,acc:66.05851625022517
2022-07-14 14:53:51,439 - At 【18】 Epoceh Get Best Model!
2022-07-14 15:05:14,536 - Train 19: auc:72.84796213407702,f1:54.61257401088957,recall:42.223221954112304,precision:77.29197860962567,acc:65.65439666954498
2022-07-14 15:06:04,656 - Vaild 19: auc:73.3323095432725,f1:57.44659907471209,recall:46.161147437249525,precision:76.03578563363155,acc:66.6272097990273
2022-07-14 15:06:04,669 - At 【19】 Epoceh Get Best Model!
2022-07-14 15:17:24,784 - Train 20: auc:72.91100538663262,f1:54.72223900434992,recall:42.33598392119516,precision:77.35361622631439,acc:65.71472685579656
2022-07-14 15:18:14,742 - Vaild 20: auc:73.22581323874905,f1:56.38581522463673,recall:44.60556844547564,precision:76.6213768115942,acc:66.3261367437791
2022-07-14 15:29:44,018 - Train 21: auc:72.89697744944309,f1:54.75979134954238,recall:42.35175891140882,precision:77.4510641935208,acc:65.75389858810209
2022-07-14 15:30:35,094 - Vaild 21: auc:73.27176068861789,f1:56.49506535076021,recall:44.67411938409619,precision:76.82263329706203,acc:66.42392115488536
2022-07-14 15:42:09,949 - Train 22: auc:72.90218737126744,f1:54.72358715398822,recall:42.326635778846324,precision:77.39023608588826,acc:65.72416238255629
2022-07-14 15:43:01,038 - Vaild 22: auc:73.24108249978424,f1:52.148631399801445,recall:38.77873866272938,precision:79.58874458874459,acc:65.27109441342219
2022-07-14 15:54:30,386 - Train 23: auc:72.92167311950277,f1:54.67758575731351,recall:42.26645711247568,precision:77.40755007704159,acc:65.70929427978338
2022-07-14 15:55:21,609 - Vaild 23: auc:73.28632764050191,f1:55.23131672597865,recall:42.96561906770723,precision:77.29816905416943,acc:66.00962404467204
2022-07-14 16:06:56,726 - Train 24: auc:73.00462195832995,f1:54.794820491524774,recall:42.401420917637026,precision:77.42523977681286,acc:65.76219041464852
2022-07-14 16:07:47,936 - Vaild 24: auc:73.27601999485285,f1:53.419651247781154,recall:40.4661463826197,precision:78.57069724582779,acc:65.56187437276448
2022-07-14 16:19:22,392 - Train 25: auc:72.96722554316742,f1:54.768456223636676,recall:42.330141332227136,precision:77.55820799657442,acc:65.78334886859456
2022-07-14 16:20:12,738 - Vaild 25: auc:73.27198754772482,f1:54.28061014154185,recall:41.65787808479224,precision:77.87854889589906,acc:65.75486992100049
2022-07-14 16:31:46,678 - Train 26: auc:73.09257919652778,f1:54.794479061773636,recall:42.28398487937975,precision:77.81851808045074,acc:65.85654568224577
2022-07-14 16:32:38,151 - Vaild 26: auc:73.31946762167708,f1:55.17710245427969,recall:42.7968782957182,precision:77.63535488808112,acc:66.06880934613109
2022-07-14 16:44:16,645 - Train 27: auc:73.09300150462295,f1:54.88953976795404,recall:42.37337649059051,precision:77.89927068452542,acc:65.91544624323072
2022-07-14 16:45:06,802 - Vaild 27: auc:73.3356520047873,f1:54.95870589038291,recall:42.459396751740144,precision:77.88740568775393,acc:66.03793005841332
2022-07-14 16:45:06,815 - At 【27】 Epoceh Get Best Model!
2022-07-14 16:56:31,308 - Train 28: auc:73.08791805308545,f1:54.864361339573776,recall:42.32605151994952,precision:77.95796700635982,acc:65.91887734387063
2022-07-14 16:57:22,236 - Vaild 28: auc:73.30598434606436,f1:55.07937589425632,recall:42.62813752372917,precision:77.8055822906641,acc:66.06880934613109
2022-07-14 17:08:59,520 - Train 29: auc:73.07901935676357,f1:54.879235098848945,recall:42.354680205892834,precision:77.9209751273728,acc:65.9163040183907
2022-07-14 17:09:50,634 - Vaild 29: auc:73.30267859014103,f1:55.644180073002566,recall:43.408563594178446,precision:77.48493975903614,acc:66.22835233267286
2022-07-14 17:21:27,262 - Train 30: auc:73.08493152287389,f1:55.05801805341968,recall:42.567934703225696,precision:77.92132788603452,acc:65.99121638236186
2022-07-14 17:22:18,521 - Vaild 30: auc:73.3045837030969,f1:54.999146612049834,recall:42.48048934823877,precision:77.97889846094279,acc:66.07652916806053
2022-07-14 17:33:56,966 - Train 31: auc:73.08568054287772,f1:55.01279516769797,recall:42.51593566141029,precision:77.91447171185062,acc:65.97062977852245
2022-07-14 17:34:47,845 - Vaild 31: auc:73.3349412149219,f1:54.62829736211031,recall:42.042817970892216,precision:77.96792489732056,acc:65.91955945549522
2022-07-14 17:46:35,362 - Train 32: auc:73.08553863717653,f1:54.90764682054446,recall:42.3698709372097,precision:77.98412766689607,acc:65.94318097340324
2022-07-14 17:47:26,313 - Vaild 32: auc:73.28613814954228,f1:54.73821004753599,recall:42.201012444631935,precision:77.87292011287342,acc:65.94271892128354
2022-07-14 17:58:59,287 - Train 33: auc:73.08873031804751,f1:55.092386170413754,recall:42.593057835788194,precision:77.97482164440119,acc:66.01837926242773
2022-07-14 17:59:50,893 - Vaild 33: auc:73.2953578785629,f1:53.886907441393404,recall:41.03037333895803,precision:78.47705496722138,acc:65.73171045521217
2022-07-14 18:11:29,342 - Train 34: auc:73.08339697834022,f1:54.807860030184216,recall:42.223221954112304,precision:78.07945374201843,acc:65.92402399483048
2022-07-14 18:12:20,273 - Vaild 34: auc:73.32865250026246,f1:56.15459455832523,recall:44.13098502425649,precision:77.18343631836207,acc:66.36988240137927
2022-07-14 18:24:11,619 - Train 35: auc:73.09329667829626,f1:55.10375262593136,recall:42.60474301372424,precision:77.98120007271872,acc:66.02466961360088
2022-07-14 18:25:03,314 - Vaild 35: auc:73.33308844387449,f1:54.18087855297157,recall:41.46277156717992,precision:78.15326508299374,acc:65.77802938678882
2022-07-14 18:36:44,833 - Train 36: auc:73.09866777555278,f1:55.10036823718251,recall:42.6193494861443,precision:77.91877630370227,acc:66.00837188556136
2022-07-14 18:37:35,735 - Vaild 36: auc:73.31400630670437,f1:54.92256259807602,recall:42.44885045349083,precision:77.77777777777779,acc:65.99675767478963
2022-07-14 18:49:16,359 - Train 37: auc:73.10396681579327,f1:54.951878298665015,recall:42.399668140946616,precision:78.06163609960738,acc:65.98006530528218
2022-07-14 18:50:08,347 - Vaild 37: auc:73.30956241242271,f1:54.841795940682026,recall:42.317021725374396,precision:77.89749563191613,acc:65.99161112683667
2022-07-14 19:01:59,833 - Train 38: auc:73.0965528309759,f1:55.033892150335895,recall:42.502497706783835,precision:78.04443681539732,acc:66.01037336093462
2022-07-14 19:02:50,890 - Vaild 38: auc:73.2635194220071,f1:54.889396366610995,recall:42.459396751740144,precision:77.60963855421686,acc:65.94271892128354
2022-07-14 19:14:41,517 - Train 39: auc:73.09747653648897,f1:55.05181935093426,recall:42.51827269699749,precision:78.06335346427383,acc:66.02238221317428
2022-07-14 19:15:33,563 - Vaild 39: auc:73.34679394070349,f1:53.728549141965686,recall:40.86163256696899,precision:78.42323651452283,acc:65.65451223591776
2022-07-14 19:15:33,577 - At 【39】 Epoceh Get Best Model!
2022-07-14 19:27:26,004 - Train 40: auc:73.10381504785033,f1:54.9563808196771,recall:42.40025239984342,precision:78.07782930056915,acc:65.98578380634868
2022-07-14 19:28:17,898 - Vaild 40: auc:73.34508958215595,f1:54.68626846235565,recall:42.07445686564016,precision:78.09533131056084,acc:65.97359820900131
2022-07-14 19:40:09,706 - Train 41: auc:73.10584552132052,f1:55.107141641741954,recall:42.57436155109052,precision:78.09679977707758,acc:66.05354804398671
2022-07-14 19:41:01,558 - Vaild 41: auc:73.31910825140955,f1:54.737561976406234,recall:42.20628559375659,precision:77.85234899328859,acc:65.93757237333058
2022-07-14 19:52:51,956 - Train 42: auc:73.1070707441416,f1:55.046690781408444,recall:42.50016067119662,precision:78.10382777688302,acc:66.02981626456074
2022-07-14 19:53:43,235 - Vaild 42: auc:73.31537898981696,f1:54.76719161001606,recall:42.26956338325248,precision:77.75729944708507,acc:65.92727927742466
2022-07-14 20:05:26,081 - Train 43: auc:73.11106347328997,f1:55.10282747205405,recall:42.595979130272205,precision:78.00686917537797,acc:66.03038811466739
2022-07-14 20:06:17,270 - Vaild 43: auc:73.33007129725893,f1:55.13296332867991,recall:42.69141531322506,precision:77.80874579529072,acc:66.09196881191941
2022-07-14 20:17:58,167 - Train 44: auc:73.1013937603537,f1:55.15412110540993,recall:42.6427198420164,precision:78.05571894551093,acc:66.06355542085308
2022-07-14 20:18:49,306 - Vaild 44: auc:73.28149164569608,f1:55.828509893659984,recall:43.74077198903185,precision:77.1484375,acc:66.2232057847199
2022-07-14 20:30:31,468 - Train 45: auc:73.12438395780444,f1:55.2533442038832,recall:42.763661433654484,precision:78.04839036458056,acc:66.1035849283186
2022-07-14 20:31:22,661 - Vaild 45: auc:73.31415869453906,f1:55.61117499830887,recall:43.35055895380721,precision:77.5419732126014,acc:66.22835233267286
2022-07-14 20:43:05,301 - Train 46: auc:73.11177434642406,f1:55.13993968573092,recall:42.62402355731872,precision:78.06156842184106,acc:66.05898061999989
2022-07-14 20:43:56,416 - Vaild 46: auc:73.3324131670001,f1:55.987893055322004,recall:43.89369331364691,precision:77.28158945316127,acc:66.32356346980262
2022-07-14 20:55:40,097 - Train 47: auc:73.12479896695739,f1:55.15195937674741,recall:42.6433041009132,precision:78.04510313412247,acc:66.06012432021319
2022-07-14 20:56:31,530 - Vaild 47: auc:73.34554992592784,f1:55.159742778401544,recall:42.744146804471626,precision:77.74048144240912,acc:66.08682226396645
2022-07-14 21:08:15,803 - Train 48: auc:73.13539713740744,f1:55.12769127222402,recall:42.590720800200984,precision:78.12429669163747,acc:66.06870207181294
2022-07-14 21:09:07,270 - Vaild 48: auc:73.32910118305223,f1:55.79702820175881,recall:43.661674752161986,precision:77.27484834344376,acc:66.24121870255526
2022-07-14 21:20:55,055 - Train 49: auc:73.14416090308183,f1:55.49848544712235,recall:43.08617234468938,precision:77.95619357703123,acc:66.18507356851622
2022-07-14 21:21:46,469 - Vaild 49: auc:73.32696629574389,f1:55.21368102539693,recall:42.817970892216834,precision:77.71078572112164,acc:66.10226190782532
2022-07-14 21:29:27,715 - ASSIST2012-Test Best Model: auc:71.23521254011374,f1:58.83358135546195,recall:44.79067155043709,precision:85.70365675549064,acc:56.47666666666667
2022-07-14 21:37:20,172 - EdNet-Test Best Model: auc:72.94926771597801,f1:54.39340171151957,recall:41.98962965999221,precision:77.19765382634797,acc:65.64333333333333
2022-07-14 21:44:28,811 - ASSIST2009NSB-Test Best Model: auc:76.64812460649979,f1:63.516334262634935,recall:51.59332938484944,precision:82.60631077889961,acc:65.97533333333332
2022-07-14 21:44:31,462 - ************************
2022-07-14 21:44:31,463 - new_DATA_NAME:ASSIST2012
2022-07-14 21:44:37,457 - Checkpoint path:Checkpoints/add_trian/2022-07-14-10-57-08_ASSIST2012.pth.tar
2022-07-14 21:53:18,105 - Train 0: auc:70.79448906930054,f1:67.56020193897155,recall:56.93656016126416,precision:83.05772204524138,acc:62.107447803554294
2022-07-14 21:53:55,869 - Vaild 0: auc:71.50873868960585,f1:73.05032265532309,recall:66.42109140662001,precision:81.14954352578116,acc:66.35355323530474
2022-07-14 21:53:55,883 - At 【0】 Epoceh Get Best Model!
2022-07-14 22:02:39,144 - Train 1: auc:71.2274972545101,f1:74.5154432523119,recall:69.33605968627633,precision:80.5310925274326,acc:67.13259763876567
2022-07-14 22:03:17,164 - Vaild 1: auc:71.7027876043061,f1:75.9511131955748,recall:72.43593116876282,precision:79.82486662027371,acc:68.50681021713211
2022-07-14 22:03:17,177 - At 【1】 Epoceh Get Best Model!
2022-07-14 22:11:58,055 - Train 2: auc:71.51694161997972,f1:76.23634982001593,recall:72.93206515442897,precision:79.85425347717717,acc:68.49024716286576
2022-07-14 22:12:35,750 - Vaild 2: auc:71.95146682452193,f1:76.67465417710488,recall:74.08830184707678,precision:79.44811240900627,acc:69.05235015715886
2022-07-14 22:12:35,762 - At 【2】 Epoceh Get Best Model!
2022-07-14 22:21:13,942 - Train 3: auc:71.74158136569481,f1:76.7520715514937,recall:74.0158483746148,precision:79.69836646354014,acc:68.9262044021244
2022-07-14 22:21:51,776 - Vaild 3: auc:72.14947036947189,f1:77.11364742792232,recall:75.01973372625375,precision:79.3278059095209,acc:69.42808627479316
2022-07-14 22:21:51,789 - At 【3】 Epoceh Get Best Model!
2022-07-14 22:30:32,444 - Train 4: auc:71.92092498852345,f1:77.19651160708423,recall:74.91195347436225,precision:79.6247952813112,acc:69.32884262585956
2022-07-14 22:31:10,222 - Vaild 4: auc:72.32324240279743,f1:77.25947521865889,recall:75.30389938430774,precision:79.31932819688487,acc:69.56537447162108
2022-07-14 22:31:10,236 - At 【4】 Epoceh Get Best Model!
2022-07-14 22:39:51,243 - Train 5: auc:72.06538379504063,f1:77.30057691447652,recall:75.09152204638661,precision:79.64354391806793,acc:69.4368283508693
2022-07-14 22:40:29,021 - Vaild 5: auc:72.46433566445442,f1:77.44247453791023,recall:75.62490133136873,precision:79.34956656175804,acc:69.75324253043824
2022-07-14 22:40:29,035 - At 【5】 Epoceh Get Best Model!
2022-07-14 22:49:08,969 - Train 6: auc:72.22200434495527,f1:77.38396398168096,recall:75.21779930026182,precision:79.67859312393001,acc:69.53076388861011
2022-07-14 22:49:46,631 - Vaild 6: auc:72.59476689116593,f1:77.58578860824326,recall:75.73014787138874,precision:79.5346523709517,acc:69.95917482568011
2022-07-14 22:49:46,644 - At 【6】 Epoceh Get Best Model!
2022-07-14 22:58:27,377 - Train 7: auc:72.32446016300845,f1:77.50611174139219,recall:75.38636205658148,precision:79.74851862518612,acc:69.67528010051906
2022-07-14 22:59:03,826 - Vaild 7: auc:72.6961661582298,f1:77.7511639798692,recall:76.01431352944272,precision:79.56924093863611,acc:70.13259149535749
2022-07-14 22:59:03,839 - At 【7】 Epoceh Get Best Model!
2022-07-14 23:07:43,798 - Train 8: auc:72.41940979673281,f1:77.61771930554978,recall:75.59315554113859,precision:79.75371264438061,acc:69.78647729690455
2022-07-14 23:08:21,628 - Vaild 8: auc:72.78641724983514,f1:77.83153254851368,recall:76.19323264747672,precision:79.54183376366532,acc:70.20123559377144
2022-07-14 23:08:21,642 - At 【8】 Epoceh Get Best Model!
2022-07-14 23:17:02,190 - Train 9: auc:72.50789412757446,f1:77.75390404738869,recall:75.88162376329387,precision:79.72091381555725,acc:69.9085132091832
2022-07-14 23:17:39,633 - Vaild 9: auc:72.86703984789766,f1:77.90819478391663,recall:76.3195284955007,precision:79.56440640772438,acc:70.28433108132519
2022-07-14 23:17:39,647 - At 【9】 Epoceh Get Best Model!
2022-07-14 23:26:16,849 - Train 10: auc:72.57645398316525,f1:77.76460556144839,recall:75.80400379990269,precision:79.82931843275524,acc:69.95788958158542
2022-07-14 23:26:54,534 - Vaild 10: auc:72.9378183280226,f1:77.9302381783518,recall:76.36162711150871,precision:79.56464524618929,acc:70.30600816503487
2022-07-14 23:26:54,547 - At 【10】 Epoceh Get Best Model!
2022-07-14 23:35:22,946 - Train 11: auc:72.66429978764387,f1:77.86679009708276,recall:76.00848027062722,precision:79.81824375288936,acc:70.05463515678002
2022-07-14 23:35:58,483 - Vaild 11: auc:73.00519655397886,f1:78.03479053311533,recall:76.6036941535547,precision:79.5203758330602,acc:70.39271649987356
2022-07-14 23:35:58,496 - At 【11】 Epoceh Get Best Model!
2022-07-14 23:44:27,578 - Train 12: auc:72.73440418151397,f1:77.89267423736362,recall:75.98704789267592,precision:79.89633897520541,acc:70.10802586840194
2022-07-14 23:45:05,069 - Vaild 12: auc:73.06805849514383,f1:78.00322061191626,recall:76.4721359785297,precision:79.5968669551405,acc:70.3891036525886
2022-07-14 23:45:05,082 - At 【12】 Epoceh Get Best Model!
2022-07-14 23:53:42,204 - Train 13: auc:72.78583238372282,f1:77.95491148093333,recall:76.12317245533956,precision:79.87697768701032,acc:70.16262088178975
2022-07-14 23:54:19,287 - Vaild 13: auc:73.12539244549652,f1:78.14799946473973,recall:76.8299742145977,precision:79.51203572595577,acc:70.50110191842191
2022-07-14 23:54:19,300 - At 【13】 Epoceh Get Best Model!
2022-07-15 00:02:57,968 - Train 14: auc:72.83581956124749,f1:78.0110379269338,recall:76.18746958919344,precision:79.92404217178623,acc:70.23487898774422
2022-07-15 00:03:35,746 - Vaild 14: auc:73.17719961811373,f1:78.12642353760819,recall:76.7142030205757,precision:79.59161388949553,acc:70.50832761299179
2022-07-15 00:03:35,759 - At 【14】 Epoceh Get Best Model!
2022-07-15 00:12:17,375 - Train 15: auc:72.88526874531568,f1:78.0637875999182,recall:76.28420491670336,precision:79.9283828482991,acc:70.2886711332881
2022-07-15 00:12:55,413 - Vaild 15: auc:73.22576363000314,f1:78.18493517625629,recall:76.79840025259169,precision:79.622456216924,acc:70.57697171140576
2022-07-15 00:12:55,427 - At 【15】 Epoceh Get Best Model!
2022-07-15 00:21:37,186 - Train 16: auc:72.9143047196798,f1:78.10089231753705,recall:76.35371533168053,precision:79.92990200834384,acc:70.32600448803124
2022-07-15 00:22:13,213 - Vaild 16: auc:73.26567992091321,f1:78.236427883071,recall:76.89838446561069,precision:79.62186018634556,acc:70.627551573395
2022-07-15 00:22:13,226 - At 【16】 Epoceh Get Best Model!
2022-07-15 00:30:51,880 - Train 17: auc:72.9734338697869,f1:78.14157012632894,recall:76.44349961769272,precision:79.91679434153076,acc:70.36173210708651
2022-07-15 00:31:29,465 - Vaild 17: auc:73.30774881654051,f1:78.17016598289224,recall:76.7036783665737,precision:79.69382176052487,acc:70.5878102532606
2022-07-15 00:31:29,479 - At 【17】 Epoceh Get Best Model!
2022-07-15 00:40:11,165 - Train 18: auc:73.00201951020787,f1:78.10571942755323,recall:76.29984476007323,precision:79.99914972700162,acc:70.355309164335
2022-07-15 00:40:48,741 - Vaild 18: auc:73.34768906571666,f1:78.25528154871878,recall:76.89838446561069,precision:79.66092455298735,acc:70.6600671989595
2022-07-15 00:40:48,753 - At 【18】 Epoceh Get Best Model!
2022-07-15 00:49:31,389 - Train 19: auc:73.05544244450515,f1:78.1326897876655,recall:76.32822817952223,precision:80.02453510828242,acc:70.39103678339028
2022-07-15 00:50:08,787 - Vaild 19: auc:73.38244371499712,f1:78.20052515942338,recall:76.7931379255907,precision:79.6604618156013,acc:70.60587448968532
2022-07-15 00:50:08,801 - At 【19】 Epoceh Get Best Model!
2022-07-15 00:58:38,348 - Train 20: auc:73.09148881659479,f1:78.18257286015002,recall:76.37514770963183,precision:80.07761730659443,acc:70.45928055012504
2022-07-15 00:59:13,473 - Vaild 20: auc:73.42313516195922,f1:78.26040354779066,recall:76.84576119560069,precision:79.72810657348765,acc:70.68896997723905
2022-07-15 00:59:13,487 - At 【20】 Epoceh Get Best Model!
2022-07-15 01:07:39,007 - Train 21: auc:73.11105302999349,f1:78.20565621250054,recall:76.44639588498343,precision:80.04779552250575,acc:70.4717250017061
2022-07-15 01:08:15,437 - Vaild 21: auc:73.45386178984576,f1:78.34560299825993,recall:77.0036310056307,precision:79.7351787271142,acc:70.77567831207774
2022-07-15 01:08:15,451 - At 【21】 Epoceh Get Best Model!
2022-07-15 01:16:43,164 - Train 22: auc:73.15746099895351,f1:78.25124056989235,recall:76.54602747978404,precision:80.03415863171665,acc:70.512269827825
2022-07-15 01:17:19,925 - Vaild 22: auc:73.48219835323859,f1:78.40851359662024,recall:77.1562384886597,precision:79.70210915416395,acc:70.82625817406698
2022-07-15 01:17:19,938 - At 【22】 Epoceh Get Best Model!
2022-07-15 01:25:50,499 - Train 23: auc:73.18206438641877,f1:78.29509671614935,recall:76.62248893625895,precision:80.04235749727701,acc:70.55883616277343
2022-07-15 01:26:27,807 - Vaild 23: auc:73.50931850390661,f1:78.42822774659182,recall:77.19833710466769,precision:79.69794100070625,acc:70.84432241049171
2022-07-15 01:26:27,820 - At 【23】 Epoceh Get Best Model!
2022-07-15 01:35:01,795 - Train 24: auc:73.21293523024876,f1:78.29872620513306,recall:76.62422669663339,precision:80.04804782998087,acc:70.564456237681
2022-07-15 01:35:37,765 - Vaild 24: auc:73.53873682850349,f1:78.4086954193773,recall:77.06151660264169,precision:79.80381471389646,acc:70.86238664691643
2022-07-15 01:35:37,778 - At 【24】 Epoceh Get Best Model!
2022-07-15 01:43:53,721 - Train 25: auc:73.25742393118618,f1:78.33038456303957,recall:76.67925577515697,precision:80.05418546426542,acc:70.59817668712641
2022-07-15 01:44:28,320 - Vaild 25: auc:73.5670272949793,f1:78.3971285457906,recall:77.00889333263169,precision:79.83633387888706,acc:70.86238664691643
2022-07-15 01:44:28,333 - At 【25】 Epoceh Get Best Model!
2022-07-15 01:52:38,659 - Train 26: auc:73.27064999249858,f1:78.32423773130121,recall:76.60858685326352,precision:80.11849303035626,acc:70.61463547792715
2022-07-15 01:53:14,589 - Vaild 26: auc:73.59337107651852,f1:78.47092183403777,recall:77.18255012366468,precision:79.80303607377985,acc:70.9238050507605
2022-07-15 01:53:14,602 - At 【26】 Epoceh Get Best Model!
2022-07-15 02:01:29,343 - Train 27: auc:73.29094075915202,f1:78.37566696556195,recall:76.70474292731527,precision:80.1210104371502,acc:70.66682188778316
2022-07-15 02:02:05,244 - Vaild 27: auc:73.62021949799147,f1:78.53036339813355,recall:77.27200968268168,precision:79.83037947156681,acc:70.99244914917446
2022-07-15 02:02:05,257 - At 【27】 Epoceh Get Best Model!
2022-07-15 02:10:20,714 - Train 28: auc:73.3130791550424,f1:78.42659698986769,recall:76.84839778493478,precision:80.07097677562648,acc:70.7001409033066
2022-07-15 02:10:56,510 - Vaild 28: auc:73.64384841373352,f1:78.55710351097682,recall:77.29832131768669,precision:79.8575622485593,acc:71.02857762202392
2022-07-15 02:10:56,523 - At 【28】 Epoceh Get Best Model!
2022-07-15 02:19:11,165 - Train 29: auc:73.33609082072363,f1:78.42156158234192,recall:76.80553302903218,precision:80.10705590227222,acc:70.70776814782403
2022-07-15 02:19:47,042 - Vaild 29: auc:73.64671915989484,f1:78.58422220440026,recall:77.34568226069568,precision:79.86307324494675,acc:71.05748040030348
2022-07-15 02:19:47,055 - At 【29】 Epoceh Get Best Model!
2022-07-15 02:28:05,265 - Train 30: auc:73.33906011677806,f1:78.43631181517684,recall:76.83565420885563,precision:80.10507880910683,acc:70.72181833509296
2022-07-15 02:28:40,573 - Vaild 30: auc:73.6477802987939,f1:78.56035082089952,recall:77.30358364468768,precision:79.85865724381625,acc:71.03219046930886
2022-07-15 02:28:40,587 - At 【30】 Epoceh Get Best Model!
2022-07-15 02:37:01,506 - Train 31: auc:73.33043230350575,f1:78.37525963535657,recall:76.71864501031071,precision:80.10499703637397,acc:70.66080037895362
2022-07-15 02:37:37,864 - Vaild 31: auc:73.65049880382139,f1:78.55041454934474,recall:77.27727200968269,precision:79.86620982215696,acc:71.02496477473898
2022-07-15 02:37:37,877 - At 【31】 Epoceh Get Best Model!
2022-07-15 02:46:00,116 - Train 32: auc:73.3311766045453,f1:78.42724282367416,recall:76.78815542528788,precision:80.13783097569822,acc:70.72422693862477
2022-07-15 02:46:36,817 - Vaild 32: auc:73.65296923465073,f1:78.56111259695105,recall:77.28779666368469,precision:79.8770870723881,acc:71.03941616387876
2022-07-15 02:46:36,830 - At 【32】 Epoceh Get Best Model!
2022-07-15 02:55:02,182 - Train 33: auc:73.33771542855449,f1:78.4063787438299,recall:76.78294214416461,precision:80.09994742789463,acc:70.69010505525738
2022-07-15 02:55:38,675 - Vaild 33: auc:73.65620178095682,f1:78.56340589399369,recall:77.29832131768669,precision:79.8705888749932,acc:71.03941616387876
2022-07-15 02:55:38,688 - At 【33】 Epoceh Get Best Model!
2022-07-15 03:04:03,142 - Train 34: auc:73.3342996579237,f1:78.4289369001671,recall:76.80321601519961,precision:80.12497054006853,acc:70.72141690117098
2022-07-15 03:04:38,398 - Vaild 34: auc:73.65790433419468,f1:78.55251544571932,recall:77.27727200968269,precision:79.87055368214946,acc:71.02857762202392
2022-07-15 03:04:38,411 - At 【34】 Epoceh Get Best Model!
2022-07-15 03:13:03,105 - Train 35: auc:73.35873803189418,f1:78.42033032038238,recall:76.79047243912046,precision:80.12087513598452,acc:70.71138105312174
2022-07-15 03:13:38,669 - Vaild 35: auc:73.66019522966296,f1:78.56550691305858,recall:77.29832131768669,precision:79.87493202827623,acc:71.0430290111637
2022-07-15 03:13:38,683 - At 【35】 Epoceh Get Best Model!
2022-07-15 03:21:53,094 - Train 36: auc:73.34230709029542,f1:78.4363714874701,recall:76.80958780323918,precision:80.13355491766127,acc:70.73185418314219
2022-07-15 03:22:28,551 - Vaild 36: auc:73.6615347696793,f1:78.56436040758472,recall:77.29305899068568,precision:79.87818142266696,acc:71.0430290111637
2022-07-15 03:22:28,564 - At 【36】 Epoceh Get Best Model!
2022-07-15 03:30:42,945 - Train 37: auc:73.34488924527687,f1:78.43155812007015,recall:76.80669153594847,precision:80.12665953602485,acc:70.72462837254673
2022-07-15 03:31:19,200 - Vaild 37: auc:73.66434091950298,f1:78.56875434561694,recall:77.30358364468768,precision:79.87602631722038,acc:71.04664185844865
2022-07-15 03:31:19,213 - At 【37】 Epoceh Get Best Model!
2022-07-15 03:39:35,170 - Train 38: auc:73.35099029816881,f1:78.39135334676239,recall:76.75687573854816,precision:80.09695533647249,acc:70.6740476983786
2022-07-15 03:40:09,714 - Vaild 38: auc:73.66697117319589,f1:78.56340589399369,recall:77.29832131768669,precision:79.8705888749932,acc:71.03941616387876
2022-07-15 03:40:09,727 - At 【38】 Epoceh Get Best Model!
2022-07-15 03:48:32,225 - Train 39: auc:73.34977864258325,f1:78.38742222472064,recall:76.73486410713872,precision:80.11272579933114,acc:70.67565343406649
2022-07-15 03:49:07,940 - Vaild 39: auc:73.66921900443904,f1:78.56550691305858,recall:77.29832131768669,precision:79.87493202827623,acc:71.0430290111637
2022-07-15 03:49:07,952 - At 【39】 Epoceh Get Best Model!
2022-07-15 03:57:26,386 - Train 40: auc:73.35745919908724,f1:78.43284575451466,recall:76.79568572024374,precision:80.14132951296327,acc:70.73105131529825
2022-07-15 03:58:02,882 - Vaild 40: auc:73.66938580249408,f1:78.56875434561694,recall:77.30358364468768,precision:79.87602631722038,acc:71.04664185844865
2022-07-15 03:58:02,895 - At 【40】 Epoceh Get Best Model!
2022-07-15 04:06:22,502 - Train 41: auc:73.36517872421227,f1:78.41962191374002,recall:76.78410065108089,precision:80.12633360534349,acc:70.71258535488766
2022-07-15 04:06:58,718 - Vaild 41: auc:73.6696526793821,f1:78.56875434561694,recall:77.30358364468768,precision:79.87602631722038,acc:71.04664185844865
2022-07-15 04:06:58,730 - At 【41】 Epoceh Get Best Model!
2022-07-15 04:15:15,366 - Train 42: auc:73.36296480357272,f1:78.43083894860767,recall:76.79394795986933,precision:80.13903161458018,acc:70.72824127784446
2022-07-15 04:15:51,181 - Vaild 42: auc:73.67010970605283,f1:78.57524868969944,recall:77.31410829868967,precision:79.87821453813952,acc:71.05386755301853
2022-07-15 04:15:51,194 - At 【42】 Epoceh Get Best Model!
2022-07-15 04:24:17,699 - Train 43: auc:73.35832007269805,f1:78.40687231550176,recall:76.76730230079474,precision:80.11800551337235,acc:70.69692943193085
2022-07-15 04:24:54,785 - Vaild 43: auc:73.67027984006893,f1:78.57849560125143,recall:77.31937062569068,precision:79.8793084701533,acc:71.05748040030348
2022-07-15 04:24:54,798 - At 【43】 Epoceh Get Best Model!
2022-07-15 04:33:23,320 - Train 44: auc:73.35571244741082,f1:78.41880910755542,recall:76.77830811649946,precision:80.13094496804966,acc:70.7133882227316
2022-07-15 04:34:00,137 - Vaild 44: auc:73.67046756369812,f1:78.57524868969944,recall:77.31410829868967,precision:79.87821453813952,acc:71.05386755301853
2022-07-15 04:34:00,151 - At 【44】 Epoceh Get Best Model!
2022-07-15 04:42:29,461 - Train 45: auc:73.35796190906888,f1:78.42102460640984,recall:76.77888736995759,precision:80.13494069138967,acc:70.71700112802932
2022-07-15 04:43:06,395 - Vaild 45: auc:73.67075445635273,f1:78.57200160449257,recall:77.30884597168868,precision:79.87712048716833,acc:71.05025470573358
2022-07-15 04:43:06,408 - At 【45】 Epoceh Get Best Model!
2022-07-15 04:51:26,539 - Train 46: auc:73.3600774025996,f1:78.39770932303159,recall:76.76150976621331,precision:80.10518043885632,acc:70.6832806785839
2022-07-15 04:52:01,472 - Vaild 46: auc:73.67099191612924,f1:78.56875434561694,recall:77.30358364468768,precision:79.87602631722038,acc:71.04664185844865
2022-07-15 04:52:01,485 - At 【46】 Epoceh Get Best Model!
2022-07-15 05:00:23,574 - Train 47: auc:73.36139537067339,f1:78.40992451312145,recall:76.7748325957506,precision:80.11617785729828,acc:70.69933803546267
2022-07-15 05:01:00,413 - Vaild 47: auc:73.67103649670031,f1:78.56875434561694,recall:77.30358364468768,precision:79.87602631722038,acc:71.04664185844865
2022-07-15 05:01:00,426 - At 【47】 Epoceh Get Best Model!
2022-07-15 05:09:26,010 - Train 48: auc:73.35031841612059,f1:78.42013426788515,recall:76.79800273407632,precision:80.11226993123618,acc:70.70816958174599
2022-07-15 05:10:02,473 - Vaild 48: auc:73.67138495300067,f1:78.56875434561694,recall:77.30358364468768,precision:79.87602631722038,acc:71.04664185844865
2022-07-15 05:10:02,486 - At 【48】 Epoceh Get Best Model!
2022-07-15 05:18:27,873 - Train 49: auc:73.35049128848293,f1:78.41666617374794,recall:76.79278945295303,precision:80.11070422875652,acc:70.7041552425263
2022-07-15 05:19:03,871 - Vaild 49: auc:73.67146077029841,f1:78.56875434561694,recall:77.30358364468768,precision:79.87602631722038,acc:71.04664185844865
2022-07-15 05:19:03,883 - At 【49】 Epoceh Get Best Model!
2022-07-15 05:26:43,146 - ASSIST2012-Test Best Model: auc:73.66431103976755,f1:78.98050158233232,recall:77.99470978210255,precision:79.99153164064616,acc:71.174
2022-07-15 05:34:15,398 - EdNet-Test Best Model: auc:71.78328056909442,f1:66.95134404801182,recall:72.78229800722781,precision:61.98538481230654,acc:64.94033333333333
2022-07-15 05:41:18,783 - ASSIST2009NSB-Test Best Model: auc:79.00132021358243,f1:76.66711391386019,recall:79.62930704107585,precision:73.91740241259986,acc:72.176
2022-07-15 05:41:20,871 - ************************
2022-07-15 05:41:20,873 - new_DATA_NAME:ASSIST2009NSB
2022-07-15 05:41:26,363 - Checkpoint path:Checkpoints/add_trian/2022-07-14-10-57-08_ASSIST2009NSB.pth.tar
2022-07-15 05:48:02,004 - Train 0: auc:79.45292051196586,f1:76.49942758265095,recall:78.85770911220216,precision:74.27810163853745,acc:72.4808759945762
2022-07-15 05:48:30,660 - Vaild 0: auc:79.13825858493436,f1:76.18897140148523,recall:79.07510659232535,precision:73.50609756097562,acc:72.24038682938061
2022-07-15 05:48:30,672 - At 【0】 Epoceh Get Best Model!
2022-07-15 05:55:01,817 - Train 1: auc:79.45161818569069,f1:76.47241423031352,recall:78.78473942615197,precision:74.29195195297235,acc:72.46501394325479
2022-07-15 05:55:29,615 - Vaild 1: auc:79.13784814069709,f1:76.19310998735777,recall:79.06690718268284,precision:73.52089051540104,acc:72.24959705272853
2022-07-15 06:01:57,901 - Train 2: auc:79.45461622173943,f1:76.49325036404743,recall:78.79104544840322,precision:74.32567941941296,acc:72.49469132959807
2022-07-15 06:02:26,070 - Vaild 2: auc:79.13792954044614,f1:76.19612026391687,recall:79.06690718268284,precision:73.5264963781929,acc:72.25420216440249
2022-07-15 06:08:58,091 - Train 3: auc:79.45799334360999,f1:76.45891087810125,recall:78.7622179181118,precision:74.2864911252156,acc:72.45222196638268
2022-07-15 06:09:26,097 - Vaild 3: auc:79.13748334922911,f1:76.19913077834846,recall:79.06690718268284,precision:73.53210309592801,acc:72.25880727607644
2022-07-15 06:16:00,175 - Train 4: auc:79.44487775948025,f1:76.43932800013997,recall:78.71897662267465,precision:74.28799755156173,acc:72.43738327321104
2022-07-15 06:16:28,532 - Vaild 4: auc:79.13687995743854,f1:76.19913077834846,recall:79.06690718268284,precision:73.53210309592801,acc:72.25880727607644
2022-07-15 06:23:00,273 - Train 5: auc:79.4375124981299,f1:76.43384540014696,recall:78.70816629881537,precision:74.2872690479632,acc:72.43277816153709
2022-07-15 06:23:27,918 - Vaild 5: auc:79.13676065727722,f1:76.19724988146042,recall:79.05870777304034,precision:73.53569249542404,acc:72.25880727607644
2022-07-15 06:30:00,657 - Train 6: auc:79.45755255371094,f1:76.4810877496916,recall:78.74510157200126,precision:74.3436216266787,acc:72.49213293422365
2022-07-15 06:30:27,696 - Vaild 6: auc:79.13690235313669,f1:76.19536868726784,recall:79.05050836339782,precision:73.5392829900839,acc:72.25880727607644
2022-07-15 06:36:52,646 - Train 7: auc:79.45146697709129,f1:76.46765472711684,recall:78.73609296878519,precision:74.32626646597103,acc:72.4747358456776
2022-07-15 06:37:20,244 - Vaild 7: auc:79.13711855776113,f1:76.19348719570029,recall:79.04230895375532,precision:73.5428745804089,acc:72.25880727607644
2022-07-15 06:43:49,429 - Train 8: auc:79.44934583675106,f1:76.46968762439688,recall:78.74059727039322,precision:74.32609398119016,acc:72.47627088290224
2022-07-15 06:44:17,183 - Vaild 8: auc:79.13708496421393,f1:76.19348719570029,recall:79.04230895375532,precision:73.5428745804089,acc:72.25880727607644
2022-07-15 06:50:49,503 - Train 9: auc:79.46048034442121,f1:76.46806611657027,recall:78.72618350524752,precision:74.33587669380152,acc:72.47882927827666
2022-07-15 06:51:17,808 - Vaild 9: auc:79.137097023436,f1:76.19950992016442,recall:79.04230895375532,precision:73.5540973599878,acc:72.26801749942436
2022-07-15 06:57:50,902 - Train 10: auc:79.45508723948747,f1:76.45102860492995,recall:78.70726543849375,precision:74.3205423751882,acc:72.45938547343106
2022-07-15 06:58:18,989 - Vaild 10: auc:79.13717928455804,f1:76.19461681356469,recall:79.03410954411282,precision:73.55207935902327,acc:72.2634123877504
2022-07-15 07:04:51,429 - Train 11: auc:79.44503393492177,f1:76.45210694438366,recall:78.69735597495608,precision:74.33141884705383,acc:72.46450226417991
2022-07-15 07:05:19,584 - Vaild 11: auc:79.13726929803715,f1:76.19273489070714,recall:79.02591013447032,precision:73.55567427306724,acc:72.2634123877504
2022-07-15 07:11:50,874 - Train 12: auc:79.45141484392141,f1:76.49586111548625,recall:78.75411017521733,precision:74.3635110880494,acc:72.51157673906926
2022-07-15 07:12:18,428 - Vaild 12: auc:79.13710391442004,f1:76.18294659445785,recall:79.0095113151853,precision:73.55163727959699,acc:72.25420216440249
2022-07-15 07:18:44,891 - Train 13: auc:79.45599220238864,f1:76.50380791153222,recall:78.77573082293591,precision:74.35925781050699,acc:72.51618185074321
2022-07-15 07:19:11,870 - Vaild 13: auc:79.13700916338941,f1:76.17805186590766,recall:79.0013119055428,precision:73.54961832061069,acc:72.24959705272853
2022-07-15 07:25:43,412 - Train 14: auc:79.45471855149087,f1:76.46798885199136,recall:78.7243817846043,precision:74.33733709891456,acc:72.47934095735154
2022-07-15 07:26:11,118 - Vaild 14: auc:79.13670596009135,f1:76.17127268414187,recall:78.98491308625779,precision:73.55119493013667,acc:72.24499194105456
2022-07-15 07:32:43,660 - Train 15: auc:79.44747102723892,f1:76.44471289572856,recall:78.66942930498627,precision:74.3423628964977,acc:72.46296722695526
2022-07-15 07:33:11,768 - Vaild 15: auc:79.13648157242332,f1:76.16938831995571,recall:78.97671367661529,precision:73.55479190530737,acc:72.24499194105456
2022-07-15 07:39:42,695 - Train 16: auc:79.44544599075891,f1:76.44355347013096,recall:78.66582586369984,precision:74.34338790556706,acc:72.46245554788037
2022-07-15 07:40:10,822 - Vaild 16: auc:79.13615468136761,f1:76.16938831995571,recall:78.97671367661529,precision:73.55479190530737,acc:72.24499194105456
2022-07-15 07:46:42,290 - Train 17: auc:79.45814883084245,f1:76.48019045868509,recall:78.71627404170984,precision:74.36763804725267,acc:72.50083147849668
2022-07-15 07:47:10,412 - Vaild 17: auc:79.13598154539345,f1:76.16938831995571,recall:78.97671367661529,precision:73.55479190530737,acc:72.24499194105456
2022-07-15 07:53:42,494 - Train 18: auc:79.45510184125638,f1:76.44279815931311,recall:78.64060177469483,precision:74.36450063038812,acc:72.47013073400363
2022-07-15 07:54:10,951 - Vaild 18: auc:79.13649233958591,f1:76.16938831995571,recall:78.97671367661529,precision:73.55479190530737,acc:72.24499194105456
2022-07-15 08:00:43,307 - Train 19: auc:79.46211275496631,f1:76.44819074628434,recall:78.68023962884556,precision:74.33928860214321,acc:72.46450226417991
2022-07-15 08:01:11,662 - Vaild 19: auc:79.13611807301488,f1:76.16750365771678,recall:78.96851426697278,precision:73.55838997937829,acc:72.24499194105456
2022-07-15 08:07:44,119 - Train 20: auc:79.45663443481334,f1:76.42763330706592,recall:78.63429575244358,precision:74.34143848741644,acc:72.44915189193338
2022-07-15 08:08:11,873 - Vaild 20: auc:79.13609783074924,f1:76.16750365771678,recall:78.96851426697278,precision:73.55838997937829,acc:72.24499194105456
2022-07-15 08:14:44,112 - Train 21: auc:79.45285184577375,f1:76.44797449953586,recall:78.64420521598127,precision:74.37107587981224,acc:72.47678256197713
2022-07-15 08:15:12,632 - Vaild 21: auc:79.13594709047321,f1:76.1705156596014,recall:78.96851426697278,precision:73.56400855484266,acc:72.24959705272853
2022-07-15 08:21:44,621 - Train 22: auc:79.44837489647455,f1:76.45055378015147,recall:78.6613215620918,precision:74.36065573770492,acc:72.4747358456776
2022-07-15 08:22:12,988 - Vaild 22: auc:79.1361520972486,f1:76.1705156596014,recall:78.96851426697278,precision:73.56400855484266,acc:72.24959705272853
2022-07-15 08:28:44,317 - Train 23: auc:79.44304100419454,f1:76.39867947494243,recall:78.59555875861449,precision:74.32127371389143,acc:72.41845114744032
2022-07-15 08:29:12,596 - Vaild 23: auc:79.1368455025183,f1:76.1705156596014,recall:78.96851426697278,precision:73.56400855484266,acc:72.24959705272853
2022-07-15 08:35:44,199 - Train 24: auc:79.44768719957239,f1:76.43107962555933,recall:78.62889059051395,precision:74.35279285111893,acc:72.45631539898176
2022-07-15 08:36:12,546 - Vaild 24: auc:79.13628604075102,f1:76.17164326675895,recall:78.96031485733027,precision:73.57322942929177,acc:72.25420216440249
2022-07-15 08:42:44,397 - Train 25: auc:79.44759809517177,f1:76.45144761562752,recall:78.63159317147877,precision:74.38893434240131,acc:72.48650446439993
2022-07-15 08:43:12,794 - Vaild 25: auc:79.13608404878114,f1:76.16975833564055,recall:78.95211544768776,precision:73.5768319706579,acc:72.25420216440249
2022-07-15 08:49:44,267 - Train 26: auc:79.45299272590233,f1:76.42528448770321,recall:78.62258456826268,precision:74.34746311377654,acc:72.44966357100826
2022-07-15 08:50:11,852 - Vaild 26: auc:79.13571365838862,f1:76.1629746835443,recall:78.93571662840276,precision:73.57841638642617,acc:72.24959705272853
2022-07-15 08:56:43,175 - Train 27: auc:79.45998851501787,f1:76.46309262640726,recall:78.65321381919733,precision:74.39163627688218,acc:72.49673804589762
2022-07-15 08:57:10,544 - Vaild 27: auc:79.1358122855978,f1:76.1629746835443,recall:78.93571662840276,precision:73.57841638642617,acc:72.24959705272853
2022-07-15 09:03:40,982 - Train 28: auc:79.44680233877766,f1:76.43454380609074,recall:78.60456736183055,precision:74.38111637739966,acc:72.47013073400363
2022-07-15 09:04:09,319 - Vaild 28: auc:79.13586181454563,f1:76.1629746835443,recall:78.93571662840276,precision:73.57841638642617,acc:72.24959705272853
2022-07-15 09:10:40,255 - Train 29: auc:79.44807730740906,f1:76.43483363549576,recall:78.61898112697627,precision:74.36876326172359,acc:72.46552562232968
2022-07-15 09:11:08,538 - Vaild 29: auc:79.13580754804627,f1:76.16598757862256,recall:78.93571662840276,precision:73.58404035771612,acc:72.25420216440249
2022-07-15 09:17:40,300 - Train 30: auc:79.44948787456465,f1:76.4290313114546,recall:78.60096392054412,precision:74.37390251802853,acc:72.46296722695526
2022-07-15 09:18:08,770 - Vaild 30: auc:79.13562493696902,f1:76.1641017525814,recall:78.92751721876024,precision:73.58764620441862,acc:72.25420216440249
2022-07-15 09:24:39,967 - Train 31: auc:79.44196332749462,f1:76.45492216177384,recall:78.61898112697627,precision:74.406807117462,acc:72.49622636682273
2022-07-15 09:25:08,360 - Vaild 31: auc:79.13560770950892,f1:76.1641017525814,recall:78.92751721876024,precision:73.58764620441862,acc:72.25420216440249
2022-07-15 09:31:41,502 - Train 32: auc:79.45941151840988,f1:76.40314613039975,recall:78.58294671411198,precision:74.34101193976427,acc:72.42970808708777
2022-07-15 09:32:08,980 - Vaild 32: auc:79.1360340891468,f1:76.16522908918256,recall:78.91931780911774,precision:73.59688025692002,acc:72.25880727607644
2022-07-15 09:38:40,017 - Train 33: auc:79.45473726650927,f1:76.43355632368211,recall:78.58564929507679,precision:74.39619294535035,acc:72.47524752475248
2022-07-15 09:39:07,684 - Vaild 33: auc:79.1358721510217,f1:76.16824278874688,recall:78.91931780911774,precision:73.60250822053987,acc:72.2634123877504
2022-07-15 09:45:38,242 - Train 34: auc:79.45420492346574,f1:76.40608914686234,recall:78.56222692671501,precision:74.36514027458003,acc:72.44147670581012
2022-07-15 09:46:06,024 - Vaild 34: auc:79.13550865161324,f1:76.15844248347909,recall:78.90291898983273,precision:73.59847036328871,acc:72.25420216440249
2022-07-15 09:52:37,566 - Train 35: auc:79.46040934685422,f1:76.43680930000308,recall:78.60276564118733,precision:74.38702087027691,acc:72.47422416660271
2022-07-15 09:53:05,058 - Vaild 35: auc:79.1351343850422,f1:76.14675268136305,recall:78.87832076090521,precision:73.59804146584041,acc:72.24499194105456
2022-07-15 09:59:35,616 - Train 36: auc:79.45091465464525,f1:76.43303170395039,recall:78.56583036800144,precision:74.41296928327645,acc:72.48138767365108
2022-07-15 10:00:03,979 - Vaild 36: auc:79.13618267599031,f1:76.13694834751634,recall:78.86192194162021,precision:73.59400107123729,acc:72.23578171770666
2022-07-15 10:06:35,410 - Train 37: auc:79.46167561417576,f1:76.40904311251315,recall:78.55321832349894,precision:74.37881178828847,acc:72.44915189193338
2022-07-15 10:07:03,791 - Vaild 37: auc:79.1363583960835,f1:76.13807299501228,recall:78.8537225319777,precision:73.60324506352364,acc:72.24038682938061
2022-07-15 10:13:34,876 - Train 38: auc:79.44501477176725,f1:76.41807780921762,recall:78.58384757443359,precision:74.36848342242342,acc:72.45222196638268
2022-07-15 10:14:03,128 - Vaild 38: auc:79.13658364512453,f1:76.14108705118564,recall:78.8537225319777,precision:73.60887868350555,acc:72.24499194105456
2022-07-15 10:20:27,038 - Train 39: auc:79.45382539484274,f1:76.4231846207105,recall:78.55502004414215,precision:74.40400006826054,acc:72.47013073400363
2022-07-15 10:20:54,060 - Vaild 39: auc:79.13620593306146,f1:76.14410134600159,recall:78.8537225319777,precision:73.61451316595223,acc:72.24959705272853
2022-07-15 10:27:16,779 - Train 40: auc:79.45805249224426,f1:76.43429332678926,recall:78.56402864735823,precision:74.41697741294126,acc:72.4839460690255
2022-07-15 10:27:44,486 - Vaild 40: auc:79.1367585038447,f1:76.1471158794885,recall:78.8537225319777,precision:73.62014851106179,acc:72.25420216440249
2022-07-15 10:34:06,924 - Train 41: auc:79.453930061304,f1:76.42689686904319,recall:78.55952434575019,precision:74.40699658703072,acc:72.47422416660271
2022-07-15 10:34:34,644 - Vaild 41: auc:79.13654660608526,f1:76.14221236835853,recall:78.8455231223352,precision:73.61812892359517,acc:72.24959705272853
2022-07-15 10:41:05,649 - Train 42: auc:79.45057708543497,f1:76.4177822195338,recall:78.52709337417232,precision:74.41882304730521,acc:72.47166577122829
2022-07-15 10:41:34,321 - Vaild 42: auc:79.13639931130128,f1:76.13730846893931,recall:78.83732371269268,precision:73.6161090268739,acc:72.24499194105456
2022-07-15 10:48:05,411 - Train 43: auc:79.44716740434052,f1:76.40677936387583,recall:78.52439079320752,precision:74.40038238959355,acc:72.45580371990687
2022-07-15 10:48:32,832 - Vaild 43: auc:79.13691182823973,f1:76.1403230915426,recall:78.83732371269268,precision:73.6217457886677,acc:72.24959705272853
2022-07-15 10:55:04,230 - Train 44: auc:79.45150194771433,f1:76.41855163948799,recall:78.5216882122427,precision:74.42513768518123,acc:72.4747358456776
2022-07-15 10:55:32,487 - Vaild 44: auc:79.13674644462263,f1:76.13541872896457,recall:78.82912430305018,precision:73.61972585956046,acc:72.24499194105456
2022-07-15 11:02:04,634 - Train 45: auc:79.45686559303245,f1:76.40741032992275,recall:78.50817530741858,precision:74.41614222647277,acc:72.46245554788037
2022-07-15 11:02:33,049 - Vaild 45: auc:79.13743941920582,f1:76.13843351548269,recall:78.82912430305018,precision:73.62536376167867,acc:72.24959705272853
2022-07-15 11:09:06,309 - Train 46: auc:79.4573053372805,f1:76.38692258129555,recall:78.49916670420252,precision:74.38537185003074,acc:72.43431319876173
2022-07-15 11:09:34,461 - Vaild 46: auc:79.13704706380166,f1:76.13843351548269,recall:78.82912430305018,precision:73.62536376167867,acc:72.24959705272853
2022-07-15 11:16:07,297 - Train 47: auc:79.44470226083557,f1:76.43010564152017,recall:78.53700283771002,precision:74.4332977588047,acc:72.48701614347482
2022-07-15 11:16:35,084 - Vaild 47: auc:79.13688555636307,f1:76.12862347536829,recall:78.81272548376516,precision:73.62132352941177,acc:72.24038682938061
2022-07-15 11:23:09,299 - Train 48: auc:79.4520495380562,f1:76.3975182513757,recall:78.48114949777037,precision:74.42166410387834,acc:72.45682707805663
2022-07-15 11:23:37,142 - Vaild 48: auc:79.13741745419418,f1:76.12371787255951,recall:78.80452607412266,precision:73.61930294906166,acc:72.23578171770666
2022-07-15 11:30:11,823 - Train 49: auc:79.4571945836368,f1:76.41959292438771,recall:78.53790369803161,precision:74.41255046560656,acc:72.47064241307851
2022-07-15 11:30:40,143 - Vaild 49: auc:79.137170670828,f1:76.12182660699432,recall:78.79632666448015,precision:73.62292193365509,acc:72.23578171770666
2022-07-15 11:38:17,216 - ASSIST2012-Test Best Model: auc:73.66669059243726,f1:78.81058665690938,recall:77.54921774863304,precision:80.1136673593168,acc:71.04466666666667
2022-07-15 11:45:51,546 - EdNet-Test Best Model: auc:71.80392909514156,f1:66.87041989372418,recall:72.34439366302543,precision:62.16655708448786,acc:65.02366666666667
2022-07-15 11:52:38,736 - ASSIST2009NSB-Test Best Model: auc:79.00173610697878,f1:76.60516729438311,recall:79.24781381737101,precision:74.13307984790875,acc:72.21333333333332
