2022-07-13 01:25:02,026 - model_info:累加训练['ASSIST2009NSB', 'EdNet', 'ASSIST2012']
2022-07-13 01:25:02,027 - Model:MyModel(
  (kp_embd): Linear(in_features=16, out_features=16, bias=True)
  (q_embd): Linear(in_features=16, out_features=16, bias=True)
  (pos_embd_kp): Embedding(5, 16)
  (pos_embd_q): Embedding(5, 16)
  (tf_encoder_kp): TFEncoder(
    (encoder): TransformerEncoder(
      (layers): ModuleList(
        (0): TransformerEncoderLayer(
          (self_attn): MultiheadAttention(
            (out_proj): NonDynamicallyQuantizableLinear(in_features=16, out_features=16, bias=True)
          )
          (linear1): Linear(in_features=16, out_features=128, bias=True)
          (dropout): Dropout(p=0.1, inplace=False)
          (linear2): Linear(in_features=128, out_features=16, bias=True)
          (norm1): LayerNorm((16,), eps=1e-05, elementwise_affine=True)
          (norm2): LayerNorm((16,), eps=1e-05, elementwise_affine=True)
          (dropout1): Dropout(p=0.1, inplace=False)
          (dropout2): Dropout(p=0.1, inplace=False)
        )
        (1): TransformerEncoderLayer(
          (self_attn): MultiheadAttention(
            (out_proj): NonDynamicallyQuantizableLinear(in_features=16, out_features=16, bias=True)
          )
          (linear1): Linear(in_features=16, out_features=128, bias=True)
          (dropout): Dropout(p=0.1, inplace=False)
          (linear2): Linear(in_features=128, out_features=16, bias=True)
          (norm1): LayerNorm((16,), eps=1e-05, elementwise_affine=True)
          (norm2): LayerNorm((16,), eps=1e-05, elementwise_affine=True)
          (dropout1): Dropout(p=0.1, inplace=False)
          (dropout2): Dropout(p=0.1, inplace=False)
        )
        (2): TransformerEncoderLayer(
          (self_attn): MultiheadAttention(
            (out_proj): NonDynamicallyQuantizableLinear(in_features=16, out_features=16, bias=True)
          )
          (linear1): Linear(in_features=16, out_features=128, bias=True)
          (dropout): Dropout(p=0.1, inplace=False)
          (linear2): Linear(in_features=128, out_features=16, bias=True)
          (norm1): LayerNorm((16,), eps=1e-05, elementwise_affine=True)
          (norm2): LayerNorm((16,), eps=1e-05, elementwise_affine=True)
          (dropout1): Dropout(p=0.1, inplace=False)
          (dropout2): Dropout(p=0.1, inplace=False)
        )
        (3): TransformerEncoderLayer(
          (self_attn): MultiheadAttention(
            (out_proj): NonDynamicallyQuantizableLinear(in_features=16, out_features=16, bias=True)
          )
          (linear1): Linear(in_features=16, out_features=128, bias=True)
          (dropout): Dropout(p=0.1, inplace=False)
          (linear2): Linear(in_features=128, out_features=16, bias=True)
          (norm1): LayerNorm((16,), eps=1e-05, elementwise_affine=True)
          (norm2): LayerNorm((16,), eps=1e-05, elementwise_affine=True)
          (dropout1): Dropout(p=0.1, inplace=False)
          (dropout2): Dropout(p=0.1, inplace=False)
        )
      )
      (norm): LayerNorm((16,), eps=1e-05, elementwise_affine=True)
    )
  )
  (tf_encoder_q): TFEncoder(
    (encoder): TransformerEncoder(
      (layers): ModuleList(
        (0): TransformerEncoderLayer(
          (self_attn): MultiheadAttention(
            (out_proj): NonDynamicallyQuantizableLinear(in_features=16, out_features=16, bias=True)
          )
          (linear1): Linear(in_features=16, out_features=128, bias=True)
          (dropout): Dropout(p=0.1, inplace=False)
          (linear2): Linear(in_features=128, out_features=16, bias=True)
          (norm1): LayerNorm((16,), eps=1e-05, elementwise_affine=True)
          (norm2): LayerNorm((16,), eps=1e-05, elementwise_affine=True)
          (dropout1): Dropout(p=0.1, inplace=False)
          (dropout2): Dropout(p=0.1, inplace=False)
        )
        (1): TransformerEncoderLayer(
          (self_attn): MultiheadAttention(
            (out_proj): NonDynamicallyQuantizableLinear(in_features=16, out_features=16, bias=True)
          )
          (linear1): Linear(in_features=16, out_features=128, bias=True)
          (dropout): Dropout(p=0.1, inplace=False)
          (linear2): Linear(in_features=128, out_features=16, bias=True)
          (norm1): LayerNorm((16,), eps=1e-05, elementwise_affine=True)
          (norm2): LayerNorm((16,), eps=1e-05, elementwise_affine=True)
          (dropout1): Dropout(p=0.1, inplace=False)
          (dropout2): Dropout(p=0.1, inplace=False)
        )
        (2): TransformerEncoderLayer(
          (self_attn): MultiheadAttention(
            (out_proj): NonDynamicallyQuantizableLinear(in_features=16, out_features=16, bias=True)
          )
          (linear1): Linear(in_features=16, out_features=128, bias=True)
          (dropout): Dropout(p=0.1, inplace=False)
          (linear2): Linear(in_features=128, out_features=16, bias=True)
          (norm1): LayerNorm((16,), eps=1e-05, elementwise_affine=True)
          (norm2): LayerNorm((16,), eps=1e-05, elementwise_affine=True)
          (dropout1): Dropout(p=0.1, inplace=False)
          (dropout2): Dropout(p=0.1, inplace=False)
        )
        (3): TransformerEncoderLayer(
          (self_attn): MultiheadAttention(
            (out_proj): NonDynamicallyQuantizableLinear(in_features=16, out_features=16, bias=True)
          )
          (linear1): Linear(in_features=16, out_features=128, bias=True)
          (dropout): Dropout(p=0.1, inplace=False)
          (linear2): Linear(in_features=128, out_features=16, bias=True)
          (norm1): LayerNorm((16,), eps=1e-05, elementwise_affine=True)
          (norm2): LayerNorm((16,), eps=1e-05, elementwise_affine=True)
          (dropout1): Dropout(p=0.1, inplace=False)
          (dropout2): Dropout(p=0.1, inplace=False)
        )
      )
      (norm): LayerNorm((16,), eps=1e-05, elementwise_affine=True)
    )
  )
  (LayerMask_kp): LayerMask(
    (embeding): Sequential(
      (c_fc1): Linear(in_features=16, out_features=32, bias=True)
      (c_relu1): ReLU(inplace=True)
      (c_fc2): Linear(in_features=32, out_features=32, bias=True)
      (c_relu2): ReLU(inplace=True)
      (c_fc3): Linear(in_features=32, out_features=16, bias=True)
    )
  )
  (LayerMask_q): LayerMask(
    (embeding): Sequential(
      (c_fc1): Linear(in_features=16, out_features=32, bias=True)
      (c_relu1): ReLU(inplace=True)
      (c_fc2): Linear(in_features=32, out_features=32, bias=True)
      (c_relu2): ReLU(inplace=True)
      (c_fc3): Linear(in_features=32, out_features=16, bias=True)
    )
  )
  (class_classifier): Sequential(
    (c_fc1): Linear(in_features=46, out_features=92, bias=True)
    (c_relu1): ReLU(inplace=True)
    (c_fc3): Linear(in_features=92, out_features=46, bias=True)
    (c_relu3): ReLU(inplace=True)
    (c_fc4): Linear(in_features=46, out_features=10, bias=True)
    (c_relu4): ReLU(inplace=True)
    (c_fc5): Linear(in_features=10, out_features=1, bias=True)
    (c_sigmoid): Sigmoid()
  )
)
2022-07-13 01:25:02,029 - BATCH_SIZE:2048；LR:0.001；MEMORY_LEN：5；EPOCH_NUM：50；NHEAD：2
2022-07-13 01:25:02,030 - optimizer:Adam (
Parameter Group 0
    amsgrad: False
    betas: (0.9, 0.999)
    eps: 1e-08
    lr: 0.001
    maximize: False
    weight_decay: 0
)
2022-07-13 01:25:02,031 - loss_func:BCEWithLogitsLoss()
2022-07-13 01:25:02,031 - ITEM_COL:['stu_kp_now_acc', 'stu_kp_now_use_time', 'stu_kp_now_len', 'stu_q_now_acc', 'stu_q_now_time', 'stu_q_now_len', 'q_now_acc', 'q_now_use_time', 'q_now_len', 'kp_now_acc', 'kp_now_use_time', 'kp_now_len', 'last_kp_time_passed', 'last_q_time_passed']
2022-07-13 01:25:02,033 - ITEM_AN_COL:['stu_kp_now_acc_an', 'stu_kp_now_use_time_an', 'stu_kp_now_len_an', 'stu_q_now_acc_an', 'stu_q_now_time_an', 'stu_q_now_len_an', 'q_now_acc_an', 'q_now_use_time_an', 'q_now_len_an', 'kp_now_acc_an', 'kp_now_use_time_an', 'kp_now_len_an', 'last_kp_time_passed', 'last_q_time_passed', 'use_time', 'is_right']
2022-07-13 01:25:02,034 - ************************
2022-07-13 01:25:02,036 - new_DATA_NAME:ASSIST2009NSB
2022-07-13 01:25:06,014 - Checkpoint path:Checkpoints/add_trian/2022-07-13-01-25-02_ASSIST2009NSB.pth.tar
2022-07-13 01:31:53,229 - Train 0: auc:74.95436079748237,f1:71.38480504903674,recall:69.8986532138192,precision:72.93552541289492,acc:68.17049146775143
2022-07-13 01:32:21,992 - Vaild 0: auc:79.75510846736213,f1:73.45078979343864,recall:69.39160380452607,precision:78.01438053097345,acc:71.82592677872438
2022-07-13 01:32:22,006 - At 【0】 Epoceh Get Best Model!
2022-07-13 01:39:12,921 - Train 1: auc:80.32726642727413,f1:72.21702618801243,recall:65.38534300256745,precision:80.64286745997356,acc:71.42477038401515
2022-07-13 01:39:42,423 - Vaild 1: auc:80.09854219165197,f1:73.02512474058373,recall:67.80091833387996,precision:79.12161515644436,acc:71.86737278379
2022-07-13 01:39:42,437 - At 【1】 Epoceh Get Best Model!
2022-07-13 01:46:30,063 - Train 2: auc:80.42328541902725,f1:72.42622380230218,recall:65.60965722264763,precision:80.82343802019753,acc:71.62483690229489
2022-07-13 01:46:59,577 - Vaild 2: auc:80.05949141574612,f1:71.38099365846983,recall:64.1439816333224,precision:80.45870616065001,acc:71.11213446926088
2022-07-13 01:53:45,566 - Train 3: auc:80.52070446807673,f1:72.54706743262214,recall:65.6429890545471,precision:81.07413465068927,acc:71.78192237828434
2022-07-13 01:54:14,246 - Vaild 3: auc:80.13794311568469,f1:72.08108108108107,recall:65.60347654968842,precision:79.9780087964814,acc:71.45751784480774
2022-07-13 01:54:14,259 - At 【3】 Epoceh Get Best Model!
2022-07-13 02:00:57,215 - Train 4: auc:80.66867265913945,f1:72.77420635905584,recall:66.03306157380298,precision:81.04820875718708,acc:71.93696113797427
2022-07-13 02:01:25,972 - Vaild 4: auc:80.22975514163022,f1:71.45659413347931,recall:64.21777632010496,precision:80.53470437017994,acc:71.1858162560442
2022-07-13 02:01:25,986 - At 【4】 Epoceh Get Best Model!
2022-07-13 02:08:10,402 - Train 5: auc:80.73596348945317,f1:72.73016836793097,recall:65.82406197919013,precision:81.25528223833459,acc:71.96356844986825
2022-07-13 02:08:39,860 - Vaild 5: auc:80.26685060081284,f1:71.53037916857011,recall:64.19317809117744,precision:80.76129564679184,acc:71.30094404789317
2022-07-13 02:08:39,874 - At 【5】 Epoceh Get Best Model!
2022-07-13 02:15:27,009 - Train 6: auc:80.83473604299094,f1:73.00810991790878,recall:66.29791450835548,precision:81.22958057395144,acc:72.15595978202471
2022-07-13 02:15:56,576 - Vaild 6: auc:80.34584238162608,f1:73.78131421326457,recall:69.18661856346343,precision:79.0296899878243,acc:72.38314529127331
2022-07-13 02:15:56,589 - At 【6】 Epoceh Get Best Model!
2022-07-13 02:22:43,918 - Train 7: auc:80.94110987624119,f1:73.07512925089061,recall:66.3393540831494,precision:81.3333186070399,acc:72.23322332233224
2022-07-13 02:23:13,336 - Vaild 7: auc:80.27642605383217,f1:72.9243809948695,recall:67.0137750081994,precision:79.97847147470398,acc:72.05157725074834
2022-07-13 02:30:00,104 - Train 8: auc:80.93006673499215,f1:73.17191643329781,recall:66.49610377910905,precision:81.33774104683195,acc:72.30434671374114
2022-07-13 02:30:29,646 - Vaild 8: auc:80.27361797783315,f1:73.49143610013175,recall:68.60446047884552,precision:79.12804993379989,acc:72.20354593598894
2022-07-13 02:37:16,789 - Train 9: auc:80.82562301338652,f1:73.09082603428072,recall:66.30422053060673,precision:81.4251418835946,acc:72.27006421572389
2022-07-13 02:37:45,665 - Vaild 9: auc:80.42801219814433,f1:73.97248307490719,recall:69.4326008527386,precision:79.14758388634452,acc:72.55813953488372
2022-07-13 02:37:45,677 - At 【9】 Epoceh Get Best Model!
2022-07-13 02:44:31,324 - Train 10: auc:80.90875351399411,f1:73.2847970818938,recall:66.78618080266655,precision:81.18443242296152,acc:72.34323432343234
2022-07-13 02:45:00,233 - Vaild 10: auc:80.29252769943017,f1:74.11087866108787,recall:69.7113807805838,precision:79.1030889467808,acc:72.64563665668892
2022-07-13 02:51:47,917 - Train 11: auc:80.93917337865668,f1:73.23136418850244,recall:66.53033647133012,precision:81.43345462564781,acc:72.3739350679254
2022-07-13 02:52:17,494 - Vaild 11: auc:80.38704960485202,f1:73.43037918676166,recall:68.03870121351264,precision:79.7501201345507,acc:72.34630439788164
2022-07-13 02:59:01,085 - Train 12: auc:80.95724735433365,f1:73.32967234120447,recall:66.76365929462636,precision:81.32805126967057,acc:72.4158927520659
2022-07-13 02:59:30,151 - Vaild 12: auc:80.3765309483913,f1:72.58760107816711,recall:66.24303050180387,precision:80.2762321144674,acc:71.8996085655077
2022-07-13 03:06:09,402 - Train 13: auc:80.97002880496343,f1:73.40014961827522,recall:66.73393090401333,precision:81.54598093392924,acc:72.52743879039066
2022-07-13 03:06:37,689 - Vaild 13: auc:80.41028557237082,f1:73.88121849660313,recall:69.10462446703838,precision:79.36717205009887,acc:72.55813953488372
2022-07-13 03:13:09,351 - Train 14: auc:81.03219278722443,f1:73.43869802874032,recall:66.87086167289762,precision:81.4371914426769,acc:72.52539207409113
2022-07-13 03:13:37,242 - Vaild 14: auc:80.26145625236383,f1:72.15878194671016,recall:65.2836995736307,precision:80.65235008103727,acc:71.70619387520148
2022-07-13 03:20:13,332 - Train 15: auc:80.96994313093818,f1:73.54695957959618,recall:67.07445610558082,precision:81.40203570686695,acc:72.5944687492005
2022-07-13 03:20:41,832 - Vaild 15: auc:80.29845351502377,f1:73.2021498689646,recall:67.56313545424729,precision:79.86817873412814,acc:72.21736127101083
2022-07-13 03:27:20,489 - Train 16: auc:81.07382463375824,f1:73.55076046755404,recall:67.00238727985226,precision:81.51777200539243,acc:72.62926292629263
2022-07-13 03:27:49,775 - Vaild 16: auc:80.36716868519093,f1:72.85140562248996,recall:66.93178091177435,precision:79.91971803407088,acc:71.98250057563897
2022-07-13 03:34:32,375 - Train 17: auc:81.0954743036262,f1:73.57331513191086,recall:67.00238727985226,precision:81.57320376849425,acc:72.66098702893545
2022-07-13 03:35:01,526 - Vaild 17: auc:80.39247367066974,f1:72.5878078320549,recall:66.34142341751394,precision:80.13271268693671,acc:71.8581625604421
2022-07-13 03:41:43,887 - Train 18: auc:81.1088602525515,f1:73.64548924340953,recall:67.18255934417368,precision:81.48423329909748,acc:72.68912937805409
2022-07-13 03:42:13,104 - Vaild 18: auc:80.49916462323148,f1:72.86308538712707,recall:66.78419153820924,precision:80.15943312666076,acc:72.06078747409624
2022-07-13 03:42:13,117 - At 【18】 Epoceh Get Best Model!
2022-07-13 03:48:54,838 - Train 19: auc:81.0347281707329,f1:73.70409648062743,recall:67.30507634791225,precision:81.44772702496456,acc:72.72187683884668
2022-07-13 03:49:23,458 - Vaild 19: auc:80.3014403259215,f1:72.58906081324218,recall:66.16103640537881,precision:80.40055799123157,acc:71.93644945889938
2022-07-13 03:56:04,056 - Train 20: auc:81.09659655386623,f1:73.65501995943966,recall:67.2357101031485,precision:81.4294754298682,acc:72.68094251285594
2022-07-13 03:56:32,659 - Vaild 20: auc:80.3826583252683,f1:72.83299042848198,recall:66.75959330928173,precision:80.12202322377485,acc:72.02855169237854
2022-07-13 04:03:12,914 - Train 21: auc:81.19847542701278,f1:73.71561808409737,recall:67.21499031575155,precision:81.60827764227197,acc:72.77457978355976
2022-07-13 04:03:40,989 - Vaild 21: auc:80.45749484270141,f1:73.07486631016043,recall:67.22695965890456,precision:80.03709488481063,acc:72.1759152659452
2022-07-13 04:10:18,087 - Train 22: auc:81.20678525796234,f1:73.72136131089198,recall:67.17805504256566,precision:81.67688937568455,acc:72.79760534192954
2022-07-13 04:10:46,705 - Vaild 22: auc:80.51495531317438,f1:72.46703991331046,recall:65.80026238110857,precision:80.6370578778135,acc:71.91802901220355
2022-07-13 04:10:46,718 - At 【22】 Epoceh Get Best Model!
2022-07-13 04:17:33,713 - Train 23: auc:81.20647090113661,f1:73.8401432524825,recall:67.4239899103644,precision:81.60586170050374,acc:72.86514697981427
2022-07-13 04:18:03,137 - Vaild 23: auc:80.27836457378179,f1:73.52226004686327,recall:68.17809117743523,precision:79.77549649812914,acc:72.41998618466498
2022-07-13 04:24:51,133 - Train 24: auc:81.20994266509001,f1:73.89055187616198,recall:67.49065357416333,precision:81.63136331938632,acc:72.9091513802543
2022-07-13 04:25:20,867 - Vaild 24: auc:80.49779590152522,f1:74.50130095403294,recall:70.43292882912431,precision:79.06848306332842,acc:72.92194335712641
2022-07-13 04:32:08,558 - Train 25: auc:81.2297353762017,f1:73.8917179851571,recall:67.450114859691,precision:81.69359854229631,acc:72.92706014787525
2022-07-13 04:32:37,957 - Vaild 25: auc:80.28499628455367,f1:74.74947314094017,recall:71.25286979337487,precision:78.60696517412936,acc:72.96338936219203
2022-07-13 04:39:25,428 - Train 26: auc:81.21378578985191,f1:74.06484895323136,recall:67.77262285482635,precision:81.64503386004515,acc:73.04116458157444
2022-07-13 04:39:54,724 - Vaild 26: auc:80.47856445711054,f1:72.32195342527696,recall:65.57067891111839,precision:80.62304667809255,acc:71.8121114437025
2022-07-13 04:46:39,489 - Train 27: auc:81.26323506709183,f1:73.95278853506326,recall:67.52218368541958,precision:81.7371864776445,acc:72.9838565251874
2022-07-13 04:47:08,518 - Vaild 27: auc:80.46872757738393,f1:74.23371647509579,recall:69.89996720236144,precision:79.14036390642406,acc:72.746949113516
2022-07-13 04:53:55,963 - Train 28: auc:81.4065343465428,f1:74.19564638989347,recall:67.828476194766,precision:81.88204843778887,acc:73.20234349016297
2022-07-13 04:54:25,614 - Vaild 28: auc:80.48699213059959,f1:73.02211302211303,recall:67.0137750081994,precision:80.21395622730395,acc:72.18973060096707
2022-07-13 05:01:13,208 - Train 29: auc:81.4098793359858,f1:74.2372964851351,recall:67.87892437277601,precision:81.90999021632787,acc:73.24071942077929
2022-07-13 05:01:42,745 - Vaild 29: auc:80.50641436913506,f1:72.7794982271891,recall:66.48081338143653,precision:80.39662865642042,acc:72.06999769744417
2022-07-13 05:08:30,474 - Train 30: auc:81.43463410909308,f1:74.19364392974559,recall:67.69965316877618,precision:82.06567438000285,acc:73.25044132320208
2022-07-13 05:08:59,483 - Vaild 30: auc:80.51394276920603,f1:73.39661137230551,recall:67.8419153820925,precision:79.94202898550725,acc:72.37854017959936
2022-07-13 05:15:47,970 - Train 31: auc:81.41284248143582,f1:74.36552093940779,recall:68.09062654835368,precision:81.91434021154846,acc:73.33691508685753
2022-07-13 05:16:17,101 - Vaild 31: auc:80.49134809389007,f1:73.08652988403213,recall:67.17776320104953,precision:80.1349765258216,acc:72.21275615933686
2022-07-13 05:23:01,078 - Train 32: auc:81.43119645683514,f1:74.11754825386944,recall:67.57713616503762,precision:82.05964075524537,acc:73.19262158774016
2022-07-13 05:23:30,590 - Vaild 32: auc:80.52802320304585,f1:73.63776748290314,recall:68.4240734667104,precision:79.71152927691278,acc:72.4844577481004
2022-07-13 05:23:30,604 - At 【32】 Epoceh Get Best Model!
2022-07-13 05:30:15,621 - Train 33: auc:81.4278424406501,f1:74.35590675233242,recall:68.02756632584118,precision:81.98241233308,acc:73.34817202650498
2022-07-13 05:30:44,197 - Vaild 33: auc:80.51722503104475,f1:72.82511210762333,recall:66.57920629714661,precision:80.36421219319082,acc:72.09302325581395
2022-07-13 05:37:29,389 - Train 34: auc:81.41887918987743,f1:74.25465440603963,recall:67.87171749020314,precision:81.9627723806312,acc:73.26783841174816
2022-07-13 05:37:58,870 - Vaild 34: auc:80.53083127904485,f1:73.30043128362455,recall:67.5877336831748,precision:80.06799417192812,acc:72.34630439788164
2022-07-13 05:37:58,884 - At 【34】 Epoceh Get Best Model!
2022-07-13 05:44:43,973 - Train 35: auc:81.4415826678614,f1:74.38680706862549,recall:68.12485924057475,precision:81.91646085185667,acc:73.35328881725381
2022-07-13 05:45:13,180 - Vaild 35: auc:80.51519089869149,f1:72.59873013013915,recall:66.09544112823876,precision:80.52142643092598,acc:71.977895463965
2022-07-13 05:51:58,614 - Train 36: auc:81.4549496456905,f1:74.22867513611614,recall:67.79514436286654,precision:82.01126815819012,acc:73.26169826284954
2022-07-13 05:52:27,229 - Vaild 36: auc:80.51474858365297,f1:73.46252544022651,recall:68.07149885208264,precision:79.78089563713242,acc:72.37854017959936
2022-07-13 05:59:12,364 - Train 37: auc:81.44047393105969,f1:74.21181950049832,recall:67.75100220710779,precision:82.0347524460879,acc:73.25555811395093
2022-07-13 05:59:41,592 - Vaild 37: auc:80.48725915623139,f1:73.06437921636957,recall:67.04657264676943,precision:80.26897025620889,acc:72.23578171770666
2022-07-13 06:06:26,600 - Train 38: auc:81.43336714822753,f1:74.46438228209036,recall:68.22575559659475,precision:81.95876846490991,acc:73.4223654923632
2022-07-13 06:06:56,005 - Vaild 38: auc:80.45317764119618,f1:72.93024917388587,recall:66.95637914070187,precision:80.07452441655226,acc:72.08381303246604
2022-07-13 06:13:43,093 - Train 39: auc:81.43979726150732,f1:74.22899226030643,recall:67.73658844196207,precision:82.0978959896055,acc:73.2852355002942
2022-07-13 06:14:12,285 - Vaild 39: auc:80.48003998906952,f1:73.15663079249312,recall:67.4401443096097,precision:79.93197278911565,acc:72.20354593598894
2022-07-13 06:20:57,164 - Train 40: auc:81.44438925375322,f1:74.3999881843827,recall:68.06990676095671,precision:82.02809501063875,acc:73.3931997850948
2022-07-13 06:21:26,158 - Vaild 40: auc:80.48888973533144,f1:73.25483225949789,recall:67.5877336831748,precision:79.9592588999903,acc:72.28183283444623
2022-07-13 06:28:12,415 - Train 41: auc:81.45384577436678,f1:74.27582329792585,recall:67.84288995991172,precision:82.05650653213769,acc:73.30877273773889
2022-07-13 06:28:41,506 - Vaild 41: auc:80.49559337074932,f1:73.1598645517733,recall:67.31715316497213,precision:80.11319281811085,acc:72.25880727607644
2022-07-13 06:35:30,232 - Train 42: auc:81.45782879762575,f1:74.28577064767646,recall:67.84829512184136,precision:82.07288102347275,acc:73.32054135646123
2022-07-13 06:35:59,882 - Vaild 42: auc:80.50471057332953,f1:73.31854480922803,recall:67.75172187602493,precision:79.88205723124516,acc:72.30485839281603
2022-07-13 06:42:45,538 - Train 43: auc:81.4527785861863,f1:74.35853229627952,recall:67.99513535426333,precision:82.0359541769015,acc:73.36454575690126
2022-07-13 06:43:15,054 - Vaild 43: auc:80.50119746352526,f1:73.27789389425,recall:67.55493604460479,precision:80.06024681760762,acc:72.32788395118581
2022-07-13 06:50:02,679 - Train 44: auc:81.46712464543162,f1:74.41940630724685,recall:68.06990676095671,precision:82.07531798876856,acc:73.42031877606365
2022-07-13 06:50:31,577 - Vaild 44: auc:80.50407315730521,f1:73.28855477959164,recall:67.54673663496227,precision:80.09722897423433,acc:72.34630439788164
2022-07-13 06:57:11,042 - Train 45: auc:81.46757239744555,f1:74.34777894954712,recall:67.9554975001126,precision:82.06751743420695,acc:73.36505743597615
2022-07-13 06:57:39,411 - Vaild 45: auc:80.51107138229109,f1:73.2660052498109,recall:67.51393899639227,precision:80.08948545861297,acc:72.32788395118581
2022-07-13 07:04:25,805 - Train 46: auc:81.47038658564671,f1:74.34205663659255,recall:67.95729922075581,precision:82.05094737758054,acc:73.35635889170312
2022-07-13 07:04:54,745 - Vaild 46: auc:80.50975003610014,f1:73.22978325693177,recall:67.45654312889472,precision:80.08371459164802,acc:72.30025328114206
2022-07-13 07:11:43,070 - Train 47: auc:81.47491355547402,f1:74.44102342143833,recall:68.17350569794154,precision:81.97761962020516,acc:73.41008519456597
2022-07-13 07:12:12,521 - Vaild 47: auc:80.5072038174949,f1:73.2473309608541,recall:67.50573958674975,precision:80.05639828860366,acc:72.30485839281603
2022-07-13 07:18:59,490 - Train 48: auc:81.46796789358568,f1:74.227465375943,recall:67.76361425161028,precision:82.05449864735142,acc:73.27244352342211
2022-07-13 07:19:28,471 - Vaild 48: auc:80.51135391263699,f1:73.37414603850588,recall:67.80911774352246,precision:79.93427411560023,acc:72.36011973290353
2022-07-13 07:26:08,409 - Train 49: auc:81.45760229148648,f1:74.40484103654904,recall:68.06630331967028,precision:82.04512878425922,acc:73.40138665029293
2022-07-13 07:26:37,499 - Vaild 49: auc:80.50775940308368,f1:73.25172490540842,recall:67.46474253853722,precision:80.12464699581264,acc:72.32788395118581
2022-07-13 07:34:16,867 - ASSIST2012-Test Best Model: auc:73.9487052747804,f1:70.99989443799343,recall:61.347325367602934,precision:84.2571652743804,acc:65.202
2022-07-13 07:42:18,842 - EdNet-Test Best Model: auc:65.4333424864939,f1:58.738908938827464,recall:55.650059093175926,precision:62.19080193000672,acc:61.852333333333334
2022-07-13 07:49:29,080 - ASSIST2009NSB-Test Best Model: auc:80.72785183344917,f1:73.71588780314922,recall:67.63346456235702,precision:81.00043116037774,acc:72.31266666666667
2022-07-13 07:49:31,991 - ************************
2022-07-13 07:49:31,992 - new_DATA_NAME:EdNet
2022-07-13 07:49:37,690 - Checkpoint path:Checkpoints/add_trian/2022-07-13-01-25-02_EdNet.pth.tar
2022-07-13 08:01:50,472 - Train 0: auc:65.54745676390472,f1:58.318560233529816,recall:54.39333477450528,precision:62.85436513026864,acc:61.949665753612656
2022-07-13 08:02:43,628 - Vaild 0: auc:65.61088010764401,f1:57.606514134984806,recall:52.97405610630669,precision:63.12680658539651,acc:61.951570983762636
2022-07-13 08:02:43,643 - At 【0】 Epoceh Get Best Model!
2022-07-13 08:14:58,811 - Train 1: auc:65.62092247411839,f1:57.221854785372074,recall:51.812663227329296,precision:63.89213101053329,acc:62.0883394044753
2022-07-13 08:15:51,964 - Vaild 1: auc:65.6385267061456,f1:56.63695991058562,recall:50.76987977219996,precision:64.0372464250083,acc:62.06222176475129
2022-07-13 08:15:51,977 - At 【1】 Epoceh Get Best Model!
2022-07-13 08:28:03,138 - Train 2: auc:65.61522854834378,f1:56.333400411043414,recall:49.88519312677834,precision:64.69607649991666,acc:62.152958466526755
2022-07-13 08:28:55,705 - Vaild 2: auc:65.6469145301,f1:55.97959795979598,recall:49.19320818392744,precision:64.93804816928859,acc:62.24492421708139
2022-07-13 08:28:55,718 - At 【2】 Epoceh Get Best Model!
2022-07-13 08:41:08,576 - Train 3: auc:65.65691780808159,f1:55.53352377751638,recall:48.27147005381025,precision:65.3675440886758,acc:62.16925619456628
2022-07-13 08:42:01,097 - Vaild 3: auc:65.64377242546001,f1:55.22675217590473,recall:47.679814385150806,precision:65.61207459545751,acc:62.273230230822676
2022-07-13 08:54:11,310 - Train 4: auc:65.66999808018682,f1:54.88233305906734,recall:46.96039308938577,precision:66.01941747572816,acc:62.214718278044955
2022-07-13 08:55:03,793 - Vaild 4: auc:65.6333326661838,f1:54.640709281418566,recall:46.4722632356043,precision:66.29306454039417,acc:62.3478551761406
2022-07-13 09:07:14,793 - Train 5: auc:65.70224576882508,f1:54.23134979435267,recall:45.76032531535374,precision:66.5511058995471,acc:62.20070795043203
2022-07-13 09:08:07,238 - Vaild 5: auc:65.62623841617912,f1:54.06389255005334,recall:45.42290655979751,precision:66.76484266005271,acc:62.33241553228173
2022-07-13 09:20:15,250 - Train 6: auc:65.71348451387885,f1:53.59457866823808,recall:44.636211197906015,precision:67.05166799778829,acc:62.17211544509953
2022-07-13 09:21:07,646 - Vaild 6: auc:65.62520231141444,f1:53.4766159030935,recall:44.34718413836743,precision:67.33925854752182,acc:62.34528190216412
2022-07-13 09:33:13,695 - Train 7: auc:65.69356578885692,f1:53.031479728076434,recall:43.68620623170539,precision:67.46305285381742,acc:62.13008446226075
2022-07-13 09:34:06,207 - Vaild 7: auc:65.629870547091,f1:52.935316988528655,recall:43.434929339801734,precision:67.75520276383976,acc:62.309256066493404
2022-07-13 09:46:23,359 - Train 8: auc:65.72317289947883,f1:52.472526488156035,recall:42.78060494166175,precision:67.84211989252293,acc:62.07404315180904
2022-07-13 09:47:16,389 - Vaild 8: auc:65.64094861262775,f1:52.403050462437115,recall:42.5754060324826,precision:68.12927179141,acc:62.25779058696379
2022-07-13 09:59:33,134 - Train 9: auc:65.74495494695927,f1:51.909944747380386,recall:41.88201475837973,precision:68.25162574146188,acc:62.02400626747717
2022-07-13 10:00:26,267 - Vaild 9: auc:65.6597959400213,f1:51.83340433201167,recall:41.70533642691415,precision:68.4584090712369,acc:62.17544581971642
2022-07-13 10:00:26,281 - At 【9】 Epoceh Get Best Model!
2022-07-13 10:12:43,138 - Train 10: auc:65.73515679750386,f1:51.36704687905444,recall:41.05879397278522,precision:68.58640276395151,acc:61.952239079092585
2022-07-13 10:13:36,367 - Vaild 10: auc:65.68599803436123,f1:51.19449407716233,recall:40.793081628348446,precision:68.71558003197727,acc:62.04420884691593
2022-07-13 10:13:36,381 - At 【10】 Epoceh Get Best Model!
2022-07-13 10:25:51,526 - Train 11: auc:65.7538856640777,f1:51.10910412582329,recall:40.66792477082445,precision:68.76364534452951,acc:61.92336064870676
2022-07-13 10:26:44,613 - Vaild 11: auc:65.68855404213794,f1:51.14584713207048,recall:40.71925754060325,precision:68.75,acc:62.03906229896297
2022-07-13 10:26:44,626 - At 【11】 Epoceh Get Best Model!
2022-07-13 10:39:00,340 - Train 12: auc:65.79224003023867,f1:51.062171116741375,recall:40.56509520498723,precision:68.88853610620522,acc:61.94823612834603
2022-07-13 10:39:53,530 - Vaild 12: auc:65.69104432437895,f1:51.11840143155384,recall:40.67179919848133,precision:68.78623026843842,acc:62.04163557293945
2022-07-13 10:39:53,543 - At 【12】 Epoceh Get Best Model!
2022-07-13 10:52:04,361 - Train 13: auc:65.77144643980188,f1:51.04081189583418,recall:40.520691528830255,precision:68.93898729647522,acc:61.95738573005244
2022-07-13 10:52:56,615 - Vaild 13: auc:65.69343336809332,f1:51.02501161016386,recall:40.55578991773887,precision:68.78018243605794,acc:62.00818301124521
2022-07-13 10:52:56,628 - At 【13】 Epoceh Get Best Model!
2022-07-13 11:05:00,577 - Train 14: auc:65.790038088879,f1:51.000357073177916,recall:40.47278229929246,precision:68.93010667091227,acc:61.94080207695959
2022-07-13 11:05:52,970 - Vaild 14: auc:65.69580147504428,f1:50.96958427413999,recall:40.47141953174436,precision:68.82173601147777,acc:62.00303646329225
2022-07-13 11:05:52,983 - At 【14】 Epoceh Get Best Model!
2022-07-13 11:18:01,367 - Train 15: auc:65.77953338153148,f1:50.940872596233554,recall:40.38748050035932,precision:68.96049481245012,acc:61.93050877503988
2022-07-13 11:18:53,829 - Vaild 15: auc:65.69844997561106,f1:50.927218344965105,recall:40.40286859312381,precision:68.86571993528672,acc:62.00303646329225
2022-07-13 11:18:53,843 - At 【15】 Epoceh Get Best Model!
2022-07-13 11:31:03,776 - Train 16: auc:65.78794487100556,f1:50.902706829590336,recall:40.317369432743035,precision:69.02532709158564,acc:61.93851467653298
2022-07-13 11:31:56,250 - Vaild 16: auc:65.70090275719363,f1:50.85512743727957,recall:40.29740561063067,precision:68.90892696122634,acc:61.992743367386325
2022-07-13 11:31:56,264 - At 【16】 Epoceh Get Best Model!
2022-07-13 11:44:03,238 - Train 17: auc:65.79418433300536,f1:50.80341678330458,recall:40.187079698756115,precision:69.04260017666427,acc:61.91049402130714
2022-07-13 11:44:55,414 - Vaild 17: auc:65.70305473844168,f1:50.80432972522897,recall:40.218308373760806,precision:68.95398246089866,acc:61.990170093409844
2022-07-13 11:44:55,429 - At 【17】 Epoceh Get Best Model!
2022-07-13 11:57:03,784 - Train 18: auc:65.79552532470579,f1:50.80060590386819,recall:40.16838341405844,precision:69.08745591028308,acc:61.923932498813414
2022-07-13 11:57:56,076 - Vaild 18: auc:65.70504147827246,f1:50.728454742457075,recall:40.118118540392324,precision:68.96926842534675,acc:61.969583901598
2022-07-13 11:57:56,089 - At 【18】 Epoceh Get Best Model!
2022-07-13 12:09:57,823 - Train 19: auc:65.77594057127557,f1:50.712174842530025,recall:40.053868670285176,precision:69.09950409224692,acc:61.89791331896083
2022-07-13 12:10:50,157 - Vaild 19: auc:65.70701138918584,f1:50.705635071564416,recall:40.07066019827041,precision:69.0253429012626,acc:61.97987699750392
2022-07-13 12:10:50,172 - At 【19】 Epoceh Get Best Model!
2022-07-13 12:23:00,044 - Train 20: auc:65.79667299912829,f1:50.609726743174136,recall:39.92416319519506,precision:69.10560061487429,acc:61.86531786288179
2022-07-13 12:23:52,782 - Vaild 20: auc:65.70909857247635,f1:50.65633454691205,recall:39.98628981227589,precision:69.09339407744875,acc:61.98502354545688
2022-07-13 12:23:52,796 - At 【20】 Epoceh Get Best Model!
2022-07-13 12:36:06,439 - Train 21: auc:65.8269887074857,f1:50.61607579733997,recall:39.88969192028372,precision:69.2328753232267,acc:61.907920695827215
2022-07-13 12:36:58,876 - Vaild 21: auc:65.71092391371353,f1:50.58193979933111,recall:39.875553680658086,precision:69.14776883686906,acc:61.97730372352744
2022-07-13 12:36:58,889 - At 【21】 Epoceh Get Best Model!
2022-07-13 12:49:05,263 - Train 22: auc:65.81503830738515,f1:50.580961952833235,recall:39.842366949642724,precision:69.24412583010093,acc:61.89962886928079
2022-07-13 12:49:57,829 - Vaild 22: auc:65.7111593860459,f1:50.57863402234263,recall:39.87028053153343,precision:69.15127126394732,acc:61.97730372352744
2022-07-13 12:49:57,842 - At 【22】 Epoceh Get Best Model!
2022-07-13 13:01:59,620 - Train 23: auc:65.79106925831185,f1:50.590783334940404,recall:39.850546574197956,precision:69.25623191348936,acc:61.90677699561391
2022-07-13 13:02:52,044 - Vaild 23: auc:65.71141977047647,f1:50.580325785195846,recall:39.87028053153343,precision:69.1575962681789,acc:61.97987699750392
2022-07-13 13:02:52,058 - At 【23】 Epoceh Get Best Model!
2022-07-13 13:14:50,696 - Train 24: auc:65.82110829226482,f1:50.58445147624542,recall:39.8347715839843,precision:69.28016908507092,acc:61.91220957162709
2022-07-13 13:15:42,125 - Vaild 24: auc:65.71174813313242,f1:50.572021141366164,recall:39.859734233284115,precision:69.15827996340347,acc:61.97730372352744
2022-07-13 13:15:42,139 - At 【24】 Epoceh Get Best Model!
2022-07-13 13:27:42,708 - Train 25: auc:65.8250760738184,f1:50.57119005658102,recall:39.817828075977026,precision:69.28167696811971,acc:61.908206620880534
2022-07-13 13:28:34,153 - Vaild 25: auc:65.71198532810988,f1:50.57040580776822,recall:39.85446108415946,precision:69.16811567676397,acc:61.97987699750392
2022-07-13 13:28:34,166 - At 【25】 Epoceh Get Best Model!
2022-07-13 13:40:25,460 - Train 26: auc:65.79475240565533,f1:50.57547152315425,recall:39.83301880729389,precision:69.25178774581505,acc:61.900200719387435
2022-07-13 13:41:17,906 - Vaild 26: auc:65.71220569416994,f1:50.55209797229472,recall:39.83336848766083,precision:69.16315693096502,acc:61.97215717557448
2022-07-13 13:41:17,921 - At 【26】 Epoceh Get Best Model!
2022-07-13 13:53:19,601 - Train 27: auc:65.78985863664685,f1:50.62388063022141,recall:39.882680813522086,precision:69.28323488216309,acc:61.92650582429333
2022-07-13 13:54:11,991 - Vaild 27: auc:65.71243387838848,f1:50.53878589117195,recall:39.817549040286856,precision:69.16101850155705,acc:61.96701062762152
2022-07-13 13:54:12,004 - At 【27】 Epoceh Get Best Model!
2022-07-13 14:06:19,438 - Train 28: auc:65.79077562556272,f1:50.51781183697087,recall:39.7862780955497,precision:69.17685063846646,acc:61.85702603633536
2022-07-13 14:07:12,381 - Vaild 28: auc:65.71268339690388,f1:50.53885802262534,recall:39.8122758911622,precision:69.17720359171706,acc:61.97215717557448
2022-07-13 14:07:12,394 - At 【28】 Epoceh Get Best Model!
2022-07-13 14:19:17,969 - Train 29: auc:65.79902011288294,f1:50.57094189641032,recall:39.80906419252499,precision:69.30729325602685,acc:61.916212522373634
2022-07-13 14:20:10,136 - Vaild 29: auc:65.71286984010683,f1:50.52053693971145,recall:39.791183294663576,precision:69.17224310202586,acc:61.96443735364504
2022-07-13 14:20:10,150 - At 【29】 Epoceh Get Best Model!
2022-07-13 14:32:15,662 - Train 30: auc:65.81729769642575,f1:50.58483004304587,recall:39.821917888254646,precision:69.32050486661309,acc:61.925076199026705
2022-07-13 14:33:07,946 - Vaild 30: auc:65.71309206132315,f1:50.512219618346165,recall:39.78063699641426,precision:69.17293233082707,acc:61.96186407966856
2022-07-13 14:33:07,959 - At 【30】 Epoceh Get Best Model!
2022-07-13 14:45:14,372 - Train 31: auc:65.79371784030046,f1:50.53598661239393,recall:39.7868623544465,precision:69.24328391597014,acc:61.88418891640123
2022-07-13 14:46:06,595 - Vaild 31: auc:65.71326896372256,f1:50.507214838126494,recall:39.775363847289604,precision:69.17010545621275,acc:61.95929080569208
2022-07-13 14:46:06,608 - At 【31】 Epoceh Get Best Model!
2022-07-13 14:58:12,238 - Train 32: auc:65.80345811676678,f1:50.548651286371104,recall:39.79328920231133,precision:69.27137364984439,acc:61.89734146885419
2022-07-13 14:59:04,428 - Vaild 32: auc:65.71346481521792,f1:50.50058597019923,recall:39.76481754904029,precision:69.17713971195303,acc:61.95929080569208
2022-07-13 14:59:04,442 - At 【32】 Epoceh Get Best Model!
2022-07-13 15:11:09,562 - Train 33: auc:65.80876849310538,f1:50.52123552123552,recall:39.75414385622557,precision:69.28708898913474,acc:61.89305259305431
2022-07-13 15:12:01,904 - Vaild 33: auc:65.71373129516186,f1:50.50234427327528,recall:39.75954439991563,precision:69.19970631424376,acc:61.96701062762152
2022-07-13 15:12:01,918 - At 【33】 Epoceh Get Best Model!
2022-07-13 15:24:06,731 - Train 34: auc:65.80125681173355,f1:50.50033801603162,recall:39.716751286830224,precision:69.32215661679975,acc:61.89705554380086
2022-07-13 15:24:58,827 - Vaild 34: auc:65.71394848095407,f1:50.48901393354769,recall:39.74372495254166,precision:69.1975762027176,acc:61.96186407966856
2022-07-13 15:24:58,841 - At 【34】 Epoceh Get Best Model!
2022-07-13 15:37:04,627 - Train 35: auc:65.79722685667113,f1:50.51199352724384,recall:39.75823366850319,precision:69.23992673992674,acc:61.87503931469484
2022-07-13 15:37:56,756 - Vaild 35: auc:65.71420343242706,f1:50.4756800214391,recall:39.72790550516769,precision:69.19544452608376,acc:61.9567175317156
2022-07-13 15:37:56,769 - At 【35】 Epoceh Get Best Model!
2022-07-13 15:50:03,368 - Train 36: auc:65.79595823769621,f1:50.44183387046471,recall:39.687538341990106,precision:69.19073083778966,acc:61.835867582389305
2022-07-13 15:50:55,623 - Vaild 36: auc:65.71446712963663,f1:50.47236180904522,recall:39.72263235604303,precision:69.19897115561271,acc:61.9567175317156
2022-07-13 15:50:55,637 - At 【36】 Epoceh Get Best Model!
2022-07-13 16:02:59,830 - Train 37: auc:65.80164507554683,f1:50.48992852501624,recall:39.72434665248865,precision:69.25984027381632,acc:61.87389561448153
2022-07-13 16:03:52,295 - Vaild 37: auc:65.71470207192436,f1:50.469043151969984,recall:39.717359206918374,precision:69.20249908122014,acc:61.9567175317156
2022-07-13 16:03:52,308 - At 【37】 Epoceh Get Best Model!
2022-07-13 16:15:54,722 - Train 38: auc:65.81648623791337,f1:50.528919726031475,recall:39.740705901599114,precision:69.35689449480479,acc:61.917642147640265
2022-07-13 16:16:47,114 - Vaild 38: auc:65.71489156288402,f1:50.45570298887547,recall:39.7015397595444,precision:69.20036764705883,acc:61.951570983762636
2022-07-13 16:16:47,128 - At 【38】 Epoceh Get Best Model!
2022-07-13 16:28:43,480 - Train 39: auc:65.80548191617058,f1:50.47111474253032,recall:39.69922351992615,precision:69.26542844910192,acc:61.869320813628335
2022-07-13 16:29:34,635 - Vaild 39: auc:65.71519488093061,f1:50.4573936936635,recall:39.7015397595444,precision:69.20672855961026,acc:61.95414425773912
2022-07-13 16:29:34,649 - At 【39】 Epoceh Get Best Model!
2022-07-13 16:41:34,573 - Train 40: auc:65.82967482455466,f1:50.51429590309172,recall:39.72551517028226,precision:69.3480611141709,acc:61.909922171200485
2022-07-13 16:42:27,471 - Vaild 40: auc:65.71533043984789,f1:50.4523825480866,recall:39.69626661041975,precision:69.20389777532635,acc:61.951570983762636
2022-07-13 16:42:27,485 - At 【40】 Epoceh Get Best Model!
2022-07-13 16:54:39,147 - Train 41: auc:65.79133046295009,f1:50.461442434870484,recall:39.67702168184766,precision:69.29662547577016,acc:61.8758970898548
2022-07-13 16:55:31,664 - Vaild 41: auc:65.71559506463561,f1:50.45413412876629,recall:39.690993461295086,precision:69.22652441828382,acc:61.95929080569208
2022-07-13 16:55:31,677 - At 【41】 Epoceh Get Best Model!
2022-07-13 17:07:44,218 - Train 42: auc:65.81473834735932,f1:50.48086213303604,recall:39.68403278860929,precision:69.34849861654227,acc:61.89877109412081
2022-07-13 17:08:37,027 - Vaild 42: auc:65.7158351748586,f1:50.44912186620191,recall:39.68572031217043,precision:69.22369389256806,acc:61.9567175317156
2022-07-13 17:08:37,041 - At 【42】 Epoceh Get Best Model!
2022-07-13 17:20:49,180 - Train 43: auc:65.81342940262826,f1:50.47775727034042,recall:39.70798740337818,precision:69.26377366951345,acc:61.871036363948285
2022-07-13 17:21:41,979 - Vaild 43: auc:65.71608933126461,f1:50.45250385466247,recall:39.68572031217043,precision:69.2364305427783,acc:61.96186407966856
2022-07-13 17:21:41,992 - At 【43】 Epoceh Get Best Model!
2022-07-13 17:33:52,964 - Train 44: auc:65.77447622712424,f1:50.424284774439585,recall:39.63086522900027,precision:69.29733153528666,acc:61.863602312561824
2022-07-13 17:34:45,546 - Vaild 44: auc:65.71633937982466,f1:50.454195018938755,recall:39.68572031217043,precision:69.24280062563253,acc:61.96443735364504
2022-07-13 17:34:45,559 - At 【44】 Epoceh Get Best Model!
2022-07-13 17:46:56,077 - Train 45: auc:65.80954739591441,f1:50.43969522393606,recall:39.644303183626725,precision:69.31445557905059,acc:61.87418153953486
2022-07-13 17:47:48,862 - Vaild 45: auc:65.71656491381998,f1:50.449182086350234,recall:39.68044716304577,precision:69.23997055576004,acc:61.96186407966856
2022-07-13 17:47:48,875 - At 【45】 Epoceh Get Best Model!
2022-07-13 17:59:55,983 - Train 46: auc:65.81456825190655,f1:50.438306256738166,recall:39.63437078238109,precision:69.3395888912739,acc:61.881615590921314
2022-07-13 18:00:48,038 - Vaild 46: auc:65.71678196710103,f1:50.445859872611464,recall:39.675174013921115,precision:69.24351187189399,acc:61.96186407966856
2022-07-13 18:00:48,052 - At 【46】 Epoceh Get Best Model!
2022-07-13 18:12:42,537 - Train 47: auc:65.79821928543859,f1:50.40030641196791,recall:39.59405691850172,precision:69.3193674433829,acc:61.86245861234853
2022-07-13 18:13:34,260 - Vaild 47: auc:65.71699809280396,f1:50.44755104093331,recall:39.675174013921115,precision:69.2498849516797,acc:61.96443735364504
2022-07-13 18:13:34,274 - At 【47】 Epoceh Get Best Model!
2022-07-13 18:25:38,347 - Train 48: auc:65.79960973884147,f1:50.45518584741888,recall:39.650730031491555,precision:69.35332229648252,acc:61.89162296778768
2022-07-13 18:26:30,717 - Vaild 48: auc:65.71719990730155,f1:50.42918454935622,recall:39.65408141742248,precision:69.24493554327809,acc:61.9567175317156
2022-07-13 18:26:30,731 - At 【48】 Epoceh Get Best Model!
2022-07-13 18:38:36,175 - Train 49: auc:65.80678404615638,f1:50.478031373132104,recall:39.67001057508603,precision:69.38066480692396,acc:61.907920695827215
2022-07-13 18:39:27,962 - Vaild 49: auc:65.71732870814967,f1:50.42416926533213,recall:39.64880826829783,precision:69.24210332443135,acc:61.95414425773912
2022-07-13 18:39:27,975 - At 【49】 Epoceh Get Best Model!
2022-07-13 18:47:13,927 - ASSIST2012-Test Best Model: auc:73.32855391514377,f1:55.12071298524711,recall:40.1859737217307,precision:87.72163306367105,acc:54.56166666666667
2022-07-13 18:55:17,747 - EdNet-Test Best Model: auc:65.6528295525212,f1:50.20477875180814,recall:39.35947096236482,precision:69.30007096719872,acc:61.904
2022-07-13 19:02:30,817 - ASSIST2009NSB-Test Best Model: auc:80.37393588907963,f1:63.75019221053094,recall:50.55394906455771,precision:86.269322235434,acc:66.996
2022-07-13 19:02:33,847 - ************************
2022-07-13 19:02:33,848 - new_DATA_NAME:ASSIST2012
2022-07-13 19:02:40,942 - Checkpoint path:Checkpoints/add_trian/2022-07-13-01-25-02_ASSIST2012.pth.tar
2022-07-13 19:11:31,640 - Train 0: auc:73.20417644847478,f1:53.752035544118534,recall:38.71845964920411,precision:87.87022308693423,acc:53.82666886117211
2022-07-13 19:12:09,149 - Vaild 0: auc:73.08722086224186,f1:54.24995465263922,recall:39.34641898647582,precision:87.32772716654988,acc:54.43838288955526
2022-07-13 19:12:09,162 - At 【0】 Epoceh Get Best Model!
2022-07-13 19:20:59,974 - Train 1: auc:73.211686973171,f1:53.813346410956264,recall:38.77290947426956,precision:87.9175149405661,acc:53.87564379965236
2022-07-13 19:21:38,301 - Vaild 1: auc:73.08897254508868,f1:54.27638737758432,recall:39.37273062148082,precision:87.33512314695926,acc:54.45644712597999
2022-07-13 19:21:38,315 - At 【1】 Epoceh Get Best Model!
2022-07-13 19:30:35,928 - Train 2: auc:73.19115882705512,f1:53.81728768069941,recall:38.794921105679,precision:87.82553961551575,acc:53.856776405319806
2022-07-13 19:31:15,124 - Vaild 2: auc:73.09036364086745,f1:54.29224241105429,recall:39.388517602483816,precision:87.33955659276546,acc:54.46728566783482
2022-07-13 19:31:15,138 - At 【2】 Epoceh Get Best Model!
2022-07-13 19:40:10,324 - Train 3: auc:73.22964412957852,f1:53.817930469098506,recall:38.786811557265,precision:87.87055627731192,acc:53.86761512121298
2022-07-13 19:40:46,260 - Vaild 3: auc:73.09173138491856,f1:54.31140764377403,recall:39.40956691048782,precision:87.33527696793003,acc:54.47812420968966
2022-07-13 19:40:46,276 - At 【3】 Epoceh Get Best Model!
2022-07-13 19:49:36,919 - Train 4: auc:73.21460323039094,f1:53.82770795425789,recall:38.81287796288144,precision:87.7890599410416,acc:53.85476923570995
2022-07-13 19:50:14,864 - Vaild 4: auc:73.09290261053391,f1:54.31803350010876,recall:39.420091564489816,precision:87.31786921552629,acc:54.47812420968966
2022-07-13 19:50:14,878 - At 【4】 Epoceh Get Best Model!
2022-07-13 19:59:08,196 - Train 5: auc:73.21393620379725,f1:53.82254643614628,recall:38.806506174841864,precision:87.79420244273209,acc:53.85276206610011
2022-07-13 19:59:46,000 - Vaild 5: auc:73.09398922404502,f1:54.33521821081629,recall:39.44114087249382,precision:87.30343622597555,acc:54.48534990425955
2022-07-13 19:59:46,013 - At 【5】 Epoceh Get Best Model!
2022-07-13 20:08:36,160 - Train 6: auc:73.19752576342754,f1:53.86607354352269,recall:38.858638986074745,precision:87.7591868238249,acc:53.87162946043267
2022-07-13 20:09:13,714 - Vaild 6: auc:73.0950797800556,f1:54.35239544828585,recall:39.462190180497814,precision:87.28902339657782,acc:54.49257559882944
2022-07-13 20:09:13,727 - At 【6】 Epoceh Get Best Model!
2022-07-13 20:18:04,378 - Train 7: auc:73.2241103316423,f1:53.8942736230115,recall:38.87601658981904,precision:87.82026118133521,acc:53.903342740268236
2022-07-13 20:18:42,626 - Vaild 7: auc:73.09619368779389,f1:54.36098126607965,recall:39.47271483449982,precision:87.28182452874098,acc:54.49618844611438
2022-07-13 20:18:42,640 - At 【7】 Epoceh Get Best Model!
2022-07-13 20:27:34,461 - Train 8: auc:73.21014635864441,f1:53.882477654371556,recall:38.865010774114324,precision:87.8137842577808,acc:53.89451119398492
2022-07-13 20:28:11,442 - Vaild 8: auc:73.09724512207882,f1:54.38208760552155,recall:39.49376414250382,precision:87.28774133519424,acc:54.51063983525416
2022-07-13 20:28:12,794 - At 【8】 Epoceh Get Best Model!
2022-07-13 20:37:06,001 - Train 9: auc:73.23234432664474,f1:53.91596260721514,recall:38.8876016589819,precision:87.87632860359182,acc:53.929837379118204
2022-07-13 20:37:43,358 - Vaild 9: auc:73.09829928578651,f1:54.3926384813245,recall:39.50428879650582,precision:87.29069767441861,acc:54.51786552982405
2022-07-13 20:37:43,371 - At 【9】 Epoceh Get Best Model!
2022-07-13 20:46:37,698 - Train 10: auc:73.20799616489928,f1:53.929897072691155,recall:38.92467388030307,precision:87.76136556569891,acc:53.91177285262959
2022-07-13 20:47:16,276 - Vaild 10: auc:73.0992655014288,f1:54.42231075697212,recall:39.53586275851181,precision:87.28941559196002,acc:54.53592976624878
2022-07-13 20:47:16,292 - At 【10】 Epoceh Get Best Model!
2022-07-13 20:56:12,141 - Train 11: auc:73.23079148637136,f1:53.98697687854314,recall:38.97275191732895,precision:87.8192995966742,acc:53.96074779110984
2022-07-13 20:56:50,705 - Vaild 11: auc:73.10016742400262,f1:54.43615557325994,recall:39.551649739514815,precision:87.28370688654047,acc:54.54315546081867
2022-07-13 20:56:50,719 - At 【11】 Epoceh Get Best Model!
2022-07-13 21:05:43,328 - Train 12: auc:73.23478098463485,f1:54.04087198925055,recall:39.021988461271114,precision:87.85456252689785,acc:54.002496918994645
2022-07-13 21:06:20,233 - Vaild 12: auc:73.10105721580881,f1:54.44472607451932,recall:39.56217439351681,precision:87.27652658462968,acc:54.54676830810362
2022-07-13 21:06:20,246 - At 【12】 Epoceh Get Best Model!
2022-07-13 21:15:12,733 - Train 13: auc:73.21604216442694,f1:53.97173108016481,recall:38.96174610162423,precision:87.79449962800047,acc:53.94549330207501
2022-07-13 21:15:49,474 - Vaild 13: auc:73.10194427819228,f1:54.44408240107165,recall:39.56743672051781,precision:87.24762125783244,acc:54.53954261353373
2022-07-13 21:15:49,487 - At 【13】 Epoceh Get Best Model!
2022-07-13 21:24:38,476 - Train 14: auc:73.23267876596235,f1:54.0008743327197,recall:38.995922055654674,precision:87.77527152300611,acc:53.95914205542197
2022-07-13 21:25:16,491 - Vaild 14: auc:73.10283801249794,f1:54.44935196582434,recall:39.57269904751881,precision:87.24910082376147,acc:54.54315546081867
2022-07-13 21:25:16,505 - At 【14】 Epoceh Get Best Model!
2022-07-13 21:34:05,655 - Train 15: auc:73.2218881733946,f1:54.010435675411195,recall:39.00345235061054,precision:87.78764292512483,acc:53.96797360170529
2022-07-13 21:34:43,690 - Vaild 15: auc:73.1037960398721,f1:54.46515837104074,recall:39.588486028521814,precision:87.25353746230573,acc:54.55399400267351
2022-07-13 21:34:43,704 - At 【15】 Epoceh Get Best Model!
2022-07-13 21:43:31,278 - Train 16: auc:73.2332680219599,f1:54.018199099268905,recall:39.011561899024535,precision:87.78758293468202,acc:53.97279080876892
2022-07-13 21:44:09,245 - Vaild 16: auc:73.10461516995677,f1:54.480961343564495,recall:39.60427300952481,precision:87.25797101449275,acc:54.56483254452834
2022-07-13 21:44:09,259 - At 【16】 Epoceh Get Best Model!
2022-07-13 21:52:58,047 - Train 17: auc:73.25882818773229,f1:54.17845266236627,recall:39.164484811974326,precision:87.86028016737272,acc:54.08960808006198
2022-07-13 21:53:34,625 - Vaild 17: auc:73.10545552888486,f1:54.49676088451376,recall:39.620059990527814,precision:87.26240148354195,acc:54.57567108638318
2022-07-13 21:53:34,640 - At 【17】 Epoceh Get Best Model!
2022-07-13 22:02:23,408 - Train 18: auc:73.23442413144816,f1:54.080164192685885,recall:39.07354201904585,precision:87.80116365340311,acc:54.014539936653726
2022-07-13 22:03:01,425 - Vaild 18: auc:73.10636654953441,f1:54.521113000687485,recall:39.64637162553281,precision:87.25967106787121,acc:54.59012247552296
2022-07-13 22:03:01,439 - At 【18】 Epoceh Get Best Model!
2022-07-13 22:11:49,975 - Train 19: auc:73.22234692674142,f1:54.05849622372241,recall:39.05616441530156,precision:87.77468235784211,acc:53.99486967447723
2022-07-13 22:12:28,045 - Vaild 19: auc:73.10728272576019,f1:54.536903039073806,recall:39.662158606535804,precision:87.26409632974412,acc:54.60096101737779
2022-07-13 22:12:28,058 - At 【19】 Epoceh Get Best Model!
2022-07-13 22:21:17,034 - Train 20: auc:73.24477137404955,f1:54.044586242554935,recall:39.0526888945527,precision:87.71891019802753,acc:53.97319224269089
2022-07-13 22:21:55,038 - Vaild 20: auc:73.10817312410475,f1:54.563212154096576,recall:39.688470241540806,precision:87.2714649386716,acc:54.61902525380252
2022-07-13 22:21:55,052 - At 【20】 Epoceh Get Best Model!
2022-07-13 22:30:44,552 - Train 21: auc:73.21740610024811,f1:54.100916658984424,recall:39.09323663662272,precision:87.81112976046424,acc:54.02979442568856
2022-07-13 22:31:21,174 - Vaild 21: auc:73.10898649207485,f1:54.56847283512985,recall:39.69373256854181,precision:87.27293763739442,acc:54.62263810108746
2022-07-13 22:31:21,188 - At 【21】 Epoceh Get Best Model!
2022-07-13 22:40:10,020 - Train 22: auc:73.24947633604287,f1:54.16266025641027,recall:39.154637503185896,precision:87.8267761550855,acc:54.071944987495336
2022-07-13 22:40:48,276 - Vaild 22: auc:73.10980744177469,f1:54.600028930999564,recall:39.72530653054781,precision:87.2817666782287,acc:54.644315184797144
2022-07-13 22:40:48,290 - At 【22】 Epoceh Get Best Model!
2022-07-13 22:49:40,777 - Train 23: auc:73.25337751957176,f1:54.18955933940958,recall:39.1922889779652,precision:87.77893098079917,acc:54.0775650624029
2022-07-13 22:50:19,039 - Vaild 23: auc:73.11062808820533,f1:54.621058721434764,recall:39.74635583855181,precision:87.28764590315498,acc:54.65876657393692
2022-07-13 22:50:19,053 - At 【23】 Epoceh Get Best Model!
2022-07-13 22:59:14,429 - Train 24: auc:73.24588063332479,f1:54.23063677790858,recall:39.22356866470493,precision:87.83759242443897,acc:54.11690558675589
2022-07-13 22:59:52,692 - Vaild 24: auc:73.11140233444978,f1:54.62762111352133,recall:39.75688049255381,precision:87.27041700358092,acc:54.65876657393692
2022-07-13 22:59:52,705 - At 【24】 Epoceh Get Best Model!
2022-07-13 23:08:46,813 - Train 25: auc:73.24436632233329,f1:54.2286565347597,recall:39.22936119928636,precision:87.79817465256171,acc:54.10646830478469
2022-07-13 23:09:25,170 - Vaild 25: auc:73.1122505783768,f1:54.63615659906734,recall:39.76740514655581,precision:87.26327944572748,acc:54.662379421221864
2022-07-13 23:09:25,183 - At 【25】 Epoceh Get Best Model!
2022-07-13 23:18:17,846 - Train 26: auc:73.25728498261994,f1:54.27760724533859,recall:39.280335503602956,precision:87.79957273256943,acc:54.13737871677633
2022-07-13 23:18:55,871 - Vaild 26: auc:73.11306091365496,f1:54.65191932335719,recall:39.783192127558806,precision:87.26769017661317,acc:54.6732179630767
2022-07-13 23:18:55,885 - At 【26】 Epoceh Get Best Model!
2022-07-13 23:27:37,136 - Train 27: auc:73.23860293562892,f1:54.199604347373395,recall:39.19924001946292,precision:87.79677729053685,acc:54.08800234437411
2022-07-13 23:28:14,355 - Vaild 27: auc:73.11392189488801,f1:54.649943976578584,recall:39.783192127558806,precision:87.25761772853186,acc:54.669605115791754
2022-07-13 23:28:14,369 - At 【27】 Epoceh Get Best Model!
2022-07-13 23:36:49,627 - Train 28: auc:73.23854984755813,f1:54.29450676100189,recall:39.295396093514675,precision:87.81277102507346,acc:54.15102747012328
2022-07-13 23:37:27,633 - Vaild 28: auc:73.11469432151732,f1:54.66570292735814,recall:39.7989791085618,precision:87.26202838352371,acc:54.68044365764659
2022-07-13 23:37:27,647 - At 【28】 Epoceh Get Best Model!
2022-07-13 23:46:12,496 - Train 29: auc:73.23700719919447,f1:54.29012790344011,recall:39.290182812391386,precision:87.81589849818747,acc:54.14902030051343
2022-07-13 23:46:49,148 - Vaild 29: auc:73.11563657889353,f1:54.67948254679483,recall:39.814766089564806,precision:87.25637181409296,acc:54.68766935221648
2022-07-13 23:46:50,487 - At 【29】 Epoceh Get Best Model!
2022-07-13 23:55:34,315 - Train 30: auc:73.24299603124476,f1:54.26764847126621,recall:39.274542969021525,precision:87.77639687224898,acc:54.12573713303922
2022-07-13 23:56:10,968 - Vaild 30: auc:73.11648209339783,f1:54.69128219950144,recall:39.8305530705678,precision:87.24066390041494,acc:54.69128219950142
2022-07-13 23:56:10,981 - At 【30】 Epoceh Get Best Model!
2022-07-14 00:04:53,093 - Train 31: auc:73.25478105651072,f1:54.34930383947923,recall:39.36606501540814,precision:87.74693350548742,acc:54.169894864455834
2022-07-14 00:05:30,990 - Vaild 31: auc:73.11732760790214,f1:54.73653797536928,recall:39.877914013576806,precision:87.24384066313608,acc:54.720184977780995
2022-07-14 00:05:31,004 - At 【31】 Epoceh Get Best Model!
2022-07-14 00:14:15,591 - Train 32: auc:73.24379311736264,f1:54.28202266517859,recall:39.30176788155425,precision:87.71573735310469,acc:54.12051849205361
2022-07-14 00:14:53,240 - Vaild 32: auc:73.11824439066633,f1:54.75554271683397,recall:39.89896332158081,precision:87.23967322517548,acc:54.731023519635826
2022-07-14 00:14:53,254 - At 【32】 Epoceh Get Best Model!
2022-07-14 00:23:35,536 - Train 33: auc:73.25726700380335,f1:54.33480239635907,recall:39.34926666512199,precision:87.75481203978815,acc:54.16266905386039
2022-07-14 00:24:13,681 - Vaild 33: auc:73.11906382402022,f1:54.76929742219654,recall:39.9147503025838,precision:87.2340425531915,acc:54.738249214205716
2022-07-14 00:24:13,695 - At 【33】 Epoceh Get Best Model!
2022-07-14 00:32:57,889 - Train 34: auc:73.23689630015751,f1:54.2612829264584,recall:39.275122222479666,precision:87.74020730618425,acc:54.11329268145817
2022-07-14 00:33:35,708 - Vaild 34: auc:73.11990509275586,f1:54.781070642168714,recall:39.9305372835868,precision:87.2183908045977,acc:54.741862061490664
2022-07-14 00:33:35,721 - At 【34】 Epoceh Get Best Model!
2022-07-14 00:42:25,279 - Train 35: auc:73.23516895514976,f1:54.329864749214174,recall:39.34694965128942,precision:87.74057712676638,acc:54.156246111108885
2022-07-14 00:43:02,216 - Vaild 35: auc:73.12073362418548,f1:54.80005774505558,recall:39.951586591590804,precision:87.21424468696152,acc:54.752700603345495
2022-07-14 00:43:02,230 - At 【35】 Epoceh Get Best Model!
2022-07-14 00:51:51,729 - Train 36: auc:73.24619329505755,f1:54.33601843037813,recall:39.34637039783128,precision:87.77556663996072,acc:54.16828912876795
2022-07-14 00:52:29,434 - Vaild 36: auc:73.1215482052323,f1:54.80658198614318,recall:39.9621112455928,precision:87.19715237111035,acc:54.752700603345495
2022-07-14 00:52:29,447 - At 【36】 Epoceh Get Best Model!
2022-07-14 01:01:19,421 - Train 37: auc:73.26294643886493,f1:54.41652042868049,recall:39.426886628513174,precision:87.79521972990055,acc:54.22328557607775
2022-07-14 01:01:57,293 - Vaild 37: auc:73.1224446689607,f1:54.815082085513254,recall:39.9726358995948,precision:87.19008264462809,acc:54.756313450630444
2022-07-14 01:01:57,307 - At 【37】 Epoceh Get Best Model!
2022-07-14 01:10:44,591 - Train 38: auc:73.23900722986397,f1:54.42844180087702,recall:39.43615468384346,precision:87.8113270820704,acc:54.234525725892894
2022-07-14 01:11:22,644 - Vaild 38: auc:73.12324802904746,f1:54.821602510913095,recall:39.983160553596804,precision:87.17301514456173,acc:54.756313450630444
2022-07-14 01:11:22,657 - At 【38】 Epoceh Get Best Model!
2022-07-14 01:20:16,810 - Train 39: auc:73.24819513989456,f1:54.35958533065204,recall:39.379967098403576,precision:87.73147849427676,acc:54.17270490190962
2022-07-14 01:20:54,015 - Vaild 39: auc:73.12407807682303,f1:54.83207676490747,recall:39.9936852075988,precision:87.1759577884836,acc:54.76353914520033
2022-07-14 01:20:54,028 - At 【39】 Epoceh Get Best Model!
2022-07-14 01:29:44,755 - Train 40: auc:73.25063960751598,f1:54.402456627175646,recall:39.40661275747816,precision:87.82257335760299,acc:54.22087697254594
2022-07-14 01:30:23,260 - Vaild 40: auc:73.12491722267434,f1:54.842549507629045,recall:40.0042098616008,precision:87.1788990825688,acc:54.77076483977022
2022-07-14 01:30:23,277 - At 【40】 Epoceh Get Best Model!
2022-07-14 01:39:17,537 - Train 41: auc:73.27121767164377,f1:54.43818675279098,recall:39.44542273917375,precision:87.8161067767103,acc:54.24175153648834
2022-07-14 01:39:56,017 - Vaild 41: auc:73.12576334371703,f1:54.863490460561906,recall:40.0252591696048,precision:87.18477762494268,acc:54.78521622891
2022-07-14 01:39:56,031 - At 【41】 Epoceh Get Best Model!
2022-07-14 01:48:40,978 - Train 42: auc:73.23376461906813,f1:54.45021157234815,recall:39.46801362404134,precision:87.76680020094547,acc:54.23773719726864
2022-07-14 01:49:18,669 - Vaild 42: auc:73.12657822803305,f1:54.879192210602234,recall:40.0410461506078,precision:87.18918299530193,acc:54.79605477076483
2022-07-14 01:49:18,682 - At 【42】 Epoceh Get Best Model!
2022-07-14 01:58:00,892 - Train 43: auc:73.25668809121176,f1:54.44507033250636,recall:39.47090989133205,precision:87.72578049565497,acc:54.224891311765624
2022-07-14 01:58:38,452 - Vaild 43: auc:73.12740190715562,f1:54.88767893844878,recall:40.051570804609796,precision:87.18213058419244,acc:54.79966761804979
2022-07-14 01:58:38,465 - At 【43】 Epoceh Get Best Model!
2022-07-14 02:07:20,741 - Train 44: auc:73.24472434204105,f1:54.53529000698813,recall:39.554322389304666,precision:87.78233426319917,acc:54.29474081418828
2022-07-14 02:07:57,877 - Vaild 44: auc:73.12823377454633,f1:54.89616383040092,recall:40.06209545861179,precision:87.17508301843581,acc:54.80328046533472
2022-07-14 02:07:57,891 - At 【44】 Epoceh Get Best Model!
2022-07-14 02:16:36,564 - Train 45: auc:73.25222210696624,f1:54.4727528381628,recall:39.495238536574064,precision:87.74935008107899,acc:54.24777304531787
2022-07-14 02:17:13,818 - Vaild 45: auc:73.12910173097077,f1:54.91185695230541,recall:40.0778824396148,precision:87.17948717948718,acc:54.81411900718957
2022-07-14 02:17:13,832 - At 【45】 Epoceh Get Best Model!
2022-07-14 02:25:39,150 - Train 46: auc:73.26863935330466,f1:54.47741523223771,recall:39.506823605736926,precision:87.7163875813463,acc:54.24295583825425
2022-07-14 02:26:15,550 - Vaild 46: auc:73.12993086893877,f1:54.92231714790382,recall:40.088407093616794,precision:87.18242160677501,acc:54.82134470175946
2022-07-14 02:26:15,563 - At 【46】 Epoceh Get Best Model!
2022-07-14 02:34:40,765 - Train 47: auc:73.24990871389386,f1:54.53710616992138,recall:39.56069417734424,precision:87.76037316405598,acc:54.29072647496859
2022-07-14 02:35:15,839 - Vaild 47: auc:73.13070329556807,f1:54.948461039429105,recall:40.114718728621796,precision:87.18975180144115,acc:54.839408938184185
2022-07-14 02:35:15,852 - At 【47】 Epoceh Get Best Model!
2022-07-14 02:43:44,125 - Train 48: auc:73.25086548462619,f1:54.594499688751974,recall:39.62557056465627,precision:87.73855940898831,acc:54.32163688696022
2022-07-14 02:44:20,172 - Vaild 48: auc:73.13161219333328,f1:54.96936936936937,recall:40.1357680366258,precision:87.1956099234023,acc:54.853860327323964
2022-07-14 02:44:20,185 - At 【48】 Epoceh Get Best Model!
2022-07-14 02:52:50,915 - Train 49: auc:73.25405684766032,f1:54.629385807419474,recall:39.65627099793786,precision:87.76826235224739,acc:54.35054012934201
2022-07-14 02:53:28,182 - Vaild 49: auc:73.13239978342212,f1:54.98306550407147,recall:40.151555017628795,precision:87.19003542452292,acc:54.861086021893854
2022-07-14 02:53:28,195 - At 【49】 Epoceh Get Best Model!
2022-07-14 03:01:11,265 - ASSIST2012-Test Best Model: auc:73.37261454516965,f1:55.95734392765196,recall:41.1100816575376,precision:87.59192774658115,acc:55.065333333333335
2022-07-14 03:09:02,492 - EdNet-Test Best Model: auc:65.6886213587129,f1:50.612057621718954,recall:39.93947219204941,precision:69.06846240179574,acc:61.96733333333333
2022-07-14 03:16:03,956 - ASSIST2009NSB-Test Best Model: auc:80.39484960857004,f1:64.26993606049689,recall:51.27454737600019,precision:86.08893178516763,acc:67.27233333333334
