2022-07-13 00:56:28,176 - model_info:累加训练['ASSIST2012', 'EdNet', 'ASSIST2009NSB']
2022-07-13 00:56:28,178 - Model:MyModel(
  (kp_embd): Linear(in_features=16, out_features=16, bias=True)
  (q_embd): Linear(in_features=16, out_features=16, bias=True)
  (pos_embd_kp): Embedding(5, 16)
  (pos_embd_q): Embedding(5, 16)
  (tf_encoder_kp): TFEncoder(
    (encoder): TransformerEncoder(
      (layers): ModuleList(
        (0): TransformerEncoderLayer(
          (self_attn): MultiheadAttention(
            (out_proj): NonDynamicallyQuantizableLinear(in_features=16, out_features=16, bias=True)
          )
          (linear1): Linear(in_features=16, out_features=128, bias=True)
          (dropout): Dropout(p=0.1, inplace=False)
          (linear2): Linear(in_features=128, out_features=16, bias=True)
          (norm1): LayerNorm((16,), eps=1e-05, elementwise_affine=True)
          (norm2): LayerNorm((16,), eps=1e-05, elementwise_affine=True)
          (dropout1): Dropout(p=0.1, inplace=False)
          (dropout2): Dropout(p=0.1, inplace=False)
        )
        (1): TransformerEncoderLayer(
          (self_attn): MultiheadAttention(
            (out_proj): NonDynamicallyQuantizableLinear(in_features=16, out_features=16, bias=True)
          )
          (linear1): Linear(in_features=16, out_features=128, bias=True)
          (dropout): Dropout(p=0.1, inplace=False)
          (linear2): Linear(in_features=128, out_features=16, bias=True)
          (norm1): LayerNorm((16,), eps=1e-05, elementwise_affine=True)
          (norm2): LayerNorm((16,), eps=1e-05, elementwise_affine=True)
          (dropout1): Dropout(p=0.1, inplace=False)
          (dropout2): Dropout(p=0.1, inplace=False)
        )
        (2): TransformerEncoderLayer(
          (self_attn): MultiheadAttention(
            (out_proj): NonDynamicallyQuantizableLinear(in_features=16, out_features=16, bias=True)
          )
          (linear1): Linear(in_features=16, out_features=128, bias=True)
          (dropout): Dropout(p=0.1, inplace=False)
          (linear2): Linear(in_features=128, out_features=16, bias=True)
          (norm1): LayerNorm((16,), eps=1e-05, elementwise_affine=True)
          (norm2): LayerNorm((16,), eps=1e-05, elementwise_affine=True)
          (dropout1): Dropout(p=0.1, inplace=False)
          (dropout2): Dropout(p=0.1, inplace=False)
        )
        (3): TransformerEncoderLayer(
          (self_attn): MultiheadAttention(
            (out_proj): NonDynamicallyQuantizableLinear(in_features=16, out_features=16, bias=True)
          )
          (linear1): Linear(in_features=16, out_features=128, bias=True)
          (dropout): Dropout(p=0.1, inplace=False)
          (linear2): Linear(in_features=128, out_features=16, bias=True)
          (norm1): LayerNorm((16,), eps=1e-05, elementwise_affine=True)
          (norm2): LayerNorm((16,), eps=1e-05, elementwise_affine=True)
          (dropout1): Dropout(p=0.1, inplace=False)
          (dropout2): Dropout(p=0.1, inplace=False)
        )
      )
      (norm): LayerNorm((16,), eps=1e-05, elementwise_affine=True)
    )
  )
  (tf_encoder_q): TFEncoder(
    (encoder): TransformerEncoder(
      (layers): ModuleList(
        (0): TransformerEncoderLayer(
          (self_attn): MultiheadAttention(
            (out_proj): NonDynamicallyQuantizableLinear(in_features=16, out_features=16, bias=True)
          )
          (linear1): Linear(in_features=16, out_features=128, bias=True)
          (dropout): Dropout(p=0.1, inplace=False)
          (linear2): Linear(in_features=128, out_features=16, bias=True)
          (norm1): LayerNorm((16,), eps=1e-05, elementwise_affine=True)
          (norm2): LayerNorm((16,), eps=1e-05, elementwise_affine=True)
          (dropout1): Dropout(p=0.1, inplace=False)
          (dropout2): Dropout(p=0.1, inplace=False)
        )
        (1): TransformerEncoderLayer(
          (self_attn): MultiheadAttention(
            (out_proj): NonDynamicallyQuantizableLinear(in_features=16, out_features=16, bias=True)
          )
          (linear1): Linear(in_features=16, out_features=128, bias=True)
          (dropout): Dropout(p=0.1, inplace=False)
          (linear2): Linear(in_features=128, out_features=16, bias=True)
          (norm1): LayerNorm((16,), eps=1e-05, elementwise_affine=True)
          (norm2): LayerNorm((16,), eps=1e-05, elementwise_affine=True)
          (dropout1): Dropout(p=0.1, inplace=False)
          (dropout2): Dropout(p=0.1, inplace=False)
        )
        (2): TransformerEncoderLayer(
          (self_attn): MultiheadAttention(
            (out_proj): NonDynamicallyQuantizableLinear(in_features=16, out_features=16, bias=True)
          )
          (linear1): Linear(in_features=16, out_features=128, bias=True)
          (dropout): Dropout(p=0.1, inplace=False)
          (linear2): Linear(in_features=128, out_features=16, bias=True)
          (norm1): LayerNorm((16,), eps=1e-05, elementwise_affine=True)
          (norm2): LayerNorm((16,), eps=1e-05, elementwise_affine=True)
          (dropout1): Dropout(p=0.1, inplace=False)
          (dropout2): Dropout(p=0.1, inplace=False)
        )
        (3): TransformerEncoderLayer(
          (self_attn): MultiheadAttention(
            (out_proj): NonDynamicallyQuantizableLinear(in_features=16, out_features=16, bias=True)
          )
          (linear1): Linear(in_features=16, out_features=128, bias=True)
          (dropout): Dropout(p=0.1, inplace=False)
          (linear2): Linear(in_features=128, out_features=16, bias=True)
          (norm1): LayerNorm((16,), eps=1e-05, elementwise_affine=True)
          (norm2): LayerNorm((16,), eps=1e-05, elementwise_affine=True)
          (dropout1): Dropout(p=0.1, inplace=False)
          (dropout2): Dropout(p=0.1, inplace=False)
        )
      )
      (norm): LayerNorm((16,), eps=1e-05, elementwise_affine=True)
    )
  )
  (LayerMask_kp): LayerMask(
    (embeding): Sequential(
      (c_fc1): Linear(in_features=16, out_features=32, bias=True)
      (c_relu1): ReLU(inplace=True)
      (c_fc2): Linear(in_features=32, out_features=32, bias=True)
      (c_relu2): ReLU(inplace=True)
      (c_fc3): Linear(in_features=32, out_features=16, bias=True)
    )
  )
  (LayerMask_q): LayerMask(
    (embeding): Sequential(
      (c_fc1): Linear(in_features=16, out_features=32, bias=True)
      (c_relu1): ReLU(inplace=True)
      (c_fc2): Linear(in_features=32, out_features=32, bias=True)
      (c_relu2): ReLU(inplace=True)
      (c_fc3): Linear(in_features=32, out_features=16, bias=True)
    )
  )
  (class_classifier): Sequential(
    (c_fc1): Linear(in_features=46, out_features=92, bias=True)
    (c_relu1): ReLU(inplace=True)
    (c_fc3): Linear(in_features=92, out_features=46, bias=True)
    (c_relu3): ReLU(inplace=True)
    (c_fc4): Linear(in_features=46, out_features=10, bias=True)
    (c_relu4): ReLU(inplace=True)
    (c_fc5): Linear(in_features=10, out_features=1, bias=True)
    (c_sigmoid): Sigmoid()
  )
)
2022-07-13 00:56:28,179 - BATCH_SIZE:2048；LR:0.001；MEMORY_LEN：5；EPOCH_NUM：50；NHEAD：2
2022-07-13 00:56:28,179 - optimizer:Adam (
Parameter Group 0
    amsgrad: False
    betas: (0.9, 0.999)
    eps: 1e-08
    lr: 0.001
    maximize: False
    weight_decay: 0
)
2022-07-13 00:56:28,180 - loss_func:BCEWithLogitsLoss()
2022-07-13 00:56:28,181 - ITEM_COL:['stu_kp_now_acc', 'stu_kp_now_use_time', 'stu_kp_now_len', 'stu_q_now_acc', 'stu_q_now_time', 'stu_q_now_len', 'q_now_acc', 'q_now_use_time', 'q_now_len', 'kp_now_acc', 'kp_now_use_time', 'kp_now_len', 'last_kp_time_passed', 'last_q_time_passed']
2022-07-13 00:56:28,182 - ITEM_AN_COL:['stu_kp_now_acc_an', 'stu_kp_now_use_time_an', 'stu_kp_now_len_an', 'stu_q_now_acc_an', 'stu_q_now_time_an', 'stu_q_now_len_an', 'q_now_acc_an', 'q_now_use_time_an', 'q_now_len_an', 'kp_now_acc_an', 'kp_now_use_time_an', 'kp_now_len_an', 'last_kp_time_passed', 'last_q_time_passed', 'use_time', 'is_right']
2022-07-13 00:56:28,183 - ************************
2022-07-13 00:56:28,184 - new_DATA_NAME:ASSIST2012
2022-07-13 00:56:34,132 - Checkpoint path:Checkpoints/add_trian/2022-07-13-00-56-28_ASSIST2012.pth.tar
2022-07-13 01:04:58,842 - Train 0: auc:70.32986973872218,f1:79.97259723716323,recall:84.18695984615027,precision:76.16005785223575,acc:70.77842051809063
2022-07-13 01:05:35,210 - Vaild 0: auc:74.45562482709107,f1:79.10850253807106,recall:78.72967426195864,precision:79.49099410233251,acc:71.45128075436251
2022-07-13 01:05:35,223 - At 【0】 Epoceh Get Best Model!
2022-07-13 01:14:03,543 - Train 1: auc:74.44850294865728,f1:79.48832314469037,recall:78.97194096248754,precision:80.01150281995152,acc:71.7547078163199
2022-07-13 01:14:40,027 - Vaild 1: auc:75.02281676084873,f1:77.38416616164399,recall:73.91464505604378,precision:81.1954448234002,acc:70.33852379059937
2022-07-13 01:14:40,040 - At 【1】 Epoceh Get Best Model!
2022-07-13 01:23:04,900 - Train 2: auc:74.85577237674894,f1:79.7401703819892,recall:79.21406890799139,precision:80.27330680097207,acc:72.10435676235514
2022-07-13 01:23:40,935 - Vaild 2: auc:75.28558829382862,f1:79.27423866997042,recall:78.28763879387465,precision:80.28602266594712,acc:71.89566097041077
2022-07-13 01:23:40,949 - At 【2】 Epoceh Get Best Model!
2022-07-13 01:32:16,333 - Train 3: auc:74.91956703544041,f1:79.78059214459223,recall:79.23781829977526,precision:80.33085320664524,acc:72.16577615241643
2022-07-13 01:32:52,129 - Vaild 3: auc:75.34479189874341,f1:78.75538793103448,recall:76.91943377361468,precision:80.68112822211184,acc:71.50908631092163
2022-07-13 01:32:52,143 - At 【3】 Epoceh Get Best Model!
2022-07-13 01:41:20,952 - Train 4: auc:75.04245690529325,f1:79.9547110940356,recall:79.56104172941913,precision:80.35229559601255,acc:72.35324579397609
2022-07-13 01:41:57,493 - Vaild 4: auc:75.31881992523226,f1:76.84751060504578,recall:72.45171814976584,precision:81.8111593083368,acc:70.02781892409408
2022-07-13 01:50:25,237 - Train 5: auc:75.17054844029501,f1:79.94285297762227,recall:79.41101508376005,precision:80.48186263862064,acc:72.38495907381164
2022-07-13 01:51:01,856 - Vaild 5: auc:75.50444189892416,f1:80.06942435637836,recall:80.11366626322159,precision:80.02523128679563,acc:72.61823042739984
2022-07-13 01:51:01,869 - At 【5】 Epoceh Get Best Model!
2022-07-13 01:59:25,720 - Train 6: auc:75.36898877048009,f1:80.11624653125948,recall:79.60390648532172,precision:80.63522425892458,acc:72.61658644678792
2022-07-13 02:00:01,771 - Vaild 6: auc:75.56664483613723,f1:81.53053715967623,recall:84.54454559806346,precision:78.72402979223834,acc:73.70208461288341
2022-07-13 02:00:01,784 - At 【6】 Epoceh Get Best Model!
2022-07-13 02:08:25,377 - Train 7: auc:75.44133643738671,f1:80.2181769469788,recall:79.78115804351353,precision:80.6600099557846,acc:72.73099511454917
2022-07-13 02:09:01,372 - Vaild 7: auc:75.61396756722817,f1:80.08123648256581,recall:79.8873862021786,precision:80.27602982391201,acc:72.71577730409335
2022-07-13 02:09:01,386 - At 【7】 Epoceh Get Best Model!
2022-07-13 02:17:30,145 - Train 8: auc:75.60363029812731,f1:80.31698174706649,recall:79.93176394263074,precision:80.70593051818926,acc:72.8494181215301
2022-07-13 02:18:06,750 - Vaild 8: auc:75.4890552332532,f1:79.8157365244096,recall:79.32431721307161,precision:80.3132825403591,acc:72.4556522995773
2022-07-13 02:26:35,067 - Train 9: auc:75.59501198745681,f1:80.34959415867988,recall:79.93350170300518,precision:80.7700412062184,acc:72.90481600276186
2022-07-13 02:27:11,984 - Vaild 9: auc:75.65699873599827,f1:79.57195847676994,recall:78.45603325790664,precision:80.72008662696264,acc:72.343654033744
2022-07-13 02:27:11,998 - At 【9】 Epoceh Get Best Model!
2022-07-13 02:35:38,639 - Train 10: auc:75.62966865042704,f1:80.37007474904016,recall:79.90685604393059,precision:80.83869531076029,acc:72.9489737341785
2022-07-13 02:36:15,591 - Vaild 10: auc:75.39948619405827,f1:81.79597592606584,recall:85.46545282323844,precision:78.42862661773228,acc:73.88272697713067
2022-07-13 02:44:42,408 - Train 11: auc:75.68274513175469,f1:80.36975191534871,recall:79.87557635719085,precision:80.87008028713353,acc:72.95900958222772
2022-07-13 02:45:18,952 - Vaild 11: auc:75.50028316850896,f1:80.16435325414176,recall:80.0820923012156,precision:80.24678337903396,acc:72.7916470970772
2022-07-13 02:53:46,684 - Train 12: auc:75.6934672442334,f1:80.47953979085636,recall:80.06557149146181,precision:80.89781107339343,acc:73.08305266411622
2022-07-13 02:54:23,570 - Vaild 12: auc:75.76979789194915,f1:80.40788507916537,recall:80.70830921433458,precision:80.10968921389396,acc:72.9975793923191
2022-07-13 02:54:23,583 - At 【12】 Epoceh Get Best Model!
2022-07-13 03:02:48,212 - Train 13: auc:75.89452487274082,f1:80.65406358983913,recall:80.24340230311175,precision:81.06894977703391,acc:73.32230728160991
2022-07-13 03:03:24,322 - Vaild 13: auc:75.76873796612686,f1:80.33477208127172,recall:80.3136346892596,precision:80.35592060232717,acc:73.00480508688898
2022-07-13 03:11:44,850 - Train 14: auc:75.90994494051164,f1:80.71121818372264,recall:80.34187539099608,precision:81.08397250023384,acc:73.38733957696894
2022-07-13 03:12:20,856 - Vaild 14: auc:75.76841377136176,f1:79.64568714815508,recall:78.54549281692364,precision:80.77714038315835,acc:72.43758806315257
2022-07-13 03:20:48,143 - Train 15: auc:75.92699177493478,f1:80.70559596536081,recall:80.27410273639333,precision:81.1417530300369,acc:73.40018546247194
2022-07-13 03:21:24,835 - Vaild 15: auc:75.77782967320172,f1:80.61448427212873,recall:81.18718097142556,precision:80.04981061588751,acc:73.19267314570614
2022-07-13 03:21:24,847 - At 【15】 Epoceh Get Best Model!
2022-07-13 03:29:54,132 - Train 16: auc:75.94853572229391,f1:80.7517388978063,recall:80.42992191663384,precision:81.07614153918018,acc:73.42748296916585
2022-07-13 03:30:31,115 - Vaild 16: auc:75.7472125254931,f1:79.85124186478949,recall:79.09277482502762,precision:80.62439652397812,acc:72.59655334369016
2022-07-13 03:38:56,692 - Train 17: auc:75.95860187119209,f1:80.74129683298999,recall:80.3662040362381,precision:81.11990738575237,acc:73.43069444054161
2022-07-13 03:39:32,561 - Vaild 17: auc:75.76134608286716,f1:80.27379228642884,recall:80.22943745724359,precision:80.31819618586029,acc:72.92893529390513
2022-07-13 03:47:59,555 - Train 18: auc:75.97241918825242,f1:80.6897234813615,recall:80.22139067170231,precision:81.16355665994655,acc:73.39055104834469
2022-07-13 03:48:36,622 - Vaild 18: auc:75.80460894929915,f1:80.26644901398068,recall:80.21365047624059,precision:80.31931710401517,acc:72.92170959933524
2022-07-13 03:48:36,635 - At 【18】 Epoceh Get Best Model!
2022-07-13 03:57:04,302 - Train 19: auc:75.98032228894931,f1:80.7160169809619,recall:80.34361315137052,precision:81.09188917406735,acc:73.39496682148635
2022-07-13 03:57:41,234 - Vaild 19: auc:75.80725618606677,f1:80.44270765034489,recall:80.70304688733357,precision:80.18404266443585,acc:73.05899779616315
2022-07-13 03:57:41,247 - At 【19】 Epoceh Get Best Model!
2022-07-13 04:06:03,963 - Train 20: auc:75.99024523602424,f1:80.73556338950682,recall:80.32565629416808,precision:81.14967550897397,acc:73.43430734583933
2022-07-13 04:06:40,016 - Vaild 20: auc:75.81286363340705,f1:80.40646990862304,recall:80.57148871230858,precision:80.24212567475499,acc:73.04093355973843
2022-07-13 04:06:40,029 - At 【20】 Epoceh Get Best Model!
2022-07-13 04:15:06,279 - Train 21: auc:75.9976198117798,f1:80.7113782079279,recall:80.28452929863991,precision:81.14279023476378,acc:73.40660840522347
2022-07-13 04:15:43,322 - Vaild 21: auc:75.83190226667517,f1:80.70724456266625,recall:81.42924801347155,precision:79.99793206844853,acc:73.27215578597492
2022-07-13 04:15:43,335 - At 【21】 Epoceh Get Best Model!
2022-07-13 04:24:13,799 - Train 22: auc:75.99835598504595,f1:80.742800951921,recall:80.38126462614981,precision:81.1076041849319,acc:73.4282858370098
2022-07-13 04:24:49,826 - Vaild 22: auc:75.84567068794337,f1:80.27533823878471,recall:80.0873546282166,precision:80.46420640795178,acc:72.97951515589436
2022-07-13 04:24:49,839 - At 【22】 Epoceh Get Best Model!
2022-07-13 04:33:21,446 - Train 23: auc:75.9879544196794,f1:80.77673403052161,recall:80.4681526448713,precision:81.08769123904807,acc:73.45759051331355
2022-07-13 04:33:58,071 - Vaild 23: auc:75.83579745616346,f1:80.49157560988391,recall:80.82408040835658,precision:80.16179540709813,acc:73.1023519635825
2022-07-13 04:42:26,319 - Train 24: auc:76.04393228508334,f1:80.84105629135223,recall:80.54229708751362,precision:81.1420401493931,acc:73.54309593869301
2022-07-13 04:43:03,381 - Vaild 24: auc:75.838541435803,f1:80.30578621325952,recall:80.1557648792296,precision:80.45637016691316,acc:73.00841793417392
2022-07-13 04:51:34,122 - Train 25: auc:76.02073187023355,f1:80.81526467875092,recall:80.43397669084085,precision:81.20018478775722,acc:73.53466582633166
2022-07-13 04:52:11,197 - Vaild 25: auc:75.83640278146856,f1:80.25548312175037,recall:80.0084197232016,precision:80.50407709414381,acc:72.97228946132446
2022-07-13 05:00:43,022 - Train 26: auc:76.05231544707358,f1:80.75408843125379,recall:80.31812599921221,precision:81.1948094535404,acc:73.46842922920672
2022-07-13 05:01:20,175 - Vaild 26: auc:75.8326000890835,f1:80.32959511398936,recall:80.28732305425459,precision:80.37191171047779,acc:73.00480508688898
2022-07-13 05:09:51,125 - Train 27: auc:76.04945266802729,f1:80.80736358424733,recall:80.42470863551056,precision:81.19367722995771,acc:73.52422854436045
2022-07-13 05:10:28,041 - Vaild 27: auc:75.83664964258998,f1:80.37801410971885,recall:80.33994632426459,precision:80.41611798788517,acc:73.06983633801799
2022-07-13 05:18:57,857 - Train 28: auc:76.04012425659397,f1:80.87176640519874,recall:80.59327139183021,precision:81.15219280594003,acc:73.57882355774828
2022-07-13 05:19:33,961 - Vaild 28: auc:75.83478514360415,f1:80.13745704467354,recall:79.76635268115561,precision:80.51203059435916,acc:72.85306550092128
2022-07-13 05:28:03,145 - Train 29: auc:76.03082553084937,f1:80.75734405266454,recall:80.29727287471906,precision:81.22271765815702,acc:73.48087368078777
2022-07-13 05:28:39,845 - Vaild 29: auc:75.83725891039455,f1:80.30686491616578,recall:80.1505025522286,precision:80.46383855459877,acc:73.01203078145888
2022-07-13 05:37:09,373 - Train 30: auc:76.04074437616353,f1:80.77682226013239,recall:80.36272851548924,precision:81.19520559970972,acc:73.49251526452488
2022-07-13 05:37:46,378 - Vaild 30: auc:75.83489644339723,f1:80.37963035991271,recall:80.44519286428459,precision:80.31417463486393,acc:73.03732071245348
2022-07-13 05:46:17,094 - Train 31: auc:76.03320247659549,f1:80.77790484837372,recall:80.39632521606154,precision:81.16312388526651,acc:73.48328228431959
2022-07-13 05:46:54,372 - Vaild 31: auc:75.8375215415139,f1:80.38627512893379,recall:80.38204494027259,precision:80.39050576285459,acc:73.06983633801799
2022-07-13 05:55:25,404 - Train 32: auc:76.03324879657166,f1:80.8397973744707,recall:80.56141245163234,precision:81.1201129211943,acc:73.53466582633166
2022-07-13 05:56:02,164 - Vaild 32: auc:75.83482396206058,f1:80.29639786931068,recall:80.1189285902226,precision:80.47465510862096,acc:73.00480508688898
2022-07-13 06:04:34,554 - Train 33: auc:76.04715256875019,f1:80.79564635353006,recall:80.40906879214069,precision:81.18595892013288,acc:73.5093754892476
2022-07-13 06:05:10,772 - Vaild 33: auc:75.83874735558364,f1:80.26166547967608,recall:80.0610429932116,precision:80.46329595938228,acc:72.96506376675458
2022-07-13 06:13:41,837 - Train 34: auc:76.03901859914188,f1:80.78079739151953,recall:80.3650455293218,precision:81.20087323465548,acc:73.49853677335442
2022-07-13 06:14:18,252 - Vaild 34: auc:75.83470932630641,f1:80.25531465949254,recall:80.0610429932116,precision:80.45053143672995,acc:72.95422522489974
2022-07-13 06:22:42,237 - Train 35: auc:76.05284104435003,f1:80.80778095969825,recall:80.41833684747098,precision:81.20101537093794,acc:73.52703858181424
2022-07-13 06:23:18,108 - Vaild 35: auc:75.83538319044865,f1:80.29939646311573,recall:80.16628953323159,precision:80.43294614572334,acc:72.99396654503414
2022-07-13 06:31:47,499 - Train 36: auc:76.043289819818,f1:80.8417769035134,recall:80.46293936374799,precision:81.22419862236724,acc:73.57039344538691
2022-07-13 06:32:24,358 - Vaild 36: auc:75.83675548353762,f1:80.2678759755326,recall:80.10314160921959,precision:80.43328929986791,acc:72.96145091946964
2022-07-13 06:40:52,162 - Train 37: auc:76.05073337938761,f1:80.82699003202436,recall:80.48263398132487,precision:81.17430549469809,acc:73.53868016555136
2022-07-13 06:41:28,291 - Vaild 37: auc:75.8369529117809,f1:80.25843881856541,recall:80.0768299742146,precision:80.44087328857641,acc:72.95422522489974
2022-07-13 06:49:55,815 - Train 38: auc:76.04064110874982,f1:80.76014620436574,recall:80.31175421117264,precision:81.21357318166109,acc:73.48087368078777
2022-07-13 06:50:30,826 - Vaild 38: auc:75.83719855982555,f1:80.38983896813512,recall:80.51886544229858,precision:80.26122534620227,acc:73.0300950178836
2022-07-13 06:58:48,576 - Train 39: auc:76.04827715565776,f1:80.81354078177185,recall:80.45309205495957,precision:81.17723383363725,acc:73.52543284612636
2022-07-13 06:59:24,764 - Vaild 39: auc:75.83730773673429,f1:80.3710809177157,recall:80.46624217228859,precision:80.27614447711045,acc:73.0156436287438
2022-07-13 07:07:55,152 - Train 40: auc:76.05853117504631,f1:80.85993008273252,recall:80.59037512453949,precision:81.13129428229874,acc:73.55955472949375
2022-07-13 07:08:32,341 - Vaild 40: auc:75.83816416892948,f1:80.21542848091241,recall:79.9452717991896,precision:80.48741721854304,acc:72.92532244662017
2022-07-13 07:17:01,199 - Train 41: auc:76.05079557616997,f1:80.73935688075802,recall:80.23355499432331,precision:81.25157649598471,acc:73.47123926666052
2022-07-13 07:17:37,277 - Vaild 41: auc:75.83750789440032,f1:80.23541210313793,recall:79.9926327421986,precision:80.47966963151208,acc:72.9433866830449
2022-07-13 07:25:57,919 - Train 42: auc:76.03951409790236,f1:80.73032479927724,recall:80.2306587270326,precision:81.23625358506501,acc:73.45678764546962
2022-07-13 07:26:34,331 - Vaild 42: auc:75.8371906748266,f1:80.26902281418963,recall:80.0768299742146,precision:80.46214043993231,acc:72.97228946132446
2022-07-13 07:34:57,334 - Train 43: auc:76.04779676486008,f1:80.7928889303106,recall:80.34361315137052,precision:81.24721760116216,acc:73.5262357139703
2022-07-13 07:35:33,566 - Vaild 43: auc:75.83720250232504,f1:80.2920477608793,recall:80.1505025522286,precision:80.4340937896071,acc:72.98674085046424
2022-07-13 07:44:00,161 - Train 44: auc:76.05360018065915,f1:80.80152805115245,recall:80.37373433119396,precision:81.23390005151984,acc:73.53105292103393
2022-07-13 07:44:36,160 - Vaild 44: auc:75.83710909541423,f1:80.32350694170024,recall:80.22417513024259,precision:80.42308503903777,acc:73.0156436287438
2022-07-13 07:53:04,514 - Train 45: auc:76.03576459619886,f1:80.8032193955195,recall:80.42760490280128,precision:81.18235875367623,acc:73.51619986592107
2022-07-13 07:53:41,639 - Vaild 45: auc:75.83762889880748,f1:80.32039627960899,recall:80.2083881492396,precision:80.43271767810026,acc:73.0156436287438
2022-07-13 08:02:12,387 - Train 46: auc:76.0584564040758,f1:80.78908372078129,recall:80.37141731736138,precision:81.21111377750204,acc:73.5105797910135
2022-07-13 08:02:49,774 - Vaild 46: auc:75.83771290437338,f1:80.32039627960899,recall:80.2083881492396,precision:80.43271767810026,acc:73.0156436287438
2022-07-13 08:11:20,542 - Train 47: auc:76.04963889478341,f1:80.83848881210204,recall:80.49595681086215,precision:81.1839484030776,acc:73.55393465458619
2022-07-13 08:11:57,243 - Vaild 47: auc:75.83812686681898,f1:80.33719704952583,recall:80.23996211124559,precision:80.43466793268978,acc:73.03370786516854
2022-07-13 08:20:29,293 - Train 48: auc:76.04947043096172,f1:80.82987793345262,recall:80.45367130841771,precision:81.20961942126775,acc:73.55313178674224
2022-07-13 08:21:05,392 - Vaild 48: auc:75.83842376735691,f1:80.32458636315734,recall:80.2189128032416,precision:80.4305387009972,acc:73.01925647602876
2022-07-13 08:29:37,089 - Train 49: auc:76.0520240667755,f1:80.8081572315697,recall:80.42760490280128,precision:81.19232793403894,acc:73.52462997828243
2022-07-13 08:30:13,891 - Vaild 49: auc:75.83804225471474,f1:80.31201412496375,recall:80.18733884123559,precision:80.4370777027027,acc:73.00841793417392
2022-07-13 08:38:02,656 - ASSIST2012-Test Best Model: auc:75.89741253740789,f1:80.67918814665272,recall:80.57597127344474,precision:80.78266979824427,acc:73.203
2022-07-13 08:46:09,059 - EdNet-Test Best Model: auc:65.08083459952219,f1:65.40621196057643,recall:79.65555168432631,precision:55.4813260436146,acc:58.88666666666666
2022-07-13 08:53:18,668 - ASSIST2009NSB-Test Best Model: auc:79.76470779047507,f1:76.83186127865241,recall:78.36811483120232,precision:75.35468021551604,acc:72.86833333333334
2022-07-13 08:53:21,697 - ************************
2022-07-13 08:53:21,698 - new_DATA_NAME:EdNet
2022-07-13 08:53:28,417 - Checkpoint path:Checkpoints/add_trian/2022-07-13-00-56-28_EdNet.pth.tar
2022-07-13 09:05:23,164 - Train 0: auc:65.25663126777123,f1:65.2274441799175,recall:77.79640914482026,precision:56.1549264293456,acc:59.40779202955321
2022-07-13 09:06:14,982 - Vaild 0: auc:65.42919829571142,f1:64.8680167754379,recall:76.2602826407931,precision:56.43707317073171,acc:59.68966315843648
2022-07-13 09:06:14,995 - At 【0】 Epoceh Get Best Model!
2022-07-13 09:18:10,119 - Train 1: auc:65.27761627468568,f1:64.58155266614727,recall:74.8272054312707,precision:56.80374693964446,acc:59.834106284060816
2022-07-13 09:19:01,942 - Vaild 1: auc:65.44749106389787,f1:64.2965343126004,recall:73.86099978907403,precision:56.92514020970495,acc:59.970150021872826
2022-07-13 09:19:01,955 - At 【1】 Epoceh Get Best Model!
2022-07-13 09:31:00,710 - Train 2: auc:65.31136171870233,f1:63.97293693209423,recall:72.3143079161238,precision:57.35688698787252,acc:60.14033201617192
2022-07-13 09:31:53,058 - Vaild 2: auc:65.47720602910515,f1:63.881420522292096,recall:72.0417633410673,precision:57.38166239657272,acc:60.24549033735622
2022-07-13 09:31:53,072 - At 【2】 Epoceh Get Best Model!
2022-07-13 09:43:54,380 - Train 3: auc:65.34303933247071,f1:63.401259332075774,recall:69.71260304866293,precision:58.137823839246124,acc:60.612680204264855
2022-07-13 09:44:46,795 - Vaild 3: auc:65.51040418267979,f1:63.25261859261231,recall:68.94115165576883,precision:58.43128491620112,acc:60.90939502328813
2022-07-13 09:44:46,809 - At 【3】 Epoceh Get Best Model!
2022-07-13 09:56:45,942 - Train 4: auc:65.38106871249262,f1:62.77441751676255,recall:67.03494452461774,precision:59.0230978959823,acc:61.09217651869092
2022-07-13 09:57:37,659 - Vaild 4: auc:65.55155618615791,f1:62.53957964546609,recall:66.13583632145117,precision:59.31425868999764,acc:61.336558503383856
2022-07-13 09:57:37,673 - At 【4】 Epoceh Get Best Model!
2022-07-13 10:09:33,822 - Train 5: auc:65.44692763752393,f1:61.981647766395454,recall:64.42622855039525,precision:59.71579893641218,acc:61.321488411457594
2022-07-13 10:10:25,423 - Vaild 5: auc:65.60007170231904,f1:61.76635848189201,recall:63.76291921535541,precision:59.891035165923725,acc:61.47808857209027
2022-07-13 10:10:25,438 - At 【5】 Epoceh Get Best Model!
2022-07-13 10:22:18,779 - Train 6: auc:65.49689376198306,f1:61.105870882694845,recall:61.88470234930502,precision:60.34639927073838,acc:61.446723584813945
2022-07-13 10:23:10,648 - Vaild 6: auc:65.6548588391999,f1:60.68566924996717,recall:60.90487238979119,precision:60.46803832260091,acc:61.490954941972674
2022-07-13 10:23:10,661 - At 【6】 Epoceh Get Best Model!
2022-07-13 10:35:05,601 - Train 7: auc:65.5602955460404,f1:60.1764834605899,recall:59.446589972948814,precision:60.92452321786773,acc:61.49504491882588
2022-07-13 10:35:57,398 - Vaild 7: auc:65.71651243940039,f1:59.91068546217584,recall:58.71651550305843,precision:61.15443760984183,acc:61.65307120249093
2022-07-13 10:35:57,411 - At 【7】 Epoceh Get Best Model!
2022-07-13 10:47:50,918 - Train 8: auc:65.59774556148086,f1:59.30681604617184,recall:57.15571083858679,precision:61.626170932525305,acc:61.615705291329036
2022-07-13 10:48:42,713 - Vaild 8: auc:65.78392007172734,f1:58.872351020859846,recall:56.10630668635309,precision:61.92527063205681,acc:61.74570906564421
2022-07-13 10:48:42,727 - At 【8】 Epoceh Get Best Model!
2022-07-13 11:00:39,248 - Train 9: auc:65.69253379988797,f1:58.46810012101928,recall:55.18442132077567,precision:62.167285364505176,acc:61.633146719581866
2022-07-13 11:01:31,084 - Vaild 9: auc:65.85402496872817,f1:58.04195804195804,recall:54.27125079097237,precision:62.375757575757575,acc:61.7096832299735
2022-07-13 11:01:31,097 - At 【9】 Epoceh Get Best Model!
2022-07-13 11:13:25,591 - Train 10: auc:65.71523665751441,f1:58.02827655699435,recall:54.17073213482359,precision:62.47734179688816,acc:61.650588147834696
2022-07-13 11:14:17,608 - Vaild 10: auc:65.86102142549633,f1:57.968313140726934,recall:54.11832946635731,precision:62.408026755852845,acc:61.70196340804406
2022-07-13 11:14:17,622 - At 【10】 Epoceh Get Best Model!
2022-07-13 11:26:14,831 - Train 11: auc:65.73018149365076,f1:57.98916330566185,recall:54.056801649947126,precision:62.538528091710376,acc:61.66974512640747
2022-07-13 11:27:06,682 - Vaild 11: auc:65.86804305938502,f1:57.87835926449787,recall:53.94431554524361,precision:62.43134383009886,acc:61.683950490208694
2022-07-13 11:27:06,695 - At 【11】 Epoceh Get Best Model!
2022-07-13 11:39:05,291 - Train 12: auc:65.7088921214995,f1:57.88035798398492,recall:53.845299929304666,precision:62.56916486187395,acc:61.64887259751474
2022-07-13 11:39:57,031 - Vaild 12: auc:65.87473699317357,f1:57.84252593390398,recall:53.80721366800253,precision:62.53217306042407,acc:61.72512287383237
2022-07-13 11:39:57,046 - At 【12】 Epoceh Get Best Model!
2022-07-13 11:51:53,522 - Train 13: auc:65.72613945820098,f1:57.7553236696728,recall:53.59991119264769,precision:62.60919414719371,acc:61.62742821851537
2022-07-13 11:52:44,998 - Vaild 13: auc:65.88098582197367,f1:57.80251611620708,recall:53.66483864163678,precision:62.63154655671118,acc:61.76372198347958
2022-07-13 11:52:45,011 - At 【13】 Epoceh Get Best Model!
2022-07-13 12:04:35,606 - Train 14: auc:65.72919401481587,f1:57.67752957381555,recall:53.455599245137506,precision:62.62354551676934,acc:61.608557164995915
2022-07-13 12:05:26,569 - Vaild 14: auc:65.8875802398806,f1:57.701280227596015,recall:53.47500527314912,precision:62.652909922154954,acc:61.74056251769125
2022-07-13 12:05:26,582 - At 【14】 Epoceh Get Best Model!
2022-07-13 12:17:18,387 - Train 15: auc:65.75614882527445,f1:57.67274978364823,recall:53.34283727805465,precision:62.76769079521783,acc:61.68203990370045
2022-07-13 12:18:09,947 - Vaild 15: auc:65.8933673997972,f1:57.61513907888737,recall:53.30099135203543,precision:62.68915901761349,acc:61.73026942178533
2022-07-13 12:18:09,959 - At 【15】 Epoceh Get Best Model!
2022-07-13 12:30:01,113 - Train 16: auc:65.75631678764327,f1:57.57535486238996,recall:53.1558744310779,precision:62.79636391245229,acc:61.66374070028764
2022-07-13 12:30:52,551 - Vaild 16: auc:65.8995823057402,f1:57.540033682527906,recall:53.14807002742038,precision:62.7232559586782,acc:61.72254959985589
2022-07-13 12:30:52,564 - At 【16】 Epoceh Get Best Model!
2022-07-13 12:42:45,178 - Train 17: auc:65.74491855857514,f1:57.46125044781135,recall:52.94729400491946,precision:62.81660266452248,acc:61.63543412000846
2022-07-13 12:43:36,520 - Vaild 17: auc:65.90530493272159,f1:57.45502388238995,recall:52.963509808057374,precision:62.778923682730166,acc:61.72254959985589
2022-07-13 12:43:36,533 - At 【17】 Epoceh Get Best Model!
2022-07-13 12:55:29,844 - Train 18: auc:65.76555600693818,f1:57.359411183573116,recall:52.749230238903465,precision:62.8526078360391,acc:61.61942231702226
2022-07-13 12:56:21,849 - Vaild 18: auc:65.9111303883636,f1:57.43345844196773,recall:52.85277367643957,precision:62.88349331827593,acc:61.76886853143254
2022-07-13 12:56:21,863 - At 【18】 Epoceh Get Best Model!
2022-07-13 13:08:20,825 - Train 19: auc:65.77874457067826,f1:57.257661704679585,recall:52.57570534655317,precision:62.85500747384155,acc:61.58625501083655
2022-07-13 13:09:12,915 - Vaild 19: auc:65.91688998595879,f1:57.37083811710677,recall:52.699852351824504,precision:62.95036533131771,acc:61.78173490131494
2022-07-13 13:09:12,928 - At 【19】 Epoceh Get Best Model!
2022-07-13 13:21:03,331 - Train 20: auc:65.77344588540649,f1:57.25352673945962,recall:52.46352763836711,precision:63.006076425433974,acc:61.66173922491437
2022-07-13 13:21:54,817 - Vaild 20: auc:65.92270311806287,f1:57.269406655353905,recall:52.49947268508753,precision:62.992723821575446,acc:61.76886853143254
2022-07-13 13:21:54,831 - At 【20】 Epoceh Get Best Model!
2022-07-13 13:33:46,992 - Train 21: auc:65.77649633943349,f1:57.16629481028941,recall:52.31979994975373,precision:63.002335791073335,acc:61.63028746904862
2022-07-13 13:34:37,447 - Vaild 21: auc:65.9232713259195,f1:57.24231178619716,recall:52.46256064121493,precision:62.980312717604605,acc:61.753428887573655
2022-07-13 13:34:37,461 - At 【21】 Epoceh Get Best Model!
2022-07-13 13:46:26,695 - Train 22: auc:65.7730479491043,f1:57.12798137151873,recall:52.24735184655024,precision:63.014403292181065,acc:61.623425267768816
2022-07-13 13:47:18,464 - Vaild 22: auc:65.92378507168912,f1:57.227529059730685,recall:52.4414680447163,precision:62.97492401215805,acc:61.74570906564421
2022-07-13 13:47:18,477 - At 【22】 Epoceh Get Best Model!
2022-07-13 13:59:13,492 - Train 23: auc:65.78583485346006,f1:57.16082246522524,recall:52.31629439637292,precision:62.99412571669774,acc:61.62428304292879
2022-07-13 14:00:04,181 - Vaild 23: auc:65.92420884238071,f1:57.22589928057554,recall:52.430921746466986,precision:62.98619029519828,acc:61.750855613597174
2022-07-13 14:00:04,193 - At 【23】 Epoceh Get Best Model!
2022-07-13 14:11:57,688 - Train 24: auc:65.77823917699952,f1:57.16046426233695,recall:52.29642959388164,precision:63.022080153209224,acc:61.63829337054172
2022-07-13 14:12:49,219 - Vaild 24: auc:65.92485456926627,f1:57.211123265588114,recall:52.39928285171904,precision:62.99606948142513,acc:61.750855613597174
2022-07-13 14:12:49,232 - At 【24】 Epoceh Get Best Model!
2022-07-13 14:24:44,186 - Train 25: auc:65.78536013758557,f1:57.111179983321556,recall:52.21697038391652,precision:63.01772644582646,acc:61.61942231702226
2022-07-13 14:25:35,265 - Vaild 25: auc:65.92545696500234,f1:57.21113702456017,recall:52.38873655346973,precision:63.01135282552166,acc:61.758575435526616
2022-07-13 14:25:35,277 - At 【25】 Epoceh Get Best Model!
2022-07-13 14:37:30,329 - Train 26: auc:65.77346155146874,f1:57.096754609910946,recall:52.201779652599654,precision:63.00472463154926,acc:61.607985314889255
2022-07-13 14:38:22,141 - Vaild 26: auc:65.92592857222289,f1:57.195518820378425,recall:52.362370807846446,precision:63.01161241195508,acc:61.753428887573655
2022-07-13 14:38:22,154 - At 【26】 Epoceh Get Best Model!
2022-07-13 14:50:16,342 - Train 27: auc:65.79022469283132,f1:57.07886278093388,recall:52.1865889212828,precision:62.98328127093367,acc:61.591115736743085
2022-07-13 14:51:07,763 - Vaild 27: auc:65.926394878997,f1:57.18976840649843,recall:52.34655136047247,precision:63.020568816658205,acc:61.756002161550136
2022-07-13 14:51:07,775 - At 【27】 Epoceh Get Best Model!
2022-07-13 15:02:59,500 - Train 28: auc:65.77547533322972,f1:57.08121997756408,recall:52.17490374334675,precision:63.00605359335093,acc:61.603410514036064
2022-07-13 15:03:50,976 - Vaild 28: auc:65.92703358279107,f1:57.16919708449771,recall:52.320185614849194,precision:63.008827078173624,acc:61.74313579166773
2022-07-13 15:03:50,989 - At 【28】 Epoceh Get Best Model!
2022-07-13 15:15:43,293 - Train 29: auc:65.76984448719749,f1:57.093706633582954,recall:52.16146578872029,precision:63.056114701416114,acc:61.63286079452854
2022-07-13 15:16:34,092 - Vaild 29: auc:65.92750134718796,f1:57.16673390582675,recall:52.304366167475216,precision:63.0257974329648,acc:61.750855613597174
2022-07-13 15:16:34,106 - At 【29】 Epoceh Get Best Model!
2022-07-13 15:28:29,262 - Train 30: auc:65.77348978702273,f1:57.08213215036787,recall:52.17490374334675,precision:63.008276358402306,acc:61.60484013930269
2022-07-13 15:29:21,309 - Vaild 30: auc:65.92811116354902,f1:57.164265129683,recall:52.29909301835056,precision:63.0274529740722,acc:61.750855613597174
2022-07-13 15:29:21,323 - At 【30】 Epoceh Get Best Model!
2022-07-13 15:41:13,524 - Train 31: auc:65.77609300008196,f1:57.04960417773284,recall:52.083175096548786,precision:63.063024823673395,acc:61.62142379239553
2022-07-13 15:42:04,947 - Vaild 31: auc:65.92859363668472,f1:57.15603204795665,recall:52.288546720101245,precision:63.02275327316639,acc:61.74570906564421
2022-07-13 15:42:04,960 - At 【31】 Epoceh Get Best Model!
2022-07-13 15:53:57,466 - Train 32: auc:65.79867726380144,f1:57.0806434594097,recall:52.150364869681056,precision:63.04046895967229,acc:61.62056601723557
2022-07-13 15:54:49,033 - Vaild 32: auc:65.929162374586,f1:57.14615162871145,recall:52.26745412360262,precision:63.02937809996184,acc:61.74570906564421
2022-07-13 15:54:49,046 - At 【32】 Epoceh Get Best Model!
2022-07-13 16:06:37,384 - Train 33: auc:65.79412701128109,f1:57.05155681229328,recall:52.10362415793687,precision:63.03783867843838,acc:61.60941494015588
2022-07-13 16:07:27,946 - Vaild 33: auc:65.92965200332439,f1:57.134619265922794,recall:52.24636152710399,precision:63.031999491061775,acc:61.74313579166773
2022-07-13 16:07:27,960 - At 【33】 Epoceh Get Best Model!
2022-07-13 16:19:20,617 - Train 34: auc:65.77511026506879,f1:56.99477552692909,recall:52.010142734448486,precision:63.03613536422152,acc:61.589400186423134
2022-07-13 16:20:12,134 - Vaild 34: auc:65.93015700335741,f1:57.11566744528073,recall:52.2199957814807,precision:63.024247438426784,acc:61.73284269576181
2022-07-13 16:20:12,149 - At 【34】 Epoceh Get Best Model!
2022-07-13 16:31:51,574 - Train 35: auc:65.79112305979325,f1:57.018299143137895,recall:52.038771420391804,precision:63.05163455140095,acc:61.60512606435601
2022-07-13 16:32:42,186 - Vaild 35: auc:65.93076814483008,f1:57.104944325852436,recall:52.19363003585742,precision:63.036555852757616,acc:61.73541596973829
2022-07-13 16:32:42,199 - At 【35】 Epoceh Get Best Model!
2022-07-13 16:44:30,042 - Train 36: auc:65.76416459004876,f1:56.96904886162437,recall:51.979177012917965,precision:63.01868616034114,acc:61.57195875817031
2022-07-13 16:45:21,505 - Vaild 36: auc:65.93134297824473,f1:57.1008136649547,recall:52.17781058848344,precision:63.04957308525552,acc:61.74056251769125
2022-07-13 16:45:21,519 - At 【36】 Epoceh Get Best Model!
2022-07-13 16:57:18,307 - Train 37: auc:65.76963190018859,f1:57.00561986646814,recall:52.00488440437727,precision:63.070404172099096,acc:61.61027271531586
2022-07-13 16:58:10,273 - Vaild 37: auc:65.93182704151438,f1:57.070284312310584,recall:52.130352246361525,precision:63.04444869587399,acc:61.72769614780885
2022-07-13 16:58:10,286 - At 【37】 Epoceh Get Best Model!
2022-07-13 17:10:06,010 - Train 38: auc:65.7886955317174,f1:56.98202020525465,recall:51.98501960188599,precision:63.041845569584375,acc:61.58797056115651
2022-07-13 17:10:57,641 - Vaild 38: auc:65.9323512556657,f1:57.06201639912229,recall:52.10925964986289,precision:63.05513016845329,acc:61.73026942178533
2022-07-13 17:10:57,654 - At 【38】 Epoceh Get Best Model!
2022-07-13 17:22:53,694 - Train 39: auc:65.78015627149502,f1:56.97177841781013,recall:51.94937980918104,precision:63.06922967796851,acc:61.598263863076205
2022-07-13 17:23:45,186 - Vaild 39: auc:65.93304945697086,f1:57.060352295697356,recall:52.09871335161358,precision:63.066513468658236,acc:61.73541596973829
2022-07-13 17:23:45,200 - At 【39】 Epoceh Get Best Model!
2022-07-13 17:35:37,831 - Train 40: auc:65.78934826849851,f1:56.99482861372244,recall:51.9645705404979,precision:63.10333818156019,acc:61.62313934271548
2022-07-13 17:36:29,386 - Vaild 40: auc:65.93350397025169,f1:57.0463013777765,recall:52.0723476059903,precision:63.07083093823849,acc:61.73284269576181
2022-07-13 17:36:29,399 - At 【40】 Epoceh Get Best Model!
2022-07-13 17:48:22,482 - Train 41: auc:65.79321401371868,f1:56.95555726522029,recall:51.903807615230455,precision:63.09670087716183,acc:61.60655568962263
2022-07-13 17:49:13,505 - Vaild 41: auc:65.93410875118863,f1:57.02398150823461,recall:52.03543556211769,precision:63.07043333759428,acc:61.72512287383237
2022-07-13 17:49:13,519 - At 【41】 Epoceh Get Best Model!
2022-07-13 18:01:09,580 - Train 42: auc:65.78284110118891,f1:56.93578993255891,recall:51.8897854017072,precision:63.06890405414042,acc:61.58596908578323
2022-07-13 18:02:01,115 - Vaild 42: auc:65.93473698660102,f1:57.01320847423336,recall:52.00906981649441,precision:63.082826990725934,acc:61.72769614780885
2022-07-13 18:02:01,128 - At 【42】 Epoceh Get Best Model!
2022-07-13 18:13:43,044 - Train 43: auc:65.80038299486687,f1:56.923224937463914,recall:51.85239283231186,precision:63.09335077454625,acc:61.59397498727633
2022-07-13 18:14:34,079 - Vaild 43: auc:65.93532904646655,f1:57.00988610741747,recall:51.9985235182451,precision:63.090211132437624,acc:61.73026942178533
2022-07-13 18:14:34,092 - At 【43】 Epoceh Get Best Model!
2022-07-13 18:26:27,990 - Train 44: auc:65.78829428128323,f1:56.98134140515027,recall:51.9131557575793,precision:63.146187193518585,acc:61.64000892086167
2022-07-13 18:27:19,706 - Vaild 44: auc:65.93583378147724,f1:56.98504959370753,recall:51.95633832524784,precision:63.09150284945893,acc:61.72254959985589
2022-07-13 18:27:19,719 - At 【44】 Epoceh Get Best Model!
2022-07-13 18:39:11,847 - Train 45: auc:65.80126066404392,f1:56.91547714514835,recall:51.83369654761418,precision:63.10200365594304,acc:61.59569053759628
2022-07-13 18:40:03,414 - Vaild 45: auc:65.93626629790542,f1:56.96931131229572,recall:51.92997257962455,precision:63.091806009353576,acc:61.71740305190294
2022-07-13 18:40:03,427 - At 【45】 Epoceh Get Best Model!
2022-07-13 18:51:54,691 - Train 46: auc:65.78418129789026,f1:56.884625256673516,recall:51.79396694263162,precision:63.085046576005354,acc:61.576819484076836
2022-07-13 18:52:46,256 - Vaild 46: auc:65.93670875267065,f1:56.95191806977956,recall:51.90360683400127,precision:63.088065632611205,acc:61.7096832299735
2022-07-13 18:52:46,270 - At 【46】 Epoceh Get Best Model!
2022-07-13 19:04:41,135 - Train 47: auc:65.79509263254849,f1:56.9004971451863,recall:51.79162990704441,precision:63.12757260258364,acc:61.603410514036064
2022-07-13 19:05:32,829 - Vaild 47: auc:65.93714815967917,f1:56.94528831409311,recall:51.89306053575196,precision:63.08737739598692,acc:61.70710995599702
2022-07-13 19:05:32,842 - At 【47】 Epoceh Get Best Model!
2022-07-13 19:17:22,741 - Train 48: auc:65.79647998774507,f1:56.885816258409086,recall:51.77643917572755,precision:63.11400103980458,acc:61.59168758684973
2022-07-13 19:18:14,333 - Vaild 48: auc:65.93760479313858,f1:56.950192457963134,recall:51.88251423750264,precision:63.11501699916607,acc:61.72254959985589
2022-07-13 19:18:14,346 - At 【48】 Epoceh Get Best Model!
2022-07-13 19:30:09,182 - Train 49: auc:65.77682938679786,f1:56.88826951976059,recall:51.75540585544266,precision:63.15132849983247,acc:61.611130490475844
2022-07-13 19:31:00,490 - Vaild 49: auc:65.9380555961069,f1:56.94356005788713,recall:51.871967939253324,precision:63.11433337610676,acc:61.71997632587941
2022-07-13 19:31:00,503 - At 【49】 Epoceh Get Best Model!
2022-07-13 19:38:45,882 - ASSIST2012-Test Best Model: auc:75.7876310580291,f1:64.54134101192925,recall:51.21814227901819,precision:87.23294660158454,acc:60.92266666666667
2022-07-13 19:46:42,053 - EdNet-Test Best Model: auc:65.66478125725283,f1:56.67113297978149,recall:51.576387323318244,precision:62.88272530401466,acc:61.51833333333333
2022-07-13 19:53:47,458 - ASSIST2009NSB-Test Best Model: auc:79.92060747019455,f1:66.20967429611557,recall:54.59824176334646,precision:84.09397833883358,acc:68.00833333333334
2022-07-13 19:53:50,210 - ************************
2022-07-13 19:53:50,211 - new_DATA_NAME:ASSIST2009NSB
2022-07-13 19:53:54,759 - Checkpoint path:Checkpoints/add_trian/2022-07-13-00-56-28_ASSIST2009NSB.pth.tar
2022-07-13 20:00:43,111 - Train 0: auc:80.36521807320423,f1:66.21499696517331,recall:54.54348903202558,precision:84.24142920747997,acc:68.38590835827769
2022-07-13 20:01:12,221 - Vaild 0: auc:79.91927840991646,f1:65.74580145085959,recall:54.247294194817975,precision:83.43001261034047,acc:68.2523601197329
2022-07-13 20:01:12,236 - At 【0】 Epoceh Get Best Model!
2022-07-13 20:07:57,751 - Train 1: auc:80.36543139667232,f1:66.29238666367824,recall:54.622764740327014,precision:84.30287525721594,acc:68.44935656356334
2022-07-13 20:08:27,219 - Vaild 1: auc:79.91938091330415,f1:65.76581052213226,recall:54.27189242374549,precision:83.43627883524518,acc:68.26617545475477
2022-07-13 20:08:27,233 - At 【1】 Epoceh Get Best Model!
2022-07-13 20:15:10,760 - Train 2: auc:80.36724428870909,f1:66.287369514128,recall:54.63087248322148,precision:84.26735218508998,acc:68.437587944841
2022-07-13 20:15:39,233 - Vaild 2: auc:79.91947394158878,f1:65.78254606864353,recall:54.296490652673015,precision:83.43202721431271,acc:68.2753856781027
2022-07-13 20:15:39,246 - At 【2】 Epoceh Get Best Model!
2022-07-13 20:22:24,661 - Train 3: auc:80.36472898596722,f1:66.33807280794746,recall:54.68222152155309,precision:84.30906843340695,acc:68.4795456289815
2022-07-13 20:22:53,867 - Vaild 3: auc:79.91949676797344,f1:65.78254606864353,recall:54.296490652673015,precision:83.43202721431271,acc:68.2753856781027
2022-07-13 20:22:53,880 - At 【3】 Epoceh Get Best Model!
2022-07-13 20:29:42,367 - Train 4: auc:80.39424850779871,f1:66.33701234837723,recall:54.68672582316112,precision:84.29493855446782,acc:68.47545219638242
2022-07-13 20:30:11,985 - Vaild 4: auc:79.91956180163537,f1:65.78254606864353,recall:54.296490652673015,precision:83.43202721431271,acc:68.2753856781027
2022-07-13 20:30:11,999 - At 【4】 Epoceh Get Best Model!
2022-07-13 20:36:59,809 - Train 5: auc:80.37642777171516,f1:66.36216617859172,recall:54.711049051844505,precision:84.31838060727227,acc:68.49694271752756
2022-07-13 20:37:28,643 - Vaild 5: auc:79.91959582586911,f1:65.78921227773914,recall:54.30469006231551,precision:83.43411438649534,acc:68.27999078977666
2022-07-13 20:37:28,657 - At 【5】 Epoceh Get Best Model!
2022-07-13 20:44:15,628 - Train 6: auc:80.38481906207637,f1:66.3110664181837,recall:54.65249313094005,precision:84.29250263991553,acc:68.45856678691125
2022-07-13 20:44:45,166 - Vaild 6: auc:79.91959625655561,f1:65.79587782468337,recall:54.312889471958016,precision:83.43620103287567,acc:68.2845959014506
2022-07-13 20:44:45,182 - At 【6】 Epoceh Get Best Model!
2022-07-13 20:51:29,903 - Train 7: auc:80.39029113499826,f1:66.36869798980423,recall:54.71194991216611,precision:84.33733266677777,acc:68.5056412618006
2022-07-13 20:51:58,725 - Vaild 7: auc:79.91970608161387,f1:65.79927496647962,recall:54.321088881600524,precision:83.42777987658985,acc:68.2845959014506
2022-07-13 20:51:58,741 - At 【7】 Epoceh Get Best Model!
2022-07-13 20:58:42,551 - Train 8: auc:80.36834860283399,f1:66.35014123444918,recall:54.70023872798523,precision:84.30523158947018,acc:68.486197456955
2022-07-13 20:59:10,471 - Vaild 8: auc:79.91981203049356,f1:65.79600754791936,recall:54.321088881600524,precision:83.41727524553009,acc:68.27999078977666
2022-07-13 20:59:10,484 - At 【8】 Epoceh Get Best Model!
2022-07-13 21:05:54,636 - Train 9: auc:80.3759526087079,f1:66.3417565906297,recall:54.692130985090756,precision:84.29741738405998,acc:68.47903394990662
2022-07-13 21:06:23,692 - Vaild 9: auc:79.91984088648928,f1:65.80267143353691,recall:54.329288291243024,precision:83.41936296109782,acc:68.2845959014506
2022-07-13 21:06:23,706 - At 【9】 Epoceh Get Best Model!
2022-07-13 21:13:08,456 - Train 10: auc:80.38164991271509,f1:66.40048066419051,recall:54.756992928246476,precision:84.33298647242455,acc:68.52457338757132
2022-07-13 21:13:37,730 - Vaild 10: auc:79.91988998475058,f1:65.80933465739821,recall:54.33748770088553,precision:83.4214501510574,acc:68.28920101312457
2022-07-13 21:13:37,743 - At 【10】 Epoceh Get Best Model!
2022-07-13 21:20:22,056 - Train 11: auc:80.38645221951502,f1:66.39719899277353,recall:54.753389486960046,precision:84.33094683094683,acc:68.52201499219689
2022-07-13 21:20:51,622 - Vaild 11: auc:79.91997526067817,f1:65.799533336643,recall:54.33748770088553,precision:83.38995847489619,acc:68.2753856781027
2022-07-13 21:20:51,635 - At 【11】 Epoceh Get Best Model!
2022-07-13 21:27:35,440 - Train 12: auc:80.38331057717623,f1:66.34629037014385,recall:54.72366109634701,precision:84.23723877802892,acc:68.46726533118428
2022-07-13 21:28:05,036 - Vaild 12: auc:79.9200105769714,f1:65.80619539316919,recall:54.34568711052804,precision:83.39204831404126,acc:68.27999078977666
2022-07-13 21:28:05,049 - At 【12】 Epoceh Get Best Model!
2022-07-13 21:34:46,844 - Train 13: auc:80.37561898202858,f1:66.3935590294847,recall:54.750686905995224,precision:84.3256143077158,acc:68.5184332386727
2022-07-13 21:35:16,342 - Vaild 13: auc:79.92009628358548,f1:65.81285678828493,recall:54.35388652017055,precision:83.3941376273745,acc:68.2845959014506
2022-07-13 21:35:16,355 - At 【13】 Epoceh Get Best Model!
2022-07-13 21:42:03,134 - Train 14: auc:80.36428659558199,f1:66.37754934839366,recall:54.739876582135935,precision:84.29960738613505,acc:68.50205950827642
2022-07-13 21:42:32,432 - Vaild 14: auc:79.92015356489038,f1:65.81951752208876,recall:54.362085929813055,precision:83.39622641509435,acc:68.28920101312457
2022-07-13 21:42:32,447 - At 【14】 Epoceh Get Best Model!
2022-07-13 21:49:19,021 - Train 15: auc:80.3858170185596,f1:66.36238063779955,recall:54.74978604567362,precision:84.22722989079217,acc:68.47494051730754
2022-07-13 21:49:48,298 - Vaild 15: auc:79.92018801981062,f1:65.82291046257693,recall:54.37028533945556,precision:83.38782696177063,acc:68.28920101312457
2022-07-13 21:49:48,312 - At 【15】 Epoceh Get Best Model!
2022-07-13 21:56:32,581 - Train 16: auc:80.37861415854202,f1:66.36489718360616,recall:54.746182604387194,precision:84.24386930424053,acc:68.48056898713128
2022-07-13 21:57:02,046 - Vaild 16: auc:79.92027674123023,f1:65.82291046257693,recall:54.37028533945556,precision:83.38782696177063,acc:68.28920101312457
2022-07-13 21:57:02,062 - At 【16】 Epoceh Get Best Model!
2022-07-13 22:03:46,947 - Train 17: auc:80.38119099997752,f1:66.4082927122169,recall:54.79843250304041,precision:84.26002881205675,acc:68.51178141069921
2022-07-13 22:04:16,068 - Vaild 17: auc:79.92035340342774,f1:65.82630272952854,recall:54.378484749098064,precision:83.37943173246165,acc:68.28920101312457
2022-07-13 22:04:16,082 - At 【17】 Epoceh Get Best Model!
2022-07-13 22:11:00,216 - Train 18: auc:80.37753934137743,f1:66.3699804514727,recall:54.74798432503041,precision:84.25598580321369,acc:68.48670913602987
2022-07-13 22:11:28,608 - Vaild 18: auc:79.92044815445838,f1:65.83961889638745,recall:54.39488356838308,precision:83.3836098541981,acc:68.29841123647249
2022-07-13 22:11:28,623 - At 【18】 Epoceh Get Best Model!
2022-07-13 22:18:11,412 - Train 19: auc:80.38765137845101,f1:66.4541763087805,recall:54.84437637944237,precision:84.29914565419072,acc:68.55015734131553
2022-07-13 22:18:40,529 - Vaild 19: auc:79.92056013294912,f1:65.84300883199366,recall:54.40308297802559,precision:83.37521990449862,acc:68.29841123647249
2022-07-13 22:18:40,542 - At 【19】 Epoceh Get Best Model!
2022-07-13 22:25:23,922 - Train 20: auc:80.39387587727116,f1:66.45601397074874,recall:54.85068240169362,precision:84.29016404789922,acc:68.54913398316576
2022-07-13 22:25:53,113 - Vaild 20: auc:79.92061870631352,f1:65.84300883199366,recall:54.40308297802559,precision:83.37521990449862,acc:68.29841123647249
2022-07-13 22:25:53,126 - At 【20】 Epoceh Get Best Model!
2022-07-13 22:32:36,703 - Train 21: auc:80.38333435506594,f1:66.40542281117308,recall:54.804738525291654,precision:84.23588706885809,acc:68.50410622457595
2022-07-13 22:33:05,524 - Vaild 21: auc:79.92067641830492,f1:65.84300883199366,recall:54.40308297802559,precision:83.37521990449862,acc:68.29841123647249
2022-07-13 22:33:05,539 - At 【21】 Epoceh Get Best Model!
2022-07-13 22:39:49,312 - Train 22: auc:80.37488269436601,f1:66.40832232640898,recall:54.804738525291654,precision:84.24521900488831,acc:68.50819965717501
2022-07-13 22:40:18,508 - Vaild 22: auc:79.92077160002205,f1:65.84300883199366,recall:54.40308297802559,precision:83.37521990449862,acc:68.29841123647249
2022-07-13 22:40:18,523 - At 【22】 Epoceh Get Best Model!
2022-07-13 22:47:02,444 - Train 23: auc:80.39091672770165,f1:66.45318262159863,recall:54.86869960812576,precision:84.23855165069223,acc:68.534806969069
2022-07-13 22:47:30,938 - Vaild 23: auc:79.92084481672755,f1:65.84300883199366,recall:54.40308297802559,precision:83.37521990449862,acc:68.29841123647249
2022-07-13 22:47:30,952 - At 【23】 Epoceh Get Best Model!
2022-07-13 22:54:12,942 - Train 24: auc:80.39803140093068,f1:66.50556140456149,recall:54.91464348452772,precision:84.29859497732049,acc:68.58239312303324
2022-07-13 22:54:42,180 - Vaild 24: auc:79.92091114244901,f1:65.85970830439528,recall:54.4276812069531,precision:83.37101230846521,acc:68.3076214598204
2022-07-13 22:54:42,195 - At 【24】 Epoceh Get Best Model!
2022-07-13 23:01:26,159 - Train 25: auc:80.38654272700855,f1:66.45641450958139,recall:54.8605918652313,precision:84.2680614941813,acc:68.54401719241692
2022-07-13 23:01:54,638 - Vaild 25: auc:79.92087281135025,f1:65.8598283815287,recall:54.4358806165956,precision:83.35216572504707,acc:68.30301634814644
2022-07-13 23:08:37,683 - Train 26: auc:80.39002240803357,f1:66.4837831794458,recall:54.909238322598085,precision:84.24136882549686,acc:68.55476245298948
2022-07-13 23:09:06,597 - Vaild 26: auc:79.92093956775821,f1:65.86648149985119,recall:54.444080026238105,precision:83.35425558624152,acc:68.3076214598204
2022-07-13 23:09:06,611 - At 【26】 Epoceh Get Best Model!
2022-07-13 23:15:46,466 - Train 27: auc:80.38333430171637,f1:66.48599129704557,recall:54.91914778613576,precision:84.22514195714345,acc:68.55220405761506
2022-07-13 23:16:15,562 - Vaild 27: auc:79.92101063103118,f1:65.87651872055542,recall:54.46047884552312,precision:83.34797339691303,acc:68.31222657149436
2022-07-13 23:16:15,576 - At 【27】 Epoceh Get Best Model!
2022-07-13 23:23:01,059 - Train 28: auc:80.38563659041749,f1:66.45978992375736,recall:54.89032025584433,precision:84.2088533244883,acc:68.5317368946197
2022-07-13 23:23:30,303 - Vaild 28: auc:79.9211027979428,f1:65.88316969156006,recall:54.46867825516563,precision:83.35006273525721,acc:68.31683168316832
2022-07-13 23:23:30,317 - At 【28】 Epoceh Get Best Model!
2022-07-13 23:30:09,608 - Train 29: auc:80.38544631928538,f1:66.48347754024981,recall:54.92635466870862,precision:84.20013257471138,acc:68.5445288714918
2022-07-13 23:30:37,556 - Vaild 29: auc:79.92118075219985,f1:65.88982000297517,recall:54.47687766480813,precision:83.35215154936645,acc:68.32143679484227
2022-07-13 23:30:37,569 - At 【29】 Epoceh Get Best Model!
2022-07-13 23:37:15,494 - Train 30: auc:80.3826353160517,f1:66.42882859293687,recall:54.851583262015225,precision:84.2006278262553,acc:68.51024637347456
2022-07-13 23:37:44,712 - Vaild 30: auc:79.9212470779213,f1:65.89985126425384,recall:54.493276484093144,precision:83.34587409079508,acc:68.32604190651624
2022-07-13 23:37:44,726 - At 【30】 Epoceh Get Best Model!
2022-07-13 23:44:28,744 - Train 31: auc:80.37610002415508,f1:66.50162227008752,recall:54.93175983063826,precision:84.24564796905223,acc:68.56704275078671
2022-07-13 23:44:58,083 - Vaild 31: auc:79.92135044268198,f1:65.91314693634742,recall:54.50967530337816,precision:83.35005015045135,acc:68.33525212986416
2022-07-13 23:44:58,097 - At 【31】 Epoceh Get Best Model!
2022-07-13 23:51:42,499 - Train 32: auc:80.37852909803647,f1:66.48817832838945,recall:54.92275122742218,precision:84.22368657355602,acc:68.55322741576482
2022-07-13 23:52:11,688 - Vaild 32: auc:79.92143787204208,f1:65.91652622186974,recall:54.51787471302067,precision:83.34168964652795,acc:68.33525212986416
2022-07-13 23:52:11,701 - At 【32】 Epoceh Get Best Model!
2022-07-13 23:58:55,150 - Train 33: auc:80.38455005235912,f1:66.4940671176057,recall:54.95067789739201,precision:84.17697063369397,acc:68.54555222964157
2022-07-13 23:59:24,351 - Vaild 33: auc:79.92153348444572,f1:65.92317224287486,recall:54.52607412266317,precision:83.34377741571626,acc:68.3398572415381
2022-07-13 23:59:24,364 - At 【33】 Epoceh Get Best Model!
2022-07-14 00:06:08,327 - Train 34: auc:80.391727976802,f1:66.46782988004361,recall:54.90833746227647,precision:84.19227847227019,acc:68.53276025276946
2022-07-14 00:06:36,799 - Vaild 34: auc:79.92159033506411,f1:65.93646230856916,recall:54.54247294194818,precision:83.34795138453828,acc:68.34906746488602
2022-07-14 00:06:36,813 - At 【34】 Epoceh Get Best Model!
2022-07-14 00:13:21,902 - Train 35: auc:80.39594259574628,f1:66.5140340261765,recall:54.96058736092969,precision:84.21771900278844,acc:68.56806610893648
2022-07-14 00:13:50,686 - Vaild 35: auc:79.92165063117451,f1:65.93983844590912,recall:54.55067235159069,precision:83.33959664286608,acc:68.34906746488602
2022-07-14 00:13:50,702 - At 【35】 Epoceh Get Best Model!
2022-07-14 00:20:34,065 - Train 36: auc:80.38812896886229,f1:66.52607027639725,recall:54.9876131705779,precision:84.19288541910923,acc:68.56960114616113
2022-07-14 00:21:02,563 - Vaild 36: auc:79.92168939295978,f1:65.94648166501487,recall:54.5588717612332,precision:83.34168336673346,acc:68.35367257655997
2022-07-14 00:21:02,576 - At 【36】 Epoceh Get Best Model!
2022-07-14 00:27:49,506 - Train 37: auc:80.377703268507,f1:66.58204263525771,recall:55.04977253276879,precision:84.22648583085235,acc:68.61309386752629
2022-07-14 00:28:19,096 - Vaild 37: auc:79.92169542257082,f1:65.94985630760083,recall:54.56707117087569,precision:83.33333333333334,acc:68.35367257655997
2022-07-14 00:28:19,109 - At 【37】 Epoceh Get Best Model!
2022-07-14 00:35:07,431 - Train 38: auc:80.38493282996905,f1:66.58387258426477,recall:55.06058285662808,precision:84.20704572696086,acc:68.6095121140021
2022-07-14 00:35:37,048 - Vaild 38: auc:79.92183367293826,f1:65.95333630554316,recall:54.58346999016071,precision:83.30621949693405,acc:68.34906746488602
2022-07-14 00:35:37,062 - At 【38】 Epoceh Get Best Model!
2022-07-14 00:42:25,569 - Train 39: auc:80.38734169504492,f1:66.51627351936312,recall:54.98400972929147,precision:84.16995338831123,acc:68.55783252743879
2022-07-14 00:42:55,041 - Vaild 39: auc:79.92188880081062,f1:65.96661548367922,recall:54.59986880944572,precision:83.31039659702239,acc:68.35827768823394
2022-07-14 00:42:55,056 - At 【39】 Epoceh Get Best Model!
2022-07-14 00:49:41,840 - Train 40: auc:80.39101807582158,f1:66.5627741481994,recall:55.02364758344219,precision:84.22598527262197,acc:68.60081356972907
2022-07-14 00:50:11,510 - Vaild 40: auc:79.9218857860051,f1:65.96661548367922,recall:54.59986880944572,precision:83.31039659702239,acc:68.35827768823394
2022-07-14 00:56:57,763 - Train 41: auc:80.3942967357823,f1:66.53734027191238,recall:55.0002252150804,precision:84.19942076954902,acc:68.57829969043416
2022-07-14 00:57:27,840 - Vaild 41: auc:79.92193186946093,f1:65.9699866277054,recall:54.608068219088224,precision:83.30206378986867,acc:68.35827768823394
2022-07-14 00:57:27,853 - At 【41】 Epoceh Get Best Model!
2022-07-14 01:04:13,238 - Train 42: auc:80.39389866285941,f1:66.56645862606062,recall:55.05517769469843,precision:84.16399267348822,acc:68.58802159285696
2022-07-14 01:04:42,791 - Vaild 42: auc:79.92198656664678,f1:65.97335710394691,recall:54.61626762873073,precision:83.2937351506815,acc:68.35827768823394
2022-07-14 01:04:42,805 - At 【42】 Epoceh Get Best Model!
2022-07-14 01:11:30,655 - Train 43: auc:80.38629469966511,f1:66.54026783476623,recall:55.011936399261295,precision:84.1813595070374,acc:68.57574129505973
2022-07-14 01:11:59,819 - Vaild 43: auc:79.92198182909526,f1:65.993265993266,recall:54.64086585765825,precision:83.3,acc:68.37209302325581
2022-07-14 01:18:45,147 - Train 44: auc:80.39920949213356,f1:66.61946054294306,recall:55.091212107562725,precision:84.24924573270695,acc:68.64225957479468
2022-07-14 01:19:14,269 - Vaild 44: auc:79.92205332305473,f1:65.99990097539238,recall:54.649065267300756,precision:83.30208723909512,acc:68.37669813492977
2022-07-14 01:19:14,282 - At 【44】 Epoceh Get Best Model!
2022-07-14 01:25:58,267 - Train 45: auc:80.37196888123503,f1:66.55483238473899,recall:55.04166478987433,precision:84.15840220385675,acc:68.57932304858393
2022-07-14 01:26:26,156 - Vaild 45: auc:79.92215324232342,f1:66.0065353005248,recall:54.657264676943264,precision:83.30417395651088,acc:68.38130324660374
2022-07-14 01:26:26,169 - At 【45】 Epoceh Get Best Model!
2022-07-14 01:33:09,757 - Train 46: auc:80.37961099468494,f1:66.54579508455565,recall:55.052475113733614,precision:84.10426501149172,acc:68.56039092281321
2022-07-14 01:33:39,170 - Vaild 46: auc:79.92222775108843,f1:66.01316896876084,recall:54.66546408658577,precision:83.30626015244283,acc:68.38590835827769
2022-07-14 01:33:39,184 - At 【46】 Epoceh Get Best Model!
2022-07-14 01:40:23,580 - Train 47: auc:80.40491946132138,f1:66.63146951727292,recall:55.141660285572726,precision:84.16985231429278,acc:68.63049095607235
2022-07-14 01:40:52,995 - Vaild 47: auc:79.92229063131785,f1:66.02316602316603,recall:54.68186290587078,precision:83.30002498126406,acc:68.39051346995164
2022-07-14 01:40:53,010 - At 【47】 Epoceh Get Best Model!
2022-07-14 01:47:29,996 - Train 48: auc:80.39867369737482,f1:66.62203717310257,recall:55.136255123643075,precision:84.15234428708924,acc:68.62025737457466
2022-07-14 01:47:58,598 - Vaild 48: auc:79.92241811452271,f1:66.02316602316603,recall:54.68186290587078,precision:83.30002498126406,acc:68.39051346995164
2022-07-14 01:47:58,612 - At 【48】 Epoceh Get Best Model!
2022-07-14 01:54:34,300 - Train 49: auc:80.39420449976369,f1:66.61478514519568,recall:55.13535426332147,precision:84.13130438368593,acc:68.61053547215187
2022-07-14 01:55:02,530 - Vaild 49: auc:79.92243663404233,f1:66.02326156891858,recall:54.69006231551329,precision:83.2813085279061,acc:68.38590835827769
2022-07-14 01:55:02,544 - At 【49】 Epoceh Get Best Model!
2022-07-14 02:02:35,996 - ASSIST2012-Test Best Model: auc:75.79419131211182,f1:65.08185678370803,recall:51.94638733804108,precision:87.10866747703726,acc:61.29533333333333
2022-07-14 02:10:34,376 - EdNet-Test Best Model: auc:65.68240800905912,f1:56.9260528929817,recall:52.07031063198956,precision:62.780564547349,acc:61.55133333333333
2022-07-14 02:17:35,363 - ASSIST2009NSB-Test Best Model: auc:79.92493744561709,f1:66.54935131857076,recall:55.117931923492314,precision:83.96327386270156,acc:68.19166666666666
