2022-07-14 10:55:14,452 - model_info:累加训练['ASSIST2012', 'ASSIST2009NSB', 'EdNet']
2022-07-14 10:55:14,453 - Model:MyModel(
  (kp_embd): Linear(in_features=16, out_features=16, bias=True)
  (q_embd): Linear(in_features=16, out_features=16, bias=True)
  (pos_embd_kp): Embedding(5, 16)
  (pos_embd_q): Embedding(5, 16)
  (tf_encoder_kp): TFEncoder(
    (encoder): TransformerEncoder(
      (layers): ModuleList(
        (0): TransformerEncoderLayer(
          (self_attn): MultiheadAttention(
            (out_proj): NonDynamicallyQuantizableLinear(in_features=16, out_features=16, bias=True)
          )
          (linear1): Linear(in_features=16, out_features=128, bias=True)
          (dropout): Dropout(p=0.1, inplace=False)
          (linear2): Linear(in_features=128, out_features=16, bias=True)
          (norm1): LayerNorm((16,), eps=1e-05, elementwise_affine=True)
          (norm2): LayerNorm((16,), eps=1e-05, elementwise_affine=True)
          (dropout1): Dropout(p=0.1, inplace=False)
          (dropout2): Dropout(p=0.1, inplace=False)
        )
        (1): TransformerEncoderLayer(
          (self_attn): MultiheadAttention(
            (out_proj): NonDynamicallyQuantizableLinear(in_features=16, out_features=16, bias=True)
          )
          (linear1): Linear(in_features=16, out_features=128, bias=True)
          (dropout): Dropout(p=0.1, inplace=False)
          (linear2): Linear(in_features=128, out_features=16, bias=True)
          (norm1): LayerNorm((16,), eps=1e-05, elementwise_affine=True)
          (norm2): LayerNorm((16,), eps=1e-05, elementwise_affine=True)
          (dropout1): Dropout(p=0.1, inplace=False)
          (dropout2): Dropout(p=0.1, inplace=False)
        )
        (2): TransformerEncoderLayer(
          (self_attn): MultiheadAttention(
            (out_proj): NonDynamicallyQuantizableLinear(in_features=16, out_features=16, bias=True)
          )
          (linear1): Linear(in_features=16, out_features=128, bias=True)
          (dropout): Dropout(p=0.1, inplace=False)
          (linear2): Linear(in_features=128, out_features=16, bias=True)
          (norm1): LayerNorm((16,), eps=1e-05, elementwise_affine=True)
          (norm2): LayerNorm((16,), eps=1e-05, elementwise_affine=True)
          (dropout1): Dropout(p=0.1, inplace=False)
          (dropout2): Dropout(p=0.1, inplace=False)
        )
        (3): TransformerEncoderLayer(
          (self_attn): MultiheadAttention(
            (out_proj): NonDynamicallyQuantizableLinear(in_features=16, out_features=16, bias=True)
          )
          (linear1): Linear(in_features=16, out_features=128, bias=True)
          (dropout): Dropout(p=0.1, inplace=False)
          (linear2): Linear(in_features=128, out_features=16, bias=True)
          (norm1): LayerNorm((16,), eps=1e-05, elementwise_affine=True)
          (norm2): LayerNorm((16,), eps=1e-05, elementwise_affine=True)
          (dropout1): Dropout(p=0.1, inplace=False)
          (dropout2): Dropout(p=0.1, inplace=False)
        )
      )
      (norm): LayerNorm((16,), eps=1e-05, elementwise_affine=True)
    )
  )
  (tf_encoder_q): TFEncoder(
    (encoder): TransformerEncoder(
      (layers): ModuleList(
        (0): TransformerEncoderLayer(
          (self_attn): MultiheadAttention(
            (out_proj): NonDynamicallyQuantizableLinear(in_features=16, out_features=16, bias=True)
          )
          (linear1): Linear(in_features=16, out_features=128, bias=True)
          (dropout): Dropout(p=0.1, inplace=False)
          (linear2): Linear(in_features=128, out_features=16, bias=True)
          (norm1): LayerNorm((16,), eps=1e-05, elementwise_affine=True)
          (norm2): LayerNorm((16,), eps=1e-05, elementwise_affine=True)
          (dropout1): Dropout(p=0.1, inplace=False)
          (dropout2): Dropout(p=0.1, inplace=False)
        )
        (1): TransformerEncoderLayer(
          (self_attn): MultiheadAttention(
            (out_proj): NonDynamicallyQuantizableLinear(in_features=16, out_features=16, bias=True)
          )
          (linear1): Linear(in_features=16, out_features=128, bias=True)
          (dropout): Dropout(p=0.1, inplace=False)
          (linear2): Linear(in_features=128, out_features=16, bias=True)
          (norm1): LayerNorm((16,), eps=1e-05, elementwise_affine=True)
          (norm2): LayerNorm((16,), eps=1e-05, elementwise_affine=True)
          (dropout1): Dropout(p=0.1, inplace=False)
          (dropout2): Dropout(p=0.1, inplace=False)
        )
        (2): TransformerEncoderLayer(
          (self_attn): MultiheadAttention(
            (out_proj): NonDynamicallyQuantizableLinear(in_features=16, out_features=16, bias=True)
          )
          (linear1): Linear(in_features=16, out_features=128, bias=True)
          (dropout): Dropout(p=0.1, inplace=False)
          (linear2): Linear(in_features=128, out_features=16, bias=True)
          (norm1): LayerNorm((16,), eps=1e-05, elementwise_affine=True)
          (norm2): LayerNorm((16,), eps=1e-05, elementwise_affine=True)
          (dropout1): Dropout(p=0.1, inplace=False)
          (dropout2): Dropout(p=0.1, inplace=False)
        )
        (3): TransformerEncoderLayer(
          (self_attn): MultiheadAttention(
            (out_proj): NonDynamicallyQuantizableLinear(in_features=16, out_features=16, bias=True)
          )
          (linear1): Linear(in_features=16, out_features=128, bias=True)
          (dropout): Dropout(p=0.1, inplace=False)
          (linear2): Linear(in_features=128, out_features=16, bias=True)
          (norm1): LayerNorm((16,), eps=1e-05, elementwise_affine=True)
          (norm2): LayerNorm((16,), eps=1e-05, elementwise_affine=True)
          (dropout1): Dropout(p=0.1, inplace=False)
          (dropout2): Dropout(p=0.1, inplace=False)
        )
      )
      (norm): LayerNorm((16,), eps=1e-05, elementwise_affine=True)
    )
  )
  (LayerMask_kp): LayerMask(
    (embeding): Sequential(
      (c_fc1): Linear(in_features=16, out_features=32, bias=True)
      (c_relu1): ReLU(inplace=True)
      (c_fc2): Linear(in_features=32, out_features=32, bias=True)
      (c_relu2): ReLU(inplace=True)
      (c_fc3): Linear(in_features=32, out_features=16, bias=True)
    )
  )
  (LayerMask_q): LayerMask(
    (embeding): Sequential(
      (c_fc1): Linear(in_features=16, out_features=32, bias=True)
      (c_relu1): ReLU(inplace=True)
      (c_fc2): Linear(in_features=32, out_features=32, bias=True)
      (c_relu2): ReLU(inplace=True)
      (c_fc3): Linear(in_features=32, out_features=16, bias=True)
    )
  )
  (class_classifier): Sequential(
    (c_fc1): Linear(in_features=46, out_features=92, bias=True)
    (c_relu1): ReLU(inplace=True)
    (c_fc3): Linear(in_features=92, out_features=46, bias=True)
    (c_relu3): ReLU(inplace=True)
    (c_fc4): Linear(in_features=46, out_features=10, bias=True)
    (c_relu4): ReLU(inplace=True)
    (c_fc5): Linear(in_features=10, out_features=1, bias=True)
    (c_sigmoid): Sigmoid()
  )
)
2022-07-14 10:55:14,454 - BATCH_SIZE:2048；LR:0.001；MEMORY_LEN：5；EPOCH_NUM：50；NHEAD：2
2022-07-14 10:55:14,455 - optimizer:Adam (
Parameter Group 0
    amsgrad: False
    betas: (0.9, 0.999)
    eps: 1e-08
    lr: 0.001
    maximize: False
    weight_decay: 0
)
2022-07-14 10:55:14,456 - loss_func:BCEWithLogitsLoss()
2022-07-14 10:55:14,457 - ITEM_COL:['stu_kp_now_acc', 'stu_kp_now_use_time', 'stu_kp_now_len', 'stu_q_now_acc', 'stu_q_now_time', 'stu_q_now_len', 'q_now_acc', 'q_now_use_time', 'q_now_len', 'kp_now_acc', 'kp_now_use_time', 'kp_now_len', 'last_kp_time_passed', 'last_q_time_passed']
2022-07-14 10:55:14,457 - ITEM_AN_COL:['stu_kp_now_acc_an', 'stu_kp_now_use_time_an', 'stu_kp_now_len_an', 'stu_q_now_acc_an', 'stu_q_now_time_an', 'stu_q_now_len_an', 'q_now_acc_an', 'q_now_use_time_an', 'q_now_len_an', 'kp_now_acc_an', 'kp_now_use_time_an', 'kp_now_len_an', 'last_kp_time_passed', 'last_q_time_passed', 'use_time', 'is_right']
2022-07-14 10:55:14,459 - ************************
2022-07-14 10:55:14,460 - new_DATA_NAME:ASSIST2012
2022-07-14 10:55:20,377 - Checkpoint path:Checkpoints/add_trian/2022-07-14-10-55-14_ASSIST2012.pth.tar
2022-07-14 11:03:42,558 - Train 0: auc:70.32986973872218,f1:79.97259723716323,recall:84.18695984615027,precision:76.16005785223575,acc:70.77842051809063
2022-07-14 11:04:19,672 - Vaild 0: auc:74.45562482709107,f1:79.10850253807106,recall:78.72967426195864,precision:79.49099410233251,acc:71.45128075436251
2022-07-14 11:04:19,686 - At 【0】 Epoceh Get Best Model!
2022-07-14 11:12:52,214 - Train 1: auc:74.44850294865728,f1:79.48832314469037,recall:78.97194096248754,precision:80.01150281995152,acc:71.7547078163199
2022-07-14 11:13:29,560 - Vaild 1: auc:75.02281676084873,f1:77.38416616164399,recall:73.91464505604378,precision:81.1954448234002,acc:70.33852379059937
2022-07-14 11:13:29,573 - At 【1】 Epoceh Get Best Model!
2022-07-14 11:22:01,218 - Train 2: auc:74.85577237674894,f1:79.7401703819892,recall:79.21406890799139,precision:80.27330680097207,acc:72.10435676235514
2022-07-14 11:22:37,644 - Vaild 2: auc:75.28558829382862,f1:79.27423866997042,recall:78.28763879387465,precision:80.28602266594712,acc:71.89566097041077
2022-07-14 11:22:37,658 - At 【2】 Epoceh Get Best Model!
2022-07-14 11:31:07,402 - Train 3: auc:74.91956703544041,f1:79.78059214459223,recall:79.23781829977526,precision:80.33085320664524,acc:72.16577615241643
2022-07-14 11:31:43,336 - Vaild 3: auc:75.34479189874341,f1:78.75538793103448,recall:76.91943377361468,precision:80.68112822211184,acc:71.50908631092163
2022-07-14 11:31:43,349 - At 【3】 Epoceh Get Best Model!
2022-07-14 11:40:10,390 - Train 4: auc:75.04245690529325,f1:79.9547110940356,recall:79.56104172941913,precision:80.35229559601255,acc:72.35324579397609
2022-07-14 11:40:47,540 - Vaild 4: auc:75.31881992523226,f1:76.84751060504578,recall:72.45171814976584,precision:81.8111593083368,acc:70.02781892409408
2022-07-14 11:49:15,380 - Train 5: auc:75.17054844029501,f1:79.94285297762227,recall:79.41101508376005,precision:80.48186263862064,acc:72.38495907381164
2022-07-14 11:49:52,333 - Vaild 5: auc:75.50444189892416,f1:80.06942435637836,recall:80.11366626322159,precision:80.02523128679563,acc:72.61823042739984
2022-07-14 11:49:52,346 - At 【5】 Epoceh Get Best Model!
2022-07-14 11:58:18,519 - Train 6: auc:75.36898877048009,f1:80.11624653125948,recall:79.60390648532172,precision:80.63522425892458,acc:72.61658644678792
2022-07-14 11:58:55,335 - Vaild 6: auc:75.56664483613723,f1:81.53053715967623,recall:84.54454559806346,precision:78.72402979223834,acc:73.70208461288341
2022-07-14 11:58:55,348 - At 【6】 Epoceh Get Best Model!
2022-07-14 12:07:19,827 - Train 7: auc:75.44133643738671,f1:80.2181769469788,recall:79.78115804351353,precision:80.6600099557846,acc:72.73099511454917
2022-07-14 12:07:56,702 - Vaild 7: auc:75.61396756722817,f1:80.08123648256581,recall:79.8873862021786,precision:80.27602982391201,acc:72.71577730409335
2022-07-14 12:07:56,715 - At 【7】 Epoceh Get Best Model!
2022-07-14 12:16:22,569 - Train 8: auc:75.60363029812731,f1:80.31698174706649,recall:79.93176394263074,precision:80.70593051818926,acc:72.8494181215301
2022-07-14 12:16:58,359 - Vaild 8: auc:75.4890552332532,f1:79.8157365244096,recall:79.32431721307161,precision:80.3132825403591,acc:72.4556522995773
2022-07-14 12:25:24,480 - Train 9: auc:75.59501198745681,f1:80.34959415867988,recall:79.93350170300518,precision:80.7700412062184,acc:72.90481600276186
2022-07-14 12:26:00,719 - Vaild 9: auc:75.65699873599827,f1:79.57195847676994,recall:78.45603325790664,precision:80.72008662696264,acc:72.343654033744
2022-07-14 12:26:00,732 - At 【9】 Epoceh Get Best Model!
2022-07-14 12:34:25,882 - Train 10: auc:75.62966865042704,f1:80.37007474904016,recall:79.90685604393059,precision:80.83869531076029,acc:72.9489737341785
2022-07-14 12:35:02,526 - Vaild 10: auc:75.39948619405827,f1:81.79597592606584,recall:85.46545282323844,precision:78.42862661773228,acc:73.88272697713067
2022-07-14 12:43:27,372 - Train 11: auc:75.68274513175469,f1:80.36975191534871,recall:79.87557635719085,precision:80.87008028713353,acc:72.95900958222772
2022-07-14 12:44:04,129 - Vaild 11: auc:75.50028316850896,f1:80.16435325414176,recall:80.0820923012156,precision:80.24678337903396,acc:72.7916470970772
2022-07-14 12:52:26,735 - Train 12: auc:75.6934672442334,f1:80.47953979085636,recall:80.06557149146181,precision:80.89781107339343,acc:73.08305266411622
2022-07-14 12:53:02,937 - Vaild 12: auc:75.76979789194915,f1:80.40788507916537,recall:80.70830921433458,precision:80.10968921389396,acc:72.9975793923191
2022-07-14 12:53:04,066 - At 【12】 Epoceh Get Best Model!
2022-07-14 13:01:33,743 - Train 13: auc:75.89452487274082,f1:80.65406358983913,recall:80.24340230311175,precision:81.06894977703391,acc:73.32230728160991
2022-07-14 13:02:09,972 - Vaild 13: auc:75.76873796612686,f1:80.33477208127172,recall:80.3136346892596,precision:80.35592060232717,acc:73.00480508688898
2022-07-14 13:10:39,695 - Train 14: auc:75.90994494051164,f1:80.71121818372264,recall:80.34187539099608,precision:81.08397250023384,acc:73.38733957696894
2022-07-14 13:11:17,071 - Vaild 14: auc:75.76841377136176,f1:79.64568714815508,recall:78.54549281692364,precision:80.77714038315835,acc:72.43758806315257
2022-07-14 13:19:46,927 - Train 15: auc:75.92699177493478,f1:80.70559596536081,recall:80.27410273639333,precision:81.1417530300369,acc:73.40018546247194
2022-07-14 13:20:23,494 - Vaild 15: auc:75.77782967320172,f1:80.61448427212873,recall:81.18718097142556,precision:80.04981061588751,acc:73.19267314570614
2022-07-14 13:20:23,506 - At 【15】 Epoceh Get Best Model!
2022-07-14 13:28:43,627 - Train 16: auc:75.94853572229391,f1:80.7517388978063,recall:80.42992191663384,precision:81.07614153918018,acc:73.42748296916585
2022-07-14 13:29:19,778 - Vaild 16: auc:75.7472125254931,f1:79.85124186478949,recall:79.09277482502762,precision:80.62439652397812,acc:72.59655334369016
2022-07-14 13:37:35,130 - Train 17: auc:75.95860187119209,f1:80.74129683298999,recall:80.3662040362381,precision:81.11990738575237,acc:73.43069444054161
2022-07-14 13:38:10,219 - Vaild 17: auc:75.76134608286716,f1:80.27379228642884,recall:80.22943745724359,precision:80.31819618586029,acc:72.92893529390513
2022-07-14 13:46:24,942 - Train 18: auc:75.97241918825242,f1:80.6897234813615,recall:80.22139067170231,precision:81.16355665994655,acc:73.39055104834469
2022-07-14 13:47:01,146 - Vaild 18: auc:75.80460894929915,f1:80.26644901398068,recall:80.21365047624059,precision:80.31931710401517,acc:72.92170959933524
2022-07-14 13:47:01,158 - At 【18】 Epoceh Get Best Model!
2022-07-14 13:55:17,494 - Train 19: auc:75.98032228894931,f1:80.7160169809619,recall:80.34361315137052,precision:81.09188917406735,acc:73.39496682148635
2022-07-14 13:55:53,410 - Vaild 19: auc:75.80725618606677,f1:80.44270765034489,recall:80.70304688733357,precision:80.18404266443585,acc:73.05899779616315
2022-07-14 13:55:53,424 - At 【19】 Epoceh Get Best Model!
2022-07-14 14:04:14,860 - Train 20: auc:75.99024523602424,f1:80.73556338950682,recall:80.32565629416808,precision:81.14967550897397,acc:73.43430734583933
2022-07-14 14:04:51,668 - Vaild 20: auc:75.81286363340705,f1:80.40646990862304,recall:80.57148871230858,precision:80.24212567475499,acc:73.04093355973843
2022-07-14 14:04:51,682 - At 【20】 Epoceh Get Best Model!
2022-07-14 14:13:15,016 - Train 21: auc:75.9976198117798,f1:80.7113782079279,recall:80.28452929863991,precision:81.14279023476378,acc:73.40660840522347
2022-07-14 14:13:50,770 - Vaild 21: auc:75.83190226667517,f1:80.70724456266625,recall:81.42924801347155,precision:79.99793206844853,acc:73.27215578597492
2022-07-14 14:13:50,783 - At 【21】 Epoceh Get Best Model!
2022-07-14 14:22:09,776 - Train 22: auc:75.99835598504595,f1:80.742800951921,recall:80.38126462614981,precision:81.1076041849319,acc:73.4282858370098
2022-07-14 14:22:45,674 - Vaild 22: auc:75.84567068794337,f1:80.27533823878471,recall:80.0873546282166,precision:80.46420640795178,acc:72.97951515589436
2022-07-14 14:22:45,687 - At 【22】 Epoceh Get Best Model!
2022-07-14 14:31:03,492 - Train 23: auc:75.9879544196794,f1:80.77673403052161,recall:80.4681526448713,precision:81.08769123904807,acc:73.45759051331355
2022-07-14 14:31:40,322 - Vaild 23: auc:75.83579745616346,f1:80.49157560988391,recall:80.82408040835658,precision:80.16179540709813,acc:73.1023519635825
2022-07-14 14:40:05,049 - Train 24: auc:76.04393228508334,f1:80.84105629135223,recall:80.54229708751362,precision:81.1420401493931,acc:73.54309593869301
2022-07-14 14:40:41,941 - Vaild 24: auc:75.838541435803,f1:80.30578621325952,recall:80.1557648792296,precision:80.45637016691316,acc:73.00841793417392
2022-07-14 14:49:06,139 - Train 25: auc:76.02073187023355,f1:80.81526467875092,recall:80.43397669084085,precision:81.20018478775722,acc:73.53466582633166
2022-07-14 14:49:42,753 - Vaild 25: auc:75.83640278146856,f1:80.25548312175037,recall:80.0084197232016,precision:80.50407709414381,acc:72.97228946132446
2022-07-14 14:58:06,267 - Train 26: auc:76.05231544707358,f1:80.75408843125379,recall:80.31812599921221,precision:81.1948094535404,acc:73.46842922920672
2022-07-14 14:58:42,633 - Vaild 26: auc:75.8326000890835,f1:80.32959511398936,recall:80.28732305425459,precision:80.37191171047779,acc:73.00480508688898
2022-07-14 15:07:01,420 - Train 27: auc:76.04945266802729,f1:80.80736358424733,recall:80.42470863551056,precision:81.19367722995771,acc:73.52422854436045
2022-07-14 15:07:37,533 - Vaild 27: auc:75.83664964258998,f1:80.37801410971885,recall:80.33994632426459,precision:80.41611798788517,acc:73.06983633801799
2022-07-14 15:15:56,469 - Train 28: auc:76.04012425659397,f1:80.87176640519874,recall:80.59327139183021,precision:81.15219280594003,acc:73.57882355774828
2022-07-14 15:16:32,559 - Vaild 28: auc:75.83478514360415,f1:80.13745704467354,recall:79.76635268115561,precision:80.51203059435916,acc:72.85306550092128
2022-07-14 15:24:52,511 - Train 29: auc:76.03082553084937,f1:80.75734405266454,recall:80.29727287471906,precision:81.22271765815702,acc:73.48087368078777
2022-07-14 15:25:29,337 - Vaild 29: auc:75.83725891039455,f1:80.30686491616578,recall:80.1505025522286,precision:80.46383855459877,acc:73.01203078145888
2022-07-14 15:33:57,427 - Train 30: auc:76.04074437616353,f1:80.77682226013239,recall:80.36272851548924,precision:81.19520559970972,acc:73.49251526452488
2022-07-14 15:34:34,248 - Vaild 30: auc:75.83489644339723,f1:80.37963035991271,recall:80.44519286428459,precision:80.31417463486393,acc:73.03732071245348
2022-07-14 15:43:02,362 - Train 31: auc:76.03320247659549,f1:80.77790484837372,recall:80.39632521606154,precision:81.16312388526651,acc:73.48328228431959
2022-07-14 15:43:37,798 - Vaild 31: auc:75.8375215415139,f1:80.38627512893379,recall:80.38204494027259,precision:80.39050576285459,acc:73.06983633801799
2022-07-14 15:52:00,812 - Train 32: auc:76.03324879657166,f1:80.8397973744707,recall:80.56141245163234,precision:81.1201129211943,acc:73.53466582633166
2022-07-14 15:52:37,977 - Vaild 32: auc:75.83482396206058,f1:80.29639786931068,recall:80.1189285902226,precision:80.47465510862096,acc:73.00480508688898
2022-07-14 16:01:05,647 - Train 33: auc:76.04715256875019,f1:80.79564635353006,recall:80.40906879214069,precision:81.18595892013288,acc:73.5093754892476
2022-07-14 16:01:42,743 - Vaild 33: auc:75.83874735558364,f1:80.26166547967608,recall:80.0610429932116,precision:80.46329595938228,acc:72.96506376675458
2022-07-14 16:10:09,994 - Train 34: auc:76.03901859914188,f1:80.78079739151953,recall:80.3650455293218,precision:81.20087323465548,acc:73.49853677335442
2022-07-14 16:10:46,742 - Vaild 34: auc:75.83470932630641,f1:80.25531465949254,recall:80.0610429932116,precision:80.45053143672995,acc:72.95422522489974
2022-07-14 16:19:08,935 - Train 35: auc:76.05284104435003,f1:80.80778095969825,recall:80.41833684747098,precision:81.20101537093794,acc:73.52703858181424
2022-07-14 16:19:43,904 - Vaild 35: auc:75.83538319044865,f1:80.29939646311573,recall:80.16628953323159,precision:80.43294614572334,acc:72.99396654503414
2022-07-14 16:28:06,386 - Train 36: auc:76.043289819818,f1:80.8417769035134,recall:80.46293936374799,precision:81.22419862236724,acc:73.57039344538691
2022-07-14 16:28:42,266 - Vaild 36: auc:75.83675548353762,f1:80.2678759755326,recall:80.10314160921959,precision:80.43328929986791,acc:72.96145091946964
2022-07-14 16:37:08,797 - Train 37: auc:76.05073337938761,f1:80.82699003202436,recall:80.48263398132487,precision:81.17430549469809,acc:73.53868016555136
2022-07-14 16:37:45,660 - Vaild 37: auc:75.8369529117809,f1:80.25843881856541,recall:80.0768299742146,precision:80.44087328857641,acc:72.95422522489974
2022-07-14 16:46:08,836 - Train 38: auc:76.04064110874982,f1:80.76014620436574,recall:80.31175421117264,precision:81.21357318166109,acc:73.48087368078777
2022-07-14 16:46:45,023 - Vaild 38: auc:75.83719855982555,f1:80.38983896813512,recall:80.51886544229858,precision:80.26122534620227,acc:73.0300950178836
2022-07-14 16:55:01,306 - Train 39: auc:76.04827715565776,f1:80.81354078177185,recall:80.45309205495957,precision:81.17723383363725,acc:73.52543284612636
2022-07-14 16:55:37,526 - Vaild 39: auc:75.83730773673429,f1:80.3710809177157,recall:80.46624217228859,precision:80.27614447711045,acc:73.0156436287438
2022-07-14 17:04:01,815 - Train 40: auc:76.05853117504631,f1:80.85993008273252,recall:80.59037512453949,precision:81.13129428229874,acc:73.55955472949375
2022-07-14 17:04:37,571 - Vaild 40: auc:75.83816416892948,f1:80.21542848091241,recall:79.9452717991896,precision:80.48741721854304,acc:72.92532244662017
2022-07-14 17:13:04,409 - Train 41: auc:76.05079557616997,f1:80.73935688075802,recall:80.23355499432331,precision:81.25157649598471,acc:73.47123926666052
2022-07-14 17:13:40,196 - Vaild 41: auc:75.83750789440032,f1:80.23541210313793,recall:79.9926327421986,precision:80.47966963151208,acc:72.9433866830449
2022-07-14 17:22:08,302 - Train 42: auc:76.03951409790236,f1:80.73032479927724,recall:80.2306587270326,precision:81.23625358506501,acc:73.45678764546962
2022-07-14 17:22:45,600 - Vaild 42: auc:75.8371906748266,f1:80.26902281418963,recall:80.0768299742146,precision:80.46214043993231,acc:72.97228946132446
2022-07-14 17:31:15,097 - Train 43: auc:76.04779676486008,f1:80.7928889303106,recall:80.34361315137052,precision:81.24721760116216,acc:73.5262357139703
2022-07-14 17:31:51,952 - Vaild 43: auc:75.83720250232504,f1:80.2920477608793,recall:80.1505025522286,precision:80.4340937896071,acc:72.98674085046424
2022-07-14 17:40:11,053 - Train 44: auc:76.05360018065915,f1:80.80152805115245,recall:80.37373433119396,precision:81.23390005151984,acc:73.53105292103393
2022-07-14 17:40:47,917 - Vaild 44: auc:75.83710909541423,f1:80.32350694170024,recall:80.22417513024259,precision:80.42308503903777,acc:73.0156436287438
2022-07-14 17:49:07,824 - Train 45: auc:76.03576459619886,f1:80.8032193955195,recall:80.42760490280128,precision:81.18235875367623,acc:73.51619986592107
2022-07-14 17:49:42,830 - Vaild 45: auc:75.83762889880748,f1:80.32039627960899,recall:80.2083881492396,precision:80.43271767810026,acc:73.0156436287438
2022-07-14 17:57:58,642 - Train 46: auc:76.0584564040758,f1:80.78908372078129,recall:80.37141731736138,precision:81.21111377750204,acc:73.5105797910135
2022-07-14 17:58:33,575 - Vaild 46: auc:75.83771290437338,f1:80.32039627960899,recall:80.2083881492396,precision:80.43271767810026,acc:73.0156436287438
2022-07-14 18:06:52,989 - Train 47: auc:76.04963889478341,f1:80.83848881210204,recall:80.49595681086215,precision:81.1839484030776,acc:73.55393465458619
2022-07-14 18:07:29,372 - Vaild 47: auc:75.83812686681898,f1:80.33719704952583,recall:80.23996211124559,precision:80.43466793268978,acc:73.03370786516854
2022-07-14 18:15:52,905 - Train 48: auc:76.04947043096172,f1:80.82987793345262,recall:80.45367130841771,precision:81.20961942126775,acc:73.55313178674224
2022-07-14 18:16:29,977 - Vaild 48: auc:75.83842376735691,f1:80.32458636315734,recall:80.2189128032416,precision:80.4305387009972,acc:73.01925647602876
2022-07-14 18:24:58,855 - Train 49: auc:76.0520240667755,f1:80.8081572315697,recall:80.42760490280128,precision:81.19232793403894,acc:73.52462997828243
2022-07-14 18:25:36,090 - Vaild 49: auc:75.83804225471474,f1:80.31201412496375,recall:80.18733884123559,precision:80.4370777027027,acc:73.00841793417392
2022-07-14 18:33:19,360 - ASSIST2012-Test Best Model: auc:75.89741253740789,f1:80.67918814665272,recall:80.57597127344474,precision:80.78266979824427,acc:73.203
2022-07-14 18:40:52,528 - EdNet-Test Best Model: auc:65.08083459952219,f1:65.40621196057643,recall:79.65555168432631,precision:55.4813260436146,acc:58.88666666666666
2022-07-14 18:47:44,816 - ASSIST2009NSB-Test Best Model: auc:79.76470779047507,f1:76.83186127865241,recall:78.36811483120232,precision:75.35468021551604,acc:72.86833333333334
2022-07-14 18:47:47,502 - ************************
2022-07-14 18:47:47,503 - new_DATA_NAME:ASSIST2009NSB
2022-07-14 18:47:53,750 - Checkpoint path:Checkpoints/add_trian/2022-07-14-10-55-14_ASSIST2009NSB.pth.tar
2022-07-14 18:54:33,806 - Train 0: auc:80.27669204559382,f1:76.52231416775393,recall:77.14066933921896,precision:75.91379356199967,acc:73.11433468928288
2022-07-14 18:55:02,859 - Vaild 0: auc:79.81154907219617,f1:76.05783368730599,recall:76.34470318137095,precision:75.77311197916666,acc:73.00483536725766
2022-07-14 18:55:02,872 - At 【0】 Epoceh Get Best Model!
2022-07-14 19:01:42,517 - Train 1: auc:80.31298322979103,f1:76.04769491233087,recall:75.46777172199451,precision:76.63659982435597,acc:72.99818353928416
2022-07-14 19:02:11,402 - Vaild 1: auc:79.83763187749925,f1:75.5496666804687,recall:74.80321416857986,precision:76.31116687578418,acc:72.80681556527746
2022-07-14 19:02:11,414 - At 【1】 Epoceh Get Best Model!
2022-07-14 19:08:48,616 - Train 2: auc:80.35562067246208,f1:75.62428197233584,recall:74.12548984279988,precision:77.18493504057034,acc:72.85849515184076
2022-07-14 19:09:17,584 - Vaild 2: auc:79.85677460049433,f1:75.08478124345824,recall:73.52410626434896,precision:76.71314911455215,acc:72.59498042827539
2022-07-14 19:09:17,597 - At 【2】 Epoceh Get Best Model!
2022-07-14 19:15:57,706 - Train 3: auc:80.36803872203461,f1:75.28618778375066,recall:73.05076347912257,precision:77.66274314501068,acc:72.75922941131321
2022-07-14 19:16:26,706 - Vaild 3: auc:79.87049756453673,f1:74.7624076029567,recall:72.56477533617579,precision:77.0973081278857,acc:72.4844577481004
2022-07-14 19:16:26,719 - At 【3】 Epoceh Get Best Model!
2022-07-14 19:23:05,749 - Train 4: auc:80.37556151923975,f1:75.03383171705914,recall:72.17692896716365,precision:78.12621889382947,acc:72.71880676439737
2022-07-14 19:23:33,771 - Vaild 4: auc:79.88191204892351,f1:74.49810323515621,recall:71.65464086585766,precision:77.57656458055926,acc:72.44761685470873
2022-07-14 19:23:33,785 - At 【4】 Epoceh Get Best Model!
2022-07-14 19:30:11,255 - Train 5: auc:80.39675402623506,f1:74.76992598951873,recall:71.39768478897346,precision:78.476512991128,acc:72.63182132166705
2022-07-14 19:30:40,309 - Vaild 5: auc:79.89363835033839,f1:74.23592032967032,recall:70.90029517874713,precision:77.90090090090091,acc:72.36011973290353
2022-07-14 19:30:40,321 - At 【5】 Epoceh Get Best Model!
2022-07-14 19:37:19,521 - Train 6: auc:80.41054911811264,f1:74.53432664321089,recall:70.70672492230081,precision:78.80004819083571,acc:72.55711617673396
2022-07-14 19:37:48,509 - Vaild 6: auc:79.902001420852,f1:73.9455165565773,recall:70.21974417841915,precision:78.0888118902161,acc:72.20815104766291
2022-07-14 19:37:48,521 - At 【6】 Epoceh Get Best Model!
2022-07-14 19:44:27,408 - Train 7: auc:80.43295542315752,f1:74.28855189273844,recall:70.07972613846223,precision:79.03522407469495,acc:72.44710517563384
2022-07-14 19:44:56,310 - Vaild 7: auc:79.91163975410075,f1:73.72943882643982,recall:69.64578550344375,precision:78.32180728446289,acc:72.12525903753166
2022-07-14 19:44:56,324 - At 【7】 Epoceh Get Best Model!
2022-07-14 19:51:35,128 - Train 8: auc:80.44095248709765,f1:74.12217550730482,recall:69.56353317418134,precision:79.32019188298014,acc:72.41128764039195
2022-07-14 19:52:03,981 - Vaild 8: auc:79.92027760260322,f1:73.54275741710296,recall:69.10462446703838,precision:78.59007832898173,acc:72.07460280911812
2022-07-14 19:52:03,994 - At 【8】 Epoceh Get Best Model!
2022-07-14 19:58:43,501 - Train 9: auc:80.44272321165849,f1:73.9073664532231,recall:69.09328408630242,precision:79.4425339741465,acc:72.29001969964438
2022-07-14 19:59:12,609 - Vaild 9: auc:79.92942452255214,f1:73.35349020638886,recall:68.62905870777304,precision:78.7764705882353,acc:71.99631591066084
2022-07-14 19:59:12,623 - At 【9】 Epoceh Get Best Model!
2022-07-14 20:05:59,155 - Train 10: auc:80.45178341454901,f1:73.8000463750193,recall:68.8131165262826,precision:79.56626355426393,acc:72.24857369457875
2022-07-14 20:06:28,558 - Vaild 10: auc:79.9300834729016,f1:73.3511547394715,recall:68.62085929813053,precision:78.78188835545514,acc:71.99631591066084
2022-07-14 20:06:28,572 - At 【10】 Epoceh Get Best Model!
2022-07-14 20:13:14,011 - Train 11: auc:80.45454268473436,f1:73.79320007923738,recall:68.79509931985046,precision:79.57444148049349,acc:72.24601529920433
2022-07-14 20:13:43,319 - Vaild 11: auc:79.93107146773929,f1:73.35524873986412,recall:68.61265988848803,precision:78.80214709483002,acc:72.00552613400875
2022-07-14 20:13:43,332 - At 【11】 Epoceh Get Best Model!
2022-07-14 20:20:28,361 - Train 12: auc:80.45318331179674,f1:73.76283576028311,recall:68.7239313544435,precision:79.59911935642067,acc:72.2311766060327
2022-07-14 20:20:57,794 - Vaild 12: auc:79.93193930104266,f1:73.34678126644448,recall:68.57166284027551,precision:78.8367269984917,acc:72.0101312456827
2022-07-14 20:20:57,806 - At 【12】 Epoceh Get Best Model!
2022-07-14 20:27:42,227 - Train 13: auc:80.45534364270857,f1:73.74615578035242,recall:68.69510382415207,precision:79.59895197235879,acc:72.21889630823547
2022-07-14 20:28:10,552 - Vaild 13: auc:79.93285709398037,f1:73.31753970343073,recall:68.51426697277796,precision:78.84506510662389,acc:71.99171079898687
2022-07-14 20:28:10,565 - At 【13】 Epoceh Get Best Model!
2022-07-14 20:34:53,098 - Train 14: auc:80.47117000229238,f1:73.7368510144367,recall:68.67348317643349,precision:79.6063074352548,acc:72.21429119656152
2022-07-14 20:35:21,498 - Vaild 14: auc:79.93364783439972,f1:73.29705056179775,recall:68.46507051492293,precision:78.86286361919154,acc:71.98250057563897
2022-07-14 20:35:21,511 - At 【14】 Epoceh Get Best Model!
2022-07-14 20:42:02,714 - Train 15: auc:80.46211159194637,f1:73.72210850282363,recall:68.62123327778028,precision:79.64221488018067,acc:72.21429119656152
2022-07-14 20:42:31,699 - Vaild 15: auc:79.93458543891659,f1:73.2821075740944,recall:68.4240734667104,precision:78.88269212590983,acc:71.977895463965
2022-07-14 20:42:31,712 - At 【15】 Epoceh Get Best Model!
2022-07-14 20:49:12,243 - Train 16: auc:80.45881886904706,f1:73.72579395817196,recall:68.59510832845366,precision:79.68604468630632,acc:72.23015324788294
2022-07-14 20:49:41,336 - Vaild 16: auc:79.93549763292975,f1:73.24723247232473,recall:68.35847818957035,precision:78.8890991672975,acc:71.9548699055952
2022-07-14 20:49:41,349 - At 【16】 Epoceh Get Best Model!
2022-07-14 20:56:21,364 - Train 17: auc:80.45364615639535,f1:73.74628983135378,recall:68.60321607134814,precision:79.72299574967023,acc:72.25624888070202
2022-07-14 20:56:50,441 - Vaild 17: auc:79.93655841378644,f1:73.22433192686358,recall:68.30108232207282,precision:78.91246684350133,acc:71.9456596822473
2022-07-14 20:56:50,455 - At 【17】 Epoceh Get Best Model!
2022-07-14 21:03:30,032 - Train 18: auc:80.46525476541692,f1:73.69828375452312,recall:68.52934552497635,precision:79.71058532598445,acc:72.21736127101083
2022-07-14 21:03:59,114 - Vaild 18: auc:79.93748395908119,f1:73.21083172147003,recall:68.2764840931453,precision:78.91394996209249,acc:71.93644945889938
2022-07-14 21:03:59,127 - At 【18】 Epoceh Get Best Model!
2022-07-14 21:10:39,300 - Train 19: auc:80.448224168021,f1:73.63299800352775,recall:68.44376379442367,precision:79.67365429587139,acc:72.15851817739913
2022-07-14 21:11:08,430 - Vaild 19: auc:79.93838280181278,f1:73.2014072119613,recall:68.24368645457527,precision:78.93588770864946,acc:71.93644945889938
2022-07-14 21:11:08,443 - At 【19】 Epoceh Get Best Model!
2022-07-14 21:17:48,463 - Train 20: auc:80.46226200030267,f1:73.64074328974536,recall:68.43835863249403,precision:79.69912191437353,acc:72.17182183334613
2022-07-14 21:18:17,466 - Vaild 20: auc:79.93928250591738,f1:73.16794228908242,recall:68.19448999672024,precision:78.92389447713039,acc:71.90881878885563
2022-07-14 21:18:17,479 - At 【20】 Epoceh Get Best Model!
2022-07-14 21:24:55,966 - Train 21: auc:80.45881225903914,f1:73.64098685709577,recall:68.4203414260619,precision:79.72414082673777,acc:72.17949701946938
2022-07-14 21:25:24,287 - Vaild 21: auc:79.93936261360692,f1:73.16558155903572,recall:68.18629058707774,precision:78.92938496583145,acc:71.90881878885563
2022-07-14 21:25:24,301 - At 【21】 Epoceh Get Best Model!
2022-07-14 21:32:05,520 - Train 22: auc:80.46012395349344,f1:73.65149553690478,recall:68.42214314670511,precision:79.74633040045359,acc:72.19382403356614
2022-07-14 21:32:33,769 - Vaild 22: auc:79.93941429598725,f1:73.16558155903572,recall:68.18629058707774,precision:78.92938496583145,acc:71.90881878885563
2022-07-14 21:32:33,783 - At 【22】 Epoceh Get Best Model!
2022-07-14 21:39:13,669 - Train 23: auc:80.47807676703157,f1:73.66879400981551,recall:68.42394486734833,precision:79.78445151734788,acc:72.2178729500857
2022-07-14 21:39:42,695 - Vaild 23: auc:79.93950129466086,f1:73.16880031674805,recall:68.18629058707774,precision:78.93687707641196,acc:71.91342390052958
2022-07-14 21:39:42,709 - At 【23】 Epoceh Get Best Model!
2022-07-14 21:46:20,065 - Train 24: auc:80.46171441529575,f1:73.6487371080283,recall:68.41493626413224,precision:79.74965346326711,acc:72.19280067541638
2022-07-14 21:46:48,137 - Vaild 24: auc:79.93953876438661,f1:73.16880031674805,recall:68.18629058707774,precision:78.93687707641196,acc:71.91342390052958
2022-07-14 21:46:48,150 - At 【24】 Epoceh Get Best Model!
2022-07-14 21:53:27,406 - Train 25: auc:80.46067723089621,f1:73.58860213176605,recall:68.35277690194135,precision:79.6930962409016,acc:72.13191086550516
2022-07-14 21:53:56,395 - Vaild 25: auc:79.93960422873505,f1:73.16643935060935,recall:68.17809117743523,precision:78.94237159403778,acc:71.91342390052958
2022-07-14 21:53:56,408 - At 【25】 Epoceh Get Best Model!
2022-07-14 22:00:35,960 - Train 26: auc:80.46986447504483,f1:73.64497397070372,recall:68.43565605152921,precision:79.71269976180733,acc:72.1789853403945
2022-07-14 22:01:04,950 - Vaild 26: auc:79.93969079672213,f1:73.16085885251672,recall:68.16989176779272,precision:78.94037219901253,acc:71.90881878885563
2022-07-14 22:01:04,963 - At 【26】 Epoceh Get Best Model!
2022-07-14 22:07:42,953 - Train 27: auc:80.4710869477295,f1:73.66818578493164,recall:68.44196207378046,precision:79.75854285864258,acc:72.20968608488757
2022-07-14 22:08:12,055 - Vaild 27: auc:79.93978081020124,f1:73.16085885251672,recall:68.16989176779272,precision:78.94037219901253,acc:71.90881878885563
2022-07-14 22:08:12,069 - At 【27】 Epoceh Get Best Model!
2022-07-14 22:14:51,247 - Train 28: auc:80.45317156422817,f1:73.63887676414956,recall:68.39151389577046,precision:79.75836528864842,acc:72.18819556374243
2022-07-14 22:15:19,593 - Vaild 28: auc:79.9398497200417,f1:73.15849687582505,recall:68.16169235815022,precision:78.94586894586895,acc:71.90881878885563
2022-07-14 22:15:19,606 - At 【28】 Epoceh Get Best Model!
2022-07-14 22:21:59,583 - Train 29: auc:80.45438674403083,f1:73.65276430649855,recall:68.40772938155939,precision:79.76889542517989,acc:72.20149921968941
2022-07-14 22:22:28,659 - Vaild 29: auc:79.93989063525947,f1:73.1649357507481,recall:68.16169235815022,precision:78.96086626139818,acc:71.91802901220355
2022-07-14 22:22:28,672 - At 【29】 Epoceh Get Best Model!
2022-07-14 22:29:08,732 - Train 30: auc:80.46324311967129,f1:73.64420009502479,recall:68.4203414260619,precision:79.73167326285733,acc:72.18410213114335
2022-07-14 22:29:37,600 - Vaild 30: auc:79.93993413459629,f1:73.1649357507481,recall:68.16169235815022,precision:78.96086626139818,acc:71.91802901220355
2022-07-14 22:29:37,614 - At 【30】 Epoceh Get Best Model!
2022-07-14 22:36:17,196 - Train 31: auc:80.46324526965772,f1:73.60235943555938,recall:68.34466915904689,precision:79.73640510373531,acc:72.15493642387494
2022-07-14 22:36:46,294 - Vaild 31: auc:79.94003793004347,f1:73.15935395854422,recall:68.1534929485077,precision:78.95886767360122,acc:71.91342390052958
2022-07-14 22:36:46,307 - At 【31】 Epoceh Get Best Model!
2022-07-14 22:43:25,460 - Train 32: auc:80.4801363953529,f1:73.67553121832213,recall:68.4212422863835,precision:79.80393393014752,acc:72.22861821065828
2022-07-14 22:43:54,127 - Vaild 32: auc:79.94014474029622,f1:73.1537716750286,recall:68.1452935388652,precision:78.95686870606117,acc:71.90881878885563
2022-07-14 22:43:54,140 - At 【32】 Epoceh Get Best Model!
2022-07-14 22:50:34,063 - Train 33: auc:80.46270325967765,f1:73.60729265158677,recall:68.37710013062474,precision:79.7038748293605,acc:72.14879627497633
2022-07-14 22:51:03,108 - Vaild 33: auc:79.94023819926734,f1:73.1537716750286,recall:68.1452935388652,precision:78.95686870606117,acc:71.90881878885563
2022-07-14 22:51:03,121 - At 【33】 Epoceh Get Best Model!
2022-07-14 22:57:43,067 - Train 34: auc:80.46606134643258,f1:73.64715124652665,recall:68.40682852123778,precision:79.75695319721032,acc:72.19382403356614
2022-07-14 22:58:11,867 - Vaild 34: auc:79.94032735137344,f1:73.15699132960697,recall:68.1452935388652,precision:78.96437054631829,acc:71.91342390052958
2022-07-14 22:58:11,880 - At 【34】 Epoceh Get Best Model!
2022-07-14 23:04:51,286 - Train 35: auc:80.45288577608079,f1:73.62779666606849,recall:68.37890185126795,precision:79.74952194834941,acc:72.17745030316985
2022-07-14 23:05:20,192 - Vaild 35: auc:79.94034630157957,f1:73.15699132960697,recall:68.1452935388652,precision:78.96437054631829,acc:71.91342390052958
2022-07-14 23:05:20,205 - At 【35】 Epoceh Get Best Model!
2022-07-14 23:12:00,006 - Train 36: auc:80.4651877317207,f1:73.66491257850959,recall:68.41403540381063,precision:79.78882118092037,acc:72.21633791286105
2022-07-14 23:12:28,280 - Vaild 36: auc:79.94047679958996,f1:73.14904481028258,recall:68.12889471958019,precision:78.9678768295001,acc:71.90881878885563
2022-07-14 23:12:28,293 - At 【36】 Epoceh Get Best Model!
2022-07-14 23:19:08,161 - Train 37: auc:80.46381408778132,f1:73.59350208882225,recall:68.31854420972027,precision:79.75118832288732,acc:72.15288970757541
2022-07-14 23:19:37,130 - Vaild 37: auc:79.94061849544943,f1:73.14904481028258,recall:68.12889471958019,precision:78.9678768295001,acc:71.90881878885563
2022-07-14 23:19:37,143 - At 【37】 Epoceh Get Best Model!
2022-07-14 23:26:19,694 - Train 38: auc:80.47747313833355,f1:73.62568588353443,recall:68.35638034322778,precision:79.77522183439169,acc:72.18359045206846
2022-07-14 23:26:49,084 - Vaild 38: auc:79.94068654391688,f1:73.14904481028258,recall:68.12889471958019,precision:78.9678768295001,acc:71.90881878885563
2022-07-14 23:26:49,097 - At 【38】 Epoceh Get Best Model!
2022-07-14 23:33:24,093 - Train 39: auc:80.46611564559373,f1:73.64351238727266,recall:68.37890185126795,precision:79.78640654235079,acc:72.19996418246475
2022-07-14 23:33:52,154 - Vaild 39: auc:79.94080110652665,f1:73.15548512061983,recall:68.12889471958019,precision:78.9828897338403,acc:71.91802901220355
2022-07-14 23:33:52,167 - At 【39】 Epoceh Get Best Model!
2022-07-14 23:40:28,548 - Train 40: auc:80.462767151086,f1:73.61302466380766,recall:68.34827260033332,precision:79.75653599924311,acc:72.16875175889682
2022-07-14 23:40:56,496 - Vaild 40: auc:79.94086786293462,f1:73.15548512061983,recall:68.12889471958019,precision:78.9828897338403,acc:71.91802901220355
2022-07-14 23:40:56,510 - At 【40】 Epoceh Get Best Model!
2022-07-14 23:47:36,981 - Train 41: auc:80.47183841333604,f1:73.58887789355222,recall:68.33115625422278,precision:79.72315356883848,acc:72.14112108885307
2022-07-14 23:48:05,688 - Vaild 41: auc:79.9409850096634,f1:73.15312142291097,recall:68.12069530993769,precision:78.98840083666097,acc:71.91802901220355
2022-07-14 23:48:05,701 - At 【41】 Epoceh Get Best Model!
2022-07-14 23:54:44,186 - Train 42: auc:80.47150949742104,f1:73.62871347156542,recall:68.37710013062474,precision:79.75412419880215,acc:72.17949701946938
2022-07-14 23:55:12,888 - Vaild 42: auc:79.94109914158666,f1:73.15634218289085,recall:68.12069530993769,precision:78.9959113815727,acc:71.9226341238775
2022-07-14 23:55:12,901 - At 【42】 Epoceh Get Best Model!
2022-07-15 00:01:51,631 - Train 43: auc:80.44810505983942,f1:73.62671478743427,recall:68.36628980676545,precision:79.76414449828152,acc:72.18103205669404
2022-07-15 00:02:20,481 - Vaild 43: auc:79.94116417524863,f1:73.15634218289085,recall:68.12069530993769,precision:78.9959113815727,acc:71.9226341238775
2022-07-15 00:02:20,494 - At 【43】 Epoceh Get Best Model!
2022-07-15 00:08:58,593 - Train 44: auc:80.47555655613209,f1:73.58437448427837,recall:68.28521237782081,precision:79.77519812244125,acc:72.1534013866503
2022-07-15 00:09:27,654 - Vaild 44: auc:79.94122404067251,f1:73.15075730891158,recall:68.11249590029517,precision:78.99391403575504,acc:71.91802901220355
2022-07-15 00:09:27,667 - At 【44】 Epoceh Get Best Model!
2022-07-15 00:16:05,489 - Train 45: auc:80.47051885515964,f1:73.60291085506367,recall:68.33656141615243,precision:79.74873843566021,acc:72.15902985647402
2022-07-15 00:16:34,393 - Vaild 45: auc:79.94128692090194,f1:73.14517194311127,recall:68.10429649065267,precision:78.99191631003329,acc:71.91342390052958
2022-07-15 00:16:34,406 - At 【45】 Epoceh Get Best Model!
2022-07-15 00:23:11,819 - Train 46: auc:80.4703810639694,f1:73.63764678491917,recall:68.38340615287599,precision:79.76650834349124,acc:72.18973060096707
2022-07-15 00:23:40,698 - Vaild 46: auc:79.94137391957553,f1:73.14517194311127,recall:68.10429649065267,precision:78.99191631003329,acc:71.91342390052958
2022-07-15 00:23:40,710 - At 【46】 Epoceh Get Best Model!
2022-07-15 00:30:19,356 - Train 47: auc:80.47356462304126,f1:73.60646748545447,recall:68.32394937164993,precision:79.77427633793336,acc:72.16926343797171
2022-07-15 00:30:47,612 - Vaild 47: auc:79.9414725467847,f1:73.13958608542491,recall:68.09609708101017,precision:78.98991820429903,acc:71.90881878885563
2022-07-15 00:30:47,626 - At 【47】 Epoceh Get Best Model!
2022-07-15 00:37:26,565 - Train 48: auc:80.47611225026901,f1:73.62727453539082,recall:68.36448808612225,precision:79.76791120080726,acc:72.18256709391869
2022-07-15 00:37:55,297 - Vaild 48: auc:79.94149666522887,f1:73.12841289413421,recall:68.07969826172516,precision:78.9859208523592,acc:71.8996085655077
2022-07-15 00:37:55,310 - At 【48】 Epoceh Get Best Model!
2022-07-15 00:44:32,759 - Train 49: auc:80.46590885210928,f1:73.60516895136647,recall:68.34827260033332,precision:79.73809498786115,acc:72.15749481924937
2022-07-15 00:45:01,677 - Vaild 49: auc:79.94157978772392,f1:73.12841289413421,recall:68.07969826172516,precision:78.9859208523592,acc:71.8996085655077
2022-07-15 00:45:01,689 - At 【49】 Epoceh Get Best Model!
2022-07-15 00:52:35,633 - ASSIST2012-Test Best Model: auc:75.83998875077073,f1:75.25528661272496,recall:68.15692072834108,precision:84.00409438383073,acc:68.87766666666667
2022-07-15 01:00:16,600 - EdNet-Test Best Model: auc:64.95770468462261,f1:63.49798749316835,recall:71.83134192746228,precision:56.897186147186154,acc:59.70433333333334
2022-07-15 01:07:04,455 - ASSIST2009NSB-Test Best Model: auc:79.98504446337871,f1:73.6192221136709,recall:68.47774332532023,precision:79.59544555658296,acc:71.827
2022-07-15 01:07:07,038 - ************************
2022-07-15 01:07:07,040 - new_DATA_NAME:EdNet
2022-07-15 01:07:12,694 - Checkpoint path:Checkpoints/add_trian/2022-07-14-10-55-14_EdNet.pth.tar
2022-07-15 01:18:43,527 - Train 0: auc:65.15015838469908,f1:63.7377667483512,recall:71.87903503800605,precision:57.25308426524448,acc:59.97449548524341
2022-07-15 01:19:33,828 - Vaild 0: auc:65.24972093944645,f1:63.68423505289156,recall:72.06285593756591,precision:57.05101444435168,acc:59.89295180257842
2022-07-15 01:19:33,841 - At 【0】 Epoceh Get Best Model!
2022-07-15 01:31:27,560 - Train 1: auc:65.1375155060421,f1:63.71326826284607,recall:71.81418230046098,precision:57.25471746451712,acc:59.96820513407026
2022-07-15 01:32:18,456 - Vaild 1: auc:65.24968595650006,f1:63.68340092294784,recall:72.0417633410673,precision:57.06290201319857,acc:59.903244898484346
2022-07-15 01:45:19,642 - Train 2: auc:65.13762204900614,f1:63.71604310800858,recall:71.77971102554964,precision:57.28113241855846,acc:59.99222283854956
2022-07-15 01:46:09,019 - Vaild 2: auc:65.24971245873219,f1:63.673450357833886,recall:72.015397595444,precision:57.0634688505411,acc:59.900671624507865
2022-07-15 01:58:58,373 - Train 3: auc:65.15055989195395,f1:63.71271147987295,recall:71.78321657893045,precision:57.273515509188044,acc:59.98450286210978
2022-07-15 01:59:47,630 - Vaild 3: auc:65.24980773425665,f1:63.668578355947226,recall:72.00485129719468,precision:57.0622649394066,acc:59.898098350531384
2022-07-15 01:59:47,643 - At 【3】 Epoceh Get Best Model!
2022-07-15 02:12:14,169 - Train 4: auc:65.13729324818011,f1:63.66137577113873,recall:71.71719532359178,precision:57.23257830786016,acc:59.93246450240463
2022-07-15 02:13:03,230 - Vaild 4: auc:65.24971404886611,f1:63.658621895767766,recall:71.9784855515714,precision:57.06283182141215,acc:59.895525076554904
2022-07-15 02:24:32,828 - Train 5: auc:65.1456695090527,f1:63.701997883861324,recall:71.75867770526476,precision:57.27182433283128,acc:59.97964213620326
2022-07-15 02:25:21,957 - Vaild 5: auc:65.24970662824111,f1:63.65205223880598,recall:71.96266610419742,precision:57.06221776216759,acc:59.89295180257842
2022-07-15 02:36:46,508 - Train 6: auc:65.14560588458873,f1:63.71523453715234,recall:71.74231845615428,precision:57.30365917968294,acc:60.01166574217566
2022-07-15 02:37:35,831 - Vaild 6: auc:65.24964289037287,f1:63.64696552689274,recall:71.94684665682345,precision:57.06398996235884,acc:59.89295180257842
2022-07-15 02:49:05,160 - Train 7: auc:65.1413214774729,f1:63.66790627424825,recall:71.66987035295081,precision:57.27332150527593,acc:59.97020660944353
2022-07-15 02:49:55,368 - Vaild 7: auc:65.24960777491532,f1:63.65396729113688,recall:71.93630035857414,precision:57.081886271392115,acc:59.91096472041379
2022-07-15 03:01:27,977 - Train 8: auc:65.14494344914593,f1:63.68154555670613,recall:71.68038701309324,precision:57.288680108706814,acc:59.987933962749686
2022-07-15 03:02:17,780 - Vaild 8: auc:65.24961228029478,f1:63.641030427478064,recall:71.90993461295085,precision:57.077682906412186,acc:59.903244898484346
2022-07-15 03:14:11,683 - Train 9: auc:65.13929247458744,f1:63.71764071004935,recall:71.74465549174151,precision:57.306060733336125,acc:60.01452499270891
2022-07-15 03:15:01,074 - Vaild 9: auc:65.24960287200237,f1:63.64527421236872,recall:71.90466146382619,precision:57.08783387758519,acc:59.91353799439027
2022-07-15 03:27:50,838 - Train 10: auc:65.13460330497357,f1:63.685979368065915,recall:71.68798237875167,precision:57.29100519218557,acc:59.99136506338958
2022-07-15 03:28:40,313 - Vaild 10: auc:65.2495543729176,f1:63.649519185883676,recall:71.89938831470154,precision:57.09798994974874,acc:59.92383109029619
2022-07-15 03:41:25,041 - Train 11: auc:65.13433257834009,f1:63.66640448767369,recall:71.64883703266591,precision:57.28432892991274,acc:59.979356211149934
2022-07-15 03:42:13,848 - Vaild 11: auc:65.24958975339747,f1:63.64930790597791,recall:71.89411516557688,precision:57.10097583448507,acc:59.92640436427267
2022-07-15 03:54:57,926 - Train 12: auc:65.14373962913979,f1:63.68165662345619,recall:71.65409536273714,precision:57.305665102891425,acc:60.00280206552259
2022-07-15 03:55:47,412 - Vaild 12: auc:65.24968330627685,f1:63.65058244041367,recall:71.88884201645223,precision:57.10635445901227,acc:59.93155091222563
2022-07-15 04:08:26,945 - Train 13: auc:65.15523596698411,f1:63.71104683467396,recall:71.68213978978365,precision:57.33532724256373,acc:60.03797084708157
2022-07-15 04:09:16,737 - Vaild 13: auc:65.2496770782523,f1:63.64867388868135,recall:71.8782957182029,precision:57.10993799229094,acc:59.93412418620211
2022-07-15 04:20:45,726 - Train 14: auc:65.14166669682947,f1:63.679144829448944,recall:71.62838797127783,precision:57.31804814646849,acc:60.012809442388956
2022-07-15 04:21:34,928 - Vaild 14: auc:65.2496899318349,f1:63.64506713368358,recall:71.86247627082894,precision:57.11411927412933,acc:59.93669746017859
2022-07-15 04:32:57,365 - Train 15: auc:65.14214267227038,f1:63.65564125485956,recall:71.55769264476474,precision:57.32526409892769,acc:60.01166574217566
2022-07-15 04:33:46,584 - Vaild 15: auc:65.24964275786172,f1:63.63848668846334,recall:71.84665682345496,precision:57.11351441985245,acc:59.93412418620211
2022-07-15 04:45:09,815 - Train 16: auc:65.13683205874071,f1:63.63482802978131,recall:71.53373802999585,precision:57.30687860405901,acc:59.989077662962984
2022-07-15 04:45:59,425 - Vaild 16: auc:65.24969417219202,f1:63.63678826661684,recall:71.8413836743303,precision:57.11411084094911,acc:59.93412418620211
2022-07-15 04:57:27,715 - Train 17: auc:65.15987558001908,f1:63.68136965724784,recall:71.58456855401766,precision:57.34974723834488,acc:60.04111602266814
2022-07-15 04:58:17,243 - Vaild 17: auc:65.24960830495995,f1:63.62702046155283,recall:71.82029107783168,precision:57.111707480711175,acc:59.92897763824915
2022-07-15 05:09:40,515 - Train 18: auc:65.15515490815747,f1:63.659170022435354,recall:71.53432228889265,precision:57.34599820143885,acc:60.03082272074843
2022-07-15 05:10:29,717 - Vaild 18: auc:65.24956987672338,f1:63.62532118663864,recall:71.81501792870702,precision:57.112303950348064,acc:59.92897763824915
2022-07-15 05:21:55,829 - Train 19: auc:65.1491080093315,f1:63.67523255783731,recall:71.56762504601039,precision:57.350669051342315,acc:60.03997232245484
2022-07-15 05:22:45,244 - Vaild 19: auc:65.24939959988203,f1:63.612363619372466,recall:71.78865218308374,precision:57.108100171987076,acc:59.92125781631971
2022-07-15 05:34:11,495 - Train 20: auc:65.14817214818426,f1:63.618021466012145,recall:71.47823343479963,precision:57.31526205077512,acc:59.991079138336254
2022-07-15 05:35:00,633 - Vaild 20: auc:65.24924138155626,f1:63.60747663551402,recall:71.77810588483442,precision:57.10689713039101,acc:59.91868454234323
2022-07-15 05:46:24,446 - Train 21: auc:65.15130087854112,f1:63.623458202466885,recall:71.48582880045807,precision:57.31920415630169,acc:59.99622578929611
2022-07-15 05:47:13,402 - Vaild 21: auc:65.24931240753835,f1:63.61193541603384,recall:71.77810588483442,precision:57.114085511685474,acc:59.92640436427267
2022-07-15 05:58:38,213 - Train 22: auc:65.14065678626109,f1:63.63574901838417,recall:71.49108713052928,precision:57.3357761710861,acc:60.01452499270891
2022-07-15 05:59:27,319 - Vaild 22: auc:65.2492729192125,f1:63.61936810618807,recall:71.77810588483442,precision:57.12607016954843,acc:59.93927073415507
2022-07-15 06:10:52,246 - Train 23: auc:65.13717053205565,f1:63.601911267059776,recall:71.43207698195224,precision:57.3187998124707,acc:59.989077662962984
2022-07-15 06:11:41,243 - Vaild 23: auc:65.24947380613196,f1:63.622128216514376,recall:71.77283273570977,precision:57.13386223397558,acc:59.946990556084515
2022-07-15 06:23:03,347 - Train 24: auc:65.14244382315906,f1:63.61536540702514,recall:71.44551493657869,precision:57.33200181911098,acc:60.00480354089586
2022-07-15 06:23:52,482 - Vaild 24: auc:65.24938846894453,f1:63.62021410873733,recall:71.76228643746046,precision:57.137459064573015,acc:59.94956383006098
2022-07-15 06:35:16,756 - Train 25: auc:65.15097835591774,f1:63.64310487931164,recall:71.45603159672113,precision:57.370297401257154,acc:60.04683452373464
2022-07-15 06:36:06,128 - Vaild 25: auc:65.2493226108977,f1:63.62148768058348,recall:71.7570132883358,precision:57.14285714285714,acc:59.95471037801394
2022-07-15 06:47:31,322 - Train 26: auc:65.13711532214991,f1:63.59858548377443,recall:71.3993584837313,precision:57.33447809931314,acc:60.00165836530928
2022-07-15 06:48:20,520 - Vaild 26: auc:65.24922176990451,f1:63.6148972482641,recall:71.74119384096183,precision:57.14225712965685,acc:59.95213710403746
2022-07-15 06:59:46,368 - Train 27: auc:65.14939653511121,f1:63.61699526290734,recall:71.44084086540428,precision:57.33765990171437,acc:60.010236116909034
2022-07-15 07:00:36,082 - Vaild 27: auc:65.24922866048486,f1:63.61468318915128,recall:71.73592069183717,precision:57.14525749810973,acc:59.95471037801394
2022-07-15 07:11:59,352 - Train 28: auc:65.14587026431593,f1:63.617651880436846,recall:71.42039180401619,precision:57.35190624090981,acc:60.02281681925533
2022-07-15 07:12:48,320 - Vaild 28: auc:65.24903744688012,f1:63.617230251157565,recall:71.72537439358784,precision:57.15606353475082,acc:59.965003473919865
2022-07-15 07:24:12,525 - Train 29: auc:65.14187212066757,f1:63.611466891589345,recall:71.38241497572405,precision:57.36635755370349,acc:60.03339604622836
2022-07-15 07:25:01,357 - Vaild 29: auc:65.24901505249397,f1:63.621480026195144,recall:71.7201012444632,precision:57.16627437794216,acc:59.97529656982579
2022-07-15 07:36:23,799 - Train 30: auc:65.14214505726767,f1:63.62805616231147,recall:71.39526867145369,precision:57.38504019836201,acc:60.05484042522774
2022-07-15 07:37:12,841 - Vaild 30: auc:65.24894005117707,f1:63.618076347305404,recall:71.70955494621388,precision:57.16747940137885,acc:59.97529656982579
2022-07-15 07:48:35,266 - Train 31: auc:65.14223683549558,f1:63.61941270221564,recall:71.36605572661358,precision:57.38985806172741,acc:60.05627005049436
2022-07-15 07:49:24,928 - Vaild 31: auc:65.24893634086459,f1:63.60977892151129,recall:71.68846234971525,precision:57.167486649005504,acc:59.972723295849306
2022-07-15 08:00:53,576 - Train 32: auc:65.13453558119333,f1:63.580478452946565,recall:71.30529280134613,precision:57.36579129200412,acc:60.023102744308666
2022-07-15 08:01:43,182 - Vaild 32: auc:65.24883762004994,f1:63.59509546986148,recall:71.65682345496731,precision:57.163890291098774,acc:59.965003473919865
2022-07-15 08:13:11,950 - Train 33: auc:65.14615740947993,f1:63.598978015881904,recall:71.33625852287666,precision:57.37587052753263,acc:60.037684922028234
2022-07-15 08:14:01,664 - Vaild 33: auc:65.2488390776727,f1:63.59296011982776,recall:71.64100400759334,precision:57.17051001514897,acc:59.970150021872826
2022-07-15 08:25:31,476 - Train 34: auc:65.14910988886639,f1:63.63963250353062,recall:71.34969647750312,precision:57.433369860179,acc:60.10030250870641
2022-07-15 08:26:21,094 - Vaild 34: auc:65.2486861597934,f1:63.58911934079311,recall:71.6199114110947,precision:57.1777384861497,acc:59.97529656982579
2022-07-15 08:37:49,012 - Train 35: auc:65.12860263060071,f1:63.58007163790296,recall:71.29945021237812,precision:57.368910952528694,acc:60.02567606978859
2022-07-15 08:38:38,569 - Vaild 35: auc:65.24851164259489,f1:63.59039190897599,recall:71.61463826197006,precision:57.183157894736844,acc:59.98044311777875
2022-07-15 08:50:07,238 - Train 36: auc:65.15708112878444,f1:63.619901249364894,recall:71.32924741611502,precision:57.41447906771132,acc:60.077714429493746
2022-07-15 08:50:56,917 - Vaild 36: auc:65.24853032666853,f1:63.583787960383056,recall:71.59881881459607,precision:57.18256475047379,acc:59.97786984380227
2022-07-15 09:02:25,760 - Train 37: auc:65.14234579944448,f1:63.59268581195513,recall:71.30003447127491,precision:57.3890756895295,acc:60.04712044878796
2022-07-15 09:03:15,271 - Vaild 37: auc:65.24862507214834,f1:63.58186586736605,recall:71.58827251634676,precision:57.18618365627633,acc:59.98044311777875
2022-07-15 09:14:44,273 - Train 38: auc:65.13686976721593,f1:63.58848955373298,recall:71.25446227732432,precision:57.411792397316695,acc:60.06541965220077
2022-07-15 09:15:33,847 - Vaild 38: auc:65.24860996587604,f1:63.57994332419964,recall:71.57772621809745,precision:57.18980408679166,acc:59.98301639175523
2022-07-15 09:27:55,486 - Train 39: auc:65.13193773846741,f1:63.564695086343534,recall:71.22817062696822,precision:57.39006811751802,acc:60.03911454729486
2022-07-15 09:28:52,777 - Vaild 39: auc:65.24859949749435,f1:63.573335831732805,recall:71.56190677072347,precision:57.18921196797303,acc:59.98044311777875
2022-07-15 09:41:36,392 - Train 40: auc:65.14145303182798,f1:63.557635891886264,recall:71.20187897661212,precision:57.39563317131985,acc:60.04168787277479
2022-07-15 09:42:33,661 - Vaild 40: auc:65.24860546049659,f1:63.57460763644882,recall:71.55663362159882,precision:57.19463879288544,acc:59.98558966573171
2022-07-15 09:55:17,554 - Train 41: auc:65.14979155641673,f1:63.5645976064239,recall:71.20187897661212,precision:57.4069886850758,acc:60.05369672501444
2022-07-15 09:56:14,822 - Vaild 41: auc:65.24863593806352,f1:63.56650892564307,recall:71.54081417422485,precision:57.191636455610826,acc:59.98044311777875
2022-07-15 10:08:58,333 - Train 42: auc:65.12732383040291,f1:63.53379831823219,recall:71.18259843301765,precision:57.36928350787313,acc:60.01137981712233
2022-07-15 10:09:55,573 - Vaild 42: auc:65.24860970085373,f1:63.55648241441527,recall:71.51444842860157,precision:57.19225741154641,acc:59.97786984380227
2022-07-15 10:22:41,790 - Train 43: auc:65.13016118377963,f1:63.553878984248236,recall:71.16740770170078,precision:57.41191996794947,acc:60.05455450017442
2022-07-15 10:23:39,345 - Vaild 43: auc:65.24852608631139,f1:63.548379537412416,recall:71.49862898122758,precision:57.189253026276944,acc:59.972723295849306
2022-07-15 10:36:28,215 - Train 44: auc:65.14557651869654,f1:63.53071331284214,recall:71.12884661451182,precision:57.399208852553315,acc:60.03625529676161
2022-07-15 10:37:25,497 - Vaild 44: auc:65.24848964574223,f1:63.544962384869585,recall:71.48808268297827,precision:57.190466146382626,acc:59.972723295849306
2022-07-15 10:48:57,528 - Train 45: auc:65.15853413520189,f1:63.5876030470625,recall:71.20480027109612,precision:57.4426266596909,acc:60.09172475710667
2022-07-15 10:49:46,457 - Vaild 45: auc:65.24848924820874,f1:63.54281428002157,recall:71.4722632356043,precision:57.19711355867831,acc:59.97786984380227
2022-07-15 11:01:07,433 - Train 46: auc:65.14046760755863,f1:63.568731521855426,recall:71.16565492501037,precision:57.437307253402246,acc:60.08114553013364
2022-07-15 11:01:56,347 - Vaild 46: auc:65.24843041325344,f1:63.544084206578056,recall:71.46699008647964,precision:57.20254927615751,acc:59.98301639175523
2022-07-15 11:13:18,882 - Train 47: auc:65.14700300551482,f1:63.529282829020836,recall:71.122419766647,precision:57.401059079270624,acc:60.037398996974915
2022-07-15 11:14:07,691 - Vaild 47: auc:65.24842259509495,f1:63.54706365021684,recall:71.46699008647964,precision:57.20737832932337,acc:59.98816293970819
2022-07-15 11:25:25,084 - Train 48: auc:65.14069464195835,f1:63.53024093555039,recall:71.09788089298131,precision:57.41861814818834,acc:60.05283894985446
2022-07-15 11:26:14,267 - Vaild 48: auc:65.2484023208874,f1:63.5530233757708,recall:71.46699008647964,precision:57.21703888208722,acc:59.99845603561411
2022-07-15 11:37:28,593 - Train 49: auc:65.14758860740392,f1:63.55259208998265,recall:71.14053179244787,precision:57.42732091987851,acc:60.067421127574036
2022-07-15 11:38:17,700 - Vaild 49: auc:65.2484624809543,f1:63.54640529006238,recall:71.45117063910568,precision:57.216451313233684,acc:59.99588276163763
2022-07-15 11:45:42,713 - ASSIST2012-Test Best Model: auc:75.83405764129138,f1:74.6901008675572,recall:67.07727462567628,precision:84.2521631644005,acc:68.434
2022-07-15 11:53:13,267 - EdNet-Test Best Model: auc:64.95787161078599,f1:63.32699192229847,recall:71.17824278072675,precision:57.03571917339537,acc:59.775333333333336
2022-07-15 12:00:01,486 - ASSIST2009NSB-Test Best Model: auc:79.98697323983617,f1:73.26480979842503,recall:67.60907686769096,precision:79.95316866832842,acc:71.67433333333332
