2022-07-13 01:23:17,603 - model_info:累加训练['EdNet', 'ASSIST2009NSB', 'ASSIST2012']
2022-07-13 01:23:17,606 - Model:MyModel(
  (kp_embd): Linear(in_features=16, out_features=16, bias=True)
  (q_embd): Linear(in_features=16, out_features=16, bias=True)
  (pos_embd_kp): Embedding(5, 16)
  (pos_embd_q): Embedding(5, 16)
  (tf_encoder_kp): TFEncoder(
    (encoder): TransformerEncoder(
      (layers): ModuleList(
        (0): TransformerEncoderLayer(
          (self_attn): MultiheadAttention(
            (out_proj): NonDynamicallyQuantizableLinear(in_features=16, out_features=16, bias=True)
          )
          (linear1): Linear(in_features=16, out_features=128, bias=True)
          (dropout): Dropout(p=0.1, inplace=False)
          (linear2): Linear(in_features=128, out_features=16, bias=True)
          (norm1): LayerNorm((16,), eps=1e-05, elementwise_affine=True)
          (norm2): LayerNorm((16,), eps=1e-05, elementwise_affine=True)
          (dropout1): Dropout(p=0.1, inplace=False)
          (dropout2): Dropout(p=0.1, inplace=False)
        )
        (1): TransformerEncoderLayer(
          (self_attn): MultiheadAttention(
            (out_proj): NonDynamicallyQuantizableLinear(in_features=16, out_features=16, bias=True)
          )
          (linear1): Linear(in_features=16, out_features=128, bias=True)
          (dropout): Dropout(p=0.1, inplace=False)
          (linear2): Linear(in_features=128, out_features=16, bias=True)
          (norm1): LayerNorm((16,), eps=1e-05, elementwise_affine=True)
          (norm2): LayerNorm((16,), eps=1e-05, elementwise_affine=True)
          (dropout1): Dropout(p=0.1, inplace=False)
          (dropout2): Dropout(p=0.1, inplace=False)
        )
        (2): TransformerEncoderLayer(
          (self_attn): MultiheadAttention(
            (out_proj): NonDynamicallyQuantizableLinear(in_features=16, out_features=16, bias=True)
          )
          (linear1): Linear(in_features=16, out_features=128, bias=True)
          (dropout): Dropout(p=0.1, inplace=False)
          (linear2): Linear(in_features=128, out_features=16, bias=True)
          (norm1): LayerNorm((16,), eps=1e-05, elementwise_affine=True)
          (norm2): LayerNorm((16,), eps=1e-05, elementwise_affine=True)
          (dropout1): Dropout(p=0.1, inplace=False)
          (dropout2): Dropout(p=0.1, inplace=False)
        )
        (3): TransformerEncoderLayer(
          (self_attn): MultiheadAttention(
            (out_proj): NonDynamicallyQuantizableLinear(in_features=16, out_features=16, bias=True)
          )
          (linear1): Linear(in_features=16, out_features=128, bias=True)
          (dropout): Dropout(p=0.1, inplace=False)
          (linear2): Linear(in_features=128, out_features=16, bias=True)
          (norm1): LayerNorm((16,), eps=1e-05, elementwise_affine=True)
          (norm2): LayerNorm((16,), eps=1e-05, elementwise_affine=True)
          (dropout1): Dropout(p=0.1, inplace=False)
          (dropout2): Dropout(p=0.1, inplace=False)
        )
      )
      (norm): LayerNorm((16,), eps=1e-05, elementwise_affine=True)
    )
  )
  (tf_encoder_q): TFEncoder(
    (encoder): TransformerEncoder(
      (layers): ModuleList(
        (0): TransformerEncoderLayer(
          (self_attn): MultiheadAttention(
            (out_proj): NonDynamicallyQuantizableLinear(in_features=16, out_features=16, bias=True)
          )
          (linear1): Linear(in_features=16, out_features=128, bias=True)
          (dropout): Dropout(p=0.1, inplace=False)
          (linear2): Linear(in_features=128, out_features=16, bias=True)
          (norm1): LayerNorm((16,), eps=1e-05, elementwise_affine=True)
          (norm2): LayerNorm((16,), eps=1e-05, elementwise_affine=True)
          (dropout1): Dropout(p=0.1, inplace=False)
          (dropout2): Dropout(p=0.1, inplace=False)
        )
        (1): TransformerEncoderLayer(
          (self_attn): MultiheadAttention(
            (out_proj): NonDynamicallyQuantizableLinear(in_features=16, out_features=16, bias=True)
          )
          (linear1): Linear(in_features=16, out_features=128, bias=True)
          (dropout): Dropout(p=0.1, inplace=False)
          (linear2): Linear(in_features=128, out_features=16, bias=True)
          (norm1): LayerNorm((16,), eps=1e-05, elementwise_affine=True)
          (norm2): LayerNorm((16,), eps=1e-05, elementwise_affine=True)
          (dropout1): Dropout(p=0.1, inplace=False)
          (dropout2): Dropout(p=0.1, inplace=False)
        )
        (2): TransformerEncoderLayer(
          (self_attn): MultiheadAttention(
            (out_proj): NonDynamicallyQuantizableLinear(in_features=16, out_features=16, bias=True)
          )
          (linear1): Linear(in_features=16, out_features=128, bias=True)
          (dropout): Dropout(p=0.1, inplace=False)
          (linear2): Linear(in_features=128, out_features=16, bias=True)
          (norm1): LayerNorm((16,), eps=1e-05, elementwise_affine=True)
          (norm2): LayerNorm((16,), eps=1e-05, elementwise_affine=True)
          (dropout1): Dropout(p=0.1, inplace=False)
          (dropout2): Dropout(p=0.1, inplace=False)
        )
        (3): TransformerEncoderLayer(
          (self_attn): MultiheadAttention(
            (out_proj): NonDynamicallyQuantizableLinear(in_features=16, out_features=16, bias=True)
          )
          (linear1): Linear(in_features=16, out_features=128, bias=True)
          (dropout): Dropout(p=0.1, inplace=False)
          (linear2): Linear(in_features=128, out_features=16, bias=True)
          (norm1): LayerNorm((16,), eps=1e-05, elementwise_affine=True)
          (norm2): LayerNorm((16,), eps=1e-05, elementwise_affine=True)
          (dropout1): Dropout(p=0.1, inplace=False)
          (dropout2): Dropout(p=0.1, inplace=False)
        )
      )
      (norm): LayerNorm((16,), eps=1e-05, elementwise_affine=True)
    )
  )
  (LayerMask_kp): LayerMask(
    (embeding): Sequential(
      (c_fc1): Linear(in_features=16, out_features=32, bias=True)
      (c_relu1): ReLU(inplace=True)
      (c_fc2): Linear(in_features=32, out_features=32, bias=True)
      (c_relu2): ReLU(inplace=True)
      (c_fc3): Linear(in_features=32, out_features=16, bias=True)
    )
  )
  (LayerMask_q): LayerMask(
    (embeding): Sequential(
      (c_fc1): Linear(in_features=16, out_features=32, bias=True)
      (c_relu1): ReLU(inplace=True)
      (c_fc2): Linear(in_features=32, out_features=32, bias=True)
      (c_relu2): ReLU(inplace=True)
      (c_fc3): Linear(in_features=32, out_features=16, bias=True)
    )
  )
  (class_classifier): Sequential(
    (c_fc1): Linear(in_features=46, out_features=92, bias=True)
    (c_relu1): ReLU(inplace=True)
    (c_fc3): Linear(in_features=92, out_features=46, bias=True)
    (c_relu3): ReLU(inplace=True)
    (c_fc4): Linear(in_features=46, out_features=10, bias=True)
    (c_relu4): ReLU(inplace=True)
    (c_fc5): Linear(in_features=10, out_features=1, bias=True)
    (c_sigmoid): Sigmoid()
  )
)
2022-07-13 01:23:17,607 - BATCH_SIZE:2048；LR:0.001；MEMORY_LEN：5；EPOCH_NUM：50；NHEAD：2
2022-07-13 01:23:17,607 - optimizer:Adam (
Parameter Group 0
    amsgrad: False
    betas: (0.9, 0.999)
    eps: 1e-08
    lr: 0.001
    maximize: False
    weight_decay: 0
)
2022-07-13 01:23:17,608 - loss_func:BCEWithLogitsLoss()
2022-07-13 01:23:17,609 - ITEM_COL:['stu_kp_now_acc', 'stu_kp_now_use_time', 'stu_kp_now_len', 'stu_q_now_acc', 'stu_q_now_time', 'stu_q_now_len', 'q_now_acc', 'q_now_use_time', 'q_now_len', 'kp_now_acc', 'kp_now_use_time', 'kp_now_len', 'last_kp_time_passed', 'last_q_time_passed']
2022-07-13 01:23:17,609 - ITEM_AN_COL:['stu_kp_now_acc_an', 'stu_kp_now_use_time_an', 'stu_kp_now_len_an', 'stu_q_now_acc_an', 'stu_q_now_time_an', 'stu_q_now_len_an', 'q_now_acc_an', 'q_now_use_time_an', 'q_now_len_an', 'kp_now_acc_an', 'kp_now_use_time_an', 'kp_now_len_an', 'last_kp_time_passed', 'last_q_time_passed', 'use_time', 'is_right']
2022-07-13 01:23:17,611 - ************************
2022-07-13 01:23:17,611 - new_DATA_NAME:EdNet
2022-07-13 01:23:21,136 - Checkpoint path:Checkpoints/add_trian/2022-07-13-01-23-17_EdNet.pth.tar
2022-07-13 01:34:36,138 - Train 0: auc:66.87562573758565,f1:46.10744537018847,recall:34.96789497362071,precision:67.66228774278156,acc:59.995939864242786
2022-07-13 01:35:24,704 - Vaild 0: auc:72.12667092730683,f1:52.9190336048183,recall:40.77198903184982,precision:75.37531682589199,acc:64.59689663158437
2022-07-13 01:35:24,718 - At 【0】 Epoceh Get Best Model!
2022-07-13 01:46:38,330 - Train 1: auc:71.86443631273758,f1:51.84215994889516,recall:39.35451077081276,precision:75.93826450660083,acc:64.21876697680004
2022-07-13 01:47:27,741 - Vaild 1: auc:72.2765898140452,f1:52.89644684086824,recall:40.350137101877245,precision:76.76565008025682,acc:64.9314222485268
2022-07-13 01:47:27,754 - At 【1】 Epoceh Get Best Model!
2022-07-13 01:58:48,221 - Train 2: auc:72.11825210187547,f1:52.495479481442885,recall:40.03049831441308,precision:76.23365785813631,acc:64.54472153759056
2022-07-13 01:59:38,446 - Vaild 2: auc:72.21816908862971,f1:54.33993007230388,recall:42.20628559375659,precision:76.26488804192473,acc:65.3868917423638
2022-07-13 02:11:01,068 - Train 3: auc:72.15130115286486,f1:53.07368701578057,recall:40.724597883814276,precision:76.1714822747738,acc:64.75716385221106
2022-07-13 02:11:50,043 - Vaild 3: auc:72.42428847628777,f1:54.52137593806241,recall:42.33284117274837,precision:76.56652360515022,acc:65.53614163299967
2022-07-13 02:11:50,056 - At 【3】 Epoceh Get Best Model!
2022-07-13 02:23:02,899 - Train 4: auc:72.23581686455279,f1:53.42228435961339,recall:41.0780745163797,precision:76.37276094678413,acc:64.94558846235225
2022-07-13 02:23:51,929 - Vaild 4: auc:72.61769156293066,f1:55.45165074576839,recall:43.619489559164734,precision:76.09235580903321,acc:65.79861557860065
2022-07-13 02:23:51,942 - At 【4】 Epoceh Get Best Model!
2022-07-13 02:35:04,700 - Train 5: auc:72.3603030839404,f1:53.574927286396665,recall:41.21829665161226,precision:76.51211973320319,acc:65.0410874301628
2022-07-13 02:35:53,653 - Vaild 5: auc:72.74105031017312,f1:54.79080490947311,recall:42.60704492723054,precision:76.73314339981006,acc:65.687964797612
2022-07-13 02:35:53,665 - At 【5】 Epoceh Get Best Model!
2022-07-13 02:47:12,231 - Train 6: auc:72.46833036198636,f1:53.68175171392217,recall:41.288407719228545,precision:76.70632163945814,acc:65.13172567206684
2022-07-13 02:48:02,187 - Vaild 6: auc:73.00457830300208,f1:51.73767014318543,recall:38.583632145117065,precision:78.50016092693917,acc:64.87223694706775
2022-07-13 02:48:02,200 - At 【6】 Epoceh Get Best Model!
2022-07-13 02:59:10,710 - Train 7: auc:72.48057469091594,f1:53.76221739278847,recall:41.40934931086663,precision:76.61830839747469,acc:65.14259082409319
2022-07-13 02:59:59,992 - Vaild 7: auc:72.93687212303031,f1:54.53302805590678,recall:42.07445686564016,precision:77.47354112049713,acc:65.76258974292993
2022-07-13 03:11:24,807 - Train 8: auc:72.52617767554102,f1:53.85038942495738,recall:41.4262928188739,precision:76.91907138207854,acc:65.25181419446334
2022-07-13 03:12:15,832 - Vaild 8: auc:73.09676618491581,f1:57.586634471056584,recall:46.53026787597553,precision:75.53501112823146,acc:66.55258485370938
2022-07-13 03:12:15,846 - At 【8】 Epoceh Get Best Model!
2022-07-13 03:23:36,385 - Train 9: auc:72.50371400958427,f1:54.00472236224232,recall:41.626109361580305,precision:76.86150128379398,acc:65.3004214535286
2022-07-13 03:24:25,385 - Vaild 9: auc:73.11213032394198,f1:56.34252636481586,recall:44.653026787597554,precision:76.32266786840918,acc:66.23092560664934
2022-07-13 03:24:25,398 - At 【9】 Epoceh Get Best Model!
2022-07-13 03:35:31,553 - Train 10: auc:72.58663919964232,f1:54.33561410804067,recall:41.988934136494564,precision:76.96764589335247,acc:65.46139725855059
2022-07-13 03:36:20,579 - Vaild 10: auc:73.0068896951763,f1:54.97398224670952,recall:42.617591225479856,precision:77.42120892805823,acc:65.93242582537762
2022-07-13 03:47:31,738 - Train 11: auc:72.62568834756698,f1:54.3352251458561,recall:41.97958599414572,precision:76.99751382399589,acc:65.46854538488371
2022-07-13 03:48:20,816 - Vaild 11: auc:72.90941011257544,f1:55.148849797023004,recall:42.98143851508121,precision:76.92525481313703,acc:65.8835336198245
2022-07-13 03:59:33,336 - Train 12: auc:72.6229397838105,f1:54.074694838707224,recall:41.658243600904434,precision:77.0355244392584,acc:65.37133086675321
2022-07-13 04:00:22,906 - Vaild 12: auc:73.04821144545113,f1:52.00964060395549,recall:38.68909512761021,precision:79.31891891891892,acc:65.15787035845706
2022-07-13 04:11:49,467 - Train 13: auc:72.67117931911086,f1:54.302800908402716,recall:41.91122770321985,precision:77.09768601614307,acc:65.47969646196339
2022-07-13 04:12:38,356 - Vaild 13: auc:73.18972912460785,f1:55.55967508173515,recall:43.461295085425014,precision:76.99205978514712,acc:66.07138262010757
2022-07-13 04:12:38,369 - At 【13】 Epoceh Get Best Model!
2022-07-13 04:23:43,726 - Train 14: auc:72.69964280064517,f1:54.697102060489215,recall:42.434139415857956,precision:76.92853586976094,acc:65.60035683446654
2022-07-13 04:24:32,558 - Vaild 14: auc:72.99285981102615,f1:53.90506416448185,recall:41.19911411094706,precision:77.94293695131684,acc:65.61591312627056
2022-07-13 04:35:41,261 - Train 15: auc:72.71863283423383,f1:54.579519742533044,recall:42.20978399948585,precision:77.2046251175515,acc:65.61951381303932
2022-07-13 04:36:29,974 - Vaild 15: auc:73.06292574974576,f1:55.00763617851688,recall:42.73360050622232,precision:77.17360251404628,acc:65.88610689380097
2022-07-13 04:47:42,238 - Train 16: auc:72.7579622536884,f1:54.482581386384076,recall:42.11396554041026,precision:77.137353523463,acc:65.5631865775343
2022-07-13 04:48:31,100 - Vaild 16: auc:73.04573202912528,f1:56.37909278076643,recall:44.76376291921535,precision:76.13452914798206,acc:66.1974730449551
2022-07-13 04:59:40,136 - Train 17: auc:72.7632904030004,f1:54.487499432823626,recall:42.096437773506196,precision:77.21597668013418,acc:65.58434503148035
2022-07-13 05:00:28,776 - Vaild 17: auc:73.17319424947783,f1:56.94825591006778,recall:45.412360261548194,precision:76.34074993351653,acc:66.49339955225034
2022-07-13 05:11:37,031 - Train 18: auc:72.81473440458916,f1:54.63979772821615,recall:42.297422834006206,precision:77.15302718659747,acc:65.6318085903323
2022-07-13 05:12:25,714 - Vaild 18: auc:73.19355021643472,f1:55.372851536067124,recall:43.15017928707024,precision:77.25641993957704,acc:66.05851625022517
2022-07-13 05:12:25,727 - At 【18】 Epoceh Get Best Model!
2022-07-13 05:23:35,225 - Train 19: auc:72.84796213407702,f1:54.61257401088957,recall:42.223221954112304,precision:77.29197860962567,acc:65.65439666954498
2022-07-13 05:24:23,917 - Vaild 19: auc:73.3323095432725,f1:57.44659907471209,recall:46.161147437249525,precision:76.03578563363155,acc:66.6272097990273
2022-07-13 05:24:23,929 - At 【19】 Epoceh Get Best Model!
2022-07-13 05:35:33,082 - Train 20: auc:72.91100538663262,f1:54.72223900434992,recall:42.33598392119516,precision:77.35361622631439,acc:65.71472685579656
2022-07-13 05:36:22,330 - Vaild 20: auc:73.22581323874905,f1:56.38581522463673,recall:44.60556844547564,precision:76.6213768115942,acc:66.3261367437791
2022-07-13 05:47:31,114 - Train 21: auc:72.89697744944309,f1:54.75979134954238,recall:42.35175891140882,precision:77.4510641935208,acc:65.75389858810209
2022-07-13 05:48:19,793 - Vaild 21: auc:73.27176068861789,f1:56.49506535076021,recall:44.67411938409619,precision:76.82263329706203,acc:66.42392115488536
2022-07-13 05:59:30,078 - Train 22: auc:72.90218737126744,f1:54.72358715398822,recall:42.326635778846324,precision:77.39023608588826,acc:65.72416238255629
2022-07-13 06:00:18,871 - Vaild 22: auc:73.24108249978424,f1:52.148631399801445,recall:38.77873866272938,precision:79.58874458874459,acc:65.27109441342219
2022-07-13 06:11:30,396 - Train 23: auc:72.92167311950277,f1:54.67758575731351,recall:42.26645711247568,precision:77.40755007704159,acc:65.70929427978338
2022-07-13 06:12:20,775 - Vaild 23: auc:73.28632764050191,f1:55.23131672597865,recall:42.96561906770723,precision:77.29816905416943,acc:66.00962404467204
2022-07-13 06:23:41,979 - Train 24: auc:73.00462195832995,f1:54.794820491524774,recall:42.401420917637026,precision:77.42523977681286,acc:65.76219041464852
2022-07-13 06:24:30,910 - Vaild 24: auc:73.27601999485285,f1:53.419651247781154,recall:40.4661463826197,precision:78.57069724582779,acc:65.56187437276448
2022-07-13 06:35:40,559 - Train 25: auc:72.96722554316742,f1:54.768456223636676,recall:42.330141332227136,precision:77.55820799657442,acc:65.78334886859456
2022-07-13 06:36:29,270 - Vaild 25: auc:73.27198754772482,f1:54.28061014154185,recall:41.65787808479224,precision:77.87854889589906,acc:65.75486992100049
2022-07-13 06:47:45,014 - Train 26: auc:73.09257919652778,f1:54.794479061773636,recall:42.28398487937975,precision:77.81851808045074,acc:65.85654568224577
2022-07-13 06:48:34,507 - Vaild 26: auc:73.31946762167708,f1:55.17710245427969,recall:42.7968782957182,precision:77.63535488808112,acc:66.06880934613109
2022-07-13 07:00:16,256 - Train 27: auc:73.09300150462295,f1:54.88953976795404,recall:42.37337649059051,precision:77.89927068452542,acc:65.91544624323072
2022-07-13 07:01:05,921 - Vaild 27: auc:73.3356520047873,f1:54.95870589038291,recall:42.459396751740144,precision:77.88740568775393,acc:66.03793005841332
2022-07-13 07:01:05,934 - At 【27】 Epoceh Get Best Model!
2022-07-13 07:12:23,673 - Train 28: auc:73.08791805308545,f1:54.864361339573776,recall:42.32605151994952,precision:77.95796700635982,acc:65.91887734387063
2022-07-13 07:13:13,458 - Vaild 28: auc:73.30598434606436,f1:55.07937589425632,recall:42.62813752372917,precision:77.8055822906641,acc:66.06880934613109
2022-07-13 07:24:45,693 - Train 29: auc:73.07901935676357,f1:54.879235098848945,recall:42.354680205892834,precision:77.9209751273728,acc:65.9163040183907
2022-07-13 07:25:37,155 - Vaild 29: auc:73.30267859014103,f1:55.644180073002566,recall:43.408563594178446,precision:77.48493975903614,acc:66.22835233267286
2022-07-13 07:37:08,362 - Train 30: auc:73.08493152287389,f1:55.05801805341968,recall:42.567934703225696,precision:77.92132788603452,acc:65.99121638236186
2022-07-13 07:37:59,356 - Vaild 30: auc:73.3045837030969,f1:54.999146612049834,recall:42.48048934823877,precision:77.97889846094279,acc:66.07652916806053
2022-07-13 07:49:16,971 - Train 31: auc:73.08568054287772,f1:55.01279516769797,recall:42.51593566141029,precision:77.91447171185062,acc:65.97062977852245
2022-07-13 07:50:05,909 - Vaild 31: auc:73.3349412149219,f1:54.62829736211031,recall:42.042817970892216,precision:77.96792489732056,acc:65.91955945549522
2022-07-13 08:01:14,842 - Train 32: auc:73.08553863717653,f1:54.90764682054446,recall:42.3698709372097,precision:77.98412766689607,acc:65.94318097340324
2022-07-13 08:02:03,668 - Vaild 32: auc:73.28613814954228,f1:54.73821004753599,recall:42.201012444631935,precision:77.87292011287342,acc:65.94271892128354
2022-07-13 08:13:12,850 - Train 33: auc:73.08873031804751,f1:55.092386170413754,recall:42.593057835788194,precision:77.97482164440119,acc:66.01837926242773
2022-07-13 08:14:01,685 - Vaild 33: auc:73.2953578785629,f1:53.886907441393404,recall:41.03037333895803,precision:78.47705496722138,acc:65.73171045521217
2022-07-13 08:25:11,027 - Train 34: auc:73.08339697834022,f1:54.807860030184216,recall:42.223221954112304,precision:78.07945374201843,acc:65.92402399483048
2022-07-13 08:25:59,849 - Vaild 34: auc:73.32865250026246,f1:56.15459455832523,recall:44.13098502425649,precision:77.18343631836207,acc:66.36988240137927
2022-07-13 08:37:08,498 - Train 35: auc:73.09329667829626,f1:55.10375262593136,recall:42.60474301372424,precision:77.98120007271872,acc:66.02466961360088
2022-07-13 08:37:57,329 - Vaild 35: auc:73.33308844387449,f1:54.18087855297157,recall:41.46277156717992,precision:78.15326508299374,acc:65.77802938678882
2022-07-13 08:49:06,277 - Train 36: auc:73.09866777555278,f1:55.10036823718251,recall:42.6193494861443,precision:77.91877630370227,acc:66.00837188556136
2022-07-13 08:49:55,523 - Vaild 36: auc:73.31400630670437,f1:54.92256259807602,recall:42.44885045349083,precision:77.77777777777779,acc:65.99675767478963
2022-07-13 09:01:03,593 - Train 37: auc:73.10396681579327,f1:54.951878298665015,recall:42.399668140946616,precision:78.06163609960738,acc:65.98006530528218
2022-07-13 09:01:52,376 - Vaild 37: auc:73.30956241242271,f1:54.841795940682026,recall:42.317021725374396,precision:77.89749563191613,acc:65.99161112683667
2022-07-13 09:13:02,855 - Train 38: auc:73.0965528309759,f1:55.033892150335895,recall:42.502497706783835,precision:78.04443681539732,acc:66.01037336093462
2022-07-13 09:13:51,801 - Vaild 38: auc:73.2635194220071,f1:54.889396366610995,recall:42.459396751740144,precision:77.60963855421686,acc:65.94271892128354
2022-07-13 09:25:01,631 - Train 39: auc:73.09747653648897,f1:55.05181935093426,recall:42.51827269699749,precision:78.06335346427383,acc:66.02238221317428
2022-07-13 09:25:50,455 - Vaild 39: auc:73.34679394070349,f1:53.728549141965686,recall:40.86163256696899,precision:78.42323651452283,acc:65.65451223591776
2022-07-13 09:25:50,468 - At 【39】 Epoceh Get Best Model!
2022-07-13 09:37:05,822 - Train 40: auc:73.10381504785033,f1:54.9563808196771,recall:42.40025239984342,precision:78.07782930056915,acc:65.98578380634868
2022-07-13 09:37:54,522 - Vaild 40: auc:73.34508958215595,f1:54.68626846235565,recall:42.07445686564016,precision:78.09533131056084,acc:65.97359820900131
2022-07-13 09:49:03,889 - Train 41: auc:73.10584552132052,f1:55.107141641741954,recall:42.57436155109052,precision:78.09679977707758,acc:66.05354804398671
2022-07-13 09:49:52,850 - Vaild 41: auc:73.31910825140955,f1:54.737561976406234,recall:42.20628559375659,precision:77.85234899328859,acc:65.93757237333058
2022-07-13 10:01:02,631 - Train 42: auc:73.1070707441416,f1:55.046690781408444,recall:42.50016067119662,precision:78.10382777688302,acc:66.02981626456074
2022-07-13 10:01:51,590 - Vaild 42: auc:73.31537898981696,f1:54.76719161001606,recall:42.26956338325248,precision:77.75729944708507,acc:65.92727927742466
2022-07-13 10:13:00,752 - Train 43: auc:73.11106347328997,f1:55.10282747205405,recall:42.595979130272205,precision:78.00686917537797,acc:66.03038811466739
2022-07-13 10:13:49,561 - Vaild 43: auc:73.33007129725893,f1:55.13296332867991,recall:42.69141531322506,precision:77.80874579529072,acc:66.09196881191941
2022-07-13 10:25:02,421 - Train 44: auc:73.1013937603537,f1:55.15412110540993,recall:42.6427198420164,precision:78.05571894551093,acc:66.06355542085308
2022-07-13 10:25:51,193 - Vaild 44: auc:73.28149164569608,f1:55.828509893659984,recall:43.74077198903185,precision:77.1484375,acc:66.2232057847199
2022-07-13 10:37:00,411 - Train 45: auc:73.12438395780444,f1:55.2533442038832,recall:42.763661433654484,precision:78.04839036458056,acc:66.1035849283186
2022-07-13 10:37:49,081 - Vaild 45: auc:73.31415869453906,f1:55.61117499830887,recall:43.35055895380721,precision:77.5419732126014,acc:66.22835233267286
2022-07-13 10:50:17,183 - Train 46: auc:73.11177434642406,f1:55.13993968573092,recall:42.62402355731872,precision:78.06156842184106,acc:66.05898061999989
2022-07-13 10:51:14,236 - Vaild 46: auc:73.3324131670001,f1:55.987893055322004,recall:43.89369331364691,precision:77.28158945316127,acc:66.32356346980262
2022-07-13 11:03:50,950 - Train 47: auc:73.12479896695739,f1:55.15195937674741,recall:42.6433041009132,precision:78.04510313412247,acc:66.06012432021319
2022-07-13 11:04:48,224 - Vaild 47: auc:73.34554992592784,f1:55.159742778401544,recall:42.744146804471626,precision:77.74048144240912,acc:66.08682226396645
2022-07-13 11:16:05,535 - Train 48: auc:73.13539713740744,f1:55.12769127222402,recall:42.590720800200984,precision:78.12429669163747,acc:66.06870207181294
2022-07-13 11:16:54,323 - Vaild 48: auc:73.32910118305223,f1:55.79702820175881,recall:43.661674752161986,precision:77.27484834344376,acc:66.24121870255526
2022-07-13 11:28:02,827 - Train 49: auc:73.14416090308183,f1:55.49848544712235,recall:43.08617234468938,precision:77.95619357703123,acc:66.18507356851622
2022-07-13 11:28:51,395 - Vaild 49: auc:73.32696629574389,f1:55.21368102539693,recall:42.817970892216834,precision:77.71078572112164,acc:66.10226190782532
2022-07-13 11:36:06,575 - ASSIST2012-Test Best Model: auc:71.23521254011374,f1:58.83358135546195,recall:44.79067155043709,precision:85.70365675549064,acc:56.47666666666667
2022-07-13 11:43:40,388 - EdNet-Test Best Model: auc:72.94926771597801,f1:54.39340171151957,recall:41.98962965999221,precision:77.19765382634797,acc:65.64333333333333
2022-07-13 11:50:24,097 - ASSIST2009NSB-Test Best Model: auc:76.64812460649979,f1:63.516334262634935,recall:51.59332938484944,precision:82.60631077889961,acc:65.97533333333332
2022-07-13 11:50:27,039 - ************************
2022-07-13 11:50:27,042 - new_DATA_NAME:ASSIST2009NSB
2022-07-13 11:50:30,844 - Checkpoint path:Checkpoints/add_trian/2022-07-13-01-23-17_ASSIST2009NSB.pth.tar
2022-07-13 11:56:51,832 - Train 0: auc:77.43326533596662,f1:66.12888470334994,recall:55.35065988018558,precision:82.11975407645015,acc:67.79440734771151
2022-07-13 11:57:19,332 - Vaild 0: auc:77.37922895814765,f1:68.05116344928494,recall:59.109544112823876,precision:80.18018018018019,acc:68.82799907897767
2022-07-13 11:57:19,348 - At 【0】 Epoceh Get Best Model!
2022-07-13 12:03:38,600 - Train 1: auc:77.88489741387734,f1:68.8580598405632,recall:59.91621999009054,precision:80.93702464253118,acc:69.21738685496457
2022-07-13 12:04:05,474 - Vaild 1: auc:77.6960126630101,f1:69.5028901734104,recall:61.61856346343063,precision:79.70092268533249,acc:69.62928851024638
2022-07-13 12:04:05,487 - At 【1】 Epoceh Get Best Model!
2022-07-13 12:10:27,270 - Train 2: auc:78.16640033954208,f1:69.80494759595486,recall:61.529660826088914,precision:80.65205582977116,acc:69.76539514416558
2022-07-13 12:10:54,818 - Vaild 2: auc:77.91922886374117,f1:70.00321115647507,recall:62.56149557231879,precision:79.45433718629596,acc:69.88717476398803
2022-07-13 12:10:54,831 - At 【2】 Epoceh Get Best Model!
2022-07-13 12:17:15,532 - Train 3: auc:78.39089020231069,f1:70.15654033140733,recall:62.07468132066123,precision:80.65784853096102,acc:70.00383759306163
2022-07-13 12:17:43,205 - Vaild 3: auc:78.09559111050655,f1:70.11557512383048,recall:62.67628730731387,precision:79.5587010824313,acc:69.99309233248906
2022-07-13 12:17:43,217 - At 【3】 Epoceh Get Best Model!
2022-07-13 12:24:03,813 - Train 4: auc:78.55521810964198,f1:70.2880599824,recall:62.24043961983694,precision:80.72581964339962,acc:70.1123135569371
2022-07-13 12:24:31,191 - Vaild 4: auc:78.23477003804273,f1:70.34262220191867,recall:63.12725483765169,precision:79.4202599546111,acc:70.10361501266405
2022-07-13 12:24:31,204 - At 【4】 Epoceh Get Best Model!
2022-07-13 12:30:50,578 - Train 5: auc:78.69872512152932,f1:70.55798171000775,recall:62.65933966938426,precision:80.73521218311821,acc:70.29856474019495
2022-07-13 12:31:17,909 - Vaild 5: auc:78.34222373640112,f1:70.36833927428937,recall:63.12725483765169,precision:79.48585587445798,acc:70.14045590605572
2022-07-13 12:31:17,922 - At 【5】 Epoceh Get Best Model!
2022-07-13 12:37:37,661 - Train 6: auc:78.79339117963423,f1:70.64583819072044,recall:62.78095581280122,precision:80.76348086082815,acc:70.36661805715455
2022-07-13 12:38:05,337 - Vaild 6: auc:78.43556771423751,f1:70.43823972947037,recall:63.19285011479173,precision:79.56023536698669,acc:70.20953258116509
2022-07-13 12:38:05,350 - At 【6】 Epoceh Get Best Model!
2022-07-13 12:44:26,233 - Train 7: auc:78.89738082730548,f1:70.84350996424904,recall:63.104364668258185,precision:80.74626521578753,acc:70.49709622125003
2022-07-13 12:44:53,884 - Vaild 7: auc:78.51576714000491,f1:70.55654476555723,recall:63.35683830764185,precision:79.60234882043886,acc:70.30163481464426
2022-07-13 12:44:53,897 - At 【7】 Epoceh Get Best Model!
2022-07-13 12:51:13,165 - Train 8: auc:78.96803834431988,f1:70.78296014545971,recall:62.95031755326337,precision:80.84175941136999,acc:70.48276920715327
2022-07-13 12:51:40,067 - Vaild 8: auc:78.58278325191807,f1:70.62257696693273,recall:63.47982945227943,precision:79.57652379484017,acc:70.33847570803592
2022-07-13 12:51:40,080 - At 【8】 Epoceh Get Best Model!
2022-07-13 12:58:00,419 - Train 9: auc:79.02404124435816,f1:70.96145495672897,recall:63.304355659654966,precision:80.72579811370608,acc:70.57231304525801
2022-07-13 12:58:27,363 - Vaild 9: auc:78.64030617193399,f1:70.58447488584476,recall:63.37323712692686,precision:79.64756801319044,acc:70.33387059636196
2022-07-13 12:58:27,376 - At 【9】 Epoceh Get Best Model!
2022-07-13 13:04:46,412 - Train 10: auc:79.07485237528928,f1:70.95007074994946,recall:63.23859285617765,precision:80.80345323741007,acc:70.58664005935478
2022-07-13 13:05:14,073 - Vaild 10: auc:78.68597487664364,f1:70.64567647729866,recall:63.47163004263693,precision:79.64811194567343,acc:70.37531660142758
2022-07-13 13:05:14,086 - At 【10】 Epoceh Get Best Model!
2022-07-13 13:11:33,271 - Train 11: auc:79.14476481263698,f1:71.03542372024863,recall:63.31786856447907,precision:80.89543649651839,acc:70.67157878578556
2022-07-13 13:12:00,777 - Vaild 11: auc:78.7306146712978,f1:70.63550036523009,recall:63.4306329944244,precision:79.68685620107128,acc:70.37992171310154
2022-07-13 13:12:00,790 - At 【11】 Epoceh Get Best Model!
2022-07-13 13:18:28,832 - Train 12: auc:79.17408102470893,f1:71.0508775827594,recall:63.380928786991575,precision:80.83273015544756,acc:70.66441527873718
2022-07-13 13:18:55,707 - Vaild 12: auc:78.77074819307201,f1:70.7261448640759,recall:63.570022958346996,precision:79.69777960526315,acc:70.44439327653696
2022-07-13 13:18:55,720 - At 【12】 Epoceh Get Best Model!
2022-07-13 13:25:15,671 - Train 13: auc:79.22658605152927,f1:71.13880619607447,recall:63.50614837169497,precision:80.8567987612548,acc:70.7319569166219
2022-07-13 13:25:43,249 - Vaild 13: auc:78.80928085311484,f1:70.72770381178186,recall:63.59462118727451,precision:79.66310599835661,acc:70.43518305318905
2022-07-13 13:25:43,262 - At 【13】 Epoceh Get Best Model!
2022-07-13 13:32:04,686 - Train 14: auc:79.25669530983873,f1:71.15306034939388,recall:63.53137246069996,precision:80.85274695038063,acc:70.74065546089493
2022-07-13 13:32:32,115 - Vaild 14: auc:78.84179036241443,f1:70.80790600236816,recall:63.74221056083962,precision:79.63532063101823,acc:70.48123416992863
2022-07-13 13:32:32,128 - At 【14】 Epoceh Get Best Model!
2022-07-13 13:39:03,636 - Train 15: auc:79.28265555313247,f1:71.30433031015677,recall:63.77820818882033,precision:80.8443338053259,acc:70.84299127587177
2022-07-13 13:39:32,298 - Vaild 15: auc:78.8731766413144,f1:70.88791848617176,recall:63.88979993440472,precision:79.60768287699224,acc:70.5272852866682
2022-07-13 13:39:32,311 - At 【15】 Epoceh Get Best Model!
2022-07-13 13:45:53,959 - Train 16: auc:79.31448186103125,f1:71.302605008586,recall:63.77730732849871,precision:80.8413456048599,acc:70.84094455957224
2022-07-13 13:46:21,202 - Vaild 16: auc:78.90532868081654,f1:70.89725497336914,recall:63.84880288619219,precision:79.69501586326886,acc:70.5595210683859
2022-07-13 13:46:21,215 - At 【16】 Epoceh Get Best Model!
2022-07-13 13:52:39,742 - Train 17: auc:79.35832732399676,f1:71.37440901469722,recall:63.8511778748705,precision:80.90726450846994,acc:70.90950955560672
2022-07-13 13:53:07,297 - Vaild 17: auc:78.93125127074052,f1:70.95894148138044,recall:63.979993440472285,precision:79.64683066244768,acc:70.58715173842965
2022-07-13 13:53:07,309 - At 【17】 Epoceh Get Best Model!
2022-07-13 13:59:27,413 - Train 18: auc:79.3979828048353,f1:71.45457654051553,recall:64.0043241295437,precision:80.86777376873783,acc:70.95402563512165
2022-07-13 13:59:56,117 - Vaild 18: auc:78.95898532809578,f1:70.92779750523536,recall:63.87340111511971,precision:79.7338792221085,acc:70.59175685010362
2022-07-13 13:59:56,129 - At 【18】 Epoceh Get Best Model!
2022-07-13 14:06:17,496 - Train 19: auc:79.4027261283845,f1:71.29301613057653,recall:63.7250574298455,precision:80.90075253322354,acc:70.85117814106992
2022-07-13 14:06:44,379 - Vaild 19: auc:78.98520810651229,f1:70.97801847722207,recall:63.93899639225976,precision:79.75861716272885,acc:70.63320285516924
2022-07-13 14:06:44,393 - At 【19】 Epoceh Get Best Model!
2022-07-13 14:13:05,654 - Train 20: auc:79.4356725098621,f1:71.42821228348039,recall:63.988108643754785,precision:80.82612653618571,acc:70.92383656970348
2022-07-13 14:13:32,597 - Vaild 20: auc:79.01065091167203,f1:71.09435333666468,recall:64.16038045260741,precision:79.70866863603952,acc:70.69767441860465
2022-07-13 14:13:32,608 - At 【20】 Epoceh Get Best Model!
2022-07-13 14:19:53,132 - Train 21: auc:79.45449151719117,f1:71.39032050249638,recall:63.89081572902121,precision:80.8845500268011,acc:70.91411466728069
2022-07-13 14:20:20,788 - Vaild 21: auc:79.03464661018197,f1:71.1024195015463,recall:64.09478517546736,precision:79.83047385620915,acc:70.73912042367027
2022-07-13 14:20:20,800 - At 【21】 Epoceh Get Best Model!
2022-07-13 14:26:42,638 - Train 22: auc:79.49750235328821,f1:71.4671548632731,recall:64.0043241295437,precision:80.9000022773337,acc:70.9719344027426
2022-07-13 14:27:10,093 - Vaild 22: auc:79.05849845939993,f1:71.13715869338057,recall:64.19317809117744,precision:79.76566479877738,acc:70.74372553534424
2022-07-13 14:27:10,107 - At 【22】 Epoceh Get Best Model!
2022-07-13 14:33:29,986 - Train 23: auc:79.52326178891579,f1:71.51660768859577,recall:64.08630241880996,precision:80.89584825845189,acc:71.00519354261007
2022-07-13 14:33:56,957 - Vaild 23: auc:79.07899181526815,f1:71.20138131588514,recall:64.24237454903246,precision:79.85120260905015,acc:70.81280221045361
2022-07-13 14:33:56,971 - At 【23】 Epoceh Get Best Model!
2022-07-13 14:40:16,211 - Train 24: auc:79.52720490138437,f1:71.46765368522692,recall:64.01153101211658,precision:80.8897692474073,acc:70.96937600736818
2022-07-13 14:40:43,037 - Vaild 24: auc:79.10050202196976,f1:71.26123672023972,recall:64.34896687438506,precision:79.83723296032554,acc:70.84964310384527
2022-07-13 14:40:43,049 - At 【24】 Epoceh Get Best Model!
2022-07-13 14:47:03,168 - Train 25: auc:79.5664886586375,f1:71.58188797556123,recall:64.17188414936264,precision:80.92657600854322,acc:71.0594315245478
2022-07-13 14:47:30,907 - Vaild 25: auc:79.10283418938306,f1:71.25539160045403,recall:64.34076746474254,precision:79.83518160545326,acc:70.84503799217131
2022-07-13 14:47:30,921 - At 【25】 Epoceh Get Best Model!
2022-07-13 14:53:50,245 - Train 26: auc:79.54170667193021,f1:71.54186350386972,recall:64.12053511103103,precision:80.90593918726911,acc:71.02566070560545
2022-07-13 14:54:17,164 - Vaild 26: auc:79.10478692198727,f1:71.24171132709601,recall:64.30796982617252,precision:79.851354103034,acc:70.84043288049735
2022-07-13 14:54:17,177 - At 【26】 Epoceh Get Best Model!
2022-07-13 15:00:38,109 - Train 27: auc:79.54771228826027,f1:71.53617711939782,recall:64.12413855231746,precision:80.88566168950706,acc:71.01593880318265
2022-07-13 15:01:05,634 - Vaild 27: auc:79.10729394812076,f1:71.23524069028157,recall:64.30796982617252,precision:79.83509771986971,acc:70.83122265714944
2022-07-13 15:01:05,647 - At 【27】 Epoceh Get Best Model!
2022-07-13 15:07:24,941 - Train 28: auc:79.55736430292588,f1:71.57819614623014,recall:64.15116436196567,precision:80.95010742420625,acc:71.06352495714687
2022-07-13 15:07:52,503 - Vaild 28: auc:79.10888318131649,f1:71.21246536137738,recall:64.26697277795998,precision:79.84109198329429,acc:70.81740732212755
2022-07-13 15:07:52,516 - At 【28】 Epoceh Get Best Model!
2022-07-13 15:14:11,649 - Train 29: auc:79.56344780958344,f1:71.5697014160377,recall:64.15386694293049,precision:80.92408040817718,acc:71.05022130119988
2022-07-13 15:14:39,155 - Vaild 29: auc:79.11069938629932,f1:71.21570052698529,recall:64.26697277795998,precision:79.84922575387124,acc:70.82201243380152
2022-07-13 15:14:39,169 - At 【29】 Epoceh Get Best Model!
2022-07-13 15:21:03,275 - Train 30: auc:79.5578232316683,f1:71.54905508644953,recall:64.12053511103103,precision:80.92433630833949,acc:71.03589428710313
2022-07-13 15:21:30,263 - Vaild 30: auc:79.11299796016536,f1:71.21246536137738,recall:64.26697277795998,precision:79.84109198329429,acc:70.81740732212755
2022-07-13 15:21:30,276 - At 【30】 Epoceh Get Best Model!
2022-07-13 15:27:52,902 - Train 31: auc:79.55280827360447,f1:71.51380504551418,recall:64.08540155848836,precision:80.89011188938416,acc:71.00161178908589
2022-07-13 15:28:20,429 - Vaild 31: auc:79.11512727423577,f1:71.22155090173989,recall:64.2751721876025,precision:79.85127839462157,acc:70.82661754547547
2022-07-13 15:28:20,442 - At 【31】 Epoceh Get Best Model!
2022-07-13 15:34:40,309 - Train 32: auc:79.57617267769176,f1:71.60248197553194,recall:64.19260393675961,precision:80.946268317619,acc:71.07938700846829
2022-07-13 15:35:07,652 - Vaild 32: auc:79.11681211983517,f1:71.22155090173989,recall:64.2751721876025,precision:79.85127839462157,acc:70.82661754547547
2022-07-13 15:35:07,665 - At 【32】 Epoceh Get Best Model!
2022-07-13 15:41:27,469 - Train 33: auc:79.56460276309106,f1:71.58366448799553,recall:64.18089275257871,precision:80.91679349430979,acc:71.05789648732315
2022-07-13 15:41:54,318 - Vaild 33: auc:79.11881998031177,f1:71.22478648010176,recall:64.2751721876025,precision:79.85941320293398,acc:70.83122265714944
2022-07-13 15:41:54,331 - At 【33】 Epoceh Get Best Model!
2022-07-13 15:48:12,851 - Train 34: auc:79.57500744906281,f1:71.51519417573355,recall:64.06828521237782,precision:80.92095531762376,acc:71.01133369150868
2022-07-13 15:48:40,171 - Vaild 34: auc:79.12070509513502,f1:71.22217174011813,recall:64.26697277795998,precision:79.86549826778072,acc:70.83122265714944
2022-07-13 15:48:40,184 - At 【34】 Epoceh Get Best Model!
2022-07-13 15:55:00,374 - Train 35: auc:79.58331102744634,f1:71.54791945229168,recall:64.11242736813657,precision:80.93434774203087,acc:71.03794100340266
2022-07-13 15:55:27,947 - Vaild 35: auc:79.12301357479066,f1:71.22217174011813,recall:64.26697277795998,precision:79.86549826778072,acc:70.83122265714944
2022-07-13 15:55:27,961 - At 【35】 Epoceh Get Best Model!
2022-07-13 16:01:47,071 - Train 36: auc:79.5759879122321,f1:71.55021614557154,recall:64.11512994910139,precision:80.93591857622108,acc:71.0399877197022
2022-07-13 16:02:14,759 - Vaild 36: auc:79.12506665735006,f1:71.22802235246013,recall:64.2751721876025,precision:79.86754966887418,acc:70.83582776882339
2022-07-13 16:02:14,772 - At 【36】 Epoceh Get Best Model!
2022-07-13 16:08:45,192 - Train 37: auc:79.58555910768051,f1:71.58308454710854,recall:64.15296608260888,precision:80.95974352269756,acc:71.06966510604549
2022-07-13 16:09:12,582 - Vaild 37: auc:79.12673556754885,f1:71.19876397346178,recall:64.23417513938996,precision:79.8572884811417,acc:70.81280221045361
2022-07-13 16:09:12,595 - At 【37】 Epoceh Get Best Model!
2022-07-13 16:15:31,299 - Train 38: auc:79.56874429316643,f1:71.55903358915978,recall:64.13044457456871,precision:80.9340821755838,acc:71.04561618952593
2022-07-13 16:15:58,874 - Vaild 38: auc:79.12932571617739,f1:71.21955652490003,recall:64.25877336831748,precision:79.87158581328984,acc:70.83122265714944
2022-07-13 16:15:58,886 - At 【38】 Epoceh Get Best Model!
2022-07-13 16:22:23,174 - Train 39: auc:79.59108107309162,f1:71.57272357049126,recall:64.12143597135265,precision:80.98347972511719,acc:71.0691534269706
2022-07-13 16:22:51,747 - Vaild 39: auc:79.1311737919614,f1:71.21108838900251,recall:64.24237454903246,precision:79.87562442654705,acc:70.82661754547547
2022-07-13 16:22:51,761 - At 【39】 Epoceh Get Best Model!
2022-07-13 16:29:26,098 - Train 40: auc:79.57147118551633,f1:71.60581888324057,recall:64.20881942254853,precision:80.92902317448423,acc:71.07682861309387
2022-07-13 16:29:54,940 - Vaild 40: auc:79.13318466724351,f1:71.21432466824214,recall:64.24237454903246,precision:79.88376835236541,acc:70.83122265714944
2022-07-13 16:29:54,953 - At 【40】 Epoceh Get Best Model!
2022-07-13 16:36:29,993 - Train 41: auc:79.57241985769512,f1:71.5075146950125,recall:64.05657402819693,precision:80.91997450837583,acc:71.00570522168496
2022-07-13 16:36:58,724 - Vaild 41: auc:79.13510208355447,f1:71.21432466824214,recall:64.24237454903246,precision:79.88376835236541,acc:70.83122265714944
2022-07-13 16:36:58,737 - At 【41】 Epoceh Get Best Model!
2022-07-13 16:43:19,654 - Train 42: auc:79.58538358769603,f1:71.57216520751454,recall:64.14575920003604,precision:80.94328683968216,acc:71.05738480824827
2022-07-13 16:43:47,465 - Vaild 42: auc:79.1370681674403,f1:71.240345297592,recall:64.283371597245,precision:79.88587731811697,acc:70.84964310384527
2022-07-13 16:43:47,478 - At 【42】 Epoceh Get Best Model!
2022-07-13 16:50:09,890 - Train 43: auc:79.58656325271032,f1:71.5738158060058,recall:64.14756092067925,precision:80.94464021825623,acc:71.05891984547293
2022-07-13 16:50:36,935 - Vaild 43: auc:79.13887618937953,f1:71.23449497932664,recall:64.2751721876025,precision:79.88382757566494,acc:70.84503799217131
2022-07-13 16:50:36,948 - At 【43】 Epoceh Get Best Model!
2022-07-13 16:56:58,449 - Train 44: auc:79.60419731875565,f1:71.56422643254629,recall:64.12413855231746,precision:80.95741776989217,acc:71.05584977102362
2022-07-13 16:57:26,211 - Vaild 44: auc:79.14089137152668,f1:71.240345297592,recall:64.283371597245,precision:79.88587731811697,acc:70.84964310384527
2022-07-13 16:57:26,224 - At 【44】 Epoceh Get Best Model!
2022-07-13 17:03:47,697 - Train 45: auc:79.59249001842123,f1:71.59926840053062,recall:64.18359533354354,precision:80.95238095238095,acc:71.07887532939341
2022-07-13 17:04:15,414 - Vaild 45: auc:79.14285702472598,f1:71.24233477174654,recall:64.29977041653001,precision:79.86556675832568,acc:70.84503799217131
2022-07-13 17:04:15,427 - At 【45】 Epoceh Get Best Model!
2022-07-13 17:10:37,722 - Train 46: auc:79.5797327564726,f1:71.5587110648839,recall:64.14756092067925,precision:80.90601281643413,acc:71.03742932432779
2022-07-13 17:11:05,554 - Vaild 46: auc:79.14519048419878,f1:71.2306364421024,recall:64.283371597245,precision:79.86146480594887,acc:70.83582776882339
2022-07-13 17:11:05,566 - At 【46】 Epoceh Get Best Model!
2022-07-13 17:17:28,257 - Train 47: auc:79.60453703261742,f1:71.62454728572361,recall:64.22593576865907,precision:80.949677536561,acc:71.09576073886458
2022-07-13 17:17:55,393 - Vaild 47: auc:79.14538257037908,f1:71.2306364421024,recall:64.283371597245,precision:79.86146480594887,acc:70.83582776882339
2022-07-13 17:17:55,406 - At 【47】 Epoceh Get Best Model!
2022-07-13 17:24:19,379 - Train 48: auc:79.59369914305114,f1:71.61765592651405,recall:64.19620737804604,precision:80.97932931056035,acc:71.09934249238877
2022-07-13 17:24:48,435 - Vaild 48: auc:79.14559016127349,f1:71.2306364421024,recall:64.283371597245,precision:79.86146480594887,acc:70.83582776882339
2022-07-13 17:24:48,449 - At 【48】 Epoceh Get Best Model!
2022-07-13 17:31:11,936 - Train 49: auc:79.59552389469052,f1:71.63304780326057,recall:64.22323318769425,precision:80.97569286687869,acc:71.10906439481157
2022-07-13 17:31:39,770 - Vaild 49: auc:79.14594203214638,f1:71.2306364421024,recall:64.283371597245,precision:79.86146480594887,acc:70.83582776882339
2022-07-13 17:31:39,783 - At 【49】 Epoceh Get Best Model!
2022-07-13 17:39:10,207 - ASSIST2012-Test Best Model: auc:72.94745117503678,f1:70.2115548809411,recall:60.39921462826858,precision:83.83049605223707,acc:64.41333333333333
2022-07-13 17:46:53,916 - EdNet-Test Best Model: auc:71.75575676321611,f1:58.29589125683504,recall:49.016593910328666,precision:71.90891871034988,acc:65.78066666666666
2022-07-13 17:53:39,074 - ASSIST2009NSB-Test Best Model: auc:79.0954442147892,f1:71.62592712028378,recall:64.48570997224448,precision:80.54423347500035,acc:70.67066666666668
2022-07-13 17:53:41,755 - ************************
2022-07-13 17:53:41,756 - new_DATA_NAME:ASSIST2012
2022-07-13 17:53:49,934 - Checkpoint path:Checkpoints/add_trian/2022-07-13-01-23-17_ASSIST2012.pth.tar
2022-07-13 18:02:03,645 - Train 0: auc:72.60328108171471,f1:69.31082331174838,recall:59.0247688778702,precision:83.93851527233187,acc:63.77620861718057
2022-07-13 18:02:39,705 - Vaild 0: auc:72.81827446526546,f1:69.59457385753308,recall:59.66426353733622,precision:83.49042709867453,acc:64.20752194804726
2022-07-13 18:02:39,718 - At 【0】 Epoceh Get Best Model!
2022-07-13 18:11:15,575 - Train 1: auc:72.60001764055576,f1:69.46761789042826,recall:59.28021965291133,precision:83.88305109752298,acc:63.88700437964408
2022-07-13 18:11:52,854 - Vaild 1: auc:72.8193228668585,f1:69.68359087564386,recall:59.80108403936221,precision:83.47902740027915,acc:64.27616604646121
2022-07-13 18:11:52,867 - At 【1】 Epoceh Get Best Model!
2022-07-13 18:20:10,517 - Train 2: auc:72.5969228866755,f1:69.49156565228448,recall:59.358418869760655,precision:83.7965802320732,acc:63.88018000297061
2022-07-13 18:20:46,274 - Vaild 2: auc:72.81971651026831,f1:69.76017642194248,recall:59.9273798873862,precision:83.45302652792027,acc:64.33035875573539
2022-07-13 18:20:46,286 - At 【2】 Epoceh Get Best Model!
2022-07-13 18:28:58,963 - Train 3: auc:72.61973726258746,f1:69.65091901741172,recall:59.562316087027035,precision:83.8540265035678,acc:64.0279076862553
2022-07-13 18:29:34,714 - Vaild 3: auc:72.82043465171245,f1:69.8424353679058,recall:60.06420038941221,precision:83.42347609998538,acc:64.38816431229452
2022-07-13 18:29:34,727 - At 【3】 Epoceh Get Best Model!
2022-07-13 18:37:47,804 - Train 4: auc:72.60193691994061,f1:69.6761052784723,recall:59.64399082462523,precision:83.76544666173132,acc:64.0214847435038
2022-07-13 18:38:23,291 - Vaild 4: auc:72.8211715958464,f1:69.9046338183152,recall:60.17470925643319,precision:83.38802596076715,acc:64.42790563242892
2022-07-13 18:38:23,304 - At 【4】 Epoceh Get Best Model!
2022-07-13 18:46:36,629 - Train 5: auc:72.61063870882815,f1:69.76066428424117,recall:59.760420769712,precision:83.78038183870522,acc:64.09534858514614
2022-07-13 18:47:11,179 - Vaild 5: auc:72.82169473520075,f1:69.94378589759258,recall:60.2378571804452,precision:83.37825041882148,acc:64.45680841070848
2022-07-13 18:47:11,192 - At 【5】 Epoceh Get Best Model!
2022-07-13 18:55:24,552 - Train 6: auc:72.60891807510393,f1:69.83522291681442,recall:59.88901503741977,precision:83.74304436218725,acc:64.14512639147033
2022-07-13 18:56:00,530 - Vaild 6: auc:72.82237951703387,f1:70.00976681723843,recall:60.35362837446719,precision:83.34423370394593,acc:64.50016257812781
2022-07-13 18:56:00,543 - At 【6】 Epoceh Get Best Model!
2022-07-13 19:04:15,004 - Train 7: auc:72.61776825456103,f1:69.87561500718773,recall:59.972427535392384,precision:83.69630240416484,acc:64.16399378580289
2022-07-13 19:04:50,854 - Vaild 7: auc:72.8227191785277,f1:70.08051726241308,recall:60.45887491448718,precision:83.3442147261516,acc:64.55796813468694
2022-07-13 19:04:50,866 - At 【7】 Epoceh Get Best Model!
2022-07-13 19:13:08,918 - Train 8: auc:72.60830023934022,f1:69.96261297858926,recall:60.105655830765315,precision:83.6867191973611,acc:64.23263898645963
2022-07-13 19:13:44,208 - Vaild 8: auc:72.823331175755,f1:70.11886619932947,recall:60.53254749250119,precision:83.31281234156587,acc:64.57964521839662
2022-07-13 19:13:44,221 - At 【8】 Epoceh Get Best Model!
2022-07-13 19:21:57,818 - Train 9: auc:72.61508564242115,f1:70.01455113781813,recall:60.20239115827521,precision:83.64802652758998,acc:64.26354939845127
2022-07-13 19:22:32,790 - Vaild 9: auc:72.82370692628255,f1:70.16752969844654,recall:60.611482397516184,precision:83.30078831272148,acc:64.61577369124608
2022-07-13 19:22:32,802 - At 【9】 Epoceh Get Best Model!
2022-07-13 19:30:42,898 - Train 10: auc:72.60548807897594,f1:70.06103945512271,recall:60.27016381287796,precision:83.6499577923383,acc:64.30248848888229
2022-07-13 19:31:17,201 - Vaild 10: auc:72.82457670232215,f1:70.23769668563776,recall:60.72199126453718,precision:83.29002454164862,acc:64.66996640052025
2022-07-13 19:31:17,213 - At 【10】 Epoceh Get Best Model!
2022-07-13 19:39:27,324 - Train 11: auc:72.61254550870999,f1:70.11483037874174,recall:60.35705183159944,precision:83.63607175823735,acc:64.34263188107921
2022-07-13 19:40:03,433 - Vaild 11: auc:72.82498520592233,f1:70.2733935468175,recall:60.80092616955217,precision:83.2420749279539,acc:64.68441778966003
2022-07-13 19:40:03,447 - At 【11】 Epoceh Get Best Model!
2022-07-13 19:48:17,029 - Train 12: auc:72.60989471078105,f1:70.20521233963585,recall:60.48101207164207,precision:83.65541774829343,acc:64.42332009939504
2022-07-13 19:48:52,421 - Vaild 12: auc:72.82543131490219,f1:70.30822542403793,recall:60.85881176656317,precision:83.23137819359482,acc:64.70970772065465
2022-07-13 19:48:52,434 - At 【12】 Epoceh Get Best Model!
2022-07-13 19:57:01,580 - Train 13: auc:72.60705746642641,f1:70.19911615949455,recall:60.499548182302654,precision:83.60268632583308,acc:64.40204410153066
2022-07-13 19:57:36,962 - Vaild 13: auc:72.82546528105158,f1:70.30822542403793,recall:60.85881176656317,precision:83.23137819359482,acc:64.70970772065465
2022-07-13 19:57:36,977 - At 【13】 Epoceh Get Best Model!
2022-07-13 20:05:47,340 - Train 14: auc:72.61851057099982,f1:70.208111404962,recall:60.51055399800737,precision:83.60718716235144,acc:64.410875647814
2022-07-13 20:06:21,500 - Vaild 14: auc:72.82551016489182,f1:70.31216754308642,recall:60.86407409356417,precision:83.23258491652274,acc:64.71332056793959
2022-07-13 20:06:21,513 - At 【14】 Epoceh Get Best Model!
2022-07-13 20:14:34,492 - Train 15: auc:72.60353013396262,f1:70.21540384440928,recall:60.52619384137723,precision:83.59801905737213,acc:64.41408711918974
2022-07-13 20:15:09,854 - Vaild 15: auc:72.82554200815687,f1:70.31577667689876,recall:60.874598747566175,precision:83.22302158273381,acc:64.71332056793959
2022-07-13 20:15:09,867 - At 【15】 Epoceh Get Best Model!
2022-07-13 20:23:20,525 - Train 16: auc:72.6150881648336,f1:70.22669923627187,recall:60.53430338979123,precision:83.61457158173512,acc:64.42853874038063
2022-07-13 20:23:55,900 - Vaild 16: auc:72.82548014124193,f1:70.32152191089772,recall:60.88512340156817,precision:83.21944903977558,acc:64.71693341522455
2022-07-13 20:32:04,983 - Train 17: auc:72.60468119483858,f1:70.21907766321638,recall:60.535461896707524,precision:83.59075675286552,acc:64.41488998703369
2022-07-13 20:32:40,455 - Vaild 17: auc:72.82560478487939,f1:70.32726609742015,recall:60.89564805557017,precision:83.21587803825686,acc:64.72054626250949
2022-07-13 20:32:40,468 - At 【17】 Epoceh Get Best Model!
2022-07-13 20:40:49,513 - Train 18: auc:72.60813458198642,f1:70.2514834129748,recall:60.59107022868927,precision:83.57662775553905,acc:64.43737028666396
2022-07-13 20:41:25,095 - Vaild 18: auc:72.82559053122742,f1:70.32726609742015,recall:60.89564805557017,precision:83.21587803825686,acc:64.72054626250949
2022-07-13 20:49:43,220 - Train 19: auc:72.6160187532278,f1:70.25387870239774,recall:60.59049097523113,precision:83.58451064373841,acc:64.44178605980562
2022-07-13 20:50:17,978 - Vaild 19: auc:72.82567726621603,f1:70.3312063202674,recall:60.90091038257117,precision:83.21708492126267,acc:64.72415910979443
2022-07-13 20:50:17,991 - At 【19】 Epoceh Get Best Model!
2022-07-13 20:58:33,735 - Train 20: auc:72.60273205175694,f1:70.24846681399582,recall:60.57890590606826,precision:83.59123970905603,acc:64.4393774562738
2022-07-13 20:59:10,874 - Vaild 20: auc:72.82580585235299,f1:70.34088837576714,recall:60.916697363574166,precision:83.21472216231759,acc:64.73138480436432
2022-07-13 20:59:10,888 - At 【20】 Epoceh Get Best Model!
2022-07-13 21:07:26,681 - Train 21: auc:72.60817955364602,f1:70.2505180642366,recall:60.58006441298455,precision:83.59484281455074,acc:64.4421874937276
2022-07-13 21:08:02,810 - Vaild 21: auc:72.82589501349511,f1:70.34662940122125,recall:60.92722201757618,precision:83.21115423314647,acc:64.73499765164927
2022-07-13 21:08:02,822 - At 【21】 Epoceh Get Best Model!
2022-07-13 21:16:19,280 - Train 22: auc:72.60865577829702,f1:70.24138232191925,recall:60.56384531615654,precision:83.59985927430317,acc:64.43616598489805
2022-07-13 21:16:55,473 - Vaild 22: auc:72.82598144521452,f1:70.34449237499241,recall:60.92722201757618,precision:83.20517427236794,acc:64.73138480436432
2022-07-13 21:16:55,486 - At 【22】 Epoceh Get Best Model!
2022-07-13 21:25:14,534 - Train 23: auc:72.61509274759493,f1:70.26896327067934,recall:60.60207604439398,precision:83.60516873506637,acc:64.46065345413818
2022-07-13 21:25:49,502 - Vaild 23: auc:72.82602026367098,f1:70.34809549845089,recall:60.937746671578175,precision:83.19563187010561,acc:64.73138480436432
2022-07-13 21:25:49,515 - At 【23】 Epoceh Get Best Model!
2022-07-13 21:34:25,325 - Train 24: auc:72.61288448912748,f1:70.30475934751964,recall:60.66695243170602,precision:83.58312583796209,acc:64.48353518769044
2022-07-13 21:35:00,891 - Vaild 24: auc:72.82612913731052,f1:70.35203353278864,recall:60.943008998579174,precision:83.19683908045977,acc:64.73499765164927
2022-07-13 21:35:00,903 - At 【24】 Epoceh Get Best Model!
2022-07-13 21:43:16,477 - Train 25: auc:72.61755721650778,f1:70.31197021629443,recall:60.661159897124584,precision:83.61451554952293,acc:64.49919111064723
2022-07-13 21:43:52,499 - Vaild 25: auc:72.82608304039348,f1:70.3559713279067,recall:60.94827132558017,precision:83.19804611737662,acc:64.73861049893421
2022-07-13 21:52:07,791 - Train 26: auc:72.6212850087997,f1:70.26157833250527,recall:60.61829514122199,precision:83.55342999489014,acc:64.43857458842987
2022-07-13 21:52:44,112 - Vaild 26: auc:72.82615188249983,f1:70.36384620057099,recall:60.95879597958217,precision:83.20045967104791,acc:64.7458361935041
2022-07-13 21:52:44,125 - At 【26】 Epoceh Get Best Model!
2022-07-13 22:01:01,204 - Train 27: auc:72.61728853034684,f1:70.24476733838605,recall:60.58527769410783,precision:83.56863779093459,acc:64.42934160822458
2022-07-13 22:01:35,756 - Vaild 27: auc:72.82641026785049,f1:70.36170923558174,recall:60.95879597958217,precision:83.19448434357943,acc:64.74222334621915
2022-07-13 22:01:35,769 - At 【27】 Epoceh Get Best Model!
2022-07-13 22:09:51,989 - Train 28: auc:72.61428291306825,f1:70.3038803806558,recall:60.68085451470145,precision:83.55426875957122,acc:64.47390077356316
2022-07-13 22:10:27,976 - Vaild 28: auc:72.82630927920992,f1:70.3656462585034,recall:60.96405830658317,precision:83.19569120287254,acc:64.7458361935041
2022-07-13 22:18:43,142 - Train 29: auc:72.62508757206216,f1:70.2804302951986,recall:60.644940800296574,precision:83.55613372812233,acc:64.45503337923061
2022-07-13 22:19:19,144 - Vaild 29: auc:72.82622193768293,f1:70.37318191479672,recall:60.979845287586166,precision:83.18736539842068,acc:64.74944904078905
2022-07-13 22:27:35,018 - Train 30: auc:72.61420994869043,f1:70.29879454979407,recall:60.65305034871058,precision:83.59265852899146,acc:64.48152801808058
2022-07-13 22:28:10,602 - Vaild 30: auc:72.82614248115492,f1:70.37284430410494,recall:60.98510761458718,precision:83.17663101988086,acc:64.7458361935041
2022-07-13 22:36:25,464 - Train 31: auc:72.617073140564,f1:70.29886415509787,recall:60.65942213675015,precision:83.58075535548957,acc:64.47791511278285
2022-07-13 22:37:01,360 - Vaild 31: auc:72.82623892075763,f1:70.38071528325946,recall:60.995632268589176,precision:83.17904556871187,acc:64.75306188807399
2022-07-13 22:45:17,896 - Train 32: auc:72.61731517853589,f1:70.32155009832412,recall:60.692439583864314,precision:83.5822205204295,acc:64.49718394103738
2022-07-13 22:45:53,325 - Vaild 32: auc:72.8263735722784,f1:70.37824054398641,recall:61.00089459559017,precision:83.16235024033288,acc:64.7458361935041
2022-07-13 22:54:09,548 - Train 33: auc:72.61273962463295,f1:70.30076449623122,recall:60.67042795245487,precision:83.56523959214285,acc:64.4747036414071
2022-07-13 22:54:45,372 - Vaild 33: auc:72.82633263093763,f1:70.37790256488086,recall:61.006156922591174,precision:83.15162817386314,acc:64.74222334621915
2022-07-13 23:03:00,377 - Train 34: auc:72.62306440034159,f1:70.31241085601717,recall:60.68027526124331,precision:83.5794697495552,acc:64.48875382867602
2022-07-13 23:03:35,957 - Vaild 34: auc:72.82631746747809,f1:70.38183694530444,recall:61.011419249592166,precision:83.15283654880585,acc:64.7458361935041
2022-07-13 23:11:50,133 - Train 35: auc:72.61102267984225,f1:70.33453805961885,recall:60.703445399569034,precision:83.59804398637492,acc:64.51283986399419
2022-07-13 23:12:24,532 - Vaild 35: auc:72.82638843246876,f1:70.38756866672736,recall:61.02194390359416,precision:83.14929011903055,acc:64.74944904078905
2022-07-13 23:20:39,120 - Train 36: auc:72.61362990366445,f1:70.31294562121066,recall:60.69417734423874,precision:83.55461990542491,acc:64.48152801808058
2022-07-13 23:21:13,587 - Vaild 36: auc:72.82642876727114,f1:70.3932993445011,recall:61.03246855759616,precision:83.14574521471073,acc:64.75306188807399
2022-07-13 23:21:13,599 - At 【36】 Epoceh Get Best Model!
2022-07-13 23:29:35,744 - Train 37: auc:72.60505325067322,f1:70.33511120056355,recall:60.72777404481104,precision:83.55356488196757,acc:64.49959254456921
2022-07-13 23:30:12,974 - Vaild 37: auc:72.8263938913142,f1:70.39723242193426,recall:61.03773088459717,precision:83.14695340501792,acc:64.75667473535893
2022-07-13 23:38:38,027 - Train 38: auc:72.61478520264777,f1:70.3236891027577,recall:60.69591510461317,precision:83.58167286186047,acc:64.49878967672527
2022-07-13 23:39:13,408 - Vaild 38: auc:72.82639328477582,f1:70.41296234487362,recall:61.05878019260117,precision:83.15178443457073,acc:64.7711261244987
2022-07-13 23:47:27,012 - Train 39: auc:72.61062652095542,f1:70.31859012632245,recall:60.716768229106336,precision:83.52777113714241,acc:64.47791511278285
2022-07-13 23:48:02,450 - Vaild 39: auc:72.82653248533444,f1:70.41475772930004,recall:61.06404251960217,precision:83.14703353396389,acc:64.7711261244987
2022-07-13 23:48:02,463 - At 【39】 Epoceh Get Best Model!
2022-07-13 23:56:17,055 - Train 40: auc:72.62837464663491,f1:70.3467756274133,recall:60.73356657939249,precision:83.57552230715885,acc:64.51605133536994
2022-07-13 23:56:51,620 - Vaild 40: auc:72.82643301303982,f1:70.41868932038835,recall:61.06930484660317,precision:83.14824102600845,acc:64.77473897178366
2022-07-14 00:05:05,994 - Train 41: auc:72.6113540172743,f1:70.34388375306918,recall:60.73820060705762,precision:83.55858727527732,acc:64.50842409085253
2022-07-14 00:05:41,605 - Vaild 41: auc:72.82649154399368,f1:70.4226206729165,recall:61.074567173604166,precision:83.1494483450351,acc:64.7783518190686
2022-07-14 00:13:54,117 - Train 42: auc:72.6000394560147,f1:70.36227316013253,recall:60.77527282837879,precision:83.54035288871903,acc:64.51805850497979
2022-07-14 00:14:29,745 - Vaild 42: auc:72.8266110320549,f1:70.42655178690615,recall:61.079829500605165,precision:83.15065549108103,acc:64.78196466635356
2022-07-14 00:14:29,758 - At 【42】 Epoceh Get Best Model!
2022-07-14 00:22:45,662 - Train 43: auc:72.62208777223927,f1:70.38282661981228,recall:60.79322968558122,precision:83.56437062575144,acc:64.5425459742199
2022-07-14 00:23:21,463 - Vaild 43: auc:72.8266510635881,f1:70.43407043407043,recall:61.095616481608175,precision:83.14236608421656,acc:64.7855775136385
2022-07-14 00:23:21,475 - At 【43】 Epoceh Get Best Model!
2022-07-14 00:31:35,631 - Train 44: auc:72.60098635676681,f1:70.34211223535014,recall:60.74746866238792,precision:83.53605594984906,acc:64.49999397849116
2022-07-14 00:32:10,334 - Vaild 44: auc:72.82664166224318,f1:70.44978920869856,recall:61.11666578961217,precision:83.14719358533792,acc:64.80002890277828
2022-07-14 00:40:27,659 - Train 45: auc:72.61177912709307,f1:70.38011686104399,recall:60.80597326166037,precision:83.53266967461624,acc:64.53050295656084
2022-07-14 00:41:03,195 - Vaild 45: auc:72.8267450770373,f1:70.44551602826556,recall:61.11666578961217,precision:83.13528990694346,acc:64.7928032082084
2022-07-14 00:41:03,213 - At 【45】 Epoceh Get Best Model!
2022-07-14 00:49:18,295 - Train 46: auc:72.60695948623157,f1:70.39312492249114,recall:60.82740563961166,precision:83.52887835376282,acc:64.5401373706881
2022-07-14 00:49:54,089 - Vaild 46: auc:72.82680178837599,f1:70.44337963243767,recall:61.11666578961217,precision:83.1293393457877,acc:64.78919036092344
2022-07-14 00:49:54,102 - At 【46】 Epoceh Get Best Model!
2022-07-14 00:58:06,426 - Train 47: auc:72.61184632325144,f1:70.38758962360599,recall:60.818137584281374,precision:83.53076892477823,acc:64.5361230314684
2022-07-14 00:58:42,113 - Vaild 47: auc:72.82663317070583,f1:70.44910088849804,recall:61.12719044361417,precision:83.12580506655218,acc:64.7928032082084
2022-07-14 01:06:59,587 - Train 48: auc:72.60728073022646,f1:70.3825136612022,recall:60.80539400820223,precision:83.54051602018241,acc:64.5349187297025
2022-07-14 01:07:35,426 - Vaild 48: auc:72.82674719992161,f1:70.45302929225544,recall:61.13245277061517,precision:83.12701252236135,acc:64.79641605549334
2022-07-14 01:15:50,562 - Train 49: auc:72.6229650945546,f1:70.38228944580769,recall:60.80886952895109,precision:83.53332484562989,acc:64.53251012617068
2022-07-14 01:16:26,707 - Vaild 49: auc:72.8266574322411,f1:70.45089299251039,recall:61.13245277061517,precision:83.12106468231254,acc:64.7928032082084
2022-07-14 01:23:54,828 - ASSIST2012-Test Best Model: auc:72.94980679846296,f1:71.26422875996701,recall:62.212386406732314,precision:83.39865243160801,acc:65.16266666666667
2022-07-14 01:31:28,218 - EdNet-Test Best Model: auc:71.69711425657191,f1:59.20340078001005,recall:50.71150916456596,precision:71.11134528245854,acc:65.89866666666667
2022-07-14 01:38:17,654 - ASSIST2009NSB-Test Best Model: auc:79.09695419187226,f1:72.39431515841203,recall:66.12142749306112,precision:79.98215953867658,acc:71.05166666666666
