2022-07-14 00:59:12,432 - model_info:累加训练['ASSIST2009NSB', 'ASSIST2012', 'EdNet']
2022-07-14 00:59:12,434 - Model:MyModel(
  (kp_embd): Linear(in_features=16, out_features=16, bias=True)
  (q_embd): Linear(in_features=16, out_features=16, bias=True)
  (pos_embd_kp): Embedding(5, 16)
  (pos_embd_q): Embedding(5, 16)
  (tf_encoder_kp): TFEncoder(
    (encoder): TransformerEncoder(
      (layers): ModuleList(
        (0): TransformerEncoderLayer(
          (self_attn): MultiheadAttention(
            (out_proj): NonDynamicallyQuantizableLinear(in_features=16, out_features=16, bias=True)
          )
          (linear1): Linear(in_features=16, out_features=128, bias=True)
          (dropout): Dropout(p=0.1, inplace=False)
          (linear2): Linear(in_features=128, out_features=16, bias=True)
          (norm1): LayerNorm((16,), eps=1e-05, elementwise_affine=True)
          (norm2): LayerNorm((16,), eps=1e-05, elementwise_affine=True)
          (dropout1): Dropout(p=0.1, inplace=False)
          (dropout2): Dropout(p=0.1, inplace=False)
        )
        (1): TransformerEncoderLayer(
          (self_attn): MultiheadAttention(
            (out_proj): NonDynamicallyQuantizableLinear(in_features=16, out_features=16, bias=True)
          )
          (linear1): Linear(in_features=16, out_features=128, bias=True)
          (dropout): Dropout(p=0.1, inplace=False)
          (linear2): Linear(in_features=128, out_features=16, bias=True)
          (norm1): LayerNorm((16,), eps=1e-05, elementwise_affine=True)
          (norm2): LayerNorm((16,), eps=1e-05, elementwise_affine=True)
          (dropout1): Dropout(p=0.1, inplace=False)
          (dropout2): Dropout(p=0.1, inplace=False)
        )
        (2): TransformerEncoderLayer(
          (self_attn): MultiheadAttention(
            (out_proj): NonDynamicallyQuantizableLinear(in_features=16, out_features=16, bias=True)
          )
          (linear1): Linear(in_features=16, out_features=128, bias=True)
          (dropout): Dropout(p=0.1, inplace=False)
          (linear2): Linear(in_features=128, out_features=16, bias=True)
          (norm1): LayerNorm((16,), eps=1e-05, elementwise_affine=True)
          (norm2): LayerNorm((16,), eps=1e-05, elementwise_affine=True)
          (dropout1): Dropout(p=0.1, inplace=False)
          (dropout2): Dropout(p=0.1, inplace=False)
        )
        (3): TransformerEncoderLayer(
          (self_attn): MultiheadAttention(
            (out_proj): NonDynamicallyQuantizableLinear(in_features=16, out_features=16, bias=True)
          )
          (linear1): Linear(in_features=16, out_features=128, bias=True)
          (dropout): Dropout(p=0.1, inplace=False)
          (linear2): Linear(in_features=128, out_features=16, bias=True)
          (norm1): LayerNorm((16,), eps=1e-05, elementwise_affine=True)
          (norm2): LayerNorm((16,), eps=1e-05, elementwise_affine=True)
          (dropout1): Dropout(p=0.1, inplace=False)
          (dropout2): Dropout(p=0.1, inplace=False)
        )
      )
      (norm): LayerNorm((16,), eps=1e-05, elementwise_affine=True)
    )
  )
  (tf_encoder_q): TFEncoder(
    (encoder): TransformerEncoder(
      (layers): ModuleList(
        (0): TransformerEncoderLayer(
          (self_attn): MultiheadAttention(
            (out_proj): NonDynamicallyQuantizableLinear(in_features=16, out_features=16, bias=True)
          )
          (linear1): Linear(in_features=16, out_features=128, bias=True)
          (dropout): Dropout(p=0.1, inplace=False)
          (linear2): Linear(in_features=128, out_features=16, bias=True)
          (norm1): LayerNorm((16,), eps=1e-05, elementwise_affine=True)
          (norm2): LayerNorm((16,), eps=1e-05, elementwise_affine=True)
          (dropout1): Dropout(p=0.1, inplace=False)
          (dropout2): Dropout(p=0.1, inplace=False)
        )
        (1): TransformerEncoderLayer(
          (self_attn): MultiheadAttention(
            (out_proj): NonDynamicallyQuantizableLinear(in_features=16, out_features=16, bias=True)
          )
          (linear1): Linear(in_features=16, out_features=128, bias=True)
          (dropout): Dropout(p=0.1, inplace=False)
          (linear2): Linear(in_features=128, out_features=16, bias=True)
          (norm1): LayerNorm((16,), eps=1e-05, elementwise_affine=True)
          (norm2): LayerNorm((16,), eps=1e-05, elementwise_affine=True)
          (dropout1): Dropout(p=0.1, inplace=False)
          (dropout2): Dropout(p=0.1, inplace=False)
        )
        (2): TransformerEncoderLayer(
          (self_attn): MultiheadAttention(
            (out_proj): NonDynamicallyQuantizableLinear(in_features=16, out_features=16, bias=True)
          )
          (linear1): Linear(in_features=16, out_features=128, bias=True)
          (dropout): Dropout(p=0.1, inplace=False)
          (linear2): Linear(in_features=128, out_features=16, bias=True)
          (norm1): LayerNorm((16,), eps=1e-05, elementwise_affine=True)
          (norm2): LayerNorm((16,), eps=1e-05, elementwise_affine=True)
          (dropout1): Dropout(p=0.1, inplace=False)
          (dropout2): Dropout(p=0.1, inplace=False)
        )
        (3): TransformerEncoderLayer(
          (self_attn): MultiheadAttention(
            (out_proj): NonDynamicallyQuantizableLinear(in_features=16, out_features=16, bias=True)
          )
          (linear1): Linear(in_features=16, out_features=128, bias=True)
          (dropout): Dropout(p=0.1, inplace=False)
          (linear2): Linear(in_features=128, out_features=16, bias=True)
          (norm1): LayerNorm((16,), eps=1e-05, elementwise_affine=True)
          (norm2): LayerNorm((16,), eps=1e-05, elementwise_affine=True)
          (dropout1): Dropout(p=0.1, inplace=False)
          (dropout2): Dropout(p=0.1, inplace=False)
        )
      )
      (norm): LayerNorm((16,), eps=1e-05, elementwise_affine=True)
    )
  )
  (LayerMask_kp): LayerMask(
    (embeding): Sequential(
      (c_fc1): Linear(in_features=16, out_features=32, bias=True)
      (c_relu1): ReLU(inplace=True)
      (c_fc2): Linear(in_features=32, out_features=32, bias=True)
      (c_relu2): ReLU(inplace=True)
      (c_fc3): Linear(in_features=32, out_features=16, bias=True)
    )
  )
  (LayerMask_q): LayerMask(
    (embeding): Sequential(
      (c_fc1): Linear(in_features=16, out_features=32, bias=True)
      (c_relu1): ReLU(inplace=True)
      (c_fc2): Linear(in_features=32, out_features=32, bias=True)
      (c_relu2): ReLU(inplace=True)
      (c_fc3): Linear(in_features=32, out_features=16, bias=True)
    )
  )
  (class_classifier): Sequential(
    (c_fc1): Linear(in_features=46, out_features=92, bias=True)
    (c_relu1): ReLU(inplace=True)
    (c_fc3): Linear(in_features=92, out_features=46, bias=True)
    (c_relu3): ReLU(inplace=True)
    (c_fc4): Linear(in_features=46, out_features=10, bias=True)
    (c_relu4): ReLU(inplace=True)
    (c_fc5): Linear(in_features=10, out_features=1, bias=True)
    (c_sigmoid): Sigmoid()
  )
)
2022-07-14 00:59:12,435 - BATCH_SIZE:2048；LR:0.001；MEMORY_LEN：5；EPOCH_NUM：50；NHEAD：2
2022-07-14 00:59:12,436 - optimizer:Adam (
Parameter Group 0
    amsgrad: False
    betas: (0.9, 0.999)
    eps: 1e-08
    lr: 0.001
    maximize: False
    weight_decay: 0
)
2022-07-14 00:59:12,436 - loss_func:BCEWithLogitsLoss()
2022-07-14 00:59:12,437 - ITEM_COL:['stu_kp_now_acc', 'stu_kp_now_use_time', 'stu_kp_now_len', 'stu_q_now_acc', 'stu_q_now_time', 'stu_q_now_len', 'q_now_acc', 'q_now_use_time', 'q_now_len', 'kp_now_acc', 'kp_now_use_time', 'kp_now_len', 'last_kp_time_passed', 'last_q_time_passed']
2022-07-14 00:59:12,438 - ITEM_AN_COL:['stu_kp_now_acc_an', 'stu_kp_now_use_time_an', 'stu_kp_now_len_an', 'stu_q_now_acc_an', 'stu_q_now_time_an', 'stu_q_now_len_an', 'q_now_acc_an', 'q_now_use_time_an', 'q_now_len_an', 'kp_now_acc_an', 'kp_now_use_time_an', 'kp_now_len_an', 'last_kp_time_passed', 'last_q_time_passed', 'use_time', 'is_right']
2022-07-14 00:59:12,440 - ************************
2022-07-14 00:59:12,441 - new_DATA_NAME:ASSIST2009NSB
2022-07-14 00:59:16,330 - Checkpoint path:Checkpoints/add_trian/2022-07-14-00-59-12_ASSIST2009NSB.pth.tar
2022-07-14 01:05:33,857 - Train 0: auc:74.95436079748237,f1:71.38480504903674,recall:69.8986532138192,precision:72.93552541289492,acc:68.17049146775143
2022-07-14 01:06:00,591 - Vaild 0: auc:79.75510846736213,f1:73.45078979343864,recall:69.39160380452607,precision:78.01438053097345,acc:71.82592677872438
2022-07-14 01:06:00,604 - At 【0】 Epoceh Get Best Model!
2022-07-14 01:12:21,766 - Train 1: auc:80.32726642727413,f1:72.21702618801243,recall:65.38534300256745,precision:80.64286745997356,acc:71.42477038401515
2022-07-14 01:12:49,361 - Vaild 1: auc:80.09854219165197,f1:73.02512474058373,recall:67.80091833387996,precision:79.12161515644436,acc:71.86737278379
2022-07-14 01:12:49,374 - At 【1】 Epoceh Get Best Model!
2022-07-14 01:19:13,475 - Train 2: auc:80.42328541902725,f1:72.42622380230218,recall:65.60965722264763,precision:80.82343802019753,acc:71.62483690229489
2022-07-14 01:19:40,758 - Vaild 2: auc:80.05949141574612,f1:71.38099365846983,recall:64.1439816333224,precision:80.45870616065001,acc:71.11213446926088
2022-07-14 01:26:04,266 - Train 3: auc:80.52070446807673,f1:72.54706743262214,recall:65.6429890545471,precision:81.07413465068927,acc:71.78192237828434
2022-07-14 01:26:32,982 - Vaild 3: auc:80.13794311568469,f1:72.08108108108107,recall:65.60347654968842,precision:79.9780087964814,acc:71.45751784480774
2022-07-14 01:26:32,995 - At 【3】 Epoceh Get Best Model!
2022-07-14 01:32:56,481 - Train 4: auc:80.66867265913945,f1:72.77420635905584,recall:66.03306157380298,precision:81.04820875718708,acc:71.93696113797427
2022-07-14 01:33:23,771 - Vaild 4: auc:80.22975514163022,f1:71.45659413347931,recall:64.21777632010496,precision:80.53470437017994,acc:71.1858162560442
2022-07-14 01:33:23,784 - At 【4】 Epoceh Get Best Model!
2022-07-14 01:39:44,495 - Train 5: auc:80.73596348945317,f1:72.73016836793097,recall:65.82406197919013,precision:81.25528223833459,acc:71.96356844986825
2022-07-14 01:40:11,618 - Vaild 5: auc:80.26685060081284,f1:71.53037916857011,recall:64.19317809117744,precision:80.76129564679184,acc:71.30094404789317
2022-07-14 01:40:11,631 - At 【5】 Epoceh Get Best Model!
2022-07-14 01:46:30,526 - Train 6: auc:80.83473604299094,f1:73.00810991790878,recall:66.29791450835548,precision:81.22958057395144,acc:72.15595978202471
2022-07-14 01:46:57,905 - Vaild 6: auc:80.34584238162608,f1:73.78131421326457,recall:69.18661856346343,precision:79.0296899878243,acc:72.38314529127331
2022-07-14 01:46:57,918 - At 【6】 Epoceh Get Best Model!
2022-07-14 01:53:17,442 - Train 7: auc:80.94110987624119,f1:73.07512925089061,recall:66.3393540831494,precision:81.3333186070399,acc:72.23322332233224
2022-07-14 01:53:44,780 - Vaild 7: auc:80.27642605383217,f1:72.9243809948695,recall:67.0137750081994,precision:79.97847147470398,acc:72.05157725074834
2022-07-14 02:00:04,595 - Train 8: auc:80.93006673499215,f1:73.17191643329781,recall:66.49610377910905,precision:81.33774104683195,acc:72.30434671374114
2022-07-14 02:00:31,984 - Vaild 8: auc:80.27361797783315,f1:73.49143610013175,recall:68.60446047884552,precision:79.12804993379989,acc:72.20354593598894
2022-07-14 02:07:15,407 - Train 9: auc:80.82562301338652,f1:73.09082603428072,recall:66.30422053060673,precision:81.4251418835946,acc:72.27006421572389
2022-07-14 02:07:42,130 - Vaild 9: auc:80.42801219814433,f1:73.97248307490719,recall:69.4326008527386,precision:79.14758388634452,acc:72.55813953488372
2022-07-14 02:07:42,143 - At 【9】 Epoceh Get Best Model!
2022-07-14 02:14:47,038 - Train 10: auc:80.90875351399411,f1:73.2847970818938,recall:66.78618080266655,precision:81.18443242296152,acc:72.34323432343234
2022-07-14 02:15:18,249 - Vaild 10: auc:80.29252769943017,f1:74.11087866108787,recall:69.7113807805838,precision:79.1030889467808,acc:72.64563665668892
2022-07-14 02:22:22,920 - Train 11: auc:80.93917337865668,f1:73.23136418850244,recall:66.53033647133012,precision:81.43345462564781,acc:72.3739350679254
2022-07-14 02:22:54,826 - Vaild 11: auc:80.38704960485202,f1:73.43037918676166,recall:68.03870121351264,precision:79.7501201345507,acc:72.34630439788164
2022-07-14 02:29:58,622 - Train 12: auc:80.95724735433365,f1:73.32967234120447,recall:66.76365929462636,precision:81.32805126967057,acc:72.4158927520659
2022-07-14 02:30:30,618 - Vaild 12: auc:80.3765309483913,f1:72.58760107816711,recall:66.24303050180387,precision:80.2762321144674,acc:71.8996085655077
2022-07-14 02:37:36,468 - Train 13: auc:80.97002880496343,f1:73.40014961827522,recall:66.73393090401333,precision:81.54598093392924,acc:72.52743879039066
2022-07-14 02:38:08,283 - Vaild 13: auc:80.41028557237082,f1:73.88121849660313,recall:69.10462446703838,precision:79.36717205009887,acc:72.55813953488372
2022-07-14 02:44:42,690 - Train 14: auc:81.03219278722443,f1:73.43869802874032,recall:66.87086167289762,precision:81.4371914426769,acc:72.52539207409113
2022-07-14 02:45:10,389 - Vaild 14: auc:80.26145625236383,f1:72.15878194671016,recall:65.2836995736307,precision:80.65235008103727,acc:71.70619387520148
2022-07-14 02:51:35,652 - Train 15: auc:80.96994313093818,f1:73.54695957959618,recall:67.07445610558082,precision:81.40203570686695,acc:72.5944687492005
2022-07-14 02:52:02,660 - Vaild 15: auc:80.29845351502377,f1:73.2021498689646,recall:67.56313545424729,precision:79.86817873412814,acc:72.21736127101083
2022-07-14 02:58:24,996 - Train 16: auc:81.07382463375824,f1:73.55076046755404,recall:67.00238727985226,precision:81.51777200539243,acc:72.62926292629263
2022-07-14 02:58:52,689 - Vaild 16: auc:80.36716868519093,f1:72.85140562248996,recall:66.93178091177435,precision:79.91971803407088,acc:71.98250057563897
2022-07-14 03:05:14,409 - Train 17: auc:81.0954743036262,f1:73.57331513191086,recall:67.00238727985226,precision:81.57320376849425,acc:72.66098702893545
2022-07-14 03:05:41,863 - Vaild 17: auc:80.39247367066974,f1:72.5878078320549,recall:66.34142341751394,precision:80.13271268693671,acc:71.8581625604421
2022-07-14 03:12:03,210 - Train 18: auc:81.1088602525515,f1:73.64548924340953,recall:67.18255934417368,precision:81.48423329909748,acc:72.68912937805409
2022-07-14 03:12:30,815 - Vaild 18: auc:80.49916462323148,f1:72.86308538712707,recall:66.78419153820924,precision:80.15943312666076,acc:72.06078747409624
2022-07-14 03:12:30,827 - At 【18】 Epoceh Get Best Model!
2022-07-14 03:18:52,043 - Train 19: auc:81.0347281707329,f1:73.70409648062743,recall:67.30507634791225,precision:81.44772702496456,acc:72.72187683884668
2022-07-14 03:19:19,502 - Vaild 19: auc:80.3014403259215,f1:72.58906081324218,recall:66.16103640537881,precision:80.40055799123157,acc:71.93644945889938
2022-07-14 03:25:41,565 - Train 20: auc:81.09659655386623,f1:73.65501995943966,recall:67.2357101031485,precision:81.4294754298682,acc:72.68094251285594
2022-07-14 03:26:09,269 - Vaild 20: auc:80.3826583252683,f1:72.83299042848198,recall:66.75959330928173,precision:80.12202322377485,acc:72.02855169237854
2022-07-14 03:32:31,041 - Train 21: auc:81.19847542701278,f1:73.71561808409737,recall:67.21499031575155,precision:81.60827764227197,acc:72.77457978355976
2022-07-14 03:32:58,565 - Vaild 21: auc:80.45749484270141,f1:73.07486631016043,recall:67.22695965890456,precision:80.03709488481063,acc:72.1759152659452
2022-07-14 03:39:20,429 - Train 22: auc:81.20678525796234,f1:73.72136131089198,recall:67.17805504256566,precision:81.67688937568455,acc:72.79760534192954
2022-07-14 03:39:47,429 - Vaild 22: auc:80.51495531317438,f1:72.46703991331046,recall:65.80026238110857,precision:80.6370578778135,acc:71.91802901220355
2022-07-14 03:39:47,441 - At 【22】 Epoceh Get Best Model!
2022-07-14 03:46:10,001 - Train 23: auc:81.20647090113661,f1:73.8401432524825,recall:67.4239899103644,precision:81.60586170050374,acc:72.86514697981427
2022-07-14 03:46:36,811 - Vaild 23: auc:80.27836457378179,f1:73.52226004686327,recall:68.17809117743523,precision:79.77549649812914,acc:72.41998618466498
2022-07-14 03:52:57,426 - Train 24: auc:81.20994266509001,f1:73.89055187616198,recall:67.49065357416333,precision:81.63136331938632,acc:72.9091513802543
2022-07-14 03:53:24,792 - Vaild 24: auc:80.49779590152522,f1:74.50130095403294,recall:70.43292882912431,precision:79.06848306332842,acc:72.92194335712641
2022-07-14 03:59:45,277 - Train 25: auc:81.2297353762017,f1:73.8917179851571,recall:67.450114859691,precision:81.69359854229631,acc:72.92706014787525
2022-07-14 04:00:12,500 - Vaild 25: auc:80.28499628455367,f1:74.74947314094017,recall:71.25286979337487,precision:78.60696517412936,acc:72.96338936219203
2022-07-14 04:06:33,059 - Train 26: auc:81.21378578985191,f1:74.06484895323136,recall:67.77262285482635,precision:81.64503386004515,acc:73.04116458157444
2022-07-14 04:07:00,578 - Vaild 26: auc:80.47856445711054,f1:72.32195342527696,recall:65.57067891111839,precision:80.62304667809255,acc:71.8121114437025
2022-07-14 04:13:21,068 - Train 27: auc:81.26323506709183,f1:73.95278853506326,recall:67.52218368541958,precision:81.7371864776445,acc:72.9838565251874
2022-07-14 04:13:48,395 - Vaild 27: auc:80.46872757738393,f1:74.23371647509579,recall:69.89996720236144,precision:79.14036390642406,acc:72.746949113516
2022-07-14 04:20:08,732 - Train 28: auc:81.4065343465428,f1:74.19564638989347,recall:67.828476194766,precision:81.88204843778887,acc:73.20234349016297
2022-07-14 04:20:35,526 - Vaild 28: auc:80.48699213059959,f1:73.02211302211303,recall:67.0137750081994,precision:80.21395622730395,acc:72.18973060096707
2022-07-14 04:26:56,557 - Train 29: auc:81.4098793359858,f1:74.2372964851351,recall:67.87892437277601,precision:81.90999021632787,acc:73.24071942077929
2022-07-14 04:27:23,382 - Vaild 29: auc:80.50641436913506,f1:72.7794982271891,recall:66.48081338143653,precision:80.39662865642042,acc:72.06999769744417
2022-07-14 04:33:44,181 - Train 30: auc:81.43463410909308,f1:74.19364392974559,recall:67.69965316877618,precision:82.06567438000285,acc:73.25044132320208
2022-07-14 04:34:11,141 - Vaild 30: auc:80.51394276920603,f1:73.39661137230551,recall:67.8419153820925,precision:79.94202898550725,acc:72.37854017959936
2022-07-14 04:40:32,218 - Train 31: auc:81.41284248143582,f1:74.36552093940779,recall:68.09062654835368,precision:81.91434021154846,acc:73.33691508685753
2022-07-14 04:40:59,772 - Vaild 31: auc:80.49134809389007,f1:73.08652988403213,recall:67.17776320104953,precision:80.1349765258216,acc:72.21275615933686
2022-07-14 04:47:21,073 - Train 32: auc:81.43119645683514,f1:74.11754825386944,recall:67.57713616503762,precision:82.05964075524537,acc:73.19262158774016
2022-07-14 04:47:47,983 - Vaild 32: auc:80.52802320304585,f1:73.63776748290314,recall:68.4240734667104,precision:79.71152927691278,acc:72.4844577481004
2022-07-14 04:47:47,996 - At 【32】 Epoceh Get Best Model!
2022-07-14 04:54:09,730 - Train 33: auc:81.4278424406501,f1:74.35590675233242,recall:68.02756632584118,precision:81.98241233308,acc:73.34817202650498
2022-07-14 04:54:36,584 - Vaild 33: auc:80.51722503104475,f1:72.82511210762333,recall:66.57920629714661,precision:80.36421219319082,acc:72.09302325581395
2022-07-14 05:00:57,934 - Train 34: auc:81.41887918987743,f1:74.25465440603963,recall:67.87171749020314,precision:81.9627723806312,acc:73.26783841174816
2022-07-14 05:01:25,405 - Vaild 34: auc:80.53083127904485,f1:73.30043128362455,recall:67.5877336831748,precision:80.06799417192812,acc:72.34630439788164
2022-07-14 05:01:25,417 - At 【34】 Epoceh Get Best Model!
2022-07-14 05:07:46,313 - Train 35: auc:81.4415826678614,f1:74.38680706862549,recall:68.12485924057475,precision:81.91646085185667,acc:73.35328881725381
2022-07-14 05:08:13,609 - Vaild 35: auc:80.51519089869149,f1:72.59873013013915,recall:66.09544112823876,precision:80.52142643092598,acc:71.977895463965
2022-07-14 05:15:10,876 - Train 36: auc:81.4549496456905,f1:74.22867513611614,recall:67.79514436286654,precision:82.01126815819012,acc:73.26169826284954
2022-07-14 05:15:42,272 - Vaild 36: auc:80.51474858365297,f1:73.46252544022651,recall:68.07149885208264,precision:79.78089563713242,acc:72.37854017959936
2022-07-14 05:22:43,885 - Train 37: auc:81.44047393105969,f1:74.21181950049832,recall:67.75100220710779,precision:82.0347524460879,acc:73.25555811395093
2022-07-14 05:23:14,845 - Vaild 37: auc:80.48725915623139,f1:73.06437921636957,recall:67.04657264676943,precision:80.26897025620889,acc:72.23578171770666
2022-07-14 05:30:16,261 - Train 38: auc:81.43336714822753,f1:74.46438228209036,recall:68.22575559659475,precision:81.95876846490991,acc:73.4223654923632
2022-07-14 05:30:47,822 - Vaild 38: auc:80.45317764119618,f1:72.93024917388587,recall:66.95637914070187,precision:80.07452441655226,acc:72.08381303246604
2022-07-14 05:37:48,899 - Train 39: auc:81.43979726150732,f1:74.22899226030643,recall:67.73658844196207,precision:82.0978959896055,acc:73.2852355002942
2022-07-14 05:38:16,131 - Vaild 39: auc:80.48003998906952,f1:73.15663079249312,recall:67.4401443096097,precision:79.93197278911565,acc:72.20354593598894
2022-07-14 05:44:32,346 - Train 40: auc:81.44438925375322,f1:74.3999881843827,recall:68.06990676095671,precision:82.02809501063875,acc:73.3931997850948
2022-07-14 05:44:59,377 - Vaild 40: auc:80.48888973533144,f1:73.25483225949789,recall:67.5877336831748,precision:79.9592588999903,acc:72.28183283444623
2022-07-14 05:51:17,585 - Train 41: auc:81.45384577436678,f1:74.27582329792585,recall:67.84288995991172,precision:82.05650653213769,acc:73.30877273773889
2022-07-14 05:51:44,174 - Vaild 41: auc:80.49559337074932,f1:73.1598645517733,recall:67.31715316497213,precision:80.11319281811085,acc:72.25880727607644
2022-07-14 05:58:01,810 - Train 42: auc:81.45782879762575,f1:74.28577064767646,recall:67.84829512184136,precision:82.07288102347275,acc:73.32054135646123
2022-07-14 05:58:28,999 - Vaild 42: auc:80.50471057332953,f1:73.31854480922803,recall:67.75172187602493,precision:79.88205723124516,acc:72.30485839281603
2022-07-14 06:04:52,298 - Train 43: auc:81.4527785861863,f1:74.35853229627952,recall:67.99513535426333,precision:82.0359541769015,acc:73.36454575690126
2022-07-14 06:05:19,757 - Vaild 43: auc:80.50119746352526,f1:73.27789389425,recall:67.55493604460479,precision:80.06024681760762,acc:72.32788395118581
2022-07-14 06:11:41,638 - Train 44: auc:81.46712464543162,f1:74.41940630724685,recall:68.06990676095671,precision:82.07531798876856,acc:73.42031877606365
2022-07-14 06:12:09,327 - Vaild 44: auc:80.50407315730521,f1:73.28855477959164,recall:67.54673663496227,precision:80.09722897423433,acc:72.34630439788164
2022-07-14 06:18:32,101 - Train 45: auc:81.46757239744555,f1:74.34777894954712,recall:67.9554975001126,precision:82.06751743420695,acc:73.36505743597615
2022-07-14 06:18:59,640 - Vaild 45: auc:80.51107138229109,f1:73.2660052498109,recall:67.51393899639227,precision:80.08948545861297,acc:72.32788395118581
2022-07-14 06:25:22,246 - Train 46: auc:81.47038658564671,f1:74.34205663659255,recall:67.95729922075581,precision:82.05094737758054,acc:73.35635889170312
2022-07-14 06:25:49,231 - Vaild 46: auc:80.50975003610014,f1:73.22978325693177,recall:67.45654312889472,precision:80.08371459164802,acc:72.30025328114206
2022-07-14 06:32:11,563 - Train 47: auc:81.47491355547402,f1:74.44102342143833,recall:68.17350569794154,precision:81.97761962020516,acc:73.41008519456597
2022-07-14 06:32:39,248 - Vaild 47: auc:80.5072038174949,f1:73.2473309608541,recall:67.50573958674975,precision:80.05639828860366,acc:72.30485839281603
2022-07-14 06:39:01,826 - Train 48: auc:81.46796789358568,f1:74.227465375943,recall:67.76361425161028,precision:82.05449864735142,acc:73.27244352342211
2022-07-14 06:39:29,386 - Vaild 48: auc:80.51135391263699,f1:73.37414603850588,recall:67.80911774352246,precision:79.93427411560023,acc:72.36011973290353
2022-07-14 06:45:51,587 - Train 49: auc:81.45760229148648,f1:74.40484103654904,recall:68.06630331967028,precision:82.04512878425922,acc:73.40138665029293
2022-07-14 06:46:19,258 - Vaild 49: auc:80.50775940308368,f1:73.25172490540842,recall:67.46474253853722,precision:80.12464699581264,acc:72.32788395118581
2022-07-14 06:53:46,012 - ASSIST2012-Test Best Model: auc:73.9487052747804,f1:70.99989443799343,recall:61.347325367602934,precision:84.2571652743804,acc:65.202
2022-07-14 07:01:16,476 - EdNet-Test Best Model: auc:65.4333424864939,f1:58.738908938827464,recall:55.650059093175926,precision:62.19080193000672,acc:61.852333333333334
2022-07-14 07:08:05,644 - ASSIST2009NSB-Test Best Model: auc:80.72785183344917,f1:73.71588780314922,recall:67.63346456235702,precision:81.00043116037774,acc:72.31266666666667
2022-07-14 07:08:07,673 - ************************
2022-07-14 07:08:07,674 - new_DATA_NAME:ASSIST2012
2022-07-14 07:08:14,169 - Checkpoint path:Checkpoints/add_trian/2022-07-14-00-59-12_ASSIST2012.pth.tar
2022-07-14 07:16:33,438 - Train 0: auc:73.83387203872115,f1:71.0022620497651,recall:61.45473713478069,precision:84.06202459432049,acc:65.21253918998663
2022-07-14 07:17:09,486 - Vaild 0: auc:73.86333099913102,f1:72.14906387171908,recall:63.5741724990791,precision:83.3977633577247,acc:66.30297337331551
2022-07-14 07:17:09,501 - At 【0】 Epoceh Get Best Model!
2022-07-14 07:25:31,109 - Train 1: auc:73.9074610696265,f1:72.62375589313777,recall:64.24558029611437,precision:83.51480377097076,acc:66.43289831277322
2022-07-14 07:26:07,288 - Vaild 1: auc:73.9171118476428,f1:73.41452677916361,recall:65.82118612850603,precision:82.98832271762208,acc:67.27121644568084
2022-07-14 07:26:07,300 - At 【1】 Epoceh Get Best Model!
2022-07-14 07:34:29,457 - Train 2: auc:73.9318212980477,f1:73.70336669699728,recall:66.1565374545286,precision:83.19371804023834,acc:67.28393822734809
2022-07-14 07:35:05,494 - Vaild 2: auc:73.95468750693729,f1:74.29597867655579,recall:67.47355680681999,precision:82.653258557339,acc:67.9468188879656
2022-07-14 07:35:05,507 - At 【2】 Epoceh Get Best Model!
2022-07-14 07:43:23,663 - Train 3: auc:73.96813216363977,f1:74.48084556889378,recall:67.6562246576612,precision:82.83675770750148,acc:67.87043318734518
2022-07-14 07:43:57,923 - Vaild 3: auc:73.9821418602537,f1:74.90748443730457,recall:68.70494132505394,precision:82.34106962663977,acc:68.39842479858376
2022-07-14 07:43:57,936 - At 【3】 Epoceh Get Best Model!
2022-07-14 07:52:13,383 - Train 4: auc:73.98344358209286,f1:75.09711896204307,recall:68.8657058782641,precision:82.56844415429278,acc:68.34773812056666
2022-07-14 07:52:48,884 - Vaild 4: auc:74.00365941588849,f1:75.4499189719387,recall:69.8258169762669,precision:82.05936920222634,acc:68.80306369449764
2022-07-14 07:52:48,897 - At 【4】 Epoceh Get Best Model!
2022-07-14 08:01:04,843 - Train 5: auc:73.97360883234292,f1:75.6152321426894,recall:69.9384832827452,precision:82.29492553590293,acc:68.7391361944867
2022-07-14 08:01:40,320 - Vaild 5: auc:74.02171030140178,f1:75.88094230497956,recall:70.76777350944587,precision:81.79053643109111,acc:69.11376856100293
2022-07-14 08:01:40,333 - At 【5】 Epoceh Get Best Model!
2022-07-14 08:09:56,255 - Train 6: auc:74.02134548016106,f1:76.11314889648742,recall:70.91684237354897,precision:82.13116513712231,acc:69.15221170019309
2022-07-14 08:10:31,890 - Vaild 6: auc:74.03520062482188,f1:76.24492083508477,recall:71.58869652160186,precision:81.54897494305239,acc:69.37389356551898
2022-07-14 08:10:31,903 - At 【6】 Epoceh Get Best Model!
2022-07-14 08:18:47,576 - Train 7: auc:74.02377564274978,f1:76.48346896860569,recall:71.72374244074237,precision:81.91982745502781,acc:69.43361687949356
2022-07-14 08:19:21,874 - Vaild 7: auc:74.04635516893343,f1:76.60333203320889,recall:72.34647160974583,precision:81.39245752175714,acc:69.65930850102966
2022-07-14 08:19:21,887 - At 【7】 Epoceh Get Best Model!
2022-07-14 08:27:38,036 - Train 8: auc:74.02546183759067,f1:76.76814830056908,recall:72.39625570564657,precision:81.70199969929334,acc:69.63353097263425
2022-07-14 08:28:13,466 - Vaild 8: auc:74.05647010625849,f1:76.93415694856097,recall:73.0779350628848,precision:81.22002573400397,acc:69.91582065826077
2022-07-14 08:28:13,479 - At 【8】 Epoceh Get Best Model!
2022-07-14 08:36:26,143 - Train 9: auc:74.0309543565882,f1:77.07524857759228,recall:73.05486688755532,precision:81.56390257783298,acc:69.88282143817716
2022-07-14 08:37:01,234 - Vaild 9: auc:74.06317235537801,f1:77.17682102766364,recall:73.6252170709888,precision:81.08844325953403,acc:70.10368871707793
2022-07-14 08:37:01,247 - At 【9】 Epoceh Get Best Model!
2022-07-14 08:46:00,472 - Train 10: auc:74.04617217687523,f1:77.35500688958716,recall:73.65497347019162,precision:81.44644218266602,acc:70.11444881115344
2022-07-14 08:46:35,806 - Vaild 10: auc:74.07062337612996,f1:77.4275043936731,recall:74.18828606009578,precision:80.96249928214553,acc:70.30239531774993
2022-07-14 08:46:35,819 - At 【10】 Epoceh Get Best Model!
2022-07-14 08:54:46,813 - Train 11: auc:74.0611788416994,f1:77.54483486041104,recall:74.09984012604556,precision:81.32577226520532,acc:70.25896502306239
2022-07-14 08:55:21,950 - Vaild 11: auc:74.07709696027953,f1:77.58384855282594,recall:74.61979687417775,precision:80.79311720129907,acc:70.3963293471585
2022-07-14 08:55:21,963 - At 【11】 Epoceh Get Best Model!
2022-07-14 09:03:34,176 - Train 12: auc:74.0447185098296,f1:77.72740991126939,recall:74.59104705855094,precision:81.13910172396412,acc:70.3749794265115
2022-07-14 09:04:09,441 - Vaild 12: auc:74.08382316766513,f1:77.81261074612217,recall:75.10393095826974,precision:80.72398190045249,acc:70.59503594783048
2022-07-14 09:04:09,454 - At 【12】 Epoceh Get Best Model!
2022-07-14 09:12:21,537 - Train 13: auc:74.07581241293973,f1:77.9396017566023,recall:75.04749878356773,precision:81.06354489938933,acc:70.55803329492949
2022-07-14 09:12:56,832 - Vaild 13: auc:74.09003897300241,f1:77.96812965682275,recall:75.44071988633374,precision:80.6707557256204,acc:70.72871129737347
2022-07-14 09:12:56,845 - At 【13】 Epoceh Get Best Model!
2022-07-14 09:21:09,411 - Train 14: auc:74.07555841812687,f1:78.07433364935736,recall:75.36898445283718,precision:80.9811292571201,acc:70.66320898248544
2022-07-14 09:21:44,740 - Vaild 14: auc:74.09659322675678,f1:78.09787326388889,recall:75.75119717939273,precision:80.59459156822126,acc:70.82987102135193
2022-07-14 09:21:44,753 - At 【14】 Epoceh Get Best Model!
2022-07-14 09:29:57,750 - Train 15: auc:74.07558118422473,f1:78.20503614342478,recall:75.70263444472764,precision:80.87853058395426,acc:70.75794738807019
2022-07-14 09:30:31,761 - Vaild 15: auc:74.10315202954901,f1:78.21616063213726,recall:76.05114981844972,precision:80.50804969082502,acc:70.91657935619061
2022-07-14 09:30:33,026 - At 【15】 Epoceh Get Best Model!
2022-07-14 09:38:45,536 - Train 16: auc:74.08259786146952,f1:78.34192188498307,recall:75.99805370838064,precision:80.83496605177874,acc:70.87918043250491
2022-07-14 09:39:19,513 - Vaild 16: auc:74.1090160426248,f1:78.35597202343982,recall:76.3458401305057,precision:80.47481695140893,acc:71.0430290111637
2022-07-14 09:39:19,526 - At 【16】 Epoceh Get Best Model!
2022-07-14 09:47:31,390 - Train 17: auc:74.07991694987498,f1:78.45434510691524,recall:76.29752774624065,precision:80.7366498308243,acc:70.95786148121088
2022-07-14 09:48:06,692 - Vaild 17: auc:74.11544989851035,f1:78.4967672413793,recall:76.6668420775667,precision:80.41618369487222,acc:71.1622529715669
2022-07-14 09:48:06,704 - At 【17】 Epoceh Get Best Model!
2022-07-14 09:56:18,733 - Train 18: auc:74.09106390326664,f1:78.51247289632342,recall:76.45160916610672,precision:80.68752177926675,acc:70.99920917517372
2022-07-14 09:56:54,084 - Vaild 18: auc:74.12336583093199,f1:78.55740526584731,recall:76.85628584960268,precision:80.33553355335533,acc:71.1947685971314
2022-07-14 09:56:54,096 - At 【18】 Epoceh Get Best Model!
2022-07-14 10:05:06,745 - Train 19: auc:74.07354911209991,f1:78.60437779400503,recall:76.6943163650687,precision:80.61200881604422,acc:71.06544577229866
2022-07-14 10:05:41,983 - Vaild 19: auc:74.13079774572489,f1:78.63931697363475,recall:77.06677892964268,precision:80.27736666118511,acc:71.25618700097547
2022-07-14 10:05:41,996 - At 【19】 Epoceh Get Best Model!
2022-07-14 10:13:54,727 - Train 20: auc:74.12019447567201,f1:78.69917735121915,recall:76.88778702008851,precision:80.59797557821106,acc:71.15576840474174
2022-07-14 10:14:29,953 - Vaild 20: auc:74.13879252813615,f1:78.65801330186656,recall:77.17202546966269,precision:80.20235165436151,acc:71.24896130640558
2022-07-14 10:14:29,966 - At 【20】 Epoceh Get Best Model!
2022-07-14 10:22:42,404 - Train 21: auc:74.10777906696602,f1:78.74863048177431,recall:77.02391158275215,precision:80.5523583362613,acc:71.18989028810913
2022-07-14 10:23:16,426 - Vaild 21: auc:74.14609161102344,f1:78.76077759331656,recall:77.39304320370468,precision:80.17772447255084,acc:71.34289533581416
2022-07-14 10:23:16,439 - At 【21】 Epoceh Get Best Model!
2022-07-14 10:31:29,146 - Train 22: auc:74.12147240707627,f1:78.8465917323894,recall:77.22317477235339,precision:80.53973067837875,acc:71.28422725977191
2022-07-14 10:32:04,417 - Vaild 22: auc:74.1541970866894,f1:78.82758805123954,recall:77.55617534073568,precision:80.14138118542687,acc:71.39708804508832
2022-07-14 10:32:04,429 - At 【22】 Epoceh Get Best Model!
2022-07-14 10:40:16,699 - Train 23: auc:74.13909399551918,f1:78.8695110097408,recall:77.31643457911443,precision:80.48626060529315,acc:71.28904446683553
2022-07-14 10:40:52,011 - Vaild 23: auc:74.1619768512443,f1:78.863830696879,recall:77.65615955375466,precision:80.10965745616416,acc:71.42237797608296
2022-07-14 10:40:52,023 - At 【23】 Epoceh Get Best Model!
2022-07-14 10:49:05,176 - Train 24: auc:74.12970206549878,f1:78.9243121974259,recall:77.43576079149193,precision:80.47121427367509,acc:71.3392237070817
2022-07-14 10:49:40,442 - Vaild 24: auc:74.1700444182614,f1:78.89971958873015,recall:77.73509445876967,precision:80.09977225897408,acc:71.45489360164746
2022-07-14 10:49:40,455 - At 【24】 Epoceh Get Best Model!
2022-07-14 10:57:55,917 - Train 25: auc:74.13508649950207,f1:78.94601732048804,recall:77.49021061655738,precision:80.45757176623424,acc:71.35648536572637
2022-07-14 10:58:30,441 - Vaild 25: auc:74.17958617681559,f1:78.91730286690513,recall:77.78771772877967,precision:80.0801776910992,acc:71.4657321435023
2022-07-14 10:58:30,453 - At 【25】 Epoceh Get Best Model!
2022-07-14 11:06:47,516 - Train 26: auc:74.15334473575459,f1:78.99332578651949,recall:77.60779906856044,precision:80.42922319606195,acc:71.39462158831346
2022-07-14 11:07:23,143 - Vaild 26: auc:74.18792304687423,f1:78.96702593106392,recall:77.88243961479766,precision:80.08224663167579,acc:71.51631200549153
2022-07-14 11:07:23,156 - At 【26】 Epoceh Get Best Model!
2022-07-14 11:15:38,394 - Train 27: auc:74.17531099025199,f1:78.99829925456062,recall:77.62343891193031,precision:80.42274061226571,acc:71.39743162576724
2022-07-14 11:16:13,958 - Vaild 27: auc:74.19599698254433,f1:78.98034823880755,recall:77.93506288480766,precision:80.05405405405406,acc:71.51992485277647
2022-07-14 11:16:13,970 - At 【27】 Epoceh Get Best Model!
2022-07-14 11:24:29,793 - Train 28: auc:74.15396010970436,f1:79.02126118060076,recall:77.70916842373549,precision:80.37842339562499,acc:71.40546030420663
2022-07-14 11:25:05,459 - Vaild 28: auc:74.20459072160769,f1:79.01596524427623,recall:78.00347313582066,precision:80.0550874918989,acc:71.55605332562592
2022-07-14 11:25:05,471 - At 【28】 Epoceh Get Best Model!
2022-07-14 11:33:19,471 - Train 29: auc:74.17739656706223,f1:79.01823298421614,recall:77.74624064505666,precision:80.33253929302482,acc:71.38659290987407
2022-07-14 11:33:55,133 - Vaild 29: auc:74.21351381101239,f1:79.03569525839106,recall:78.06662105983266,precision:80.02913092733452,acc:71.56689186748076
2022-07-14 11:33:55,146 - At 【29】 Epoceh Get Best Model!
2022-07-14 11:42:12,786 - Train 30: auc:74.18307241545025,f1:79.07861344513074,recall:77.79373942862439,precision:80.40664327709457,acc:71.47330263701943
2022-07-14 11:42:48,473 - Vaild 30: auc:74.22224038198138,f1:79.04325591306201,recall:78.08240804083566,precision:80.02804595221401,acc:71.57411756205066
2022-07-14 11:42:48,485 - At 【30】 Epoceh Get Best Model!
2022-07-14 11:51:03,613 - Train 31: auc:74.1869178332123,f1:79.08234899348614,recall:77.81459255311755,precision:80.39209819211136,acc:71.47209833525353
2022-07-14 11:51:39,185 - Vaild 31: auc:74.23110221100951,f1:79.0572569906791,recall:78.10871967584066,precision:80.02911522079043,acc:71.58856895119044
2022-07-14 11:51:39,198 - At 【31】 Epoceh Get Best Model!
2022-07-14 12:00:40,033 - Train 32: auc:74.18732917581002,f1:79.0989214719774,recall:77.848768507148,precision:80.38988150425592,acc:71.4881556921323
2022-07-14 12:01:21,256 - Vaild 32: auc:74.23885377152966,f1:79.07273840257632,recall:78.17186759985265,precision:79.99461497038234,acc:71.59218179847538
2022-07-14 12:01:21,270 - At 【32】 Epoceh Get Best Model!
2022-07-14 12:10:29,393 - Train 33: auc:74.24441630427661,f1:79.14907886492863,recall:77.93160175166246,precision:80.40519946212461,acc:71.544356441208
2022-07-14 12:11:08,941 - Vaild 33: auc:74.24836459662639,f1:79.06914822802675,recall:78.13503131084566,precision:80.0258704322518,acc:71.59940749304526
2022-07-14 12:11:10,194 - At 【33】 Epoceh Get Best Model!
2022-07-14 12:20:18,850 - Train 34: auc:74.22078827992006,f1:79.13036316250832,recall:77.91248638754374,precision:80.38691863592355,acc:71.51906610412394
2022-07-14 12:20:58,441 - Vaild 34: auc:74.25745296774014,f1:79.09180441321301,recall:78.18239225385466,precision:80.02262199719918,acc:71.62108457675494
2022-07-14 12:20:58,456 - At 【34】 Epoceh Get Best Model!
2022-07-14 12:30:07,334 - Train 35: auc:74.23356556012575,f1:79.14209493780719,recall:77.93160175166246,precision:80.39078605359865,acc:71.53231342354893
2022-07-14 12:30:48,134 - Vaild 35: auc:74.26544289784435,f1:79.10269033236649,recall:78.21396621586065,precision:80.01184323858742,acc:71.62831027132484
2022-07-14 12:30:48,148 - At 【35】 Epoceh Get Best Model!
2022-07-14 12:39:59,880 - Train 36: auc:74.24187328834944,f1:79.1580903541478,recall:77.96867397298361,precision:80.38435812909083,acc:71.54636361081785
2022-07-14 12:40:41,058 - Vaild 36: auc:74.27356202062391,f1:79.11146581537643,recall:78.24554017786666,precision:79.99677193737558,acc:71.63192311860978
2022-07-14 12:40:41,073 - At 【36】 Epoceh Get Best Model!
2022-07-14 12:49:14,079 - Train 37: auc:74.24264955130877,f1:79.15770040333487,recall:77.98663083018606,precision:80.36447638603697,acc:71.53913780022239
2022-07-14 12:49:49,712 - Vaild 37: auc:74.27422769649799,f1:79.12000212816896,recall:78.25606483186866,precision:80.00322788896061,acc:71.64276166046461
2022-07-14 12:49:49,725 - At 【37】 Epoceh Get Best Model!
2022-07-14 12:58:07,720 - Train 38: auc:74.25312604671689,f1:79.15446408618844,recall:77.9669362126092,precision:80.37872635199695,acc:71.54074353591027
2022-07-14 12:58:43,472 - Vaild 38: auc:74.27505319523571,f1:79.12000212816896,recall:78.25606483186866,precision:80.00322788896061,acc:71.64276166046461
2022-07-14 12:58:43,484 - At 【38】 Epoceh Get Best Model!
2022-07-14 13:07:03,022 - Train 39: auc:74.2389312313194,f1:79.1479576684104,recall:77.95708890382076,precision:80.37577415328384,acc:71.53311629139284
2022-07-14 13:07:37,548 - Vaild 39: auc:74.27594874915651,f1:79.12321770589487,recall:78.26132715886965,precision:80.00430362042069,acc:71.64637450774956
2022-07-14 13:07:37,561 - At 【39】 Epoceh Get Best Model!
2022-07-14 13:15:56,515 - Train 40: auc:74.23751021171407,f1:79.17556084796095,recall:77.99184411130935,precision:80.39576292439423,acc:71.56804104260418
2022-07-14 13:16:32,288 - Vaild 40: auc:74.27673270001507,f1:79.12432835026866,recall:78.26658948587065,precision:80.00107578936044,acc:71.64637450774956
2022-07-14 13:16:32,301 - At 【40】 Epoceh Get Best Model!
2022-07-14 13:24:50,821 - Train 41: auc:74.23621068452042,f1:79.15374280061035,recall:77.97562501448134,precision:80.36800659116282,acc:71.53632776276862
2022-07-14 13:25:26,127 - Vaild 41: auc:74.27759277144055,f1:79.12432835026866,recall:78.26658948587065,precision:80.00107578936044,acc:71.64637450774956
2022-07-14 13:25:26,140 - At 【41】 Epoceh Get Best Model!
2022-07-14 13:33:43,754 - Train 42: auc:74.22037424447662,f1:79.17809427223422,recall:78.01153872888621,precision:80.38006792042924,acc:71.5652310051504
2022-07-14 13:34:19,698 - Vaild 42: auc:74.27844859709734,f1:79.13718814830575,recall:78.28763879387465,precision:80.00537778972843,acc:71.66082589688934
2022-07-14 13:34:19,712 - At 【42】 Epoceh Get Best Model!
2022-07-14 13:42:40,756 - Train 43: auc:74.23671835979135,f1:79.1664461964478,recall:77.9993744062652,precision:80.36897329688563,acc:71.5495750821936
2022-07-14 13:43:15,285 - Vaild 43: auc:74.27932565159752,f1:79.13508337987712,recall:78.28763879387465,precision:80.00107550010756,acc:71.6572130496044
2022-07-14 13:43:15,299 - At 【43】 Epoceh Get Best Model!
2022-07-14 13:51:35,388 - Train 44: auc:74.23438496542757,f1:79.19059000614436,recall:78.01559350309321,precision:80.40152107597619,acc:71.58530270124886
2022-07-14 13:52:11,288 - Vaild 44: auc:74.27999708958623,f1:79.13607830620279,recall:78.28237646687364,precision:80.00860538912494,acc:71.66082589688934
2022-07-14 13:52:11,301 - At 【44】 Epoceh Get Best Model!
2022-07-14 14:00:31,553 - Train 45: auc:74.26218461683041,f1:79.15943852798833,recall:77.9750457610232,precision:80.38036663282976,acc:71.54636361081785
2022-07-14 14:01:07,139 - Vaild 45: auc:74.28072827160557,f1:79.13508337987712,recall:78.28763879387465,precision:80.00107550010756,acc:71.6572130496044
2022-07-14 14:01:07,151 - At 【45】 Epoceh Get Best Model!
2022-07-14 14:09:24,334 - Train 46: auc:74.24725904415746,f1:79.18659372896452,recall:78.02312379804907,precision:80.38528792155786,acc:71.5756682871216
2022-07-14 14:09:59,929 - Vaild 46: auc:74.28146642881627,f1:79.13397345532887,recall:78.28237646687364,precision:80.00430246316016,acc:71.6572130496044
2022-07-14 14:09:59,941 - At 【46】 Epoceh Get Best Model!
2022-07-14 14:18:14,446 - Train 47: auc:74.24730260690198,f1:79.17558131333317,recall:78.02717857225608,precision:80.35829336387715,acc:71.55519515710117
2022-07-14 14:18:50,079 - Vaild 47: auc:74.28237259715877,f1:79.13397345532887,recall:78.28237646687364,precision:80.00430246316016,acc:71.6572130496044
2022-07-14 14:18:50,091 - At 【47】 Epoceh Get Best Model!
2022-07-14 14:27:09,258 - Train 48: auc:74.22554718972532,f1:79.16365367995908,recall:77.9993744062652,precision:80.36321751274185,acc:71.54475787512996
2022-07-14 14:27:45,124 - Vaild 48: auc:74.28242172676771,f1:79.13397345532887,recall:78.28237646687364,precision:80.00430246316016,acc:71.6572130496044
2022-07-14 14:27:45,137 - At 【48】 Epoceh Get Best Model!
2022-07-14 14:36:05,743 - Train 49: auc:74.2531985679682,f1:79.18130477346826,recall:78.00690470122107,precision:80.39160672178612,acc:71.57245681574584
2022-07-14 14:36:41,968 - Vaild 49: auc:74.28249481464272,f1:79.13397345532887,recall:78.28237646687364,precision:80.00430246316016,acc:71.6572130496044
2022-07-14 14:36:41,981 - At 【49】 Epoceh Get Best Model!
2022-07-14 14:44:13,168 - ASSIST2012-Test Best Model: auc:74.43418837001853,f1:79.63481583593315,recall:79.03691151126452,precision:80.24183525765056,acc:71.93066666666667
2022-07-14 14:51:41,266 - EdNet-Test Best Model: auc:65.32667511608203,f1:64.01669052477689,recall:71.79513454798844,precision:57.758957081851705,acc:60.61866666666666
2022-07-14 14:58:31,281 - ASSIST2009NSB-Test Best Model: auc:80.60644492689079,f1:78.06104049578066,recall:81.69761581251669,precision:74.734415501636,acc:73.638
2022-07-14 14:58:33,905 - ************************
2022-07-14 14:58:33,906 - new_DATA_NAME:EdNet
2022-07-14 14:58:42,286 - Checkpoint path:Checkpoints/add_trian/2022-07-14-00-59-12_EdNet.pth.tar
2022-07-14 15:10:13,992 - Train 0: auc:65.34791135187454,f1:64.18613619899833,recall:71.95790998907435,precision:57.92949366195527,acc:60.702460671008915
2022-07-14 15:11:03,868 - Vaild 0: auc:65.41628707077899,f1:64.15969635200676,recall:72.19995781480701,precision:57.730741662098914,acc:60.636627981781224
2022-07-14 15:11:03,881 - At 【0】 Epoceh Get Best Model!
2022-07-14 15:22:38,496 - Train 1: auc:65.33570393151369,f1:64.15322570133293,recall:71.88896743925169,precision:57.92057768530461,acc:60.683875542542786
2022-07-14 15:23:28,290 - Vaild 1: auc:65.41820994023037,f1:64.17004522978135,recall:72.19468466568235,precision:57.75087526890792,acc:60.65721417359307
2022-07-14 15:23:28,303 - At 【1】 Epoceh Get Best Model!
2022-07-14 15:34:58,205 - Train 2: auc:65.35105900680844,f1:64.20441807479548,recall:71.94914610562232,precision:57.96497041642935,acc:60.738487227727866
2022-07-14 15:35:47,965 - Vaild 2: auc:65.41914811924737,f1:64.17270234160746,recall:72.18413836743302,precision:57.76193088315963,acc:60.66750726949899
2022-07-14 15:35:47,977 - At 【2】 Epoceh Get Best Model!
2022-07-14 15:47:14,770 - Train 3: auc:65.34694437943588,f1:64.17442557963643,recall:71.88254059138686,precision:57.959325962322104,acc:60.723619124954965
2022-07-14 15:48:03,887 - Vaild 3: auc:65.42000599650105,f1:64.1783696340234,recall:72.17359206918371,precision:57.777871585968164,acc:60.68294691335786
2022-07-14 15:48:03,899 - At 【3】 Epoceh Get Best Model!
2022-07-14 15:59:25,606 - Train 4: auc:65.33734778024278,f1:64.15287208853564,recall:71.8685183778636,precision:57.933282154412765,acc:60.694454769515815
2022-07-14 16:00:14,588 - Vaild 4: auc:65.42066841979285,f1:64.17651472519226,recall:72.1630457709344,precision:57.781624725553115,acc:60.68552018733434
2022-07-14 16:00:14,600 - At 【4】 Epoceh Get Best Model!
2022-07-14 16:11:38,804 - Train 5: auc:65.34624426005486,f1:64.18312551671617,recall:71.89247299263249,precision:57.96706143946032,acc:60.73305465171469
2022-07-14 16:12:27,864 - Vaild 5: auc:65.42153000735904,f1:64.17297905771441,recall:72.14722632356043,precision:57.78603708240064,acc:60.68809346131082
2022-07-14 16:12:27,877 - At 【5】 Epoceh Get Best Model!
2022-07-14 16:23:49,852 - Train 6: auc:65.35418821645487,f1:64.19803333776863,recall:71.88254059138686,precision:57.997850395037055,acc:60.763934557473796
2022-07-14 16:24:38,689 - Vaild 6: auc:65.42209967283843,f1:64.16643212308847,recall:72.13140687618646,precision:57.78556944913822,acc:60.68552018733434
2022-07-14 16:24:38,701 - At 【6】 Epoceh Get Best Model!
2022-07-14 16:36:01,703 - Train 7: auc:65.35008976387853,f1:64.1652266070804,recall:71.80775545259615,precision:57.9930070919978,acc:60.748780529647576
2022-07-14 16:36:50,404 - Vaild 7: auc:65.42286717748058,f1:64.16422287390029,recall:72.11031427968783,precision:57.795528506825576,acc:60.69324000926378
2022-07-14 16:36:50,417 - At 【7】 Epoceh Get Best Model!
2022-07-14 16:48:09,902 - Train 8: auc:65.36272255618907,f1:64.1817256631395,recall:71.85040635206272,precision:57.99215309019231,acc:60.75364125555409
2022-07-14 16:48:59,037 - Vaild 8: auc:65.42407819697725,f1:64.16856331683053,recall:72.10504113056318,precision:57.805960684844635,acc:60.703533105169704
2022-07-14 16:48:59,050 - At 【8】 Epoceh Get Best Model!
2022-07-14 17:00:21,756 - Train 9: auc:65.34947300816721,f1:64.14724989624958,recall:71.79607027466011,precision:57.97126062630322,acc:60.724476900114944
2022-07-14 17:01:10,489 - Vaild 9: auc:65.42478858930919,f1:64.16351817520474,recall:72.0892216831892,precision:57.807941139160214,acc:60.703533105169704
2022-07-14 17:01:10,501 - At 【9】 Epoceh Get Best Model!
2022-07-14 17:12:23,884 - Train 10: auc:65.34972544818588,f1:64.1611572081466,recall:71.81126100597697,precision:57.9840733681807,acc:60.73991685299449
2022-07-14 17:13:12,707 - Vaild 10: auc:65.42595031465412,f1:64.1660015961692,recall:72.07340223581524,precision:57.822150774177175,acc:60.71639947505211
2022-07-14 17:13:12,720 - At 【10】 Epoceh Get Best Model!
2022-07-14 17:24:24,520 - Train 11: auc:65.34016661308524,f1:64.14736677197837,recall:71.76977862430401,precision:57.98860423069115,acc:60.739059077834526
2022-07-14 17:25:13,389 - Vaild 11: auc:65.42678659258861,f1:64.16077759256216,recall:72.0523096393166,precision:57.82724618054086,acc:60.71897274902859
2022-07-14 17:25:13,402 - At 【11】 Epoceh Get Best Model!
2022-07-14 17:36:26,461 - Train 12: auc:65.34960963350409,f1:64.09634903802454,recall:71.68798237875167,precision:57.95863033240277,acc:60.69674216994242
2022-07-14 17:37:15,142 - Vaild 12: auc:65.42754548400534,f1:64.15741153819062,recall:72.0417633410673,precision:57.82857142857143,acc:60.71897274902859
2022-07-14 17:37:15,153 - At 【12】 Epoceh Get Best Model!
2022-07-14 17:48:29,132 - Train 13: auc:65.34115498015984,f1:64.15391968158872,recall:71.76043048195517,precision:58.00542164122714,acc:60.75535680587404
2022-07-14 17:49:18,164 - Vaild 13: auc:65.42838719489743,f1:64.14899363536016,recall:72.015397595444,precision:57.83188651280966,acc:60.71897274902859
2022-07-14 17:49:18,177 - At 【13】 Epoceh Get Best Model!
2022-07-14 18:00:42,913 - Train 14: auc:65.35554409394068,f1:64.11404741872606,recall:71.68155553088684,precision:57.9917848752842,acc:60.73048132623477
2022-07-14 18:01:32,369 - Vaild 14: auc:65.42955700342314,f1:64.14979091293522,recall:71.99430499894537,precision:57.84679264469113,acc:60.73183911891099
2022-07-14 18:01:32,382 - At 【14】 Epoceh Get Best Model!
2022-07-14 18:13:00,136 - Train 15: auc:65.36600707037934,f1:64.14655620609204,recall:71.72595920704381,precision:58.01591652331714,acc:60.76164715704719
2022-07-14 18:13:49,393 - Vaild 15: auc:65.43016469960563,f1:64.14792885505508,recall:71.98375870069606,precision:57.850574225537144,acc:60.73441239288747
2022-07-14 18:13:49,405 - At 【15】 Epoceh Get Best Model!
2022-07-14 18:25:17,276 - Train 16: auc:65.35989486385063,f1:64.15324013123525,recall:71.7452397506383,precision:58.01423934765457,acc:60.76250493220717
2022-07-14 18:26:13,946 - Vaild 16: auc:65.43122386131225,f1:64.14455906196396,recall:71.97321240244673,precision:57.8519052261264,acc:60.73441239288747
2022-07-14 18:26:13,960 - At 【16】 Epoceh Get Best Model!
2022-07-14 18:38:57,070 - Train 17: auc:65.38092724191439,f1:64.16149620251842,recall:71.71661106469499,precision:58.04648523396306,acc:60.79224113775297
2022-07-14 18:39:54,021 - Vaild 17: auc:65.4321501143248,f1:64.14251803802674,recall:71.95739295507278,precision:57.85880856476574,acc:60.73955894084043
2022-07-14 18:39:54,035 - At 【17】 Epoceh Get Best Model!
2022-07-14 18:52:06,071 - Train 18: auc:65.36185623783231,f1:64.10163927570777,recall:71.64708425597551,precision:57.99405063111548,acc:60.72819392580817
2022-07-14 18:52:54,782 - Vaild 18: auc:65.43239472992724,f1:64.14216204781046,recall:71.94684665682345,precision:57.86504940837186,acc:60.74470548879339
2022-07-14 18:52:54,794 - At 【18】 Epoceh Get Best Model!
2022-07-14 19:04:12,267 - Train 19: auc:65.35193760348443,f1:64.11717353350129,recall:71.66519628177637,precision:58.007613913125724,acc:60.74477757890102
2022-07-14 19:05:01,082 - Vaild 19: auc:65.43340764523884,f1:64.13559640791763,recall:71.93102720944948,precision:57.86459658946297,acc:60.74213221481691
2022-07-14 19:05:01,095 - At 【19】 Epoceh Get Best Model!
2022-07-14 19:16:17,655 - Train 20: auc:65.35847921584707,f1:64.09282766628485,recall:71.5956694730569,precision:58.01334097117346,acc:60.741346478261114
2022-07-14 19:17:06,326 - Vaild 20: auc:65.43447860043874,f1:64.1305370074297,recall:71.91520776207551,precision:57.866598778004075,acc:60.74213221481691
2022-07-14 19:17:06,339 - At 【20】 Epoceh Get Best Model!
2022-07-14 19:28:21,584 - Train 21: auc:65.36438326675066,f1:64.11996182557425,recall:71.63890463142027,precision:58.02941816770627,acc:60.763934557473796
2022-07-14 19:29:09,893 - Vaild 21: auc:65.43557420271453,f1:64.12547617927856,recall:71.89938831470154,precision:57.86860198624905,acc:60.74213221481691
2022-07-14 19:29:09,905 - At 【21】 Epoceh Get Best Model!
2022-07-14 19:40:23,749 - Train 22: auc:65.3626281099704,f1:64.1326724126656,recall:71.6231296412066,precision:58.06060491242694,acc:60.79424261312625
2022-07-14 19:41:12,285 - Vaild 22: auc:65.4360397144217,f1:64.11721818481149,recall:71.8782957182029,precision:57.868817660793894,acc:60.73955894084043
2022-07-14 19:41:12,298 - At 【22】 Epoceh Get Best Model!
2022-07-14 19:52:28,426 - Train 23: auc:65.36983834600947,f1:64.13398180106682,recall:71.65175832714993,precision:58.04395053080466,acc:60.780804135619974
2022-07-14 19:53:16,942 - Vaild 23: auc:65.43664714558186,f1:64.11384217335059,recall:71.8677494199536,precision:57.87015413358244,acc:60.73955894084043
2022-07-14 19:53:16,955 - At 【23】 Epoceh Get Best Model!
2022-07-14 20:04:35,564 - Train 24: auc:65.33828107154733,f1:64.09289628916872,recall:71.60735465099295,precision:58.00578349290788,acc:60.73505612708797
2022-07-14 20:05:24,041 - Vaild 24: auc:65.43711676513499,f1:64.11197365325806,recall:71.85720312170429,precision:57.87394886604944,acc:60.74213221481691
2022-07-14 20:05:24,054 - At 【24】 Epoceh Get Best Model!
2022-07-14 20:16:41,474 - Train 25: auc:65.36193228783756,f1:64.10817145458066,recall:71.5933324374697,precision:58.04002368265245,acc:60.768795283380314
2022-07-14 20:17:30,076 - Vaild 25: auc:65.4384225301115,f1:64.10877696487802,recall:71.85192997257963,precision:57.872159694202594,acc:60.73955894084043
2022-07-14 20:17:30,088 - At 【25】 Epoceh Get Best Model!
2022-07-14 20:28:48,309 - Train 26: auc:65.34934129841109,f1:64.10342283319117,recall:71.57229911718481,precision:58.04606687800001,acc:60.77222638402022
2022-07-14 20:29:36,982 - Vaild 26: auc:65.43904811530066,f1:64.10690758516844,recall:71.8413836743303,precision:57.87595581988106,acc:60.74213221481691
2022-07-14 20:29:36,994 - At 【26】 Epoceh Get Best Model!
2022-07-14 20:40:54,708 - Train 27: auc:65.37934899369635,f1:64.10320824828597,recall:71.56119819814556,precision:58.05301848964135,acc:60.77794488508672
2022-07-14 20:41:43,185 - Vaild 27: auc:65.43998841449623,f1:64.10805468621315,recall:71.83083737608099,precision:57.884672587430416,acc:60.749852036746354
2022-07-14 20:41:43,198 - At 【27】 Epoceh Get Best Model!
2022-07-14 20:53:00,123 - Train 28: auc:65.36480792058387,f1:64.08475210428129,recall:71.55126579689993,precision:58.02928354814253,acc:60.75192570523414
2022-07-14 20:53:48,544 - Vaild 28: auc:65.4404992450203,f1:64.0999694067258,recall:71.81501792870702,precision:57.88176293085129,acc:60.74470548879339
2022-07-14 20:53:48,556 - At 【28】 Epoceh Get Best Model!
2022-07-14 21:05:06,051 - Train 29: auc:65.35846836067437,f1:64.10030232040728,recall:71.54016487786068,precision:58.06209931337961,acc:60.7845211613132
2022-07-14 21:05:54,601 - Vaild 29: auc:65.44108759457335,f1:64.07757849644588,recall:71.77810588483442,precision:57.86922880707422,acc:60.72669257095803
2022-07-14 21:05:54,614 - At 【29】 Epoceh Get Best Model!
2022-07-14 21:17:21,329 - Train 30: auc:65.36703745626372,f1:64.10961916555186,recall:71.53782784227347,precision:58.07892989279955,acc:60.80167666451269
2022-07-14 21:18:10,006 - Vaild 30: auc:65.44209759463939,f1:64.0741961301257,recall:71.76755958658511,precision:57.870567225104175,acc:60.72669257095803
2022-07-14 21:18:10,019 - At 【30】 Epoceh Get Best Model!
2022-07-14 21:29:32,664 - Train 31: auc:65.36438479458843,f1:64.09824778191128,recall:71.524389887647,precision:58.06912188828173,acc:60.78966781227305
2022-07-14 21:30:22,164 - Vaild 31: auc:65.44287689277483,f1:64.06930483297629,recall:71.7570132883358,precision:57.86944503508399,acc:60.72411929698155
2022-07-14 21:30:22,176 - At 【31】 Epoceh Get Best Model!
2022-07-14 21:41:48,596 - Train 32: auc:65.35730783049503,f1:64.07751227495909,recall:71.48290750597404,precision:58.06243415370306,acc:60.77708710992674
2022-07-14 21:42:38,129 - Vaild 32: auc:65.44331868498425,f1:64.07533843437317,recall:71.7570132883358,precision:57.879290544851344,acc:60.73441239288747
2022-07-14 21:42:38,142 - At 【32】 Epoceh Get Best Model!
2022-07-14 21:54:06,527 - Train 33: auc:65.36889065638816,f1:64.07727839284405,recall:71.48582880045807,precision:58.06012290317223,acc:60.77508563455347
2022-07-14 21:54:56,006 - Vaild 33: auc:65.44412952077595,f1:64.06857089033838,recall:71.73592069183717,precision:57.88197251414713,acc:60.73441239288747
2022-07-14 21:54:56,018 - At 【33】 Epoceh Get Best Model!
2022-07-14 22:06:21,931 - Train 34: auc:65.36132782843926,f1:64.08842673232317,recall:71.47823343479963,precision:58.08344569572896,acc:60.7982455638728
2022-07-14 22:07:11,011 - Vaild 34: auc:65.44502450115456,f1:64.05727473976731,recall:71.71482809533853,precision:57.87726615031067,acc:60.72669257095803
2022-07-14 22:07:11,027 - At 【34】 Epoceh Get Best Model!
2022-07-14 22:18:32,756 - Train 35: auc:65.36407960817971,f1:64.0861488167897,recall:71.4706380691412,precision:58.084719445776614,acc:60.79853148892612
2022-07-14 22:19:21,670 - Vaild 35: auc:65.44585892393285,f1:64.05539722542808,recall:71.70428179708922,precision:57.881070957306434,acc:60.72926584493451
2022-07-14 22:19:21,682 - At 【35】 Epoceh Get Best Model!
2022-07-14 22:30:42,948 - Train 36: auc:65.37389103870011,f1:64.06861987387902,recall:71.43967234761067,precision:58.07637503562268,acc:60.7856648615265
2022-07-14 22:31:31,885 - Vaild 36: auc:65.44657527926701,f1:64.04711425206125,recall:71.68318920059059,precision:57.88129098186153,acc:60.72669257095803
2022-07-14 22:31:31,897 - At 【36】 Epoceh Get Best Model!
2022-07-14 22:42:52,285 - Train 37: auc:65.3753270164334,f1:64.0960345405768,recall:71.4700538102444,precision:58.10134939369903,acc:60.81568699212563
2022-07-14 22:43:41,345 - Vaild 37: auc:65.44709578310581,f1:64.04354074876895,recall:71.66736975321662,precision:57.88577026278803,acc:60.72926584493451
2022-07-14 22:43:41,358 - At 【37】 Epoceh Get Best Model!
2022-07-14 22:55:03,081 - Train 38: auc:65.36234343977269,f1:64.06927541168302,recall:71.43441401753945,precision:58.08092804073954,acc:60.78966781227305
2022-07-14 22:55:52,014 - Vaild 38: auc:65.44805582646431,f1:64.04015174721364,recall:71.65682345496731,precision:57.88711395101171,acc:60.72926584493451
2022-07-14 22:55:52,027 - At 【38】 Epoceh Get Best Model!
2022-07-14 23:07:10,669 - Train 39: auc:65.37137965621439,f1:64.06891474472674,recall:71.43850382981707,precision:58.077631903938595,acc:60.78680856173979
2022-07-14 23:07:59,132 - Vaild 39: auc:65.4489738637849,f1:64.04147519736067,recall:71.65155030584265,precision:57.89271867410848,acc:60.73441239288747
2022-07-14 23:07:59,144 - At 【39】 Epoceh Get Best Model!
2022-07-14 23:19:15,211 - Train 40: auc:65.3753145156453,f1:64.03720813167567,recall:71.35320203088392,precision:58.0819442132547,acc:60.77966043540667
2022-07-14 23:20:03,708 - Vaild 40: auc:65.44965881397403,f1:64.03337182720182,recall:71.63573085846868,precision:57.88980270166617,acc:60.72926584493451
2022-07-14 23:20:03,721 - At 【40】 Epoceh Get Best Model!
2022-07-14 23:31:20,859 - Train 41: auc:65.3850200771515,f1:64.08442768376833,recall:71.43558253533305,precision:58.10506406113372,acc:60.81482921696565
2022-07-14 23:32:09,664 - Vaild 41: auc:65.45057711631692,f1:64.0329994107248,recall:71.62518456021937,precision:57.89608286091812,acc:60.73441239288747
2022-07-14 23:32:09,676 - At 【41】 Epoceh Get Best Model!
2022-07-14 23:43:28,607 - Train 42: auc:65.38001175793508,f1:64.07057644951576,recall:71.37072979778799,precision:58.12523791397031,acc:60.8268380692053
2022-07-14 23:44:17,009 - Vaild 42: auc:65.45135376422917,f1:64.02319715221952,recall:71.60409196372073,precision:57.89383926668088,acc:60.72926584493451
2022-07-14 23:44:17,022 - At 【42】 Epoceh Get Best Model!
2022-07-14 23:55:32,071 - Train 43: auc:65.36722969391326,f1:64.07866246546328,recall:71.40987514387376,precision:58.112599312479496,acc:60.81911809276552
2022-07-14 23:56:20,638 - Vaild 43: auc:65.45166847823558,f1:64.02753872633392,recall:71.59881881459607,precision:57.90438824683355,acc:60.73955894084043
2022-07-14 23:56:20,651 - At 【43】 Epoceh Get Best Model!
2022-07-15 00:07:36,748 - Train 44: auc:65.38561329532811,f1:64.08279710304537,recall:71.39351589476328,precision:58.13024180696355,acc:60.83512989575173
2022-07-15 00:08:25,198 - Vaild 44: auc:65.45206057875977,f1:64.02395887374426,recall:71.5829993672221,precision:57.908881494753004,acc:60.74213221481691
2022-07-15 00:08:25,211 - At 【44】 Epoceh Get Best Model!
2022-07-15 00:19:41,547 - Train 45: auc:65.38324211403939,f1:64.05356285846912,recall:71.35028073639992,precision:58.11079599527961,acc:60.80911071589915
2022-07-15 00:20:30,044 - Vaild 45: auc:65.45305109968523,f1:64.01735808117733,recall:71.56717991984813,precision:57.90843537995477,acc:60.73955894084043
2022-07-15 00:20:30,056 - At 【45】 Epoceh Get Best Model!
2022-07-15 00:31:47,597 - Train 46: auc:65.38106969560879,f1:64.08126545824601,recall:71.37365109227201,precision:58.14089628388669,acc:60.84342172229815
2022-07-15 00:32:36,324 - Vaild 46: auc:65.45368357545472,f1:64.01566074671572,recall:71.56190677072347,precision:57.90911030509921,acc:60.73955894084043
2022-07-15 00:32:36,337 - At 【46】 Epoceh Get Best Model!
2022-07-15 00:43:55,712 - Train 47: auc:65.37816491780333,f1:64.02290074332959,recall:71.28133818657723,precision:58.10607431679414,acc:60.794814463232896
2022-07-15 00:44:44,574 - Vaild 47: auc:65.45418460015291,f1:64.01509790044821,recall:71.54608732334951,precision:57.9185520361991,acc:60.747278762769874
2022-07-15 00:44:44,586 - At 【47】 Epoceh Get Best Model!
2022-07-15 00:56:04,178 - Train 48: auc:65.38584070432618,f1:64.0885021700455,recall:71.34969647750312,precision:58.16872359377159,acc:60.86886905204408
2022-07-15 00:56:52,799 - Vaild 48: auc:65.45457166525301,f1:64.01472253680635,recall:71.53554102510019,precision:57.92485055508113,acc:60.752425310722835
2022-07-15 00:56:52,812 - At 【48】 Epoceh Get Best Model!
2022-07-15 01:08:13,544 - Train 49: auc:65.40093534544475,f1:64.07873499114231,recall:71.32515760383741,precision:58.168944288791046,acc:60.8657238764575
2022-07-15 01:09:02,417 - Vaild 49: auc:65.45556894424764,f1:64.01132609721567,recall:71.52499472685088,precision:57.926204304748886,acc:60.752425310722835
2022-07-15 01:09:02,430 - At 【49】 Epoceh Get Best Model!
2022-07-15 01:16:16,239 - ASSIST2012-Test Best Model: auc:74.44507676221987,f1:79.4123008494659,recall:78.42435996524394,precision:80.42545021316818,acc:71.765
2022-07-15 01:23:34,384 - EdNet-Test Best Model: auc:65.36920959594114,f1:63.87313744261973,recall:71.10309538936596,precision:57.97779597475448,acc:60.754666666666665
2022-07-15 01:30:08,965 - ASSIST2009NSB-Test Best Model: auc:80.621393205156,f1:77.9738828241358,recall:81.16631246443461,precision:75.0230785744955,acc:73.676
